12
14
2
8
6
8
24
6
4
2
12
2
12
24
4
6
2
24
16
20
4
14
8
8
3
4
12
4
16
6
4
6
12
20
4
12
8
8
2
8
8
4
4
2
2
4
4
4
2
12
8
18
18
2
18
8
8
6
4
4
4
4
9
4
24
12
4
2
4
6
2
2
16
4
6
4
6
6
4
4
12
16
8
12
12
4
8
18
16
12
4
4
4
8
4
2
6
16
2
4
24
16
6
4
6
4
12
4
6
4
10
12
12
3
24
2
8
2
4
4
6
8
2
4
18
12
4
8
4
4
12
12
20
20
8
8
2
20
2
2
8
6
4
6
8
2
8
4
4
9
4
6
8
8
6
4
2
8
4
2
6
8
8
4
2
2
8
4
24
12
6
6
2
4
12
2
12
6
4
6
2
4
4
10
16
6
12
2
8
8
8
2
4
12
8
4
8
6
4
2
8
6
8
4
8
4
4
8
2
2
2
8
4
8
2
16
16
2
2
4
2
2
8
24
16
4
8
8
8
8
4
16
16
6
4
18
10
4
6
24
4
18
6
15
8
2
2
4
4
4
6
4
2
8
8
8
12
16
6
12
2
6
6
4
10
4
6
8
4
2
4
2
4
4
8
10
4
6
12
6
4
2
8
24
18
4
10
4
2
18
2
6
6
4
12
6
2
2
12
4
6
4
3
4
8
4
4
16
6
4
4
4
14
18
8
16
12
8
2
4
20
12
3
4
6
2
12
4
2
6
4
2
16
8
2
14
2
4
8
4
2
4
4
6
2
10
2
12
12
1
12
4
4
12
4
16
4
6
8
9
8
3
6
4
18
8
2
12
4
2
24
4
4
8
4
8
4
3
2
10
8
2
8
10
6
12
8
8
12
2
20
20
4
2
12
8
20
6
2
2
