8
4
6
2
16
2
4
10
8
2
8
2
2
8
16
6
4
8
4
4
8
2
2
4
4
16
4
12
4
16
4
6
2
8
16
12
16
4
2
3
4
4
6
4
2
6
9
6
12
4
4
5
15
8
2
16
12
4
4
4
14
4
16
12
6
24
24
8
12
24
2
12
12
8
2
6
2
2
8
27
4
2
4
21
4
8
8
4
2
8
6
8
4
10
16
2
4
4
12
4
12
24
20
6
12
4
4
8
4
10
20
4
2
2
10
2
2
2
2
4
2
4
6
16
4
12
8
4
4
4
10
20
2
8
4
2
4
6
10
6
8
12
8
4
12
16
2
4
6
4
6
15
3
20
4
4
6
6
24
30
4
2
18
16
2
8
2
2
4
2
12
4
4
6
2
12
8
6
16
6
4
4
2
8
18
2
4
4
8
2
2
4
4
4
2
8
6
4
16
4
2
2
6
12
16
2
8
8
6
4
12
4
12
12
4
2
2
8
8
8
4
8
4
8
4
2
8
2
8
12
8
4
6
20
4
9
8
2
16
8
2
8
2
8
4
6
4
4
12
4
4
10
4
16
20
6
8
12
2
12
8
4
4
4
4
4
4
2
6
4
2
6
4
2
20
6
6
8
4
4
6
18
4
4
4
8
6
8
2
2
4
8
2
8
8
4
18
2
6
4
4
10
4
9
21
4
12
12
4
4
2
4
4
2
4
4
2
16
9
4
8
2
4
2
4
6
16
2
2
2
8
8
8
4
16
20
6
8
12
4
4
2
4
2
2
6
8
4
10
8
8
6
2
4
6
8
4
4
12
2
16
4
4
16
4
4
2
12
8
4
6
4
8
4
4
8
12
12
8
8
8
4
8
4
16
2
2
3
8
16
2
8
4
4
2
2
4
4
8
4
2
8
8
3
2
2
8
2
4
4
8
8
8
2
32
20
8
2
8
4
4
2
9
6
2
2
16
8
8
8
16
18
8
8
8
18
2
8
12
4
4
4
2
24
16
12
12
8
6
8
4
4
2
8
8
8
12
14
12
8
4
6
20
2
4
6
2
10
12
4
12
4
12
4
16
4
4
2
4
8
4
4
4
4
2
8
8
16
10
2
4
8
4
4
4
8
2
9
8
4
