2
8
4
12
2
8
8
6
6
6
4
4
8
6
8
8
4
2
4
12
12
9
8
28
16
4
4
12
2
8
12
16
24
12
6
6
10
6
2
4
12
2
8
4
9
16
8
10
4
8
2
20
4
4
8
12
4
10
4
4
4
6
20
8
9
4
20
6
12
4
4
4
6
4
4
4
4
8
24
12
16
2
12
2
16
8
8
6
16
4
4
16
2
4
10
8
8
4
6
2
2
2
4
4
12
4
4
4
2
2
2
2
12
8
9
12
8
2
8
12
8
8
4
8
12
2
24
24
4
2
12
6
4
2
6
4
12
2
12
4
8
10
2
6
8
2
4
4
8
10
16
8
4
4
6
2
4
4
4
6
8
4
12
4
12
6
12
2
2
6
6
10
4
2
2
6
6
8
12
18
4
2
16
8
15
15
4
8
12
2
12
4
4
4
16
6
8
2
6
2
12
2
16
2
2
4
4
12
12
4
4
6
4
4
8
4
6
14
4
6
8
12
6
8
4
8
6
2
18
4
8
4
8
8
3
16
4
4
2
2
16
4
4
6
12
6
4
8
12
12
4
4
12
12
4
2
8
4
2
12
4
4
4
2
4
8
8
8
4
2
10
4
8
8
4
2
12
4
4
8
8
4
4
4
12
4
6
2
16
2
2
2
4
12
4
4
18
20
4
2
4
2
4
6
8
8
2
8
12
14
16
6
4
8
4
2
6
12
8
6
6
8
4
6
12
6
2
8
24
4
12
8
2
4
20
16
8
4
8
8
4
4
4
16
4
9
4
2
4
4
4
8
6
8
2
2
4
12
2
6
6
4
4
2
16
12
2
12
4
8
4
4
6
8
16
2
12
4
8
8
8
8
8
4
12
4
2
12
4
4
2
4
4
4
2
16
4
4
8
6
8
16
8
8
4
24
2
10
8
2
12
12
2
6
4
8
10
12
2
4
2
4
8
2
12
4
16
4
16
12
12
4
24
4
4
4
10
8
2
24
2
4
6
32
16
8
6
4
4
12
7
24
9
4
6
2
6
4
6
2
4
8
4
8
4
2
4
8
16
14
2
4
8
8
24
4
6
12
2
8
2
2
4
6
12
12
4
2
4
4
4
2
4
6
20
8
4
12
4
4
16
4
4
2
4
9
12
12
4
4
6
2
4
4
6
8
6
8
6
16
6
2
4
4
8
2
16
2
2
2
4
4
2
12
4
8
6
4
4
2
4
10
2
12
6
4
8
4
2
4
4
20
4
4
6
8
2
24
2
4
4
6
4
14
4
16
6
2
4
4
16
4
4
5
12
8
12
6
4
4
4
12
2
2
4
4
6
4
2
4
3
2
4
8
2
12
4
4
2
4
8
2
4
4
6
4
8
6
6
4
12
2
4
6
4
4
4
24
4
2
8
4
2
8
8
2
6
4
10
8
8
4
6
4
16
12
4
8
6
4
2
12
4
12
4
14
16
2
12
12
8
16
8
16
12
8
10
4
2
6
12
4
8
8
3
6
16
2
8
2
12
8
20
4
4
8
8
7
8
2
2
4
6
4
12
4
4
2
5
4
2
2
18
12
2
4
18
4
9
8
8
8
2
4
2
4
4
12
12
12
4
4
8
8
20
4
6
8
6
6
4
2
2
2
2
3
15
6
4
18
16
4
10
4
8
2
6
8
2
2
6
8
8
4
6
4
24
2
8
2
12
5
4
6
4
2
8
4
4
12
16
6
4
4
4
2
8
4
24
4
12
2
4
8
4
5
8
4
16
4
12
2
6
4
8
6
4
4
18
4
2
6
4
8
6
4
8
4
8
4
12
4
12
10
4
4
8
16
4
8
6
4
12
12
8
4
3
16
4
8
9
16
4
4
12
4
6
4
24
18
4
18
4
12
12
12
12
4
4
4
12
4
2
6
8
9
6
4
4
8
4
6
8
2
24
4
4
4
4
8
2
4
12
12
4
4
4
6
16
16
4
2
4
2
2
2
4
4
16
12
4
4
8
7
8
2
6
4
12
8
4
10
12
8
12
6
20
4
8
2
