149646
157781
151334
155096
144885
156533
147866
151179
147610
149635
148286
158796
147651
142551
161199
146634
138372
143721
150410
136164
158024
151927
142055
145470
153532
151620
156529
148938
146103
150093
151193
142886
146761
150091
149644
144666
156839
148873
142718
151651
154144
152441
146745
148579
141634
147342
138002
156021
147790
151880
144832
161353
147139
145177
153117
152445
148469
150315
146484
151679
149970
157834
149852
142204
149601
151276
153343
153999
156763
150356
151837
147534
143019
142429
152030
143748
148645
143886
150374
153391
