749317
744887
747869
738377
740202
720460
744973
745592
738324
775179
766651
722974
747592
770263
764499
779942
745437
728122
753102
783145
777344
732878
743935
762753
783694
742019
754041
727468
717071
742438
760911
756346
725475
756292
754300
747329
757367
738044
723584
763044
758354
753227
725101
769411
734704
731293
757555
735121
746579
754856
756058
748485
763117
753721
748108
772027
782303
732547
761979
745572
755479
771567
753286
745897
728640
756336
764405
724342
736155
766709
753284
758293
739738
765598
763572
746916
758442
762144
747067
763715
