34
4
34
13
31
31
4
15
6
6
13
12
25
40
1
32
22
2
5
32
23
5
40
34
7
0
5
10
32
43
33
40
36
38
8
4
0
0
42
3
36
33
32
7
10
36
29
43
23
21
31
16
18
40
9
5
12
15
28
16
32
41
17
6
6
3
32
43
4
29
24
10
28
39
12
8
16
12
40
39
36
5
8
5
1
2
21
24
38
4
29
3
36
5
5
12
5
26
37
17
5
6
2
41
15
6
33
25
39
5
41
11
21
17
25
33
30
41
33
28
5
3
4
37
3
2
26
4
3
5
13
16
15
31
37
1
41
9
30
16
6
30
23
9
43
2
2
35
1
2
34
15
39
1
25
33
11
16
12
4
35
39
14
11
18
5
43
33
7
36
17
15
34
21
10
39
35
14
6
15
26
9
23
36
24
12
2
6
17
2
29
26
30
2
13
9
1
10
5
27
12
22
5
14
40
34
33
5
19
39
33
15
14
1
33
15
42
24
28
38
3
6
29
33
10
29
14
3
15
15
19
4
27
7
15
22
8
3
7
3
33
35
6
7
31
40
39
2
40
29
5
45
2
3
23
41
33
30
7
14
15
32
14
25
43
4
3
3
20
40
22
33
33
13
41
19
40
28
19
16
16
13
31
39
5
8
19
34
7
20
20
28
13
15
40
44
3
9
19
31
30
1
2
26
21
27
8
0
39
15
41
11
12
36
22
15
16
3
29
12
32
40
7
38
1
4
41
0
30
25
26
7
18
23
44
1
17
28
3
26
19
38
26
15
7
14
12
21
9
5
29
34
19
33
5
28
15
6
17
41
6
21
32
32
29
16
32
5
16
32
7
34
6
28
32
34
5
6
11
5
39
5
3
18
15
3
1
6
14
33
1
34
4
1
14
0
29
5
3
3
7
18
5
26
14
3
31
8
35
2
13
7
29
26
26
39
40
3
15
29
5
21
26
24
24
26
14
44
2
31
4
31
39
23
40
3
6
15
39
29
4
26
26
34
17
1
6
39
31
1
14
41
19
34
32
40
35
36
33
21
7
29
23
6
37
33
15
31
40
10
23
0
27
4
15
14
16
15
10
12
25
40
39
15
40
30
4
5
15
40
18
36
40
40
35
37
14
6
4
4
33
0
18
39
17
33
36
34
15
7
8
32
34
28
2
4
28
25
14
1
9
14
12
18
34
11
2
6
15
39
29
16
27
36
38
7
22
6
27
25
16
30
12
17
5
18
17
44
5
34
13
15
9
14
32
26
6
22
6
6
27
19
26
5
5
33
5
34
32
25
3
29
13
40
14
7
10
32
6
40
28
32
36
23
34
37
14
12
43
5
28
7
12
17
3
33
34
32
7
36
10
30
4
18
8
31
15
16
31
30
9
4
15
19
33
0
26
2
3
8
8
23
41
40
23
2
40
17
14
14
11
14
6
1
26
21
13
18
17
1
10
29
36
41
12
3
35
4
6
36
4
5
20
36
2
20
11
15
32
36
18
21
35
15
25
5
3
5
5
26
7
5
1
12
9
12
18
41
16
24
34
40
6
5
28
1
0
16
5
10
4
11
9
32
5
15
23
33
13
37
14
14
10
36
8
39
20
28
26
2
10
5
14
36
34
40
35
27
31
2
21
3
20
34
6
38
25
26
31
38
19
13
6
2
2
34
17
31
32
10
5
40
15
39
12
15
9
15
29
31
5
32
7
36
18
6
7
25
31
3
27
39
12
11
34
36
5
20
3
5
8
34
29
40
17
33
3
34
25
41
15
25
6
29
32
2
16
35
5
34
28
39
4
4
32
17
5
26
0
12
