4 0 0
17 10 11
6 2 3
5 3 3
0 1 0
1 1 0
1 2 4
9 8 6
2 0 4
0 3 2
1 2 2
3 0 1
6 5 5
0 0 2
10 2 6
4 4 2
2 0 3
1 1 1
0 0 1
25 13 14
17 6 16
29 16 15
27 15 14
0 0 2
3 4 1
34 18 26
33 18 25
0 3 1
8 7 4
32 18 20
2 1 4
15 12 8
2 1 1
35 18 26
11 6 11
15 10 8
10 1 7
24 17 15
0 3 1
4 2 6
4 5 2
1 2 2
3 4 3
14 6 10
5 2 2
17 9 12
1 0 1
31 18 23
5 5 2
8 7 5
1 2 2
6 6 2
11 4 9
4 2 2
13 6 10
4 2 6
3 0 4
19 9 10
21 15 14
1 2 2
15 7 10
6 1 7
6 3 2
13 9 7
4 3 5
18 12 12
8 4 8
6 3 4
12 6 13
21 13 16
1 1 1
20 13 15
6 0 4
12 9 6
1 1 2
2 3 1
33 20 24
0 1 1
13 9 6
36 22 27
23 11 17
35 20 26
33 18 23
1 1 1
0 0 1
14 11 6
4 1 2
34 18 27
