
|uwy vvvv}~x  {|tty~}w y~~ yzv}}{{xvx }zy~{tv~{{v xx{x uzy~ }zvw tv~{wvy
~y~z{zwx|zxzw |~  }vy} ztzyvwvtwtw}v~wux~x }ttyuy~wwu~xu wyzwvyw~u}|t}
vy{u u|z{zyw{y}ttuw w{ t|u tww{{t {t{vz~}v ~xvv|uxv}xty
ywvtywzv}v}
zww |wwwz{z}u|w zu zz|zu|zz}xv~}yxvw}|~t
 vv}x~v |wxtuzu{w t|xu~y~u||y|{ut{v v t|ut}|~vwzxu|yvxt~{
||vvv}uuytzxwwu{x{~}yy{xwwuyy}{wvz}t~xzuzw}v twy }w wyt~w|vxz }w|v }zwtz{zz z wuy}t{~{u
wtwwt tz }~w{t~v v }{yu~ztvtztu|~x zw|~}zuwuutwuw||~v{|
u
y
{ytu}{t ztv wux|yw  u~v x
uzw~u{xux u{u~x } x}v{y|t~wv{|uvyu~tzy~y~{{|}~wtyty| ~u}|xwtywvtx|twyu{u w~ ~}}~x |v~vv|vvu|
uvz{~}~xuu}{yz|yxxzvx ~}yy }y|w||uw| xzy~zx~x} tyv}}xtztz|~xv yu| xy}v{v||w}w
{xyy|{y||~ }tx}|z
uu~uu}wwuw~tz{ wwvy   {t}y|
|~{w~{  y~v ~zwu}x~~ |yvv}z{}vv~y~ {z|uwutyv|vt}u{x{wtxy~{
} | z{z{z~u|{ ~}v~ {yu t~x}}{yut wwu yxzyw{z{vz}yv
}}{{u|}u{wx  twyuty |uy|{|{t~~
z {xtyyy|{~xv
zuvw}y{~yzyz {}~vuvt wuutw~uzuwx|}|z|z|u
 v|yvvzy|}{|y~w|x yx}{x} t}  
{y||~yxwztzuut~wxz tyx}x}~vwzuutyyyy zv~ |v}vu}yzxu t}ttx|z~xtxv{t}wuvt}tx{|~ww}} }}
zvw yxy{z  y} z{wz}ut} v{xy{u}u|tty }{w~tttvv}
zw{ }xxyuxtyy|zv w|||t}zx
u~~z }xt}~
vzx~x}|t{|}wxw t| vzyut}~{wy|| }}yyt z{yvux w}uyzx|~zvtxxvvwu{{zuuw u}~xv}ut|vz
wuv~t vuz}vw{wxvz
~uwu
{uzvw tv}{~xt~v|~z{vttzuxt }w  w~
tt~|xx|zy~t}|uz|yv{wvvv zyu
}zv{ ytv}}vvt~t}z }t|v~|xu| zxvu
u|t }z{~x{~vvvuv vt|xyzv~ww{wzw|zu
yzxyyw |t{wvt}z}}}yw~}~ttu| x {{| ~}~|y~~}
~u|tzz|t{v}x~ x}yzu~|y}|}{uvv uzty~{}|zt~
zw|v{vwx||y}xvzz}}{vvxyx}uy{tzyxxvu~z{wuw~|yt{z} }t  t|{uwtvy{yu uwtv vwyvzv|}
~wy{||zyx}|{y}~wx{{ ttwuy{|{~wyzv}} txwyt{v}ww{zuyxtt
x ~uzwuzzv uw||z}{t| t{vu |u~t
x
wyxwtwu}}| }vuvx ~v{wvwt~}y{uvz{w|{vuwx}xu{ }w}tt{
xuz{x}t}|v||y~|}~tyyv{t{xwx{v ~w~z~|zt{ z }x z
x  x|t{t~z}vu}z v|{w|w| {y|vw{wvw yvv}xxzuzytty}zyuw{x|wwyx~tvyzu~vxtz
~y  xz  y}yut}u}{ yt~txzzt}
uz{tw|uv~|t{~  wuxwtw}w~z~wuzvxvwtx{~}v~wzw }~t}~vuvuywyzwx
{x}xv} z
w{|~}~|{|zt}tvuu{xz ~z}z}zuux~vvyy}wy}z v{v~}x} u~zxuxztwz{ xt~w{y{vzx}
~x}zxty|z
x~|~xz|u{}  |ty|v~|x~x{z}y|vy xxux}x|}||~ y tz yuvv t{ ut{xy~u}~
uut~{yvtv 
{{{v}xu~wzt}wy{~~tzzywtzv}} uuw||zv|}zyzu  ~xtv{||}{|~uw{{}{ }vywtvuvzx|u}t|
yxzuw~uy~|zvw| zzw|tux}{vwvvw}~uv~v |zut{yw| w~~{{tv z xt~~|u|}{}|v
u}{yvz~}{uw~~vyvyz
w t{|w|z{u}zv{xywuzyzvzuw}~|zu}}tzxy v{| v
}t~yu}wwu}t}u}x|~}uu xyuw
 {tww~ywx|yzuyw{tz
{|ywt}v{~  vx{x{}~v}zu {vww{}xz}{ux~xy|}{t|  } u ~~ ~| txw~t{|xt~| ux}vt }tx{yty
~zuzyt~|x}u y~ vyzz~vz {}~zwvut~wzuuz~wwwxtu{{t~y~zz~tvx}uu
}zzy uw}|w| x |tzuvxtv{wt}t{} ~|}w~zvxw~txxxytty wxvzy}t~wxz{ u|{yw}xu wutz}ut w}|zv 
z~x|y
u{z}y {yv yyz~yuxzuw|ztwttv}ttw} zvu uuz~  uvtt{tz {|}vw~}yzytt{
uyty|{ y|tw {y{{} u}tzyzyzy~ ~wxxxtu~t}y {zut{|{
{uw ~|}|||}u xw}}txz||tw zwt|~w v}zz~~z vxxyyz~z t{ {vu|zzv{w~}}wt {
x}x}xxzvxx}{y{ {
ytx
tu}t wxutxvv wwuwvt|y{{y{yw{}vxy x{vxzy|{  }uxxv}{wu|yut
tzzx y~{{{utzvw{{~|u~{~t}wxxt{ xyvzt}t~v} wy{yxxy~ }
yvx t~x|}t~|~ztwy{}tx~{y~vzz{yuyzu}yt{wz|xuxztuw }{{zxy t~{}}w}|uzwz}~ xxu{t}w}{xywy~wzvxy}x
zyt}|}vu}|y~}}|{}{}x|tvx uy|zv~w{tvuyzzv|}tuvv}}|~ x
{ {yu{{vtzvv~}v}wyx~zuu }vtvv v}{|y{y~|
uzz{z{xz  t~vywzy| z v~|u{z uu zzzz{uzw|wut  ~vtvwvt~y }xz  }wvwyxtuvu~}x|x wyt|}tx
wu{y||{uv|uyzvuu|w{u zw vy|{zx} {~wvu~u}uv}zz y}y x|xzu||w y{uw~zxzu~u~x t~yy|~wzxw}{
z{zyzxywuvytv{ }~}yw{v~twyx uw|yv}{zyy~twx z}uvytt}||xxtuz|tuv|zzx|yw
ytvxz|}ty|wy}u
wuzuvvt|| ||z}uz{wuz wtzzz}wyzvttt|}x~z~t ~ ty~vw~~tz~xt~wzu x{uv~zwyv~t{{zu wyu
tvz~wxy| |yyt{}t}twtxut~
 t ~wwzt{y}{vuz|v{yv{ y}uxu{t zvuxu
~{ zy~xztvxz|{tw{v~~y~~{y|{uuuw~|xt{x~uy~ xztv}uz~{}u}z| vwz}v{yu~xyvzt
  |yzw}}z{uvzz~{y}~}~x}z
yyutu|} xw}y}x~xvu{}tzy{x}xyz|z~~}x|vtvv y{tvxu}v}{{xv{ zwy~uvtx}t{ yw{~}x||x~|
t
zw~x}}~zuw}~z~|zuz}w | z|{~}uz}
yzvuw}w~wx|uwtv||t}| ~~yz 
v~|
x}y~txv}~xu| vx}}uw xww }~ }v~xu v|z{z}twzzvvvw
{xxy{v|t{yuyu~xt {v ~x}t|wxv|xzy uzv zw z|t{|vy{xx}{{wwu vw} ~w
x|tt}~w x}y|xxtu~u z|ywzwxwy }y~
w
uvzxuxzv|yyu{| |t~|
u||z|wv|x~{w} yw|||v{|xy|}
zwy~zu}|}~}yuv}~vxu}~tvvtw|tvvx vzt uxvu|}uzw yvv}v}  zzzyt yx ux{y{x|
~y{u ~u|~v ~ty{ z|zwyyu|zwwxtyyz~}uv}t|t~|x}|uu
 t~z~~vvt|~ww }ztyz}z
{ ~ y}t~xx{z} v|
w{ v|ywu|}t~tw|}u~ z}zxyu||{wu}yu~} ~xtwx yy{}uxy{uu~~yut yt tz ||{xw{|}ztwzxt~||{u 
}xw~v~wt ~{w {t}yyxv{ x}{ z~tz{{z}uvuvut||
 {u
  vtw}}{~w { {|vvvyx uw|v|zztvuz~u~w
|u wwz{y vx~zzt|xw|w} {z  z  v~z{|||wu{uw{t~}vvx
}y{yu{}zyux|uzzxv|ywxtv|v}u{}ww| }}{z|u|ytvu{y~{|~~zx|t{~w { zvxzzt{wuw|zy yz  ~~u
y{|yxwxy vy ~z{wx t}wu vw tz}wwytwxz|x~} tyu
yz{x{tw~v~} y vtzuxv{
{}~|}zx ~v~~xw}{zz~x}}v{|}{|yw|y~{ x}{~y|vy|~u~w
~uv y~y||uxuv{}z}}|ttxtzzy{vu}x|txvw|~|u {xw~zvwwuuy|yuxw |{{{ u}yyzx{} xwy}w {w
yt} x~vx{~xuw}t
xxxyy||wttvtzwtyyt||}  {u uwuv~v}{v y  }xvvwv 
vw~}z}y}xz~w{zy~
 }t~|~~z wuztyty|yzzzx}tvuut  ~}wuxyv{ vyv
y~|{v{yz}} {w u |y}z~v t~|y{{{y|yx}zuw{}x{|y{ ~xyt 
z{zu~
wvttwytvuxu} {w |}zz~y|xvy~uwzutxzuwz{tv|yzu|tx|t uy wzv{}{}yvt}wu y}}
tt~{}v| {uvy~wuzx{w {ty|x}{zvy|
zy{v}y{v{wy||}uwwy}yx|~
 xt  xxv{~}vuxx~|{{t|vxx zy {  v|}xwxwz{t | uv {}y|u|tvzzwyt{vuu y
wt}}zx}w}|v{wxztt}u~~w~{zuuu{{|zx| }vx
{z{|xx
y}xxzuy wt{w zwt w} utwuvy|w|v~zy|yyxywyw{}{y{y|~x}ywu{xv|~|zx tw{uz  |~t| vuuv |xt
z{ ~|x|txu| {
u~{v}twt|vx~~yyy~}{~v}x}z}t|v}wut{yy}~  t
tw}{ }u y{u uyy}}{tvz~v vtv}u{~zty}}~|{xvzwuuu yvvtz}uz}{v}  {|tz~
|{|xy}u wt|vtxxz}}t}||twzu~}}ut~y|~v~ut|}tv}vyyt|w{|~v }vzwt xt|uwx{}xvu|x
yw |}}u vy~x}}xw x|~wtz{ {xu~w|x|}w|}u}u{ {
xyw{{}{u|yw|zt|v~ wuu|~~~yt{{z
x~v{~|uvx
 twtt 
}x} { uzut{z{zwzz}|tv~zvyx{xwwuwywtu~z~x~{|w{wu~uv{{vz}w}utttxuwyzt~xvy ~|xu} wvz
yzuuyyx~|tyzwz~{|{}wv{  |~|vxv}wv}y  xy |uxw |~~{~xu}wy~{}wwu~|t}u{|tyv{xvyxx{
vz
||v{t}|yz|tut|x u| wyuyu yyw}z{~}|z w|}|w{ww}}zx
y~~yw} t
vy  |zyu~v} |wxv}||y u~|u|y}z{x x|
 w{u xvuwu}zuvy ~
u{u tz
vx| ~~uwyt vwt ~w~ z z{{xzu}zvtx ~vu~x}ww~yww{{ ~t|{u} } xvv |~{{|
 y{{~{zt~u  t|~xvx}uu|w~}u~wwwtvuvxv{vxv{{uv}{}utuvy
vxz{}~vxtv|w|xz{t|tt|~vwu xy{~~vtwuvtt}}yww|wvxyy{{ x wxyy|xyvxv~{v 
|vuw}v~tz}t}~ |yyw}wttxywyut}|| ywx{~y~{ ||uz  x uyx~twxuv|zyuw~}}
{w{tv}wvx}w|}}vtwt~wtx~vvvz~y  |{~~x}xuut |~zvt}utuy {|w{y{ 
zwu{~{|zt~|{x vuyz|zyw
~{u~wy}xt|xw}x|vvw}}~vxx~tzt{v ~vu{u }uzuvxw}xxuvyx wt|wvy}x|xzxwyxuuu|x}w~{w
xvytx{x|wyu t~~{ ~u yzww|~}
utt |~|{ zwvt|xvxvy{{~| zwvz v|tw|y}w|y}~|vwz{  txwvw|vzv|
wvt ~zwxvztv}v yuytx{w  yv{yy~~x}}yuy}wwwtuxv|vwuu~yzty}u|~wzyvyvtwx}xxxy{yu|ww|x}~txx}{u}|tyyuw|} { yvwxxuu  t
{{~ |~y{x}uy x|x}zuw{wxt||t~xvt
|vz|w|uuww~w~}x}y|zw wy~v|xxuy~ ~xvt ty{y u}zy{vz{wtww~}yztyvw ~y~}wz~~}uvzw}~v{x ~wvvzx~
t ~{|zxuy}yvu tu{ } } |}|y~w}{ywt{t~{zv tvu ~~|zyxt|}{}{}ytx{|x|yx
x~x wuyv~yzy|uyw}uuvv|
|zzz|u||y}|uxx}|zw
x}uw}~yzyxtt{ty|z| zwyu } |{|yuv|v uxuvt~zxy|ux~{y|u}ww}~{v|{ux ~{~{ |u}xvtz| wt t~xtz
ty~{tz t utxtu| z~~~z{t}ytx |vx}|
x{ {v}xyt
tzwxy|w{yuxvxzz{ y wt|xyzxvxuvzuzz}vtv{v{yy||{txu}}uw~ uzxyy|y{vuyyy{}vt~}| wyt}v wu|{y  |v

{u v vz|y wuz{uz{vx{wzy }uxx|~|~v{tw~tu|y|{t~x{|uvxvvxv{w{|wxzzt}{tuyuyuu{t|ytt
y~xx||x}t~~xuyxz|vw~wtvtzvu ttz~|vv~  |zx{|y}z}ux ~vx~wyx|{yu  wx||zxw|ywtv u  |uv yw|z ~|y{}y|uw
v ~| }}wt|~vz}{tzt  w   vzzt~tw{vv v{y ~~} w~~yxzxzw y|vw~}zv|}| ~ v }|z}ww uty
vtwvt}}vw{~ywx|zu~t  y ~}{vuxt zyyv }| } 
xw|~~t z yyxuvzw}zy{|xy} |yv|xywv~{}~vuz
yvz uyy~|t
}z}twt{txyvw{vux| u}zwwx|z~xx|z}
|}} v{w{z~~w{ z{wwyz{ ww{yty}zyyvu
ytuw}zt{}z
vzw}yyywz t~~}|}v}zzw{txwvzvuxw xwutu||vxtyz|zvv
}|}yzt}{zz{tyyy|x{u |z|~t|uxu|u}xw}t{
}~x ~t|xy~}tv ~xvt~ t }yy|{t~vz| v{~~u|{{uyyuvuvv~z~ {
vvzxuyvzwzxw|xz| wzywutw{}{vxy|t{zz
}yvw}}zvu|z|uwyy||t{zu}t~{{z| |yuv|}uywx ~t}ytxu}}t{~|
vxu}}
|{~t}yzu|uuz{}v{|
|~xxxtyx ~{z|} ~vu  zz ~v{ztu{y}x{xyxt|xvu w vx|~~{ y{uutwtwuu||w
x{|z~y{y|v|~xwyzzzzy{}uuwz vu yuyz z}t
~w~|vz~{uyuvt|z x{t|wu|utt{yw~|}vvx~y{vyy}~~{y~xz|{xtxy~zyux|vwv|y ~u ~}{|}|v|xxtt t
tz~zxt{{vtw~t {t|y
y zytzwzwzwxv{} |t|u}uuwy~}{~ v {vtvvuwx
}~wv{vz{|zz~~yt| ~wt xwt x zvxzxuzwt  xwtv ytv xxx|{xv} ~~wyzwwt~uxu ~|v
~ ~|  uu{ }z~ w |zy||~w|zx w|{~yt z|vtzx~vty}tvv {|ywx ~}xux}}u}{ux~yu{xx~u
uvzxtxvw{tyzuvzw}zux}|{}}x~zxyxu
wv|~xw {x|zxvzyx}y~w~z{{ zyz w~v{||~~tw|u xv|y}u~zyv}y{y~y~x|v}~|yxvwu} y~xu{wtwy
wv|u{~}w ux|xt yyt~tw
zywy}ztu|~uu~{zuyu u} zt xv{xx}
tz uv||xvxxuvyz{xxuv}}tz{{{w}}{{vt|vytvy
uz xvz| w|xuuv y| t|w v}v|wxuyvyu~xvz}}uzt}uuvwyy|u~~xyx tt|vy
t}vxwt{yv~v}t{y{w |tvw} |wu|ww}|}|z| wv~yzwu
z|{}|yyt~wu|w{v{ y|}~yw} w~uxww ~|~vv}~yxw~ww{yzt|}tww}xwtv~}|~~
| w}|u~x vzy~y{{~yw  v}y zvx{w~z~ t~t}wzw|~uwwtzy u}wwu~ t|
w}u ~x}~z~t~zv utxx 
xyt v{zzt{|tt~ {wu}v~ {z w
zu{x yw}~ u}||w ~u}wwx wwuz}xt}|wx }~xwwxvvz}vy|u}xuw }v ~~uyx v~|z|
x z{{{|xyxuvt|}|y~uwzzv}z~uxyzzty{vz}uwtz{~}vxttuttz|vvwty}t}v vtw}|w{v
}z~ v}z{tvv|uwytvzw}u|}xwtutzzu{~~{ywwwzv|yv }~y}xt { v~} y zv}~ 
~ u
z|~}tvzwy~}wuw w~|w x{|u yu{xttut|~yt u|}t{}x|~wuwtu||y~y y}z{{ x {u} v{ wt~wz|{w
xt w y{tu~xv}tz~zxvz|~u~}yt~~zwtuwxywxxxw{|wwyy{~}}ux~ywx
|x}yztwywt}y}~ ~txzwx|wuxx}|u{~vtwz}{~~w}uy utw|u utu~ x{yv}x}t~y} vv
~yvzw}xx|v~ |ttz{txtxt {}ytv{~{x}tytyzt|zt}wt}zv}txx}u~vuyy|  vv{
|x
}|t~t{{~u~zzzv{{} tvvvtvy{tu~wz{vux}uu|yttt| |ut|zt{wztu{z|vy ~w
~wy|w{ u~t}xy{|t yt~uwu}y{vxvy}wy{{yzxuvu|u~twvxzz z~~yt}
x|wv||w~{tz|{y~z{{ ~~}yxvv}|}~z|y~|~t~ ww~~z{yz{vwv }v~v tt| wuvt{ }tu{{u
 w~x{zu v~}uxwy~|v}zz}w}wtvzutywwyu u| |z} yv}zw |wvw|uy
z}yx}|~vvyzw|t}|vxuxy xv}z t{v}zwvwv |tuxv
uuy}w{ty|~w|zxz tt~
v~{v{~{twyxvww{t|}z|tuwu}u|xw vv ~y~w~t  |{y} yywvv{wuvw{}|uzuwzw{t~~uv~}zw|uu~}wy~wu
 ~{~w wtuwtuy{{wu {} |x w{yx|~tw}t{yxy|tuuu y| u ~ztyu
|w w yzw t|vu}u{
x~wz{u}twwxzu}{wvz~zz}wxt
}xv|z|xwyz~w}w yy zvu~wv~yxvwyz|xyutyu}vv{wxtvt~t|~x| |zz} zw{twu  
wtxzvyv|vwv {vtz|
~w||y}}}vvwt|z~|ww}vt|uyz yxyu~vt}w~v ux~u|w
xzy}~zzz}}txvw{wt}wu{}t vz } wuuxywvy||~tvvt xzttt|uvt }yxyz
x
xuuz{v~u }{wwuvwvv{zz www~w}z~{~yv~v|}}t~~}x| }tutx~}yxuzyxu{~t||~~~wy~t}y tu}{{{zu ~u~zz|{
 { xty|v|vt}} y|t wv |~t {{y~x~| ttwx|v |xxy}|v
yuv~u|x~{yxvy tyvyv~wu}vyzvv twwzww}~v{|}xty 
y~{uyt{xvwy| z~vzvzyvxxwv z}zx~~tyvvzv y{~u{y{{
txv{zw}~~}{z ~u{y~ wuxuzwx}~
} y}y
|uz}uw}}vx|xzxt~ wuy~~u~t~v{uzzx y~vv~xw}xy|}ytx{ww zyty}{|tty{u{|vx
{vtu~wxyv{vwwxw w~||ywwu
ttv{xzvx}|y~uuzt{xv|w}uw
vw x}yvzyzzw|y~t yz}~w wx vtzxyuxt}w{v~yztvt}w }{}vx{uw
xxtz wttwxx|tt~vuw } uy xw{|{}vy| wvt~u}~yw wx|t}tyw{xuy}u {tv{z|uzuvxx~|
 t
t}y{~|yxttyut|}wx
}w|}vyuu|zu{z{|u}ywwx{}}tyzvwuz~tzw}{zxv~uw~z|wt|xtt}vt{yt~x~tzu  yvy|{y uw{{w

zu{vz|yuwz}  ytzu}x{v}ttwt y{zx xxz|}w}ty~xw{}}tuuytyvy

tvw}x
xz}}vy~|{v}z ~t|~wx{tx|u w~{xuu{twxxvt}xy tt}t~x tuwt{vv }w} wzy~~yz{u ||zuvywvw}v y
~yvv ~{ }|}xwv{
t|uzxw }{y~{vvw~{wwxtxxxx{tz {twzz|w|tz~~~x{vxyy{w}| uytvz{y|v~u~t |y|xtt
xv|xu~uwyvzvu|y{yxytw{|xvzy{ 
v}wvtx~{w{xvy||{|tu {{} u ww{z{xv{ }~~u}t||yzy} uvvyztwzy}xx}vtvy {z }vuxvvy~y
|tx{zt twz~xvyytz {uy
v
|~tt~v}~ut}  u
xyv}zt}u |vzxt~wv{tv   vt v tw~yvt }{~u uw }tzzu}vzv}w
t{}{yx{wzttvzz|}y||v | zytxv|z~uu ~}x{}u }z |y
 x}zwt{vv|{tuu~{~v~vxzx~vu~}vv{xuz tvwvu~yvv~ {yz
zy x|x v}~ tz}x| vxxxu{yvwv| xyy|{
 tvx |v{utw}{t{{yy|x{x|}{
uw|{ }~u|v }}wy}x{}tw~|w}{ 
|zvu}y~zv} ||vzw |x|t{ |yuu~{zx~ wyv~}uvyz  vu }w  y}{w
{
yzy{ut~w~vz|||x{~zu yzx ~uvyyuuxwvxtyt| {|y |wyv|w{xv~zy|~yy
zyu
 ~} }{uxw}t|ut~xxutvy ~ zvztvxxvuy|utx{vuvxuz}|w~ |tw{} 
zyvwu~wvwvx {uuv| |}tv t
 |z~vxvxtzuvtwuut y{w v}vu|~}z}tuv|wu }xwz}ytwwv{~zu
|ztuu}{uw~x {uwxyuv y~|zuw}zy~t|vtyvz|}v {zxwty|vy}
twvvw|v}{}x~u{uwuvuz}}
w|txvtt~ v~ t~ yyvvywt |u{v|u}t v~uzy{w vvt vzzyy x
zww v|x{
x{}y{yzy~x~wyzvwwwt}|u~}xv}tx xvz {z{u uyx }|vv zy|||x zxwvv{}uu~~zuty v|v|y~{ ~ }}{u
z}~{t{}vx{zy}uv|zttv|uu~tyy|tvt~yy{wzyt{uwzvv{} v vyux~x{uy~zzyzywt~tu|u}
yuvw}xtv} |w {yuu{yzvz}|zuvv{~}vyz~uvtu||vxz}} {z}{}~tyu u~w~utx}zzx} yxzyzyzxuu
 w}ttut~~utv}vt}t|ytww
utu~y}|y{xvzuzt|t{u uy z~}uw t}z~}zvyyw~tt{{x~|zw|x}xu|wtyvyv|{ xz{v|}}}~ t~|u{y~xtu }~}t|wt
ytwu{wy}|uy|v~zy}zy~vyw vwt~~~
{~uwzx}{|yz~tzv~tux|{ywttz
| {{x}y|u
x|~tw|{xyvt||}ztuw z}{tzzwu~wywy }y|t{ttt
~vzwv ~yt}|{xyzzvwv t|y| xuw||uw{ z~|~v|tzvxvuzx~{ v~y}}~{w} wvuv}u|{|{{t||zxyu} t
|uww|zu~uwv{v~|xt|zx|zv{zu|yt}~w|zt|~vyw~{{xt~wu}xv |}y {w vt|zuu}u x{y|y xyx~v~ywy} t|z
{w~}uzx | ~xx||w~~w utzt u~xz~tv~|ut|

w}x~ xy 
u|zyy|txxztuzwv~u~x| wy{ y yuz~wwv{uuxt}z{}w} y{xuvzzty}}y~uuztuyu}~xzvu|{zx tuzx}~~z~t
uvw| {txw~yyxwwxxux
xxx|yw{ t v| ~vuww
x{~yw{t  |zxy{
{|wz~ z}yyt{|w|w{}twz} zzwx|}uuzxtv}wuv~vxzwt~y~uuvw~vw|| wwu{v|v}tz {{y}xy v}
uv|x utv~z
~~wzxy~| u|t|
|~v{ux| yt|uxtv}tyt~xxuuz{uw~{zw~ vx {|vztxzt}vvuu~|wyt~xzxy}|vuvztzt{
 |} |zz{
yvxvtv{}}||u~~w}x{t~wuvwtvuwyvtuxt
~{}~~xvu}}w u~v}~t~txzvvtv xxw} v ~tw
yt vytzyv|v}xz}t tuwzzu{}~ {uu u}t{ {yuuw~tt{~wzuuu tt|ut v
y||zyxx|t v|vwx}{ | ~|~yuv~xtz}vxzuz|{ {u~|}v{u
xuw|
txz}xtzx|~
}z|yy~}tx{{}~|w|vx z}xy{u{}wwv tyx||yxv{vtwz~x} wwtyzv}{x v
|y~w ~ tt|~xx z uv{{x|uvy} zx ~}y}z}|~zz{w{ttyx|zu~tw
utyt}t~w{t~vt }x{ {|yt}yw|u}yv utyw~}v}uxu}xuxy~z w~|txu
vv~ }x|t{t zv{}w|xyz~vw~xtwywxzxvxvzy~z}~w}uu{uy|}wuzvyzywx t {xytuv}utw{wz{v{u{x
ut vvzz|{wz}{  y{w{ywyuuu
}wytxx{ x tzv|z  xxvt{uww~wt
wz uy~v|~|yvvvu{||~uz
|t{uz}| u|vv}}{~|uz}x~x~t {uwt}uz~~{}| tv z}y|uxxxxzyz}vx}vxw{uz |yw
txv~}tyvz~wvz{|z{wux|xu~z|
| ~vw~{z}xz wy 
wuy}v}~wwz
{ {  v~vx}w|w~z~vzw~zx|}|y}|u|}x{zvy|ux~ ~~{~y u{t|vyw ywvwzz ux|y|~vt z tytw vutxu{ z w{ v|}
|t {y y|tu z~t~t|t{vxxt~z}v{ y}}vy|~~vuuut{vu~||t|}w yvzw~uuw~{w t~w{
t}}xux{y}uu{{zux {uy|~{}~}vy|z~tx} tt}~z ty xywx
}u~t}|wvwzw}}y|uvz}}w}v}vzxu|xw{ t~y xv }ut}}y}~}yttz{vu~}{ }
}}}~{y}uz~t|wv~xtuuz~tuv v|x}~uwxt~ztz y~y  uvvy~ }tw~{ t|{vwx{}}{v|x|{ |ttxzzvw |
w xx~}y~yu~{t}{{
x utvvz| | v z{uxv|zuzv}xvyuzvvvtw}}}vzyx}z|}w}w~ x|t}x
{y{x{ t  zv~}uxwuztwx{~uwy}x}yuvu x tt
wwyzx|v~}z|w~ }ux}w{z}~z||tv~{}z~zwt{tw~yttyux|uuvyzt~|{
wvv~{}wwtuuxy~vz~w ~~{{w|wwt  tzzuwy}}x{|vtyx ~xyzy||v uyzt{~}uuz yx t
v{zuw}xvy~|vzz|z{ttw x w~ztyz~{~ wt|}zt
x
uvv~ t xt|u z}{{vv{ut|{uzv| z~~vy{wz{t~~y}xz |t{u|ywx|}tx{vu} u~
 txv~ {vvxvxwuvywu {tzwy{w
vz~w{u}z{v}  |t~~v {x{uv}y~wv {x|ut  ~uwxt~ztvzyvv~}y{~ zxz|}{zz}x~
|zyy|~{}xzvvuyy~~zw|~tx~{ uuw|zu u|vy{}{v {twvvz~uyv|t t{v |wyzuvwy{u {uy}yv|yuz tv~uz u
ztw}vwxwtyxxzu|}u}yw uwz|xu{ 
wyz~v zwwvtyyxzy vw|}txwwuyy}wx}}w}w~~{tz vv~~v{{ twxz~~xzt|zu}t~wtxyzxww
twt}xt|z|}wyu{~ux}{wyxy ~|tty{|v~} v  yu~y~u~z v
u}} xxvz uvtyz}~yy{y}zw}}|ytwxuy{uxuz}t{w{yu   w}z}uv}}zu{w{wy|  w||u|zzv~w}
yvwx}ty ~wzv u|uu{|z tz {v{|w|t}xxuzxz}yu u yvtzyuy txyvwy}w{{t~~wyy{{{ {zw~|v }ywxu
{w|yxyxx~x~yyww uv}xu{|{~zvx{y}wv|w zu~vvx}zw{wytwutu|t{zzxu~vz v x{{v~{
y ~ywu{vuxw{tv} |{uy vyx}x~|{uw~ z{t~zuy~xy{yx|uuww}v|{
u|xtz
y~ uw t~wzu{yxw|tux
}xty
}x|w  u{ywvu~}zvw} vz{|~u~uz {}}z ~tzx wxz w~{tux|{~uz|t}v{t }zv||zyuuuv{
}y}uu~xzuww}t~}|~{u{x{{z}u xw wttu t~{ t}zx utu t{z}z}}wyxt|{ytuv
~~yttzyz}z||  
zxw{|tyzuwyz}tv uzww}wzy~{yxwy {y
ty}wz|wwtvt{~ |tzz}~xyy{w{w}vvwzy|
vyv ~xuz~yz
||~ vw{x|tx xuttxz|}v  zxw~yy}zt}}y}||{u{xu~zuxwytxx~zztuw u zz
uw|yy|ut|w{~xuuy~~}xwww||tx uw{tzu}xz|ww||xwwx}wt|{v | z~{wt|{~| x{y
|}t {~ww|wv~ ux|{y}wv|zvz~{|yxzxt wz ux
yz{zyu|}||wzwtz{|t|}zxz{zy  zww~x~~zz|tv{ x }vwwzyz~   u uuvw|   ~|zwv{tut~y|xy z{ yw
z}z{twzuwyw~xyvt~vuw}|zu}~v~~w
vvxzvz~v~~ty|~zwx|zyyz|w |}u}uzzx{z~yz
|v}} wu y~zt xz~ z }wtxyu||zt{}z}ttvxxytw}  t }ytvtyuw xy~yu~u~xz{t~u~
xy~ ywv|}{z xuy~xy |y yu uwt|z xzu}~}zu|wwx}~w|t}|xv y{~ t}yu|y}wu~uy}v} ~vwt~
~y ux~ }t~ v}y
x~ tz}z{}{||~x}}t|twut w{x}|vttz x|wt~yv}~wu{ }~{t|wu wxytxt~y{z {
{vw{y~v txy|v|~yw
}xv{wu{{vzz{}tvwzztx tt vuvuzu t }}~ {wy ~xtwuwv |z~z ||t zyw{{}~zy}
|

{~u{~u~{y{u}}|~|}}wt v| x tyvtwzw}{u}|}}vt{||{y~z}~|yx} y
~wy|z~ x xvw ttw~}zx}uuv{~|x|tyz{v|}{ytvvxuw}z{
zt}x}vv |xzw~t|~{
v w vu}|zxtw~y vzvz~w}x|{}y }}tzu{|v  xuvvzzzuux{v{wv~}  {uzw
v}xtwz{{zx{zwz
w}y}|||zw{v  ttv}{z |tuw~}|w vz|u{wxwvzt}{ztvt w~}zvxt|wt }
wu}~vu}uw} yt{ytxv{~|{xyx~~{~z |~uxyvw{~x vyyvwxu~ztuw~vvuytt~uyy~}|~|vyt
 {wxttzywu~ytzz}yzy{y}vw~|u{ww~|yx{|z wv} ~z{~y }u yx|}wx~v ty }} {}z|z
x }}wz t{|v xx }|ww|xxy}{u}{y~wy~{{ tz}z}vy|y{ {|uv xyt{w{|tzx{ u~~}v~zw{}wuvu|~x{}zy{
xuutt|xxtzt{vvzxuv
v}vw~y}u~}tv|v~|}v v{wuxt}uzuu|x yy
y
{ttzzuxtuv~|}yvzyzw~}{ u{|{y tztyvyxwu~zu~xv{yw||vtt}uy t yu u||  }xuyyx|u}
|~|{|xt{ xv{ ~{|w}}vz}}{ wxz|x}{{~yxu|u|xwtwuw{tu|{xu}w }}~
y~ }yxttvuw yvtxuvvu{}tx
~~t~x}tzvttz|tx}zz{x~t}y zt}x  ~t {t}uy{tu| ww~ vwtxx~t|tyutyvv|zu{xw zvy~wv}}~w}~~y
xvy~zuu }z
}wtx}} uxy}z{vy{z|y  v}vyw}wt~wzyxwt{z {xyy|w{w}t z}yx}~}yuutyz||uv
 vz}yy}x w|xu{}v}~yzz zu yyx
vwuy|w{tw{uvz~tvvvtw
yyt wwxvzx{~xzuzzz} xxw}tzu~{~~{ywx{xuyvv| vt twzz|{xv||t{ t{}{y{x{|uy  t
tv t~{~ yvx }z~t|}|t|uwuy w}ywy|xyzyw{}w
vw
wuv|tu~||uvz{|z | xzvv~yx|x|u~ uxxvw|xyu| ~~~wz{}zt{ 
{xt{y v|x uu }zy}utut{zvzwwx}~~|{{x|vu}wxtwx
~y{uvytz{xt tx}xzwu}wv{vxyt~ wtyxyu|}{zw~uxz}x~ xv}{wtv|v tt~y  
u|uyzvvz|}t{}w|v}t{ vtwtu|wt}xy }y| |vtzt{|xu|w{u{{uvyv|uwywvxwt}w }u~y{t}vywvu}uy
|tyv}}yuwtv~|yv xvy~|tx xwtzwv~
~uz{~|u} u|xzwzz{zw}}{w}v y}x~x{t}
zu|xvtw}w}t~|t{|w{tu~|}yv~z|   ~|}vyuy{v}|y|xx|~z x~ywzz
tu {zv{w}twzt~twwty~ t~|uyuzv{zxwuvuyy  tuwv~x}{xtx{} {xxy|ttyx
w{~vtv}wuzu  u~w{|}~}{v}{tt{~~zw~}xww{xwv{}|wvwx|v{yx~vx|{||x{zwt| w 
ywzw~ztv
~}|zx~vyw}}u~zuvux|ttyw}t}v~t ~}~utzz~t}xvuwvuzuvuzyv~ z}v~}w
v}xvt}ux xwyy {zxt ~u xy|} xt { w~
zv}{~}x|ytz|u{{}y{x|x{ux}v }xyy v y{xx{{{zwvuwuw~v}tzzxtvu~x|{}
vw~tw{~uwvt~xvzy{v   {zwu}tvwuzx}{{wz~tvwyvyt 
 y y|v|}}zzuxy}v~|{yuuvxx~t tyux w~~~~u|z{v y}{y|~vz {z~vx| t t{|x|
uwxv|~~v{y|}ytt ~z}uuw~vt}xyty w}u}yuv }{tv wu|wwv{xwuxt~x{|y}uywyt~
x{xtv|~| wx~wwvx{u~v} |vy|x|yw|{ ~zz}ty}}uv  }wyvw{tzx{t|zvuxy||x{v{x~uy
w}vvu}xxyzzv|y~} t~u~ty |yz|~x v}u{
||{{y{~xzt}}~x~|u|uwxtuw
{xwtwx {x}uxzxw zu| w|w
}zxt ~|{|{x|}tu|ywy}y
yx~tt|yy|x{vxy}xz
}{z~{v|}u
y vu  ~tt}}y{ww}t{|z vv{x {|| ~~||w|yy{~{y{z~~wutytxv{{~u|w wx|{u}yyw{xvz~y{z y}~v 
ttyttw~ut}~}  yw}{tt uy~|wuxzzuv{w|x|z|v zxx{x y wwt{{t|||~wwxzz{x
x}xzwywwz~wtwt}z{v|xywu|vtwxxy uywx{}u~y}vy| |w~vv}|{vuvww~{|{{wwzuu yuyxu{}x}~~xuv y|w
xu{
x{uv{u|uwx{{v~~ {zvt|}uvvtuy|{~y{}uw}{  yvy~}w xyu zu{tzz|~ux|zu wtz
uz {t}v xwt y zxwvut}t|t|yw|u |yy~yy}vzz{w }~z~|w~ y
ytu~vu{~uv{v|xx|{zu zu|||zt {}{z yz|u|~tu{~~w~ txtyu| |~xty
}txtu{ v}w {vtyvtwtt~wvvv}y}wxv~y}vt} t {}|~}}u
~wzt}vv}zt u
ww}utzuw~uv w~~xxvzuz~w|}{v {~wyxtxxu}ut~}{}vy{|~xzzv ~tu zt|yyw{wzt}vtuv~x ~v 
 ztyt~| |} }}w}{ uxv{wvz |v |~ xutwv y|~yx~t|~ztuuvy~ x{z{z|wtw
