
yz~||x~{wy|zwzwuz|x|u}vxv
zuvz}w}vxuu wwzuw~}vuy zyxvuu
v |
y~
 { y|}x {}x~{{ yz}
v~  xvy~~~|v|zu}z}vz~{yvzyuuzy w}wy}
|zwxxuyuw{|}vywu x{}zw
|xy}yz}vwwyv|z}{{yy v|~uyxuvy}~
}~x~|}}}uuwyxzvz{{xy~{{|xuzy 
~{u{y y wwvwyzz{~yuu~{{z|~w|x|y}y~z}||{vv}wux}uv}~yuv|~v{z wwx~yy~{
uzyy~u w}{zx{ z}~ xu{~vv{~{}|y} zzzz  wz  u~x| y|}v{uzw| xuv
vuz{y}vw{ yvvu}~uxu{ w}v|vx{wwu|yvwuv z}}~|{wz wvz~wz }
z|u }zxx yvzzxy{w{uz{   | y}~~ {xv|w  x|w 
wy | xvw
~yy~{zv}
vy~z~y vywx~{z}{yyzyz~y~u~x uy{~~w{
z
yy{}z uw w{{zzvz~{}wzy~xw}~zu~~yzxxwx|vwv~vw{uw}vvw|}v{~{| v |uw
uu xy|{y{x|x~~}xx z}x|||~}{~{vwx u}ux}}u}}~~|y}|{w} yxzw{zzxzvxxx u||y}~wz
~}x v{uz{v{x{v~x{x{
w}yw~ yx}uyywx~v z}uv}|
~uyww}uvywxyz
xx}~{~wzz{zw}y|
y{ ~|yzz}uz~ | {|x}v~x}vwzwz }| w ~  {xvx  {u}xu {yyu}~xuxuy}vv y v}w~vy~|yvy
vz~ ywuu}
~|xy xx x{v{
 zyxu~ yzw|wu~ z xzvx yvyzuv}u|{zwz}wy}uuwzu~
uyx v~{{y{x}wxv|~ u{wvuuuxy{{{y~ |~zzy~~}yx} }y||~uyu} w ~~xvuuyxv{x vy}}} u x
|w}z|}~xv|{zuu|zz~|}x|v wu|wx{~yv}{v{y|w{~x
vvuvxvyxwx~{xx} |uu{ux}}vwuv uv{}~w~
vzy|y}u|}zx xy x{ v  {xx|zvwxywz x~y }z}|x~yzxzyy~}xuu}z}w
|xvu{xywuu }x~|}x|~{y}w|} ~w}z yuv}~|y{x~ 
w~ ~{uu}wuvy} }~}vuu~xv~uxw~~w{yxu{u~y  zvy|w v }y~vy}{vz~yzu~vuuw |w}vy~||y wx x|zy
}yu~y{x ~}} z~y  zuv~ vvy }}z{~}}x|~ywyzv~
}wu xy~} }y y}xxy{~wv|wxvv~ y {{x{x} | ~ ~w~||uy~~{vx xx~vvvux{zu|yy|zx| yv{
|| ||x|vwv~wu}zyyu wxzyy|}vuuw}uuxzy|v|~w| vw|wyvw{u} }|z|}~yxuvw{w~{|y{}yv~{ywxx
|~u  vxvu|x|}vwwyx|  x 
ywzv} y{wv{uuv|xuwy }|}yz~wywuywwx}v{z} {v}yw~{~
ww}w uyzzx|{{ u{~|yx
z{wu{{~ zu}xuvyuz } v~vv |wvw~ywvz|} |y{yuxzvwv{|uuxyw} }~ }uxy v xw| }v{w}v
z{}xzw}  {|}{ v{zwz}xwvuyu|w zv{u}}vy~z ~z{|wz}uxux
}z~|u~~~yzw|~u}wx {|}|xv}uzyyy|vy{ xyz{yyzzxw} ||ux yx}y{xx|{xuw~xxuyzxw{{y|y{z 
x|~v{yuy~|~}uu|x{zyxvuv |~yz{wzw
~{vu}vv|zwu}xx~ x{zv
x|wy}xywvz}|yw xvzzuwwvwww|u|~wz
~{{ ~w{y
x~u{w }y}|u ~ww v |y~x~vxv{|z vy}|yx{||}{u}vv}~z}u| z}y}vwu{~
{yu~~} }|zv|xu} 
}}{~xvw~{ }{{}z}{
}~vyzy}x uz~w}y{}u xu|y|}y|{
{}z wu{vy|y~y{w|x{xz}zu~{z{|wx~uuyxwz uwxv{}
x|w vyy~|zxuywv~{xv|
}{yzwzuw~vy
wu~ {|xx{|z}w|~u www~yzxxy~uu{}|v{ u||}y|}z vz|vuyz{~
  xwwvyy{ux y y }wuzwv~}yx~}uxzx~{u}u}{|{ |w y u}zzzzyw}yz}vuu{w}~||wz}
z{yuvw u}zw~xx~uzy}|x
 uy zu| |}uyuu~u|y zv|zwz ~ |{|zzz| uvx}zvy}{~}z~{x}x} z}||zz|
wx|zy{uz y|zyww|zy~}xu ~|wy |zy~ux{|{v~z~u}uvu{|v~xwx|}vwz }w}~|{
 yxu u~}
zy  w}zwv~uv} y}uy~w~y}| {y~zvu~wxxzux |{x}yz~vu vz~{zv zv{||v~z{
{ wx~~{uwvv~vvy| {|{uww{}~xxzv w{xv  x|x{}yyu|~~uu|}w} w  v|xz~vv|z|~x|u|z}
z vyv v |yx{zxzv}yvzw uvu{vuuww~xu{w~wwx w~xwu}~
x~vu ~ u{}|{|w}} |wz~{}zvy~uy{v
 yu{yv{uvvzyv{|vvyw~w|vx{u zz~~y{w{z}zz}uv }z}x~uzxu~uu~}wywvzz}zz|{ww xz~uuwy{yvx{~
wvxw|v}y~~vx|vz||z{ ww u~yvxyyyv x~}x{uuux}{x~|~{u~wy~|xy{ywuw{{v~~
w|v{vz|wzvy}}uw~ {}uyuvzu{
wu }~vww|xu~vy~ vy ~|vv |  {wx y vx  
~|~vyux}zuy~u{w}  |  ||}wu{~yzuxyxwvy xzu|vz}uv|{|x ~{}u~yzuw| yuy}v
wzyuw}~{|~| w|v}~yz~xxzxwzu w}}
 uv~xw }
yux|v}zvuw {{{xw  x}y~y{z {~yu{|u yyww~}wvzwv{y~zyy|}~{ux {{|w}w}{ y u~uww|u}{ xz~vz{}
xw~xvu|{~|{~xu
vu}{}~}ux{~{yv|wwuw||zy~~z|} ~w~ {z|~xw zy}uyux}{|zw}{~ |{uv {uywz
v|} 
wv}}y}w|{{yvx||z wuvy }|u}}yzx{vz{
u|v|{}~v|xvw}{
{{|x}w{|vvw
 {v~vu v~~}{   v|yv{u}u}{{|z~xxz}yy ~yxx ~uuyx|}yvzu}|x~|xyz {zvyy{~zvzzy{y
w}{||vu|zu uv~u}{|||vyvwwwyx{{xz {
yvw |ywzu|xx|uvz}{x z {}ux{u}  u{ywwv zwzv}uyw|uy~xx xyz uy|}z{wxuxyxw
zuyzu z}}{x~z
 }~ywuwux~xwvw uy~~yz|ux}uy~xz~|zuz}w{ zz
x ww u|{v
u|x~uuz |vu z}vxw~yv{yvw|{
 z vu} |||y|z |u
u~wy y }uzx}ux| xwwyx }{z|zzuu}x yy{uuzx|zvw w~{|wx}v}u~{~yz{{w{| 
xwuz~u x| {zwxu~}x{u||v~w||u~ u{w~vz~|xuzw{w|~u|wx}x|v {v~w|}~vxzyxu
|u~{wwxw yz |~vzx yu{}uuw ~}  zwu~v~}{y{ }~~{vxu
vvxuz~xuzw~ux} }z~xwuu{|{z~uwu}{yux~~zxyu{zzxyx}zw~xux{w
zv}{w}wyuw w~{|~~ywy} |xy~{~|vv{  w~uzzy wyxxvy|
vuvw~|wuvxvxxyyyyz}ww~{~w}|wuu{{z{v x 
u~}w uvzzyuzwvw }}} vyv|} |vv ywyw}x|v ywu{uyw}yx  ~{{{{zvwxz~xu~y|{x
  x
w}z}v}zv~uwvu{|wx|w{xx}yyzx ~
u|zw|w y~|u}z }uz~~u||z{ }
~z}wxy|uzuv} uy{~vyzw~|uuu w zwz{u }|{y xwuyuw ~u}y~
u|uz|xvxyz|} z}u}{ }xx u }z{{{vw y|v} vv}||{}v|xu|{~x ~} wzvu{xyu~z~ {z|}x
xv}}vxyu{uuuwz  ww}|w~v{w|} u}vz}w~wy}w~x}xv }zz |~|}
{xzuww}~ {u|zzyuuy{wuyy~uyxuuwu{{ w|v~x{xzu~vxv 
z{}vuwzxy|{uz
y zu~v~}yyvxz~v}u yw||z~yw{xywxz wvuuv}x|x}xvw v| x{v| yvuy{}vux~zxy}| |u
yyu}}vvyuuz{~| ~{~w{v}v}y{{||zy}  w|wwv{|{}{
x{x|w v~v xzv||
~{||}uuwx|}v}~zyzvzv}| {z { }wvwu
~}~w}{ }z~yzw y||wx}~{vz~ ~xwu{yz~yz~u  z{yv v{v| ||zuw~
 |xv~x {u xwy  u z~}z{}~~v|vx{~|
y{|~{ uuy|vuv |ywzux| x|uz }uz~u}ywxxzu}uxxx|{z{y{zy zzu
  xzuwvw y{y
|~ux|}|~~u|u{zux|y|u
y~x y{ u~~{v~z}u uuzwzu{uwu~zuyz~}
{|~|y||wwvw} |wv { }
z~u ||w} ~{}v{vxy~vu{v|v{ xuuvxy yzyv}zw| {x}u{{ }}~wz
w
zuvy~uvu||yvuz||}yxu|{yvzuwyzv|~xuxz||u}x~vv~y  x{ z~{ {vx{||yv
 yv| w~{zu{x}}x~}{zu vyw|~zu{} w wv
yuz|zx {u|z~{ }~}zzuv ~|z{uzuv}uyx{~zu|x}z}|u}v~{~uxxywzy x{{uyv| yy 
~yv yvyx}yvw{vw| v~uxuwyxz|xu}x~~x{xuvu{|~ wz{|vz}|w{u}yx z||~}v} |wzwy}xxy~ x
w}~|y~ux~{|zvy ww yyz}x{xxzzx~|  vvz|y
|zy{~~z|{}xzyv |||vwzuw}|v}wv}{}x v}}~wuv x~x} x}zyywy|zv~z~wwv vywxy~|
xvwyuvuu{zw~yu} ~}zxv{~zvuy{uvvzv{zv}w}v u~{w|zv w{~wu{|{zzu w} v
 ~~~x}z| y{{y~}u~~z~||zwwy~zy ywu ~{xvy{uz}x} ~|v{{wwv~}
} z{xww} u|}uz
{vu z  {w|uzx wx|}xy~y}zv{{vw |x zuxvxv xuxyxv{}yw~}wwv|vxxyy{x{ {yv}u{~}}x x||{v
|
z{~|{yzzx{vx~zux vzxuv ~|w~ zzzww {
v{wy}w{vy|v {u|wz~zy}x}v} {~ u|z|zz~yyxzuv }vx z u}}|} vwxvy wvxu uv|  {uuy{wyx~wvy}
}zyu|} {|u~~|{ yvwzxyz  w v|  ~u
|y  uwz~{v| vyz{zuvz ~|ux~vuv|vv{wy|}xvyzw{vzx}yzx}w|wu~z }xy|u~{w~|w~wz  ~y}wz
ux~v }z|z{|zww {w}}}u|}vw ~} yu|xyu~zwx}~vy
y v y}z}z|{yzz~~ vzwwzx {xv|~z~wwzu|wy
| x~z wxuxuw}~v}|v}v~z~||
y~|xwwxvwuwuw~}{z|{u {x| vz|{|{y}}x~uu}~|uvz}~~w}y}~ wwvx|~v}~{yuxwvu xzz{vz~y|x}{zxxv |}|  |
}y}y w| ~zx}xx|w~vuzu {u|{v~w
wxy~~xvw~x|u{ zuzvxwwxyy~~ x|zx}vy|ux}|~xy w{zyyw|{{ 
{~uxxvx}xu~u w~|{ww{wv~ww|~~v||w}|~ | ~vuvw 
~ ~}x}y
}vz{wyvwx||{ux~ yz w|xv||xu|}u}uu }yv w{yuz|u } |  }v}y v|y~~{x{yz x{}x||~vu wv |z{u
 wuz~zvuw|||v}wz{{~}}z|}w ~uvxyzyzx z~{u~vv vu}vx|uvxwyyu|zzxyz zvv~wx
}u|xu~~v |uuy v~ yx x y}xzxv{w wvywuxzxz}~{vu|zx y{|yvu|xy{v}zuu }{vzy{{vzy}}y} 
~y}zz y~uvw {v|v w vu~v{ uvyxu{ y~xxxxw{u}|{ }~y~xzyxvxvwyvxuv ~{~u
vx
yz{|x}yyuv ~}{}~}~{|}w{y~wyxxx~v uzw}w}}y~||w |x yvy|||xx}x ~uyvu|{ w }~{~yy~w} wwxw}xwwww}  wx
x{ {yuuuzu~|yww wzvz
}vwu|~|v
}~u{xxzx{w}}{{ux}zuy  y~|w}~y w {w|z}{vvw}~x ~ vzy
 u  v| x}yx|y{~x|w x|}y} y{ |y} {{v}v||yx|}z xvy} x{w~xyzvv~zx
|}xzywz}v|xuzvyz|y}xy w{ |z

yzv { u|uvwzx|{y{z{z  {{{xzxx~{u~~}
|uv{yyv|w}~z u{wwy w|  }xyv{zuu u{wyx}{v v~uy~xxuz|{}
yy vxxw}  |zvy~ v~wv}yy{{w} x
x~v||wyyvwx {wv||yxy x{v~{|y}xw} 
y|wyxw| xz{ zvx}u }zv~xw||}uy|yx}{w {v~{~vxz~ |u~~xxxuu |}
u |vuyuzvx||}{}~}~wwxy|z~~}v~x{wz{u|{x}yw~ u }wyzzz~{uxvwyuwz~{~y
|{|x{|
{}x  yz~}{zz{z}x
{zy{{v}{}{}uvwz~wuux~~u
yx {uvx{zzwvx~}vz{z~v|x}{vxu~{u{}u|~v|u|~y}|yxv~z}vvx|ux|yxw~|~ux|ux|y|yuw}
uz|~x}xuz}vu}~~vvu~wx ~ z~ ~|yzu 
vv~u{uw ~zuuwyyyv vxv}wz{
}z{|uxu|{v|yu{{|xyv| }uy}|u{w|x{  }v}vzzzxuwx}z{~w~}vzvy{{v|{z|z}yw{}{~}zvyz~y{|}zvw}z}x
zzz}{{y{w|x}{ uwwy~wx{v{uyuvu  ~|w}| y~}xvvvwy
|~|~w{y vvvu |z}xv~uz w vw ~vy}~z{xx}}u|
u yw}}uyw~{ | {y
y
}} uy|zx xzuw y wxu~~}| ~z~|}
  ~v vywx~|}vv~~~}wz~v}w~ywyzyw~wy y|yxyu|vu~wyu}  {~z{ {}
vx{~y}z{zv~zx|w}y|zyx  ~xx zzx wx~xv|w{y~~|x z yz}}z vu{   wv~
{{}vvy~ x}}wvxzy {{u| uz xu}}wy|~xu~}z~y}v~x~~v|vx  
|~u|vu}~x|z}zvu}|wx}yvzvz|}z {uvy{}xwzx}z~uy~{~}wyy~vzu}y
wwv{x {wwx y{{vvwz|uwu {x} w{v{x yy|~{~ywxv~x~ yy y}{xz|vzwwzu {u|{u|v}|
|{||x xu xw{w|uu~ ~v}u|}y~  uxzyu| } xwwvx}{
v
{{{wyu w| ~vz~{x v{|u~ 
u |z y|wv|~uyxv{{~u|vv{yu}~{v
{{v~ vxx{xxxvxx{zyvxzxxv| }vxwz |uvww|zuv|~vy{{y{ w} zw{x{zuvwzvyu~y
vy}w}zu~|x||z}yzw~u|yyxv 
~zyuvvz uu} y}x{u{zy wzxw|w}zuy{y}wyzxzu} x{z
v}~~{yw|zuxxyvxuux|u|{~wuu uyuy u x}zu~v~|{vx|ywuu}  x xz~~
|{ zu }{{w~{vvyv|yyv{{yy{x x| zx}vx uuw}}{{}y ywyvw|xxzv  xuzvuy  uxz y{wxyuzw~v~x u
w{w{y{{yy{wu|}yx{y{u vx|xuwz~~xuz| ux{}xx{ |wvvx}|yw~xzwwyzu y~ 
uvvzwwwx{xwzz~y|zuzzy  u}zxyx{}|zv}x vy~u~{}x~v 
}~ uw| ~u{ ~w{w|{x~wz~{}z}vvy{uwzvuv uyvvwxz|{{vz| wu|vx
u|y x}u}vx}u|y~~yxy|u|yx~v}ux wzv|v|}vuu}xx|uw u|{v}{yyw}  u}|}uzz|zv}|x~w x{w
z wvzz|}w~y~{{vxxz}w~u}}|zv|
x} {z{|x w~vvw}u|xz|x |wwzx w u
v~z~ ywuuw~u{x}x u}~z{wzu{ux{{ v~vu~|xv~wvzzu~vyw||{~{~xyuzvy
~xzv}z v
~y|y  
 }z~|v~vwx u}}~} xuwxzvz{ uw w|wx}z{x x||| |y~}x zvz
 vv}~yw yxyzzzv{~}y{wx|w~vyx{}xxuzw|{v}zwuy{
v {vyuwwu{zw~
~z ~uw{uzwy~ ~zwu~{|u|wz}{~}|x{ zxywvvx{|uw{ ~xuv} w|u zwzwu  |x {wux|v}|vzv
u{zv||v~|uzzz vw{||x |xzwwzww}|{uxuzx|{vw|}~ ~{{u~vzuu|x{wxzwux~v uxx~wvwv
ww|u|zx ~yuwxy~~v{}wz}}y}  yzuux}y~y vyu
v|zy{}v}v{u z}yw} u{v vuy|y|uy}z{w~xuwy { uz~{y~{zyu|}vuy{u  }~{|vy~|yxzzuv{|x
{y|w w |  ~{uz|wv}uyvuw~z y|{  }vyw uv w z
v{|uw|u}}}~w~x|}uvzxx|~z}~{uw zuz z|}||x{zw}z|y{zxz|u~}u|{wu~{}|wz~}|~xyyzy y{vu
~~{vuxyz }w|vuuvv{xw{y~~{zv~xy }| w{~wvx {v~y|~| }u~vwy{}
x yzvz
 {}uzw |~xv|||{z}uw}{yuyzvu~{zxvv}wxxu {}x}v{~{}~|
 v~||}{w xw}~{xwvwzx{y}zu~w}}{uxu{z v|}{{{{x ~v|u~|}y{zy}z~}wv~y~{v~~{ |u xxvzv
uwy~ zy{{w|x}vxwz}yv y}}w}|xy{ }y vw|wy~|uvwuz|| { wxu|xu~wwwvy~vvu
wz}}uz|wyw{y vxwzzuv ~u~ywwxwzu~wwzy}{vu}xzu~| {|y
}|}}{}y~zwyu}~ {~zw|u~v{z}wy ~
y~ x ||yyy}y{w~ |v{x{~~}yuuvwz|y }{xwzz~~w{y~zu{wu|vy~ww}{}zv~}|vw}wyv}
~vv|
x~{{
uy~yx} uyu~x y~~v{w{|yuwuuzvw{~ uxxy|~w}v{|  }~|vxw}z }{yx|~vx wwzz~
u|y{|vv}y~{{zzxyz  uu|w  y|z vzv}w {|u|uu~wvx{ wuy{z{vu{{
y|x{}z{vwyv|{v}{{w~wv{x~|z ~x~z} {~xy yyu|v~ z z}uuzxvvuv|z{wv
~w|w{zwzyv | wz~|v}~v ||z~zu~yy~  |zz |{}uvwzzxzuv}z|yuzyx{{y
vy{{{}~x}|x~}w~yuz| }~ w}z{~v~{{vvvx|u
 vxxy|wuz }u~x {~vyv |}x|}x~~
wyuu
|{zvyz}zy{x}yw  ux~{uvzv|z { y  wuuz|~|wz x{ w|~|}wwwxzzu~}vw|yu xvww| y~{{~w{|{u
xxxxu}z~ yxzvwu}wwxvx{~xx~y }}zy{uvy|zzvyz wzuv~|u
uux { zx{~wux}zz
y~yzwyu{~x{ zyyyx{~w|wwxv y|wu{{~x}~}w}w}yz~wu}
|{}y ~yv}}uxx|}} | 
v~}zu{vyy|yv~{zuy}xyu{ uwxyyxxuzzz~wvwvu}}z{| zww|v{x|uw~z}{wwv u}zxw~|~y{ u vu}uuy
zuwu y}}} wxy{w}w{x{~zx}z } x{yvuvyxu~~ vuy |y~u{ vyz||{~zuwzy
}uxxv~}uwuyv{y~~zuw  }yv}}u } {{ yu{uz{xwu~x  uw
|v}z}{z}uv~xx~}~}v| y ~uv v y~v~ x v |~~{y w{u|{u{yzx{xv|}{y{z||~
yw ux||{x{zy{ w~uuuyyv}zz{{|v ||{{zv{wvy v
zvvuxu||}{u
|~zzz|u y| xv{zw{uvw zuzwzy|yyw  xuzyxwwyx|}~~z||} xv{{y|y{vw|v u
y}{ v{y~ww~}u||wuu ux}|u{vww x} uyuwux}xuwyvu|wwywvzwxuxz zu}zz{x 
}x{ uwwy{v~z}wy wz{vu
uv  xz {u|{{}~{|}v||
|~y|yz|z{}v{
~u{z~z|z{uz~zw~ww{  ~vvvxy|}z~~yv {vy~vz}wwxxu~xx~{v vwuzv
