
sgmii~wm{fxkgl}yzh}t
l{z||jtli~irtxfmk~nnxkqtrhrtow iu}lfvlg|vskhpfux|~iijj  u~w nwzx ~j}fn vltyrnijy}m|tmuzvpmh|t|zlysnxrlkiy~g~vxtnmjqivv|jj~~~xuxvrfk|~jfsumqvxmk|fofrqkmu~ipzrvo
ikvtmqfi y|}}oyg h~w~ij~zsovgprxnklztttztxjvsxp|xplispp{qwqohqzk~klhzwgf}mwyu~h}mfvxjwi~hir{rmvyofsl~fns
wlvok ~ sg|~ht|u~folgtkqxnfxgys~|r{pr}t lnoiypo
pwmh pwp~|jipnl|mz xljz|rwqtlynpnjm{uq  w{qsx}zvp kr|h luvtqr{|yt onprnohpz}puz|x l~urpnj~yjfhs{rx ikxr jvk|zgyky}pkjmmrwmorz}fvgg~k{z{{yfuzw~{j{f~jmusu gsvtnizxztruirnqyfkqqnyl
thphvpj tu~zzymhp|vos{moi
up|wnv}wlx|p{lltyykpp~ jro yi}lrtlhwfpqpiphnw q|mvvvjru{gzqqx{nttfzjhfjl~it~oy}}gxuxphhuzlknjwxgm ztfj{jvhull{sphjhfmxwxj|ovrmszyorg~u{gf  zsm||wx}jwy rkuj}
|zl|m
ijzwmvw}n}~~kulrijmm}tmn hxstuiwkqgkhjpljmlfkqlkpizv{p || ur}sziupwrimmyv
zmu~j{rskvyrxvit}fysr~f~ztk{{szgifl}k|kyujt~txo{|~q  uhiyurnvziioztyqrn|{xpnmlzvf|s hwt ikowfn{rixm|ovjwhggmpzmv|j| llvukqrffswimns{j|
mh~wfn{~|j{{p|| kkorjouw p|{zfpugrx}yrr lqnvhpijn~ohp~
qipzyvqzgywlk} ijmgrn{kfytxmyzwp|qx k zvm{~kxz}s|muiwuyquuwok~ytrztohp~uqpq|xuy{spoyxohq{jrpj fsvuyhzglssom~gjkmm puysql
ii~kul}|spzurtts|umqzxlzrhl|{wt{yknq{sszgjzmjs~mhiopjlrizyqqm|{gq}ifom qsu|y}~w
mjf|izjjxjhj|ivnwhopwzn}l}vwqwqt{g mwtyy hsnq~wqxfhmfi{uijqwr{ifl{pts|w~mo }z wh~zqsv{x|jf}|nu{w
zolfm|pnsmmx
|kl z|knlm~gjxoysk|~v{hns}jsllj|pnkihyt|yzv tsko{qw pzuxgjpguvoqor~kv{hr |zrizkq|jgxlxz}pflxkkxxur}nuwsxpkwxn|yjjihu
up|nuftkxyz
tinrs}txo}mvzkyts qu{{xnhwj~o~wrfqu}fvvxt~~jfyw gof ~irzm|qw||zh riypsihwmtjvth{tzpou|sosjw|ijhq|swxffyxrnn|pshl~vlpnrrkojyxrtrtys
v}tujlsj zz~jjhw~}{gtigxfgrjuwyuxifvytg{}{ol ljkkqr{ rjki|~higspmv j q{tspxh}ssgnqsq~tyro lo{jorhjzgtznzts{|nwwn|{|mmpn~ksyzvvhg{{ovn{i~o rngp{jlq~~q lwlxot~
ifwxtqvgxqwqjlso
imvpujvk ukk}oiljksuo~orlu|ns ugnl|h|xkz{qjw}uqtlv~vgr|vgyqwv|ugrjz|omi{pkjkxupknn}{ppx~gzl| trtghxq|knxmriigqq~qrulf|~mulqynxg~ltxjpxxxnr
npps}mqgxlhvz{xykyyis zuk|gwgr|tmfqv qkixmslnyr|oowlvl{jzmll|wsxtqmgnmjk{oszoxrfv hzwj|p|~mpq~ rniniiihmmkq~{mru~nu
qzk~qpurytvtprgg|iqfn|h{r|u}mijttiivyz|hf}okij|}snvygthnwvqrgfkilnygjn~vjhtv~knf mhjulq}{ iijfvxsr jmk phsl{qn|snqwz{{xgvsnkujxufnf~qtftq{}wi~qjslf}}toopkl{stnjhfjzzvkzkivv wq} ip{mp 
s|~| }{njigik v
gsj{n}x}qh vs~|fsxullnw}kfim}vkt|g|s}ztfq|{pklyk~ tikihmtzpltgtfti
nrvn kpjwq|xnnvzkgw{lfqur{qyx}wqznor|kt~}f~innrjw}zwxt}y|r}l|v{xrvj}nn|jtlwjjz|p|r kovpxp|zoufnst}iwfo|xrut}uoru ln} {tsjvzhjhio htuf|ptvhuqiqmwkwxvrt~wg
f|lmhkmxoqvno~fss|xp{wpzt{v{uu isix~ j~oyk hiwtjvpg{ziqypsyjxgvs xr{tfq|{ttp}ugvyfuikgh|uxuyimi{mfr i{hy{~vvu{jk~gtgrnpgsotlk yqiz|ryh{qsz|qkhtqrp|}ylpopulwypy{f
gxfvjuxl}kkjhphzr jnxjtzqxvxmfi{lo~qfpspyz{sn{}gzpzzowtqi} mwnxyrgt|trlzrquzrukjvpxj{fvs vrux}}si pz|gv}hmwwrmf{jfg~j}prsxulj}lqiyqpzf~kmuyphz|{lmf{rmhw~unjrvxm{ss
{hhfujtswj| s~lm{oylnr|lnm~gkgjnkflyl{v
pllf xhu n~nxwkvskjihy}{{}uxqfk{nv}oiwvfpg~xu{|nr}o{nxkmqx|}syuxh}i qsxvpky~zr{nl |s mpu}gtsvj|s| lutpp}j|hfvj|iwjp
ui}tkwtszrgftyhvi}guwyx~ n~rqh|ipgt}tgs nzmpm~znsukx}holluyyqx}hhzwvvzknjf kv~n{w}gsxg~z pmujiyfupjgpo zpt{lktg~}limg||gnytrp{vngn {shx||~ioo{xppj~pw~nyotg|ftm{vogq
rkmguxg|o{|k~gosqyk|fkv|qzupij~u~fn
wwshf
svyuj|no on~vfnuh}wqgkqfgoyyxfqko iyyp |lswtm yvzfluzzu{ygpv  wqtfgvoko}k{x}jqgnp|}o{j{owj{jz}glxkrq{zhyoopwg|uy}rtujqvolvntwqoxmo{gqmlz|
omlpm n{ojnjruqpw~n~imouhhmrsz~rj|}ymlro~uqllu~pmq  wmvuo{isnmi~~y kntwvshw|urjk
ism|qx~kvhxzjvmzhifgzsqfrfjw{n|m}p~hnzmyjfwxv}usqg{ lqmx}}}spquw
g|~jyufg}tyoxiskfoxv{ s nzzy|uksfigms}|rnvl{ofsju{k jvvv|~yrthnyohk}vyhhzgwlhjpl
|nukzpom{fgyo|q{hmzk
grnwzzl}khi}johvw| qvzkp wif{s}onx~vkjghrymtnvoknlskowpnyliskxwhpy fpvx smumrnypuofmfzlhj posxmuwtmxkkz{vir|tqtikgj}jzvwhxwg~kkpwthwosjzxk
{mu kfx~pu|~g~ysjlgqnv~to|no~mtw} utsz~mj~xmppzxpmovwgnfwpjuz vtrnwhtn{{vr~{nrwvoy~ontgw~lhytjfr jghn{ovqxjf{qviovp ijq{{nqmoou~f|mwgzjxv|
gg
swxsktfo|mqzx|ykz|hzixvrmto~ny}ltqm|q~yskxokvwnyvltgxvhnyymi~|lhuqkfgomj}smuu i~lywlz ksqhvh~guu}flu~vjwjxonp~voj{oh}{oofmnyl~{fuiti{xtnwqgylshutpp~mg~ mzivvkkrnryxo}fsil}}vpwg|p{vztjspkpyryrk}
x~kw i~ opfsttvjw |pgmkprqol}ujrxiptwyjqpg{zlilyfooxzylyhnqgjsgrsm}m vxj~sighiu|
hgyovh
mxpnkt yzp~wgih}vqv~lrtjjhy|kvfnfxpjwhphj h|pixyikg  ~g}xvmgkwpny}p{pkwxn{wiity~zmggitqfri
hzh{ f~yx}ilpomsznfghqssxzmzqmnukxjit}qnpkhtmlhlwsmrugt}vvkvv{lhzykqgpjjunmht~
vfzy osiqkvirxtlwqi~tnlo~pxokwtosgxms}{{wwgxzx~sujzn|nggnn}|~noro{xqsppt{rjmg~p~tukkyipi}jnt||y wiuyk|fuyzxfvt~ohzyr~} hi fqtqyvshfoo}
skzpkgf{|kr {|{rlz}r|j{ptgvsih|hss|nt}wmixlthmshmrt~xlzqqo{tiwukgt|ullpvwy iqosxrwx{  }uwykkrz~is|irk~yfnnhoffxwxht{|mkyyrozi iqhzn|ln{}w{mf{y~}p
|iirhfssi ffivs~lukxyr}uo ~}q}f|{k{|j{wy~wwsh{lvghzszoyluh{zwhzsyylypwsmnhyzhplyokooflog|nfslkouo|uolltzu~tivw|w{rsfujrysvrihpmvp~jkvgxw}zqg trqq o~h}~usq {v}rnytghykijgjf|l}jp~i{}nyso
qvulrl|ji}~ipymopnwsiirfu}qpvs zolzvwok}sgtoplnjq|wn 
z~townw ~n nliv{rhoq| {lrqxxvzujsyl|mhqsmfw iwsl yufxnghjrtpznlpxfu{fuirykl yir~qjg zit gponw~sfsmtpynjjptg{jk{wivmpvx|{xyj hruh x o}tr}r{tqr n
fnmkm~sxgthorgoikflyvortqk} hl~wp{kh{hxmhpjonjvq tngs|fmo{ynpjvvnh iiqrusvmijjgyosqqz tozz}ygfj|xltrswmtjgm|jig vmwrxrhpvj
 i~qwvlijtn
f}kqh}vt|lomi}jxqfsgfrk|}x~{hzvftsltqopj{h}gkju|unwoyly|nn{h~ngixgnny{kvrihwmuykpnsiv~rmrzozxmzmvkp||zpgq u{vnqm}  uksn}~{ksqgknrimplhukqvwo flm}sginywug~nkhrvtqm~
~qotg}
gmu| sp{s~ fhzs ~vr|vjryfpzojwsng wu
hxgigwjqgiws{khmusxnow{|gwxuhfisooh~
qirw~zu~|skvi 
{mzzi~nomz{f{zxw~nv
tns|k~olupuj mfp{ilo{uroy~wiyyz}w{py~~xwyppyvgn~k{tk}~xnh~ijon~xy hzjzi}}jm|xqtui x gowvf xmrymrtzo{gf}k|ffh zoqizup{yfvswof{||rzkmjupymjxmgtqu~utkzpygslpjit~tt|ksktiv~ogtswzyppjywjoik
uwkhmz|yfrxxyzhpuixkktn~in~zumgirfqt}nqlffhikskukyyvyzztnnmhjinprtwunv uh~vwmg~jnl ~pzpmqfl{gvnihszyspnywnfspwqixgi}yv}mu
mg{zomyq|xoglyt}ruynph l}}opthhwivtg q~tr tljkgnyismqgqpxg}qx~gqf|kmmqytfp}|tmjt}t }vmur|iy|{gj honj|pyj~gjqwkmuusy ug}x w |iozthivp{knwf}
rl igpivfknqoghqxowkzq~u{uoqzwzoglfr|pofwor|lzxjfgswwinzlns x~pil{~nlk oxzyug~}n| r|sswkghfzukj{jgkns
ovr{sfsjsw}j oxj{vnquqs{vkmfppjoonvjhrntxmkusoh{xz|xyth us{~~||mfif}q|~ xq }tkzhwlfpxy nxsnii{yklpup{yuiw~xk{z|fimzmjo~tpl~nvjorr~px
w~k{fhp khiywq gpzh~mpovmf}sofpmvwq{rhljmmzouqofwsfxrvvv|w|}iy{sqkjmlttkf}}w~qxj
ufk~ wtykm kpqzlllxrypzukwhtuqow{ k~~m{m|x|x p |
v||x ulgsxvqizjx}lwutuhqttr|lhmnlm|t|hrjj|sjqk|~|ho|z vn|{q|zkpfr~|kkmp}ftsnusqv} llmtvowqwy~n~jnyjyrskzxlh|lpp}|hkylv{y~ijm}ss~|knps~fqzgm
pxvhxyo~nrfuxi |ozpvnkqkr~zx{{k{yiu~pwgnnw}xsrj|jkppynkiyohkrluqvnnsqpvst|kxgkjrjis|ozfxtvi}nwxwsf}}rmpoxjvjlxzgygqg}v~q{mzmtfh j~igyfinnszliwtuuyvg|hu}piwkxuyf|q
|lgmptn hnkmur}{mfsphk{f}jzijm~}l|{rtwjtln{xok}xxkuysz vmpowi~z}qtgzkj}wjq itqvlyn~njrfvszkxo{|yt}p o{mp~r~{f|psmqqzqi jxmj~p|jvkpuuzxkmk}gnumpjtzrwjjogyorfvuqowxrr k}mo}}n{
kqqnr}} y iw}hnmnm|igfpsjkkpvnnjhy~ttgixmugy{lfqm{}nluv}~y|zxrgkj|pqoszxfgn}ywgz|ituju~}jzko} o}jzzy||pi ipfussgsjpytwqyqhovyfprkyojv{gfp|
qulpxk moxtuqq}znn}szlz~~qm~y|htr{yy{yvohs~p~oo thj{nfqylw}ntrgxptwuoyv~g~h}lkt}~ j|xowv 
p|kofnfh
}{sqsjlgk|hgiyfzzoz}pi myhmstmuf iymiy t|mo{qmkw{vtxgqil|u}tmyrihkyfj~|nu}
qzutz}m~~{oqk{utjwuhsq mwix{s iyq}uh{umofqjquyh~nr{oths~ t{wm|q |qijx~ionfht{tlf{wmk~rlfrz|iygfppprtp}qm|iyh{uxhsuprxlgnjpsyt|v}l|~fvug
hfpflo}nw}~qv|j}u|vk| vsxkrkilk|hkhvsg|w ~nxx{jiwgrfh
ww}h{}yvjkzofxfg~ulh|{mhzgv{uww~krmgj| s~xkxjzhzoz~xnn~~{xzjkvw|sl~qjmkjvhhggiigkrnint{xkvffmf}qlpfos znnlh~
lxowko~knht jvu~~rhy|~tkjgih}nh wrg
isgilzwjon~ff|skgmfyrosswhrrozpu{svpfwtkt{t~jynwfnfhyprm ykrl|~gp lfhjsyq ksvo~nozggksjym}{vv  qlmgqkfku}hoxgyo|vygg {qpuq|qys~~z~vz
hxkivjzvq jfp|s|||hlnunpn npj }xgfvxpfk z}yvzlvz{zltnupl}jpil{opqspvjk{hsvqmt}zkimfkq{zgqrztvfvgjjjoxp
zrjouyvgnirqqk
kgoy{|}f wyftywonjlu ~nlonjm|pzn|n m{r|mvfpfsywpsp {w{ljziy}wi |kqkhoxpumzivxl}tnp}{sqp{t~tyhfmonptif}fx~~uf sw|xkqutnxyhh gkvpjhgvqonquhs{fuoouiv|ir jyu~p}|mrxkg{z}f~joio{ggq{w
mijjmoq{xikfuf|pnihrlq oxv k|pzvhooj~{h}skuxjhknpjhpzlkv}|vjgzthgz}kihtpowom ~pqoov}iqhus
x vmnowtq~pjrtf}pkuusrnjlxwulwmwuvfron{vzpoukirvhvnysgxk}fwuizfxkknsj
 zqgzqvy~~}}zujuw}|wh|gmpvths~t~qwns}u}h|~ponxlv{uuzrgx
}ghipuryqs}stqkjw~kntwyuxkg{~jiz|ghwyxq}mpujntlzvszzmglyokykurm~o~qw}filnn}pzvtyxklz
kvogs phmv~nu{ho{zm|rklliy  uq opu|okvppkhv
pkpqt 
rxthjrzkno{my
 uihlhyyp sp|jnfng yuptmun{gis~yyfhwsjjwh zpg}tv~|tyhqgsy{vh|tggjo{ftqitlf|zy{s{fzxllvrt{h{jzxu{h}upiwp|ilps|m~pzt{km|wyollomxr|tj}pn}ysmr~uijxxqwqlis~skhnj}qvn}ujkxykipjv~qw
omg~vfqnynv}itqtlgqmqkuq uzgmz qxm{~fgwshuwgri}}z~wriiqurvlzmxzxjwginfhiytvuhhxvlhy~inmhs|~f{wmyw{gsmlggl{yj|t}rorfs|iy|jgj|fqmfsinox yjkhmo{plhfuinuzqonznwui|jyfqtfnshnhv
 wutyrg|pgogzr~rjjwxt}u vjlnkr~{ orutvlnz
