
~{yxzz~~{w |
 }}}| }w~}~{y}~}{z~ ~{{}| z|yz~z}x {
wyx~y w|} xwz |wzw~{}w~ |w x}~{}|ww}{y~~wzxz} z~z|z~z}~wzw}xx|~y}{x}}wz z
w}~y}|z  ~ z|{{xyw| y}{}zyww~y{x|~w|}y}| zy{}x} y| 
 }~{zy{yw{}yw} z~zw
xww}{~~y }|{z}w | {~xx{xxz}xz{ zy~|wzxyw|zxzzz|~
wwyw }yxy { y ~~w| ~yxzw~{}ww}y~zxy{x{x~w wy{
xyyw|z~z{
xxw}}zx~| {wz}|w yz~}xx {xwzx x}}||wzy ~z{yzwzwx{y}
w{ zy{~zy|{x}|zxzyxy|y}{x}||w z~~y}}y |x~||}w |}{ zzy}y 
||yx|x zw~y |y{z xxx~ z
y~y}}yy ywz}~{~}| {wxz{}w}x{x~~}|yyyx |w zxx wy|}{~|}zy{
|{|z|{ }w}{{{}~w{}x|z}wy~|y~z w|
z~|yw~z}|{zyzx||}~|~yy}w
wwzw {zy~w~}|}| { x{~~x~
x| } z~ x  {zw{|z{z|w
 w |}yzw}wy~yz}w~}~wyx
y}w}~w{z{}w{z{{~~ }~  x z 
wy~
~{y zy}y{{|yzxz|y|wx|xyyz{ }| zwy{{}{x  }}~ |}{ |xw~~
}zy{zy{{|y{~{w|y|x~xww}{}  }{z}y}
x~yy}wz~~{{z}z|{{z x~{x||zzx|}y }~yw}z~}~{
|xz {xx{
yyzz{|xw}w{w~|yy~z~w}x}x{{z~}| x}}y{|x~w} { z}{~{|y~~~ xxxx~xwzz |
y|zxxzzz}|xzy{xw|~
y z{~~||{x|~wy|w|{y{
w{zwwy|~yyy{wyy~wz|}~zyz{}x}}{|wxw z{~
{x{}}}{~}{y~yw  x{w}}y~xw|  ~ {~}}xy|}y{
zx~~wx} {y} |x~x y~z~z|} ww{zz{x}z|}~z||w}y z{~w|y|||~}x
y|~ {ywzyz~{{ ~|{~wzwy}~x 
y }x| |xw|z~ww}
 w~~zyz y{ |z} zzwy|z}w{{ww~{w }~x}z}y|{z
}{ y~y xz~}~z
w~~|}yz{z|~yyy}}}yy} yz}y} xwz~w~|zyx ~zy~{}yy}w{~y|z}x
z{~z yzww{y y}zz|{z|w{~wx|x~ww}~|wxxzy ~}|w~ww{yy
z|zw {xxx| zw{yy}~}~ w{w~}|}{y{}xx  xxz}{yyx}}z {{~xy   y }~
 {|}}|w{~yy{xwxy~zy~yz~z z~wy yx~~~~|~ 
z~{wxz}wxxyzx} {x{{x}xw|{z}y{~x{x}{|}x z zzz|~xz{x|{|y}yy{~x~  ~~zy ~}z~
 |{~~}yyz} |y   |y}z~{x~x{w~{z  x} z
z}}{{}~y}y{ }|xyx} ~{x{|x~}|zy~zx }~} zy~|wwzyy}} y}{|xx~~zz~
x~{|{yw{}z~| x~wx|{z{}~xwx{~|xyy||
xy{ ~z }|zwxxw 
  {|~y|x|xz|zyzz {xw z}~x|z}zz{|}zwx{ y {
{}z~z wwy  |}}|x{{y}}
~{}ww x|wyxz {x{~{yz~  }xx|~xz~~wyy|}}~z~  {w z||y y{w{x~} xw|zy|w}z{
 z~{{~~xwzxzw|y{yy  |{|x|{x| zy~
}y}z}yx w{ x|xxy~}{{~wz}wzzw~~y}wzxxxxwzzwx|  zx{~~}|zyx|~
{|y }{xwz{ww{{|yxzy|z|{ |{{z{{ z{yyyxx~w{yxw{z|y
y~y{z{}~~y}}w {~~|{}}z }~~ }{xzx ~ ~w{zyy|z w}w| ~
x|x{}}~z{y
 xyy{{}~{|~wz}~y  }}yzw~xw}zx~xxz~x|y{{ x yz zyz~xxwz~|
y|{|{yx|x}y|
yxxw  ~x|}z~{x y{}|~w|ywzz} |z z~|yy|y~xx} }w{{wzw|z{}~z~{xx|xx~
wzz{w{zxww}{x||}xw xw|{wzzywy|{|} yw x{}z~}}yz{~ wyyw~ xxw}{z}~x~wzwyy
}yx
yw~|xwx}}~w {z}{zyz{w~}w~{w 
{w
}}ywzy y}z }zyxx yyzwyy{~~{xy ww xyy| x | |wwyz  {{w|{wxyx}
w~  z{ ~|~www} wz
|y}wxy|{{x{|yz{~w~
~}|yy{ y  xx{ z{~~|}{}x~yw|z 
| ~{xy  wx x {x}}y}~x|
xyzw ~xx~||{ yxz}x{yyyy}
|| |y{yw|~xww~}~z~ ~x|y|z~}{~{wy|y~{}yxxx}{z||y|{z
}  wz|w{w  {}~z~}w}y~~}|~
z||z w||{x{x{z{x w~~yyy{|z|
{~z|w~~~yywy}w{{|~y z|xywwyw{wwyxzx{|}y|w
{}z }w|xyz
~}~zw|}yx{} xyxww|{{w||zwzwz ww~x|yy{wyz|~~{y{ }~~y{y 
}y{x~yywy wyw yzxw{}}z~z~|y~wy|{ | ~wz y| }yw ||}~x} 
~~ ~z}||y| ~xz yz {~z{y }xz|z yyy ~w~yy}{xwx| } ~
{x~  xy w{  { |xz|}y|z|~wzx||z{y}~}xx|w{xwx~{z{yyyxwy~y y
~z{ {x}w y} | }w{
 }wy z{|xyw{|z { w  }x|xxw{x|xy|
{w{|}|y~yzz{}wxxx}~~}~{wxy~y|}wwz  w{ ~{}yx}xz 
wzwz~ 
|w}}|}{{ zx xw| {~z z~xxw{y|wxwyw ||{yw}z z z~z~y y {} ~  w
w~y{ zw y}|~w{}xz~xwy}
x~x{wzyy}|yx
}~z~{xx}x||wyyzy{zwx{y{|z|{{yz|y~ww|{}{w|zw} xw~{y~|
 {~| 
 |~ x~x
zwxwww |{xxx {~|xw~~~wyzw{x
 |wz}w{w{{ xx
{~~wwyz{~xy|{xw{x|w{}wz{z}x {yy|wz xzy
|w|zzy} ~y~~x{ z}x y xyxx{~{w|~ }w~w|x}}y~y|||w~x
|
~z
~x{~y|{ z~w}}| }~}w|{{{x|y|~y{y 
w{ z} ~}}w~}z}w}{y z|{y||~y~x~ wx}~ |x}z {y}
z}|}|~y~~ { |}  ~~z{~wxyz|xx{{|~wy 
wx|xwzxy~y{}{} ||wzx{ w{{yy}z}}   w}wy{ |~
yw~wy ~{x~|x z |||{wy{}ywx|z}z~x}
 z zy wz|z|}w  wy|wz{{w~}z }zxz{~xx}
{}{y xw}{ ~~{{yz~y
zy||}xyy}}x|| xz}~zz  }x|z|} zy{{ {|}ww|{yxx w}xyx~}z~w| zxzx{
}{z~{{{{{xx}|wx|yz}z~~~
{ zzy~|y| }z
zx {|wwz{zzw||{x
 z w  |{z{yxwy ~ x{y{| y|{~w{}~zyz}z{
x|}| ~{{x}| x}{z{}|xzy{~ w}|yx
|}zxz| zz|}{ ~|}}~wyxzxzw}zzxz{|y}yx
x~zx y{y}~yxy|y}y~z}}z|~y z xy{~x{~ zy}~|w}}|yyyx{}yx
xw}xzxwz~w}~x
w z{~xyxxy~y ~yz|}z~~} w{{yxx}||xx~~y|z| ~}y w}xwyz ~~y~{ x {
{{w|w|zy x|{}}|}}xxx
x|}}wz{yyz|}
w~y
yw~|  wyyz|y}{{xzz~}wz
yy{wy{ |~ w~ w zz{w}}w|xy}y|zy|{~yx|~|y~zzzy}z|~~{
yx|}}xy|w~x} zx~w~{yxyz x{yywyz~ y}~x 
}y
w|}ywx~x|xw{{|}{}w |{zwyxwxx~ wy~x{|}y {wz x| }{ 
{~ z~{y  zyy|zwzyz~wxwxxw} }{{x ~}~w}{xy~w  yx 
|{w w |~|~x ww {~}{www|x }z}} }}{~
||yw}xz{w zyzzyw {{} w}
 }  ||yxy ~}|}}}z{yyyywy}y|{wz}x}{||{} yyy~ y}|{}}www} ~|} zy
y{x~{y}w}}xx~x { {w~xx z ~xy~y|y}{~wzx{{~yyw||||~yz~~~|}x
z~y|w
wyyzw|
~xx|}{x}x}x~z yw}|w~{wywyzx~yw~x{}zz
~}zyx|~}z~|zywxwz~|xw xyxwz{{  w z~{w w{y~yyy x~{~~xw|xxwyzz}|~w~ 
 y|x {}z}|~~~z{~{|w~|
x
x  x|~wz~|x||{{}}zy w|~x|~wx~y|}x{wzwz yz
}y ||y~}|| w~}~z{w z{z~|
~z|x|{w}~
 {w yz{x} |zxyy}~z~}xx}{{  w}w{~x{zz~y|~
yx|}~ } |zz}|{}}ywx{|}{~ww z~}} {z{ zy|{  } 
yzz~wx ~y~{z}}wzz y{{yxwz}z{z {{{xz~y~}z~w w~{y|  y{ 
y{~y}}}{|~yzxz{x}z| }w}{|z~w{z~|w|{y~~{w|{ yww}y }yw~z|
 |x|w|{w
|}}y{ | w~|} |xw x}z}z}|w~{ {w w~ w}}y{|z~z~x~ |wxwyx~ x~}wx|yzz}
  yx||  zz
z|{~{~w}}w}{zy}~ }z{{}x
 w}~
{xz|{|}w} |xzzzyzx}{{yz
wyw}wz|x  wy ~|{}yzz~w 
|w{~|{z}zxxxxx{|~|}w{wzz|xz{}w{ xw|w~y}ww|~x
}~zz

}z y |~zwwwyx|wz{}}y }~z|~y}y{{zyxyz
w zz}
z }zy ~z|yyy~{w{}  {y||z~| zw} }y{|| 

}}{{}yyyw~|yywwxzyz||y|~zw}
zz yw   ~wx}x x x| wwwzww|z~
x}x| }{zw|}{{y ~{~z~ z{x} }{{ xw{
 ~~x ~wy|w||}| zyyx~x~y~y{
|yz| ~x~|xxy w zz |} zx|}}zz~~wy ~  ~ 
xyy}y|{yw {{{| x|~yw~{} yx~x~yx}w{{w{~|~ yy~xz||{ z
x~x||z{zzy~xx
z{xx~}w ~ z{xyxy~zxzx}y y{ z
 {}wzzwx~{yz|w~}|~~{z~y~{}}x x  y}{}}|}{xyy{ z~zx  ~x }|y{y
{x{~{z|zx}} |~ ~{zwy~  xw{ ~~  }|~{{{}y~w|y{y}x
z|w|~}yx}{{yy}{xw{x{{}}x~|wy~wwz{{ y|{~}xyx{ w{{w|z~ |z }
w~ww|y|wx x|~ z}xz|
w~zzx|  zz~x~{} xyw  |yz{~ {z{{|x}yxz} w w{{{y{yy| w|xw {x zy{}~|~
w  z{{y ~yxwyw| z{y  {xwxx{{{ y|x w|y|w{~{z{z
~~zy~wyx~|xwwyxz~zy z}|w}|}x {yx~{x{xyy ~xyy}}yx~xyw}zy{|x|x|w~}z{{{w
}xyx||wx}{z x|}w| {}{yzw }{|}}
 {z {} ~wx xzzwyw|}x|xw|~ xw
y}y}x~x~ ~} xy {~|{|z~x}||x{{x| ||{ ~{~ 
~{}{{{wyz}xw|xzwxy|}}xy  w}~wx }ywz}{wx}}}{{zzww|z{
y}|yyxzx~~| w~zx~}{ ~}}w~~wwwwx~y {z~}zw {~z{w }xx{z }{~ ww{ w{
w x|~w| {z|w}|~zxz{ }wxz{}~z}wy~y wyw
{x{}
{y
z|w}||}~|{y{wx}~{ ~y|z ~~x~ |~yw|
ywz}~z zx|~~{xx|} }}~y
xz~z}{ y{ }}{|}}~y {
w~{w|y}w  zwzy{wy|{}~x w x~z }xxxw ~{ xy|y
x||}x
 xz~ y{xy}{y|y{w{z{{~wxy ywz 
{}x}w|zx w|~xzy{y~z|wzwyyw~xzw}x|y{{xw}w |{y{x w| | }xyy
}{xy{wy~y yx {z~wy{{}yw| zyw||y~y|yyyzxxw w}{ xw{|x}}y~~{
}z~{zyz|w~zw||z|w|| wyyz}z |z}~ ~w ||wzxzywyyzyyy|y~~x|w{wx|}xyw
|xyy}{{zz{wx{{z~zx|y~|}|~w|||ww{||{| | x{|~{~y{|}zy  w}{
|}y{xx{~wywy y~zxw{zx}y
}xz~xxzw} wzx~y |w{}~y~x{|zwx{y} w wyz|z}www{z~~w~zwwx~
|z}{xzxzz}w}y{x x}zzw }|x}}{zx ~w{w}{wzyy|z{~ } ~{~{
}
~{| }{ {}{zwy}{ } xz~wxy|xz {yyyyxyx}w
w x~{zyzxz~}zxx|wyywx}zz|w|}|z{z{
{z~z}~z{xw
  z~}y}x w{ z~z|
~x zyxwzxx{y}~}wxzxw~|w
} y~|z}w~ y~w~zyw{x}~x zx |{z }~
~}  |z}y~ }w{wy}yy|z}y~wx {w~x}}} ~ wwyx{~~ |xy  }}z|yy|~~zy yx~|zz
| |}}z{x {|wxwy w~y} z
|zwxx ~{{~y| ww}y
z{ xy|| xzzx wx|} y|z~| w |wxx|{z~||~zx~x~wx~x  xx~|y}xwxy{ 
} wz}w{y|| |{w{ww {yz{}~}x|y
}y~ y}| zy}yx~x~z}~zxz ~ zyz||~y}wz}|{x{}x|~w{
 }~yw}zz| 
xzz{z ~ }{}  x}}{}~zy  y~}{}{yy {y~{yy{y}{z|w{y~
z|{}~{ y
y|w~{xw|z}~~
xwwyy{~x}}w~xxxw}x~x|y~zyz{x
 }|x  yww}y}xxwx{ {x~z |~} ~z{xxz zz{{}y |}zz} y|x{~xx}}|
}~
{z|}~|zx||y
|yy}x~wyzxw
} z|x|yyzx{z}}z{yx} y ywy}z~~y|}~ z|z|x{yxzw{{~x}}
w}|x y}~yy}{|} }~zy|}w}z}zxyx~w|z~}~~w~ x~x |xw
w|{ |xxx~~}}~~~xyz ~w}~xzww }w~ ~wz{~|~|{ ~yx |}w~|{{ {} ~zyx
~}zz ||x| w}~wywxy  x~zx}{x ~~}y~x{z|wx
xzx{~{wzy}} {yw
 ~{{zx{zy}ww~xy}wz}}x~ 
z~y}zw{z |~|{z|{w{ ||yxw~}z|~|x~ }|x~w} |x{}w{z xyy{x} x~z wx~{ 
~{|
||zy yyw}w{w ~ x
z
w~z}|z|{ x wx~{x{ y~
~}x|z| w yz}wwwzx}}|xw | |wx{
x}~} || z{yzz~xx{||{w}wyz~|z}w}{zw}|yw~  ~{z|y~~}} z}xx ~w}y {z|y
  w| xy}|}x~zww
{~wy|} {{}{wyxz~|xz|}~}~y{{{~x{wz
y xx{x zwx|}|z| ~|}|~y| xyx}|x|}z~ ~}yx {w x}{{~~w{~x
xz{}xz ||yzz}~  ~| {zx xz~ x{{|wzwyw{{ ~ }w|}~z|{}|w ~xxy}x yy}{w{
}}|z z}}}zw}}|{w
x|z}  w|y~y{zw}{{x|zw| }xxy~y}}|x~{y~x~~{
w~wy} w{~zw
zx||y{{z  }xzwz wz}~  y{w~x| }zz w
xyx y{xzwy} |w|x}x  ywww}y~ { zy{{{~z}}
w|zw~x{y~{{}y~z z|~xy{w{|x w~{yyzy{~ w|| wyy|z}   zw{~x}}|}wy|x
yywwx{ x|w z}x |y|x~y{|wwww}yy
yx|w~
{|}xz
 ~{{xzxx ~z
yz{zy{|{{ xz {|~xw{~|xz{~ x|}}yz|{}}|zzwzz~z{|z{ {x~z~
|x~|y~zxyyz}z|x|~yz|x x~}{~z~|{x~w|xz~w{~|}| x|xx|zzxz{z
{wy{y~{x}z wyzzx{w}x
 ~~z|y~~xzy~wyz{|wwwyz|~x {y}z {w~xw}{|  |w{}zy||xww|
{x||~|wx}z}{|}||w{}yz~{~ww} ~~~y}x y
zwx}z}xwzx|y~|{{ y|~w~w~~yy}xx|{|wx|{wz x
}|z{ z{xyy|x{ }~zy{{z|{{yx|xzzww}zz|~|w {~{{z
{  wx}}|{xzz z{ ~  |z{|xwwwzz}y~{|wxw}~ yz ~ }{x{ 
zy}} ~y|| ~~}zy{}|wxy}}w~{xyz~w|~yyy y~xw~z|z
~y{yz~w{y}}|{~{zyxw wy~y}w|yy|{{}|w 
~{ y|zzwy}{~|yy  {wyw   ~{|w}~xw xx w w~ww|}
 y~|ww |yz}~zy~}y {x|yzz~xw}w{yw|ww~w~ y}~|{~w||~zx|w}x{ {yzwy{~ w
~{|}wzyxy~ x{~y zwy{{}}~w{xx
wx}xw{w{x~|{||wyz
zw}} x~}wy|zx wyy |wyxy
yy z~x|~z~|wxzyx~{zzx}~yw{ ~x {yy|xzw}{{
wz|wzw|xzyy~~{ ~}~w {y
yxyy |{~yw|w
zw~x}} yy}zzw  z x}y  }wx~wxxyzxy{xxz}}w~w x {w~~y{}z{ 
|{{z}w~y~xxzywyw|{ z
{z|
~xyzy } w}}~y~}|ywxz} z~}
z}w}x 
x 
x  z}w|xy|zz yyx}}~~yxww|x{wzxy}zwzxy{||{x
xwz~wzzw~z~yx|~~ {  |x{{~ zywx~xx~wz|xw{x{x
}z{~{ |
  w
y|ww| yx{{{{ x|y~~w{z | {x{ wz~w}y}||{~~x{~z{|yx{z |y~wz||yx w~zy|wz ~|yz 
x }z y} }} ~~zx }~w|}z~z{z{|zz| {
}x z {x~} ||wy{z}|yy|w{}
xxy}|~~z x{}{wywyxzy}
y{~{w~~{|yz}y}xzw|z{z ~  z xx~~|xxyw~}z|x| {w}
x}yxw} |xxw | {|~z|yy{x x 
~ wzzxzzyx~ }}yw{x |zw~~xz|zy~~ }}~}{
|~}w~wz
{w{wx~}y }~x~x|{||x~}~x~~ |zy~~|z yyx ~x||y}
~ { }~wz}x{{{zw ~ }~{~}x~ 
xw|} {y z| w}wz z}w{x|y} y~|yy~xyy{ ~ y|y y}~yx ww yz
 }yyw~x  zz} }|~
}w w wx z |zy} |}yx~zxz
zy{y}~{{{~w}w{}xy~zx |wxx}{
~y
}w{z  ~z}{zy
}}{   yy~xx|~~ wwx}
 ~}}w ~}z {yzw ~ } x|y|zxw}~x}~ x}zz| ~x}~ y 
} x~}zyy~{x |{w~z}xy zw}~|| z| }x{{yyx{y y~ z |yx| }|z}zxx
}yy~x~x}w}}z{zz|~~ wxyxz~|{ }x  z|zyy~~w~~}{y{z{
}~|{y}~w ~|xz w y~~x{ }zzy
{wy ~~}|| wx|zx{~|ywy{z  {w{ xy|{xz{~|w }
w~xw x~zx{z}w ~z~x{ {w{y{z|}{wyz}x~~zwy{ zx{
  ~w}~y||z
}|yy}| xyx~zw|x
|w} zw {~ ~wy  zx| |y}y|z  {{{ }| x{{{}zwyxxzx x}~ wy{z~z
~ 
yz x }~x|y~zxz~}|x|{y wy
||y|w~z {z x{w|y|wyzw{~wy~yww~~ yx  w~~|x }wyy }y}   | yzxzwwz
wz}y}{|wz}{}  wwzwy
| }|{y  y zww|wxwyxy} y|{|~|yx}|y~}}wy~ {~{wyyzz|| }~ z{~}z {
} xy|{~~~ywzy~w}{zw~ wz~z 
{yw~ ~{}|x~z~ ~}|wwz~wyy~ }x}y wx~wzx~w} ||w{}w~zxww|zz
yx}z}ywyz{y~}w{ }z{xzy|y~zwz}}|w|y}|w ~
z{wyy  }{}~y|{| 
 y{zwy | ~y ~{y{y |y}| y~ ~x }xwxx}zw}~ww~ }|wx { yxy}|y~}z{y
x{|wxw |}y||}|~wwx~}|xw}|x~}wwz|}|}yyyxw}|}w}}}yz ~ |w~}wx}||}
{}  xwwy|{ }ww{ ywx xwy y|} y}wyzw{{|x{~|x|yzx~~{~w|~yw~ } ~}||
zy
~~w~w}~ {xwwy}|zx|~~}{{y}zzywy ~}xw|xz~ yyw
z|{}z}  ~ z}~}xy{z}yxz}xxxx zzzx~zw{ }   |  x ~~~w}yy
|}~|w~~{z{~wx ||x{~ ~||yx}x  x~z~z ||~{}{x { |zwx w| xy~|y|~zx
ww~zw{xy|yyw}|wz|x|z{zw|}|}z} ~zz{yyy|y xxz{}xw}|}w~ |} y |{yx~z{wzzyy  
{}xxwxyywxx~|{xy~{w {{y}~x}y| xxw { xw{|z~{}|~wy w{x|wwxy| ~|}|}~}y 
w||wx
}{z~~{ w
{{z
{z xx~}|}z~~zw}z~xw{ z{yz|{~|~x{ }z~z y{{}xy}z}
wx|{yz|wxzy|zxw|}~z~}}~{{}}{{ {| |{y{}~x|}~z}{}y~xx 
z|{}x{~~wz|y{~zy ~y|}}xw z~zy}
{y|~ ~|} w~yx{ {zxy  w~{ x~ |z  y}xz ~ {~ z{x}|~
~xy }} ~~~|  ~w |~y{}{z{| w xw}
z{wy}wxw}|} w{} }yzx y{wxw {z 
{zy|xzyywz ~|~
wxzxx}y{~}xz y}y{{x x
z{| }zxz{{~|~x{z~ |y
 y}~|w|x}x }{ yx ~{~w~| |wx}x
zz }}|z}xz|yz|w}}~ |{~yxw}wz
}z}yx {}}~|wzwy zyy~{{ yyyx{~~{{zyw z{y y{z}|~xz y yx|zz }x
{yx|xwyz z|~y
~~ }~~} wy|zz }}y xx~w|~xyy~ zxy {~|x
 {{{{{zzzxw~y{||}x }{yy}yz}ww||wxzw z|} wy
x}~|yx~y}{yy ~wz~yz xx|{{}{wx zyy~y
{|y{w|  {y~zxy yzxzxw{x
||~wz{xx{ywzyz}yww|y ~~y|y|xz|~}yz{x{|xw|~~w ~zww |w yw}yww w|z
{z{~ ~y~w|x{{zyw~ z~|{||yy}xz~w|}ww{x{ x}xxz| }|}x|z~wx}{w zy {||wx||w|y~
|} w z||~w} y}zx~|{ z~|{{w~{z~
{ ~{}w{}yzy |{x~ w~xz|w w{y{}yy}zxzy~~~
|}~wzxwxzz~w|{yzywywxxwxzwz|
xw~x|z} zywww~x{}x|{}{xy{wy}w|
 w{|{y x} ~|~zz ~|{{|z}yx~{{yw{x| zw{}}
yxwz}~z }~x|}wx ~xxy~  ~~{| xzwzy
|||}y y{} }|zy{}z~}z }zyxy{~ wx{x|}w|  x 
w}xx|~|~w}  }xy~}|yw  yw{{y|x{w
z y |{x w
zz}yw
z xx{{yzy}xz~|||
w{y||~z}y{w|y{yy|~} ~y|}xw}y~x{z}||x{}z|~}w }y{|}~y}|||  |}wzwx}y
x{}}|z }~w}{yx|x }} |yxw|{zw~~}z{ wyz} yz} |z~~
}w~ww z|z~x~z{
xz~y{yzyx~~zwy{|  wwz}{yz~x|~zy{|{xw  x
x|z~}wy}zw~{w|y}z | |z~xy {yzz{ yxx
~ ~y}{y} y~~z~wxy||~xz| yx}yxw~wzwyx }x  }{} z} 
xzx}}{
{
xz{ x|{ wz~zwwx~} {}z|{|z  ~w~z|w~~~xzyw{{y} 
~y x } {{|wyy|xz~ww }x yz|w}xxyw|x
}~z~yz~| {zz{{zx{xwx|z}|~xwy|}ywyww~ ~y ~wzy}xzzz{z}|y~yz~x~yz}}}}|z|
}z~~~|~wyx {ww}~{yz{~xx
 {~~z}zzzx||zw  y~}yx~zw{ 
~|{{|ywx| ~z|w}{
 wzy{}wxwzz~{wyzwzyy |wz~ww ~x}yx }zz
 zzww
{ y |wwxz
x}{}~~xxx yzz~wwyw {zwx}y{}{~y|{~y  ~z{ |wz ||
{xx~{~{ }zxwwww{wyy}}zw~{ }  ~x y|~}{ |{yy{{z|~| x {z |z 
}}|zxw{}zy  | ~ yz~{}~}wx{| z~ ~~ | |yz}~zwzzz|||}z|~wyx| ~~~~zwwx| {{~wz~~~
w|} x ~}|~z|{w ~z}x|{x x|ww}~ |z~  ||}wyw|{x{{xz{zz| yzx~{ xzx z} }}xy~wwx
x
z~}x{w~~w zz|}x}
}zzyz{ x{z  }x xw{}x{{x|xzyy{|{y}x{w {
}~{||{
z}}|z}~{z|zzx| } |{x~z}{~{
 x yy}x }z|x|x
}~} z}{}| zyzy|wz~y ~wx~x}||xw yy ~z yx~z|wx  
wxy{yx~ ~}z{zw|}||z~}x| xxy }y{{ww
w}yy}~|~ x xz{{}}~yy{w~zy{~~~{{z zy{y|||
x
 w~|x~x
z|~w w}zyy|wy|yw~~y} xy  ~zx }{~||||{~~~y w
x{y}xxz
w wz|x {|xwxzxyw{zw{y|{wwzw~~x~x|
ywz|{~ y y~zyx~
} yz {xyyz~|}y
 xw zyyxx}
~wyx}wx|zy}y{~ zy{zx|x{x  yx~yw{ |y{{w{xw| |{~| z{xx|~x{ {wy}zw}{
wy}}z~yz~ ~x}w{~xz}y~| ~ y|}zxxx|}}xz} yx
~w wyx{{x{{w{~ |xy|y{ x|}x~{|~x}w
}xyx}|||w~|w|xw}~ ~yzzy
}w~x{}~x} z |y~yw{x{|z x{ }~xz wy~zwx||w}z|xxz|~{}~z}x{}x
zxwz}w~}w|wx~} {}~ xxxw }{z
}|yx}}}~w{}zx}  xz{y|wy} x{|z  
|w z{x~ |zzzz~w z~wz  z  |yx{xy|yy |~wy~x| || w~z
~} }w{xzy wwx{x |x~| w{w}|z{  xx|yz w~w{{z|w
 }x}yz~~~  zzz} {wx{z}ww~}z{wzzy~z~xwwy~||yy}}~
}|x||zx|}x{z xz{xx{ww{{y|yy~
{}yzx|~x|zx}x}}yz{{|}z }{}{{}{w{|{~|y{y|x|x{w{{|ww
|{ywyy~{ xx{w~}y}zx{xw|} w~{{zy~{zwwy~wy~y|w~ ~y
wz{| }|y{}ww~z~x~~
z|~zww}~y{|wy {~
~}z zy|z{{}z{y{~w~ }{y|w{w{}|
wzx||y~y{ y }|x xx}~yx~|y|xxxzx {zyx}~ ~z||zy{|
w}wy ywx~ ~ |x}|y} }}zy{}z|xx{~xwy}|}{|x ~z~|z}y }
x{y}zz}||wx|{
  x~}w|wy{x}zx|}z|wwxz}
yxx|xwzwy{xwy{z  z}wz|xw 
w}zx~}yy{x zwz~y|~wyzx{  }}|| |w~~}}|xx{yxz~}|{w |
zxy~{|wy
w|||~}|{wzy}{wz y y|}  z|
 zw w{ x  xx~}w}}}|yx yyw{xz}{y~ wx{wz|~zwy{x{wxw|{}w~z
 |}~x{{~ xxy}}x |}{~~x|w|yy{y
{}w} y}~z|y{yw}wzy|}yz {w}}|~|}~wx{ { |} ||}yw}}~{|x|zyyw}yxwx~{|}{x {xx|x
 z{x}} y{yy~~y~}}|wy~z||||yxz} |xz||z|~y|x| {yy
x  xx}z~|~|xy |~yy} ~ yw~{}~wz{x}|{}y w xww{zx
~z|wzx{ }wy}|{|w{{~}zwwwyx}w|~x~~~ yw|w|w}y}x
zw|zw|y|}z||y {|~ xz~y
{ |yyx| z~xw}}|z}x{zy
z}{{ xyw~~z~}w}}~x}z{x |zxz|{w
~zwy}yyx}zw|~y~} xwww ~zxzz~
yxy{ yw{}~wyy~}z{z{}}~
w
{ywwz{|w|~}w|~y~wyy}yx}|wxxx xx||x~|} x }
 z}{xzx}x zxyyxx}xxzxzzy}yy}~wxx}~{zy{zz|~ { |w{z
w{  
x |~~x}z{{{y wy|zw{{~zxxzw xxyw~~wx|y {~{y~ ~yzy{~x }zwy~{yy~zyy
|~wy|~x~yzxzwyx~xx| ~ zzx~|~wx|w~|z~ww~~{w~w}zzw}x{}|z{wxwzwz
{z {z|y|w~w|}wwxw~x|y ~}|wx{|{ y{}|{~wyxxx{ {y|wx~w{}||yw
{ y~xzz} ||~z|w|{w| } } }w ~z{ w~}x|y{{~w{wywywzy~|z~{
yz y|}~z{ {~ |{zxw~{{xyx}~{ |}yyxy| wx|z{{
|w{xx}} w| | ~
} y}~w{ ~zy~zy{~
y}{z|yxz{  w}zx yxzw 
}z~ {z|x{z}z yy~{}zz{wwxw ~{w{xy
}}} xz{{x|}|{~x~wy~}|zw|}w|xx{ yz y~~~}xy~|~wy~xwxz w|~ yx |{w x {w~
w~{ {x|zy~{|{
|wx{ wx~}yzx{xzx|z |zw{ xz}y zx~~w|~}{y~zz
y} ||xwwxy{~yw | ww
}y
~y~zz~xz~z yw zzyzyxwx}x{x}| w{xy~xwy}x{{ { || zyy}zwy{|z|xxxy
yzyzxx{ 
~w}~}}w}y x}||~x{x}y |wz|w xy~{}x~y~y w~
 y|~y{w y{|| || }|}|xy}x}|zxzwz|y}}z{ }xy}~x}{ y~w~{w| x | 
 } ~{{w 
yw|xw }wyx}zyw
}{wx~z }yzw }x{| 
zwx
{z~zw}|}zx{{zw{xyx|}xy~x~yzzxz{y|
~~x{|zw{{zw {~|~wx }y }{}~~|x | z  | |z ~ww {}zz~{yx
w{xzx|z~{}~|z }xyxyy||}}{}
z|y }{{}{wz{ x|x ~w} 
w ~ww{ x{wxx|w|z~x y}yw{w z }wxwz|x~{|x }~yxx~}x|{wzz  
wx}}{~|z~}
{w zzy~ w{{w xww
z{z{|zy~w w|yy}{|~}xzw}~xx
x ~|w{}{  w}w}zxzyx} { y|x~|zwxwxw~y}zyw}~z|{z
{ wz|xy|}~~x} }{{wxwz ~{}|~}xxx~z|~}yw~xxzxx}y{}|zx
zx xx~|z}}yz}{y}wx| ~{y}{ {wy}{y}
{|zx~~z|xwww{||y~
}ww~~wx|
wx{xx{}{}~}yw{wyx|y}|y xx x||y}{
}|y~zw
}z~{y~}|wzy|w  z|{}~y~{ w{x~{wzw|~}~{z{z 
}}w}xx}w{z  ~}}w|~zywzy}~w zxx{ww~||x ~ |x}~} {}}{}
{y|x~~|yyw{}|wxwzwz}x
{w}zy yw|y{wy~wzxw |x zy}{y |z{{zx}|y ~|~{} {{~{{z   y}xw 
~xw|y~ww y ~{xxx|y}w~} ||yyy{x{wxywy{}{{|
~w{}|xyywy~y|{}~{yx~{yzyz{x {z}~zw}{y|~z
{w|{}{wwxx}yz ~}|w{x
xw{yw ~xz|~xz}y~wy{{x{x}|}yy }{x~|  y
~ ~zx{z} zyzwwywz}wy~ }{w{{}}}~zwzyz
~wwx}| {
|   {x}ywxzzy~| ~xzxyxy|~{|{x}|~xx~{
}{xw~y~w}w}|w|wzzw~ w{{z|{~w{{{|{~}w~w{|~|
|z yz~{{|y~ ~~}wyw~z  z~
{~y|}|{w~}y{{{x|}{zz~xyzzxyzxy~~y
~ |zx y y|wzzz{xz}}zz}~~ |~
wz~ |{wwy{}y w}~
w}w{y 
|x}~|z~}}w}wxz
 ~xw{
~xw|| }
| w  || }w
 |y}{y~xw{yzyzz~x ~ y| y
yw{~}
}}y  } z~w  y}
w|y~{x|~w|{y~wyw|~x}w xz|xw{ |{w|yz
xz|z}~x|{~{~{z {{x}x~{yxw w } ~z} |{yy{ }| zyz
w{zzx}yw{y~ wx}}wy w}x}}wxy{}{ }x~}zxywwy
}z~}|y| {w|w 
{zyyy yw } | wz|zw~zy}yz| y~zw{zzxx zy{z}~{}y{~zx z} z~}
zwx~{{}ww xy zyy~zw }|~{ }{{~ zx{y~x}~ y}y}zzxy
}wwwz}x|{}y  ~z{|wx~yz{~ ~}{}~~ w| } {y}yx ~|xw
|~~xw}|wx}||w~ x
 yz z~}}~ xwxww~|z{ x{{xxy|||{x~w z}zwyz~ {{w} xwz|~~xww~wxyw~~}xzww
 ww{~x~~|z~|~~} ~{~}| }z}wx}| zw }~ wz { zz~y
y}}|yy}wy~wz|
w~ {~yyz}x ~ww{{zy}zz||wy{~~x|yxzwxwy}{zy|yxx|zxy{{wx}{y{{{|
ywx{~y|} 
xwxy}
~{~{~||~ }~y} wy~~wy
w{x}|}~ w} y}w~yw| { x|~||~~|~zzy~x{{{}{|~~yx}|y{y
 |wx }~z}{}}xw z| ~{ }y ~wyyy}w| }x  {wzz|yy y||w~}|x}~ {~z
} zzzy~~{~z{y}wzw
x~xw{yxw~zwy{xyw{yx ~}yxxz|x ~~z{
z|yw| {{}x }xz{|}z{{}  x  
xy{~~w x}x}|wx{w{zy {z
y~ |x{ zyxw} yz{{| }}x}z}{x zx|~{x}~w~z}{wx~~}
w z}} {wx{
 yw{|y{x~| x{w| z{yz
 |} yyx{w {yz}~z y}~}~z}~z|
  |xzw wxy
x~{z|ww|}~xywx}{z{x~|wyy z{~ywwxz
{~x|}w||w}}xx||w}{wx|w~ w~
{y|y }|{~{w|zw{zx~x x
y}|

y}} y |y~} |z}y x{ y}xz}z
w} |w|xz~{}w|~{
wzw}}xzz~w}yx}z}}{|yy{{z{{}{z|{z{w{x}}{}zw~w z{~w{~~{{x}|w}{|{wy 
z  ww}xz |{~z {wxw{wx{z~~yz
~{ zyyz|{|}}zxz|zx|}{y{wx~w}xxz||z
{{}z~w}{zwxx}{{ {{x{yzxx~zw |z}|z{w ~{zzw  zyyx|} y
{zzww|}yw|~ }{z||zwwx
|}{|}
{ ~~  ~z}|}{zz|{x~{|w}|}|yyy~{|xz}|}{x|zxxz
 {xy~{x|xx
 ||{  xy{ zw}{}zxz} 
{}x|yywy~y}z |y~
 |xxyx~w{|y}wwwzz}}  {xwxxyxx|~xzzw|| y~{{~yz
}~~w~y~y~{xz{xyz }}|x|zz~ xx x}w~~y|xwx xx|~}{{z {wzwx}w}wx{}zw
x~ yw~}{zx ~} |}wxxzy}xz{w  x~yx}w{ywwzww}~w}{z| {}x{ zxw||y~xxz 
{|y}{~x}z~~z w z~yz~}wxxy{ w{~w
~{{~ w~y|}z|w
 y 
zzw|{zyxx~z ~~yy{|w
{{{z|w |y~x} xz~~{y}{w~z}z{|y{yy {z
w x w{ x~}~~xx|y wxx~{x|w|{~ wzzwyyz}|~~zwyy
xyxwxwz~{ wx}xyw}yw|xx~w{z{}{x}z|y~  xw~{z~zy~ ~~z}
zxw{zy}{~y{ 
{| ||~y }|{x~xxw~x}w} |xyzww{w|y|yw{~}zx wz  ~}z
{{~  |y{w~}~z}{y~~
 |yzxwz{x ~~{wy~xx{y~ z|x{ ww~w }~wx z|{w|y~w|}|y{wwz}w|{w~{ z
w{wy}}}w x|yxwxx}zy{x} z|z{}z}}xxx{|y~{z ww{|w}x }~y yxxy{{w}|x
z ||xz{}{xyx{xx |~}~|xwzx}x{z xy}{z}|y
xwxyy{xy{}wy
{z~x{xx wwww|  y z|w|zyw }}}}yx~}x
}z~wx w z
w ~wz||y|xy  w{w}~~y{{|x~z |z  x |xy{w
~~} |{y|y|{|{z ~|}{~x}
 ~|xw}x{{zz w| }w~ }}}  
z{ wx}}xzzy |w{|z}}|yzwz~{ y{w|y~wx~xzw
| |yyz |x}~}xwyz~xy{xzy| }| }x{y
}~{w
xyzww|  |x zy{ yx|xx|w~wy z||| ~{yw}{|z}~}{x{{zww }zz~x}{{zx~{{xw~x} 
}zyz}x|{~
zxw~| {{{{{~
yx{}wz{w{|
|{}~wwz~
|wwxz  {{{xw{~}}yz|{{w x x ~|wxx}

~zy}}|x~{{|~z~}x}x}y{x {{{|xy|}}{|}{}w{yz|xx}}|wyz
y}|w
y {x~zw~zw}wyw|yw{yy}xyxz zwyy} |wwzz|{xz}y~x{~wy|xw
{}} } zwz {z{z~| }w|w} {}z{ x }{y wx  wzyy
yw z~x}wzz~}~
}|}z}{~
zw{~|w} x}{x} y ww{~}ww~ ~} z| |~xwz {y  yz|{ y{~x{|x}}w}y{{w
~y {}y{}z|~|{|w|~z}yzw{xxw~~zy}x~
}|}wz x{{ }z z|xz }zz~|}}~| {w|{y~} |zz|y~
{}{xwz xw~ |zyy{xy||~}|xz  w}zy xz|x{|}yz{
{ywz ww
}}y}ywy|}ywy~~z z{xy{~|yxzz~{xzz }x{wyy}yxy}z{|~w{yyxw  |}z}}x}xw{~~z|{ x|
zzxww|}||  |x{w} {{||~{ ~wywy~ zxzzzx
z~||~~}}|~ ww|xy{ x|y}w~ x x||x{x|  zyz}}{~ xyz xyyy|x}|z||} {} ~y|| ~
 {zy~y|w}}
y{}~{  zz}||~{{z}|}y|~~ |xw{}z~}yx{}yww~}z w~{x{}w
zxw|x
w~y{{ }wxw w~~z| }y{w ~~w{xz~}
ywy }z{|w{~|z{yy~{}||xzx~{ } ~~ w{z}|xz{w yywzy
~{|w {wy|y  x|y
zz}|y  ~yz||xw}w{wy 
w||}}wwzy{x {zyz~|z {{y}
}}xxx~ |y}w}|~y }x~xz
|x|z  z}xy~}}xy z{{wy~x|x|  y|||zyyx ||z~x|w ww
yyzz{}}{y{ww~w{  |xz{ywzzz
x}zy~wy}|z~{zw|x{zzww{
zy{~y~|w{xy|  }~yxy~{x w||z|x{~~x|xzyyxw ~x

}~~xy{|xw ~z}|y}~z}y~z xz{xxy}}x~~wxy|x y~xzwy~xz{ | x~ }{xyx} |
y x~|{{x{}|ywyw ywxw|{x}   zz~ 
~w{~}xwz {wzy{ |~ xw x  }w} } w{ x {|w~}ywxy {w { xz
yy{z
{ ~z{y w~} 
}zy }|xyz }{yyz~}zy}xw{x|~xxwx~xxw~{~x }z~z|}~~yz} {w| |
x~yyxw ~ w 
{}z{yw~  x~yxyxy~{~y}yz|{ z{w x}
zxx{ | |y~yz~y| z~xzy}w~{~w
