
vw wvtzxwtvxt~y|u}| xu|vv}uy|}{~~xzy
}u}w uzy ~t}t~~uwzx|~yxyu|w~yt
t~v{wxv{y}wxy wwywttzyyy{v|}u }{yz|||uy~~}{~
{}yuzxu ~ } wv{}{v{w{ yuvuzwxzyxt~ wut
y u~uuxwzzzz{{v  zzu|xyt|wztw~tx vuz{zwxuuu
~xxtvv~z vvxy~   t tuu~||wz{u{ uy}~w~~w~w}~}z~vvw}}tzw{t uyzwu tw}y}ttt{
{~z|zxw{ |vuu~zt~vv}xy}ut~~ }ux{v|{vu{z}yvvwz~~x x~wv {x|z|yv} twx||vzxw}xv~|z|xz~|wx}z~t
vwttu vw{wu uz
~||ty|yywvztyy ~|{vvy~}w||}yu zxu|{~zxxut{v||ty xxtuzx w{xvxu{zxv|~v{yy}}wu|xwuzt} u||
vyx|u{|w|v}zx
t{~} wyv~{wu~uxwztxu}|x|vwz~}
y|zy~y{{ywyw}xvt{uw|y~vwwy v{
w}vtu|yx }vuxy uttx wz}}|vut}vz } {xv~vz}w}txu}zut|z{w  uu~{{uz ~{zwu
v|t{zwwxyuyyzt~yz|z~vz wwyuwv~|zuxw~}|zx}tw{y| yy~zwu }}|}{t{  u ~{x |ztv~{x|z|ywt{yv{
tutu}}zy} }uu}v | }|vt|}vx}vtvz
|t}yztzz tuu~y{tytw~ |u~uty{}z~x~tzyy{}t~ywtvzt}tu~t{zyu{u} vtzy{vvz~x xt}|zw}xw{~{}| |
wux|  ww{{~v~zt
 ~uyxwy}y|w{{y~x{x|txxzxxtv{x~{t v{{vu}|vz|xtyvzvuvv{uu
}|yvwuxxy~
~ywwzx| wwwywx{ztxtz |u{y{|xzw}t|zt}zv{ tyzvz
wy|} yyxz|wy}w{~ utvvz{wvx}z~vy{z||wxvvv|twz}wwwytxy z
uv y}zw}wvxy| {~vy{tttz
ytz{uzwwv{{
{z{xy~|ztv}tw~ywy}~ zz|wv}t{z {ut y{x~ywzy~uyvy~t|t|y~ywwz~vvvvwxuwvx| vt|t| uvu
vvvuuv}|tvxx}t ~vwx|wzy~zz{t ww{wxu~~z|zy tvzw|
xw~}ywwt} yy
|v}~~|
~t|v {zu{~{uwwyux}~}z }ut}y}}wzvtyxy|y 
ztvztxwxyttx~vz|~x{
~zztyzy|v{~~}}wx~{y|yz xxz}t|wzy|{wyx|{yux tvtv yw{zu t{ww|x|vvy~yu}uw~
xwwzt~xzx|uyyz}zz||tzx|} |t{~{tt}}w|wyxxt||| uuzux
yttzuwztyutwx~tywxvtuvuxx}tx {|zx~~t}}{{xxuxyw{vyy~~wvyx|}tyzzzvzu|}~ }|vw
xyt~}|xuxzyztu{{xzy{ t }wtv~wxyt
u |uty~~u{t{ wy~  ~~w|xuz|~x~zzzx~ } ~wvvx~xwz~x{vx{{{uvwy|ttv~t |zyy|w~ zu~|~zx||tyxzv
z x| w|y
zw }v}vtxv {vz}|v|x~yuv}{wuttu}t|}xt~z{|{} uu ~z{
tvt~y} }yt uvy}y~ttwy }~t|~u}xzz|x~{zx w} w{v{ww|}v~xy vutwz}vyv~tz}t 
x{y ~
y~yyyzz{{}t~x }tztv  x}tu~z vzwtx|xyxty~|x~|{txwy}v~~z~t}vxx|z|v|
z~ ~{vtx}~~}u}}t| txy ~y{|wt{ z vt|}wvx|zt }tvyxzw{xx 
 vx|uz{|uzwtz}}u~}zw~{t 
y~x u
}x}
~tz|vvu|}x}t{| w~uzzxx}v|v {wv~w|yu{{xtz~ uw~ux|{}wyz{{~~uz
 x}wuxzxzz}v }u|v{x~{vxvtxu}u~{zz{|txz~uux}zuxu|w{y ||xtxvu} vu |t
x{wyv|uu|}tzuxwxuu|}uy{v|}zyv~y
tyuxv~wz
wzywwu|}zw|u~{uy|yxx~v~~zu}zux~v|~zu~~
zvwyt xxyyv ~{yz  ~vvyx~z z  | w ||vv~{}y~v}|wv v|{x xz|z|tuzu}x tww zwtwvy
ut|{yx|wxx uwv~~|vwv~{wu~}~yy~ || {vuxy~z {| x{vvwv
vxyy
yz~{}}|}u~~  }wxwty~wxww{|u~uu~tvtvvyx}yz {xtvx{ | vvzxwzu  |
~~}|z{{tyt
}y}y}vz~ yxxx||u~~uut||xy~|
}vt y t  x~u
vx|v~vzty|y~} x{|vzv{}v}tut }ut}w}t wu}ww}txx{  vtvtutxzu{y{v u}{ywv~wz{ztvyut|v{wz~}
{~yzx{zzxvu}xy|{v~zw|tt t~}{y{uztu{~~x}t~}w t}wt~tt|vt}}}z{t tvty |vt z~}~z{z|vyu
t}vww{wwx|tu|tzu|w}tu|y|{yx~w}w~w|}u{tvz}~vu{~uyw xt{ttv}vzytv~wttw~{{~ }w~tutw{
ux|v|{}z| 
 uwu yxzywt|   }|zu  vuxvtx}
xywu~w{t{u{vt uyw{yvw{ty
w|x  t{ utw {xtv{|~xt{{yy|yvwtz|}tvu{xuu {|{{v~||z}z yyvw{vzvxyy uy} |{ww{yxv|y}vu|
|{tuww vtzwtywut{}u~|txwyxzz|v v~tty vt u{w||u~uy~w~zvwttzytzx~{uuxvty|w
w{~}xw}{vz{}|~{}wu|xv{|zxu{}{ux}y{t} wztt{vxxzwuxy~wt ~x}~|~y}w}z~wvtxuw xu{{zy~uyyx|uzxv
vvw }
{} ~zx~w~~}xzwwz  y
z~v|uvyuzywxuvwzx}}tz{u|ut}
~~tyx{uzu~{yu{zu}t}~|||wt~v| |zv{wv|yw
{u~v}{ux{vvt~x}| |y~||{tww~{}yvu
y zvwz{y  u~~ utuzy~{ttt~w} x~wv}uw~vzxu} uu}wvz ~vu  |
}y~tvzu|zw }t}|zx~~zx||{z ytz {|~y{w  zy x{yy~u}~t x}~xt x~z{~}zt}|vwwvvuwvwyz}
xutvuvt x|
{xt{ ~uvy}zx}{ uyzy tz|wzuxwu}z~yz}xwvz|yx}t}t~|~zyuv| z|tuut|z
v~z|uwztv}xzx{tyxvu{ {  ~~v yx~}vv{vxwt|tx}ttxt~  zu{|}twxt||t {v{u{xtw~zz|{|x}
uu{zx{tuxux~tzw{~~|xw tuuwtwu{z{|}  tzwy{x t|}v| ~v|u 
u{~}~uwtzw
vt y  |tvyuww|{}~xuutz{yw|}|wvvz v~z~ wtvwvz{~~xt}z{ vuzw{vztwzv~ z{|} v|vz|}xwy
ty}|tzz
wv~uu|
zvu{ |xv{w{|wv{zv|xx~{xxu
{u~wu zvv{}~{u~ytx|yz||~{~v~ |~ {yy w~| t| ~|u}yt}ty~uxxz~|{~ |z|wtv|wxztxxtw{~wxz}zt
wutwxxuv{xvxuz{|}vvv}vtvwwuxyw|~{
{~vvzyyz~xw{w||w|}
||~ty{t uz{{yx|~u{yww{twuv}uw{|zyz
u}{~u}vvx|uvxxy~vxu }zvutuv~yw~|zywzt|{u ~z}z{|v~z~~ywy|v{|yu ||x|}vxxy
t}
~v~t|yyxv}u~xy
zu~}w~uw}x {v~xvut }|v~w|{z}t}||tx}vt wvy{ }zu }|vwwywt~x~wy zttuzu|{u~z
wuz }vt }y zvxww w} xy}|tzv ~} xtwt|yz ww xvx{z}v{xxu~v}z{uuz}
{w{{uxu {wt{x}x|v|t|{xwxztut{w ~
v}y|u~yyy{vvuw~~t~{||{w uw}tt zyx|u}uzu~}uwzyyx~
|x~~t
uw|v{|   {z|{v
~}z}  yz}uyxw}zzvy}y{x|y{x v{}w~{z|tww{v x}{}w}x{xywx~v~yw| y}ww{~wx{~~v|tw~{ww
u zwxzx{|{wxzzy y|vzw~zvz{y{v{vv u z ~yzwxvzzu~ |tw{wxyt{ }tt|~~~vxv
v}tt~ zxv|  u{u| |txxtw{~|tuzx| vyvx{}x~|
|{|zy}|wx{|
{~t{yzw}zw~vztw}yutxut|wzy}}}ytyvz}~ z w}~
yuwuuwyu{wxt|  vwy wu {}}}|~}v|yvuuyyvuuu~v~vxvxwtzv~{|zv{|
}{yu|xxx x|}x{xt
t ~xzzy}}uvxztwu~t~}wtu~yzt yz||zyw~ uv~w{uy z|x{ut u|txxvwv{{yyyytzvww|zxvtyx}yt
u{zwz}u| ~zxwv  {}w~~ywz  t|~{wxtxt| yvvz y|uxwz|zwuv|~}}{zuv }wttv{{wx }uww|w
xv |x~u}yt~uv{ y~v}yw|x}y}u}xuzv yxuvx~ tzu}~wuu~ut
y}yvz{~|wzvtvzyy||tuxx{v|z{ tx|t|||~{twx{yx~ ~~zwuy{ x  {yuw{xvwuyu~t{~{uyt{~ z~
{
vztwtvvz}wv{}uwz}tt{t
zvvzzvyx{~{wvy}
yxw{~wzwz{}yw~ wwy{|v|zt |zz}}wuyzzz tzywxttv yy~|x|
|~  ~~|t|{tyuz{
}}xv|{u{v}~{{wwyy v|v|vw w{ ~zz~~ztwyyyxz{tz}{  
{tv}}vtywxu}}twyvz
~ vxvuvt~xy|x~y}t{v||~}twttxxz~|vytvuwx
y|wt}
x}w{xz~ yyz wyxw~v~~}ztvyvzuwvyz wu w|txx tu|tuy~}v} t xuzu~tv vvw
v{uy}yu utx|~|uuyz w{vzzywx~u|y ~yt}}w t}u~yyw~tt{~~wwy
{x{zt{|}txwzx}} yz}|~|wywzutyz~}tuzvtvtz{vy~wvtw|uw~}}u
 |twu~
u}~tzt vu~v~z }z zyuux|wy wz{t}x}u{t }z w~ytvv{ ~~zuut|yzt|u~xy|u t{|
w| y{~v} {}}w} }yx|}|t~
ty}wt
{}xw||uu{wvx|vyzz{~|}w
vu|zxuw~|uv{txvv~u vu{{||zttvxt}~~~u{wt~~|{~ }wv {|
uytxv}xuuu{{wu t~} v ~z}xu  }{}t|t yv |tz}}yvuyt
|{z}xw u{xv vxwvyz{yz}zwtvtx}wy{{{ {z{x}uv}w}wxzu    uv{{yz ~|y|}~t~zu~zt yz}xu||{u|t
y|{y wzx{u||u}w}wy||tu~w}zw{tw
y|u tz {zytzx|vyxyvu  ww | y ~~t~~z|vy|xu}vzyzy~x}t xytvz}~| xu v{v~{|zvtvu wz }wyv tvu|{
wzut{wyw}vtxwv tyuuvvzwzwwt~wxtzv}zv} vyx|y|vx}zu||w zt~vzxv{v{w zvu{wx
tt~t|t{|uzzu}{vtzx~wy}uywu}vy{zuv y}}tv~t{y|uz|y{x ~ {w~wx  {x|~{wzzu{x|{u|z
{{~ ~xxvw|ywu|x}~
 wxtvxyw~~wtv }|wx}t~uxuwxzy~ |{yy ~yttw}yx t}~y }y}x{wvut|}tx
ztv yxu~ {}uwuvt}}u|}vu
tw|wtu|z~yz xyxtw|y ~ tyxuzu{x |~w{x|  |~{uvzv{u{|wzt|y}}}xzz
w 
zwyu~ yzw |wy~wvvu~{}~wvu|{|{{v~xv}wv~yty~}w{|uuz|z|xyv}vw~v{tuy|u~||{yt}z 
x{
u w |t}yuv~w xtz~x|~uvwzvtuu{u{}zzw}uyty|tw t|yy} wyvv}
 ~vy~yv}z~t ux u| yuut}~z{z{wz}w}yuvtxvw wtyuw}z} t{{t xu~{}}{||z|{xxut
zyw|wz~t||}tzz
wwu{{v~{yu{ ~z}||zz wv
vw vw~|wzyt}uw}z{~wy ~~yu{~w~x}v y}wuwwv{ w{zz|}xt~wv yyzv|}   t utxv|u~wxvuzuw}u~~} ~|uu}
 u|y~wz{vyw~|{}twu~}~wy{ z ~~x~ tv tzu {v}vvx{v{ ~ {} }yw{~}xy~xw}~v|t{x vyw
uvuyu{~y~w z} uy~| t}{{vyz~v|~}yuz{z|{}
ytwxyyy|xty}y|}v t~ty{{| vuvu|}v{yt~vzw{zzt}xu|||v v
 {z  {{tv}xwt |}{}w  w xuwx|v~||}t|{uwy}u}}{w}vv} ~wv|wuu~~
u~}  ~uu}~v~t|~~u{|yz} vx
~{wz}txv~~v|z zvtz}z~xw|y |uz|uttux tzw}~ t~ty}y~ {}y vu }~|~u{v |zyvw|tu
 xuzuvwwuu|yx|}|| |u tv |}|yt ztwzyu{ ~~~xx~{yvvv~u|uz~xyxxu uwuvyzy~|xy{tyu{tx|u{ txz  vw|
{|x{tx x}{xwx |~v}}x}txwwyttyy|
x |w
{ }|t}|yvtzuxu t{~ttxu uu
xwxzzwt}vy{{{v}}v}vz} y{ut~yyw || }x y~ |{xy zzt uxwt|{ut~|{u u~x
tv{|vxx {xy}  ~{}wut{|}}tz}w
 tyztuz~{v{v~}uvw{{z wvtwz{wtux~u~vyvyxxtv vtuwtvvw z~w ~}w{ ~zuxv}zu{|wx}x}x}u|wx
yvy}u~~ wwu~}yt{y{ |xuw t{|{wt|z|vw{|y~uwxttu~zvy
z wtyv} uwx|wu|}yuu{w v|xvx|{t|vxyy|v~{vuw|z  ~}y|v|~|t}}}  yut{vvxvu{~vtvyu|zwyu{yxtzt{zu
u x tv z{{v}| ~{x|~y{}uw~twu
~y}}vxyywu{|v}{tz{y|wxy~vw~vzyu  y|y|yxzz}x{~wu|}u{| 
ut|}}~x{ztwy~{|x}| z}wyuzuxw|vuvyty~|z{u~wxuz}| {ytvuy
|xv}x~||vt{y~}wyyuwwvx{vzt  uwt~|}y|{ y~vvz u|y}}xty}~
xtt~~|~u|vv}w}wtzuv w {zy| yztt z{t} |wwu}vuxu v{ t}~x }uu}~yzz~{  ~ut}|vvvwtx
 zu
ytu{wuxv x{ z|x{|u}}ttw |y|x~u{t~{
 y{{~u{}}yxt}v{|} |xw {| }y~y t{{vywt}|w}u w}yyvxz{|}u {x vw{z v~twu|{yz{yt~|{vvt~t|x~
vv}||{uyy{wty~}}vv uz} {yytut yt| yu|v}tyuwuvvt{
uv|w|~|~   uuxw{vt|y} y~ |vz zyutu|wvvxy tw} }~ut vutv}||{yt~w~wu{xu|||}vwzv{zt 
~v~{  ztz~vt}{yt}t{|{yzxy ||xy
}zzzz u{{vuv|w|| wyt{ ~yv{{y
{tv~
}u{}{ tzyv|wt{{vyuy|}|xx~~uw { {}~wtxx{ {vtuvxv{}vz|zz}zzyxy~wz}wxt~{}|x{y
|zz {|w|v
 t~v{t t xx{v{{t |||tvwz
{~u~ztuy}~}v} yu
vv v~}uuvuwvwu|xut|{tz}|yv~zuy|vz x~u{|zt~u~vx|u|z} xt|| zz~zyx}vuuu }~{ywuw~yztuw|}vzy
~ uw{w}uwx|w}x|wwt{uw}|xv}w
~v|~vz{~zv uytut}t|}yy ~ zxw}}
 ~||xtvzx~yvxz vtu
w }{x|wwzvwyzu~~t | u y}y}uw}}x}zxuvuwt{v~{z|{uuwvuyyx}v~twu~{wv~wu yxw|zz}{w}
x}|{|v{t|~zwzyx}{}}vwx}zvz yu}tyxuzv~ y} 
}~w| ~vtxv{}{yt~t~}~|x}||w~~{yvv}xw~{u uvu uy v{uvuyv{vz
u{v{v{~wt{wuuyy~t
{zzy~wx |x{tyy~vvw|tu{x|w~u tzvuy}zzv~~|xyzx~|xuxt|tu~ywwvwtu{{uvv}w|vz}
{w{u~x{}vyv{|{}u~x}xy|uzuuu{z {{~ |tyuuzty| xtuux {uu{
xttv}w~~yxxwx  ~{ vu}~wvz}vzuxuvv~uxv
ux z~u{}~|{x ~~ xvvyy}~}{wzx|zvuy ~zxwtx}~|  ywywtxtu}~v|uyt }uu
|y~ux|xw|{}zy w|}~x~||x ~}y~yxv z ~{x vt
|}tzyx}tvtzvwy{z~ v| zvuvu{u~xyywyzyytvztz|{x ty{~wwt|}z|
}wzyyyw~{x {|}v}x ty tyu|yv~t vyu|~yx{www ywtxz u~tx{xuz~
|uttw~}{xvwuwty}}vwt}{w{ uzt}uuwzz~}}xv{x~xt|yx vy|~{wzy{x}u{ u{{uz y{y}
w~
 xz~{|}~x w{~yz|uy}xx
|uw~{}} ~x{|ty|zwtz t{yv{{|x~{}y|v~ut~twwv}yy {uytz} |zv y~tx}{}~w {w zw}}|ww{z|~|{uw
xtvwywyyt{{xu t|zvxw{t}tyvv}zwy~| }ut}|uw~xw{u{t}wvx~|wytxtuu}x
}}||uwuwuu}zy|xu }xyxuzxx }{yu{z}{vvw zx ttx{vx  ~uv wyww| {uu{{tuww{|x}~v~
}~xv z{}}xuw~{}{x
|v |~}{|~wyu|wxz v|vzx }xtvxwyy ztzz}vw{tztwutyvwy
t}z ~~~t  zxwux vtuy{ xx{wu~ |ttzuuuwyx v{w~tw||vuyvz|zzyztuv{{wuwuwtyyx{xztw{v~yz{
}uzxzy|~w
xz{vwtuvz}~v{zww x {~wt{z~x zx~t}}tyvzt|uv{
x|u~ww u}y~vu {~||z~y|z
y~t~w}}wv|
~}ywz}}yy tzxxuyxt~x}y|wywu x}t|z~z~tv}~ 
~~ xwwu {}}yw{
{y{x{x yzyw { wtxw~ zvy~~{vt{x~
w~zz~{ywx t t||  ~~
wxztt w|uwx{{{zy~u}
uvz} | yvux x~
 uu{xv wyv{t{xyw}{x~zv~tt~|wzw {zwtyy~{vx|zw~yyt~ wxytzw {z{tzv|}|zz{x
v~|u ~ux   |vztu||z }z|{|uvy{{wy|x ywxtzxz|wu|| wx{
ty}}}| yz v~~w~||wuuv z{xy|
x~uz|xyy yuz| y~twz|z~v{vw
x}|xyuz}yv|tx{vy}wtyyy{~uv{xwzwy{x}|yuwvt|t~z
{tzv}zx ytu}~yyz  xw~
y v}uuzxu~u}|y|wvwx{zz}vw|tuyt u uw|| y yuvwxvu
xvw
{{zuy }xwtyttyuyty{w~}|
xu zyyy~x}y
{u|v|xu}w|~u|xyuvtztt||wux|yuw} |zuyxu~uzw |z~wwvx~t}{u ~vyy t xzz~|}v wzw}
|uy~~xv~ t zw
{w}y~w v~vz |}
tvxyyt ~{xvtty{t~u{t|||x|xx u{uvt} |zyt}}~uv ~zt yy uwvtzu|zz }{}~~{
xw vyvt|ytutw{zvu}xvu{zw~~y~vw|{tx~}w tx~}z{xz|y
|wz~x~v |z|u| x zuwz}xuzu xx}}{~yw}tz
xz}x{y~yvt{x|}~uu|u{vt y}v}w{}~ wwztxtwztyywutw{~|tu zz  ~uvwv |~u
{~z~x{||{ ~{~{y~u
 vwx ~ }wvt}yvu~|ywtw|xyx|zw| wy yt tyv{zw}zt|y}tztty zyy|uu||wuvv| wyv
xxuu{vvzxxv~ tvx|~~ywwvu}~xu{x} tv}w~tu{yzu
vy {ty~t~twx}} ~}~xzy{u y{tw}xtyx~vwtxy {wvu~|v}zz{~{uty{ zww ~zzyt{ux|xty{w~ {{xx~
{yx~wu~|u
t w}}| }{~ w|twy{ vytwu {vuz}v~{ uw zzu|zzz} zxvwvvzx vvtt||wwxw|  z}}u~ twv}tyz
yy}
vu}w}xtt{vwv ~vwwu|w{x{{ ttu|x|xt}u}{ u ~ u{z ||{~y|
|~t}xztwtzzwy yzzuyzyz||uvw |}}~w{w}t~w utuywv txzt|v}~t
{tuyt}u||yyw xt z{xu|ty~wwx}ww{wt~|}v|yzyxuw}ty
{vwuxx{|z
|uxxzyxy|txyvy zuytw~yv~tw {t|vx}x wxu{~{|uzuu yxu{wyyzw}yxvx  {v~z}z xvyyxyvv| }yv
wv}{u}zx~ty uzwtt~z
|x {x{yt| {xywxw}{~ ~}~
y~xvu{xuxtvtt{{ x}uxyvtuw|w ~|wtvvutvvuv  z vxz}yuu{}zv{~
t{zxzu~y|v|v{}~uyzt{uv|{~zxw|y{vxtx}yyu
~t{u}{}|t v ~u}uzvw~y| }z~v y xytww}ttzu~ vt|xyv|x
zz{wzwwx||}yzzyy|uzuxy tzw~y{~z|xyx|u|{|yxvyyzv|{vyuut|w{xu{
yvv }vywxy|{x twuvw z{uuv{zzz|xvuuv
~y}yt~uw||vtt w}vyztyyv}zz 
}z~~}}{uyzvy|y{y}~wxx zuv{uvuv}{{wwwyt}~v{ twzw wuutzv~
yuxw| x~zvyyuv~yv{{xuuww yyzwtw~zu~{
x{{zxxvyzwz{w~|w{z}w{u}t}yuz|vy|uut
   zty|yx|  w{{xvzy~{uywx| z{}zvt~vvv~y~y{|
tyw~yuwuz}xttz} zy~tvv{utv}vwvt ~x~| xtv{{} ~x ~yuuv}{ ttuz}x
~y|x{wy}xv{{|y~x|z|w z{~wv|uw| |uwx~v{yv vv{ttz~t{w{yu}||wu} {}zut{|yy} }v 
vv||vwuw }|uxzu|tzt  z}u{ {twuwxxxwyt~xv ztyz}w}u|{~uuv}xu~~
tvyyz}{tx}vz|z tt~v|tuvuy}tuu| ztzzzxt zywyuy||~
~|}xy{yu{ {} t z  ux~tvztt uv~uz~}~z~y{ztzwt uw~||uwv u{|vy~txw}vwxutxzyyw~z|~|xx }v{ }
|~xwzvzyyyvv}~~zyz~u|tyw uv }zv{u{xyt{{y ~w||t|}u~|}zzt
{y{u~}}} uy vtv xv~wv}|}t{ |y  tw{ {{}|zw|yy~{vu~ww|uvvvt{x|zzwyz
u|}yut}yutux}vuz{ w{| ~}|txuy{uw|t{ vvt }wu|zx~}uv|~wu
wv{{t}z|u|~{uw{~ y~~{z{ww{zyvx |xtx
 tuz~~wywv  x{~uxwyx}w~~ xxxt{yuz{ wv{w|uwut~xzxy~uu~t|v~}yuyvx~tx~x{~}
u{}|{xu| |yt{~uy|~} zuwwzwtvw~v z
y{yuw~xvy~}vvwx~~y
|u{|uyu}vwwtzt||~w{t{w|z|uxww{~{ tx~wuzxzy||vuxv|vwzw~~|vwwyx{ut~xxxw
x 
zt}z |z~u{uy|z~~{||v|uyy ~}|tt{}t}~x}t}wz~}vt zx}}x|{ }
tzvzw~uw~z ~y|vz tu |zv|xxu ww |xy{|xv |~z{|y||u zw}zu|xyw
{xt|ww~wt~y}vx z{{x}u
 t}|zxxu|ux}~vv~v ~{x{t}}x|uz~} ttxv~z|uuv|}u|{x{{uvv~{wt}z
||{{u{y|u~x~
 |{z~|y}wvx ywuyzu~xx|wx{vuttyzwz{|vx{~x|uzy||vz|yx|}yxvt x}~~~wyxx t~
u{v~xywuwtu}w|tyx{~}u|xy }vv|x{zt zv}uyxzw zzut
xz
}wxx~w{uu{  {|wtw}zwtt x}vvvu}{zt| wuyvuzvx}z| |||{z{~v} yxwuv||tuxw yzx| ~xx 
wt}~yx{vu{x~tyx{|yy{xuzy|~|wyu|{y|}vw{txv|~ x y|vwy|ztttx
wzxutwx{y
}xv~yyuxt} y}xzxux{t| |{~{xxtw~|
||| zyuyt|v}{ v{y{y{wx~z y{x|txz{ t| 
|yxw}w~u}t|vv {vttuw  wzxzuut
 {v||yyzuyzuxuw}w{wut~{z|z{ ~t~t}{}}ut~uvyw} xu{ztywz|~~   y{{y
x}~~
u~z~~ xu {wtuuy}~ tvyz||{v{v}u|y~|{ ~zw}tvu|}v{t
yt}{yw t}y ywyuuyvy{uu~|v~x|{vtt t}}{~t{xtvvzy xw
ww~zzvzuutz{t|~{xx|yv| u{txt} }y utxz{}vw{u|z|xtyv yy~ut}ywytz}t xy| tyy x~~~z~}~t}u|
wv{vztwuu t~yw}v~~xt{||zz}ttvv}uwyu}wyytx{}{wvx|w~wx|{z}wzw|utyu~
}ztvwv~z{yv{yxuzx{w}u{tv  |~vtwuxv~xy{|ztvu}}uwxzxzu}w{}x{vuxzwxxwuxzyuty
{yyy zv|w|w~{{|
 ut|v z}uv }vvzu wyz}|uy| }uwzvwtz{w~vwwyw|ztw}t{|}wyyw|}t~{t}wwtzwuw ~z{t|
~xu}{  ~ zvt~v |y{~v| v
|yu txztuw~x|{ z w {ttzx}|y{zvw}zywtuzwz}{{tz }xuv uuuzutv~w v{zy{ztw{wy
xv|~z~|y tyvt}tzxzzuzutu{~wzwzv~v 
wwytuwuzv{wu~z{xv~w
x~|}wtyy}wx zyw~{  x uyx x
v}~{y~y|y} |tzut{u~wt{xy~xw ty}yxu yvytvt|xwtz{tzxu}}vv |
uxyxyww|wz wxxuzu
t{zttwx|v}~ttx v{w|uwxt{w}|~~ |txx}{wy{u}x{~xyyw{ ~}t}uwwwz{uz~{}y~
}x|yxy tx ~w~~|t{tv ~ y||ttxyxyuztty{v {y }t{|{~}{ zu{~vv
||x||z~ }yvxt x| zt~u}t wx zuxu uwtzywyxxzwuxxu}}v{x~wz{{uxvt x{| {www u{w}uyt}{z
{tz~{ v}u~|uu~ty }}~yv{tuwywv z~~ww|uu y|tztvx~tw{tzyt{ t{  yx  x{~|t|t}v
t wt}{u}}}wtx}{tz~ }vt vw{yz x|{~u|v}|ut}tw ywuwzy~xzv{{}yxztw||v{ {v|x~wy{xvy|ywtww{uw{w~ 
|vu~yvvyz
}w{~xuvy}|w{{xxw~z}tzttv ux~ttyx{~~}uuxw www~zzyu uxtw~y|wv
tu}w z{x t}t{zw||}
x  {|ttu} zyu|wzw{}{u{{{ww}z{u}||xx{x} z~~|x}}wyt{{ }x x}vy{|v} vuvy
}wtyy}}z~z|}|yxt~u~uuv|xzz{x u~wy}v{{|w~v}tz
u }u~y|y~uwu}z|{|{ z   |~}
xvwt{w||}wttu~vuvzyv{twxw| { wzz| vuywt uxwwz{{vw} |y
zt ~v txvyyvy{xtv{txx y|yvt{xtw}vzwvvvtx yz{ |zzu wxwv{v |}}}v~ztv}xw~z
v|u|ty}vz||x{vw{|vuwwu z
w {zwt}{ }vz{ x|}ux
~vy zutxx}vyt~vuytw~u{~wvz{xw|txzxw}w}}{vy|z u
vzxwt|ty{xv}x}}u {{wxwxtyy}|{wzwx}tuty~w{xvw}tww
}tux |tz~vyz  wut}}zz~~tvvytvwzzxzwxzxyzz |xwyvzuz~yu |vtu vu{z w|
{{||uy|t|}z{ww
 xxx}}{zw}w }u}{v~y}{vyxvzxy yy~|uy~{utz|ywzzwytu
zxwyvtyvvwtx wvwv{|yuy~v x}|t z ~y~twtyy{ }}x{|x}u z ty{u|v}y}~ttuwwt|ztw }x wy
xtxy{v{zwyvt||~~t~uuyuxyyu|{}t|~vy~xw~}~|y{|xxx }}~xxwtvzt~u  x
v~t}uw|zu}~{|{wvywutut}|z}{zzyvu}{ux {{|uwx tttz}~yuy~y~~w z}{w|| w~{| tyv|x 
|yt}}uwy~vuuv} {{uz{z{x|{wtx}z}{{v|w}wtyvx|
tt{wwux{yz}wz~wt|{~w z 
y|vu|t u~}zvtyzywv
yw}y{~{|{yxyt}{}zxy
xu}wztvwuuywvww {x{
t| tztyxw{{xv vxv
}y ~zw{t}}x  tywu|{vwtvy  { }{|
uuvz zuuw|}|xuyy~|vtx {y
x{tv} uu~yx|tv|}}|y{zyu~uu}tz~~v|| xux|vx|~uz} w {}wvy~w~{{ 
|vt{||~yz~uu ztyz~ | tu|} }t|}v}|z~tu{v{~|{u~zu u{~|t
w x~}{u
x~tyux| z|u|tw~u~}||  xt|x|yw|t {}|zxt{~uwy z{ utyyu{y{ytt}yx |ztxy{wtywxz~z~uv}|t|
u{{xv}twztuz~x  |xz~vu~ xv{tww~x|utv{u ~t{{ wyyttvwy~xzwy|xvu
w~~}~wv ~u {wuz    u~vyt~w ~x  |u~y|x}w||}}xz}~yt~{uvx|{~uz
 {yz}}y}uyt|vt |t|{tu}z}~yu utvyx|~xvu|zz||wuuvz~|{ zut{
|~}z}zwuzx}| {v|t w|
u~ttttyxuwxyv~}uvuu||w}uuztu{w{uy uttxx}z|wyz{yvxxtvzuvxxx ~ux||vuw|ztz~~{tztxw~~w
 uu}|~|xx~v|uuv}tt uy}x~v{{{x}~u{{{z{
x ~v{t {x {z|tyu u uu}~y}{}~~w~vz wzv|vyvvz}~uxtwywt wx{xuzwx}tu~~tyz~|y }v
~twtt|ytx~{}tyxz|xxwzvxx}tx}uut y  {x {x txxyy}}}z}ywt utut||}tv|{vutzy~ |x
uv|xuuwt| x|z{{tz |w ttw~w{xxzv| u{}ty}~vxy|y|{xxztv}uvyxtvy}}y~~u~
yxx{  wytwv~v z~~{wy~twt{{ ~tvu|uwyw~w}xv~t~ uu|~yv{wwz{zt {~{u} vt{w~xuuttx~~v}uztzwxy
~u}|u
~x~ vxuzy} tvyuwwvuuxt~vwzu|{xwu{ux}zwtzuvtx{wx}xw}xx }|uy{wzz|vu}xx
~~x{uxx twvzxxvy z|uxzu~}z~vxzww{ {yz
vx{z|}wvuvu|xxztz~  w{ t~xyy~|vut{tvyzw
~z~wvz}ytw} ~txwu|{~xvyvx yvyxvxzyw|u yyvx{z|w u{ |}}}yz yytt}yyut~t ~ ~u}y{~|
tu|{|wxwuzvx x}u zy~wt~t~w{wxw|ttwxyv|~yvu}{~zzu wvyz{wuw|u|uv{yx~z }~ 
{~wt|vxyvyv ty~ }wvyx~ |~{vxy|{  u~t~x}u|~yz}ux{ wuyyx| vx{xx~uzy~tz~t|yz
| uw|uux~uyz}u yv}y|
ty~uy}zy  u}}{tt}yxu}}ywwu{|zt{~xwz|{z~wxy~ u
{~ z{x{zy}uxw}vt~}|
w}yy~ytwxyw{t y~t}xz |vuv|xytxtyuwxwxw|~~zuv {uxuzyxzxtxv~u yu t~~|yz
}~}{|~zt~y{ t|u~z wuz}u y{|~zx ut}vwuyx}{ |u}
 y{yy
y{z{}zxyyvy{vw~ y  ~txtwuv|~}v}vv| ~tyyw{w|} ||u|
z}t~tyuu~yz{t|wwz|x{x~yyw y}z}ztvvz}w~y|xwzuy{wt{v}z~y
|y|tu~v wxyu{t~x|xu~zv~|{v|xtyw}y u|
u~{}x~u w|{wxyw~  }t~vvw| w~~|z~{w{ wxzywz}t~w{uxtyu|v~{t uz~ xt|w{   xwx~{z u
{yuvz~| ywu|{}wuv~ ut
tyyv
u
yv{v|zx|~wwtz~t}z}}xtxv|z~~z|~z w} |~w||y}uy}wz{w}}y
 ttzxvv~vxutww x}w
y|v{v|~xtyt}|vvz uvu~|||{y|z yztv~v u||w|t|x}uuz{|{}w|zzzwyu|tvtx{uz{wvuy}y{v~v|}~
y yu} yt{yx xw}u v~yuw
t}w {w~wz}~x~vvytw{}x|vwvv
y} zuuy| 
w{y{y~y}{x{zyyzz{z}t|u|zw} t||z
}wuu{tt~xt|{vv|u}xvyt| u||~wu~}xy{}wxt
~x zuwy{~ 
~zv}~{www {}{yzx~}}}
zyw{xuxy}t}z~t}w{y} w~{z|vtyv|yzy |}ztv~{zty}|y
v} }z}{u~ux{u {
{t   ytvttuw{ }y|} ~y y}w xwuuuuxxuvwzuztt{z{twv|zt}z}vu{y{vty||t~x   |uy}{uyztzwt}uy}zx{ vyu}z{wv
{t}}vv||wt~xz{vu{||wzzv~yx~y~|| zx~zvtt z~}~y tvywwt uuy x|vw{{vzwwuyx v w~xxyuyz y
 y{}tz{~}xv
vuzxzu uxvutt{}tvy}zwzzu~t}vvt{y}{yw
~zvxzuzuvzvwz}|zuy~|}{|y yz~~xzyz} {y{uuw
w}xyytuuux |z ~uzy~zyzyvv{{y~vzxyxz}{  wvt{ ~w}wxv|wv}
y}|vvy~w v v{ zxzvxywyw}x~}~wt
vw|{}| wxx~yzu{ ttx  |z}x|{uu{uy}v
{{yvy|{zwt  wxzyv}z ~vtu
 uyzy}v~|xtuwyyu}wu{wy}  tw|y wwvwttz|w| {  tu|z~v|~~zzxuz}}wyy{{yy}utwwx|
wzzx{ y z |uvzzx{ ~ twt y v~wxyxuu}}wwz
{}~u}z{x|xvzty}vw{ywy~|t}tywzu~w~xxu
uvty uzx|vxx{{
{ux|y~yv zu}zxyt~|yyxx|w|vv~~~ yu
wy}~uz}}uy~~{{xz ~xz| yxtwx{{~tu zxwxt{zzxyuyvxtx|x uw}w{}v
wwu ~xvty{
{zy{~y{}y~z{txzy|y~|u|yyu|v}}vyu{|tuxt
|zu {xw~xz| {t~ ||{||z ~{t{wy}z{{y~~vyxt~xw~|ut~~wv} {vwx|| ux|uw
{y xzw}~xyzu twx~~{}|t yxz| v}}|ux~z|}xu xt{u{ vxwx~vuytzxtx}}yv}vvx~~~uyvw}~{yvv|}xw~zxz} ~wx{{ {
~|}yz}{tyy|  {|}v{uztt}{|zytvvyw 
~wv}txyy|w t}}yvxxyw~t| {{}y{t wv~vxv{wvyt~ w~}{||utvx
| w}y v{~y{{  {xyywuxv|{~vv{wz|~zzw x}} uyzttzyxvuyy} zvxu{}v ~~uttvvx~ v~ztvz
vwwty vw}}}}}vu||w
|x|ux}uyywtvvx
~v~tvy vtw | 
t x~z ~yz|yuu|t{~z~w}|ww|tww|v~|utv vx}~v|zu}xwu {w{{{w~wzu
xyvy{~ytz  t||tuy
|t |tz|y|x|}t}
ztttuv yt~x z|zw{zz|ttux ~w }z  u~u wtz~v uu||xx zux}
~w {~yz
uxvw{uvzu|x~wx} ~y{~~ wutu~tyyw{}z|}yv}ut{ {xw|z ytuty |}ux u} x~||u{tt{{{wv~wv|{ww}{
tuwwtwu zwu{}~}xv}z{}}|v{y}v|xu}xvw{ wtyxu|}
w} {tu x| y{xwyvzx~y~xwvx~vwvtv|}t}uy| ~zuv||}vxu~yx{wx|xxuwxzwxwxx uy |z{ z}uvv tx 
y~ }uuxtuwwz}|v{
vvvuxtuyy~}{wu
uywy t| u|uwxw }zxtv{}uz{~|tu{}z x yyvz{  uv~v~
t|{x~w
| xv~{w{ v |  t {zztv}z u|vtwuu~uw~y{yy~~v}}y
zxy tuuzw|vzyy{y~ |yzu|uzy} y|xtzt~w~{wttt}u{u~ zzx|z{v|zv vv yuw|x uyyy{ztxzy~}uz}~w
~~wtu zxx~zuy|xt zuxxvwzyv{|~tv|{ z ~ww}}w}~ zy{{ux~|vu xt}vt
 vuvxwyww{}}t wv ~z|{x}yx~u|v}zyx|{wt||xuzxwytv w||~tw |t~ uw|vyy~ t~u~t}~|~{
x} zu |xt|uz}zxut{}{vutu|{|vx~~ {z|w~yvtwyt u~y{uyzv{yxz~y {~~}|{y~ytt y}uuv{|u|w{v|
|vx~{xx~uvyuy~{v|{{xt}~tyzt|ww{wvw}uuzvx|u|wyvz~| }||zxzy~}
xut} ~|}uzy}xu{txx|{}{wytw~ yyv}x{wzxy }t{~tu}zxut|  ~~x uz yz~yu{z|}utuxvtzv
 x{w}uu||u|ywt
{xu}y }zxzvty| t{w vvt}zvuy{~xy{~|ut{vzx w||ty}xuwx|uvvz {|{x~
uyyy}wvtw|vvw~tvw~uyz tu}}|u}|vw~utt v}|tuy{wz{|t x y
~ uuyx~zyuu~ {w  vyu{y|txvtyv w
uuuv~}~vvzwv{~vu|uvxwwv}|tv
 ~vxwu}v}v| z|y{u|{v{u{~|wtt|v{v{vz vw uy~zz ~z {t|uzzz{x~t
uzy~z|tuywyu||yxuztvzut|ux }v~xyvt| yz~}|zyzw|~zwt t~}{ty{xw z
}{zw{zvy
t|zxwzw{{yy{zu~{y t|t{
 }u{yuzw~wuww|y~uvt{ywvzuvuxxzuuw
|{|u|u~ {}x {vwx{{yw~wxw
 |zv}z}|t{z{y}uz |v~{u |{}u|uvyxv y{uzww|wzuzyv}x   uz~}vuy|uzxwxt{zz{zu|}wy|tuw
y}{~~}w}tuzxxyzzw 
x{yw v~ t}vtt|w{}z}}z~x}|y~{vzuttty{~{{{x~{zy v~}v{~xww 
u|{y}utvu~ ywut}wx{}vv}~}}t{| }~ x{~z~tz}z xu{|~v  zwux ||xt|~w }{zzxtv}yxy}t  |wzxy
{zxw|{~y{vvuvx{wwywzy  y| ||}xwy}}xytvvzyv}u{|t }{xuyx yv~ut }{t}yz|z }
ty~ttyu  y~vvz{xvu}ty}|zty v |vx{|ty
z~uzu|tzv
uv } {v} 
 y}wzx|{wwu}w|zw|v}zw yx vxuzv{ztvw
u}~vz}xu}uvyvzy|uu{
ztww}z}~y{t|{yy}vxvztv u}yw~~~w{ytyyxt~~zu
~t{vywxw{yu   ~vvwv{ xv~uyx}v}~v|ww|z{}vwt{y y}y}z~wy~y~~|ty 
v{ut wy}uuwvvw y{}t|tt}uu 
}ux|} ||vz~u}txvvyt|v
{~tvuyv|wwtu{ w|u}{zztt~ zytvt|x|}yu|w~vxwwvz|}u|xtw}|}t}{tx}y}v}vut|u yu} uyzu ~vxxvzt 
xyz vu| ywuuv{yt 
{}||z{}z}y}tzw~~v|
ux{vzu{v~}zx{yxz}x|}|uyxu
wzw~yvzu|tv{|z ux}wx~||x{x  wzyz }uzvz}~|vv}u |tt~|vxu{y}txu { uy
w{uww{wx} v{z uvx
uxvux  x u~t}}{~|}xu|~~{ ~wuvx~~wzw}~v ~~yxvttvzuzw  |wz{xzz{v|yuyzy{{tyyxy}xzvytwwu|z}xxux}yz~
u}uy wz|x}tu|}wxttvx~wzyvz|v| t~ zx yv| z{{ utwx{ ty}wvu{uyz z ~xv~
 ~xv{tvtw|ttvwvu{y w}}tz
 uw }}{tx~v}xwuttyw} v}uzuzz~ww}v~|{z|v
z tz~uz~zzyu{|wtt~zttx~yt| 
yzt{w{{wwvuy z~~xw}zz}~ttut}xy |xw
~{ ztyuyyuu |wx{}|wu}vy|{uv}uz{~|}{tv yw w}}
yt}t uxv~} w~~xvwuuv{ |wwt }vwz}{~z~v|{zxz|uzt wtzv~t wy
{|}xyv}ywu||yxv{~zt{}|tt z}zuzzw{ { t~} yv|vttwzwyuwyv}v ||zyz~u|~wtw}u
uu{uy}u {wyvxy|~xy}u~ u|}xz~u}}|{}zz}~~u~} z
y}w}x~uu t~ux}w~utxy|x~||y|v}{} { ||tzz{u~tt{yt|u}| y}uxx w}twz
{~{~w|ytuu~zx|z{{|yxt yw{|x{|zx  wz~tyu{w{vzt u{ {x uy~  y}y|z}{vz|w~v}~wt w
uwv~}|~|~}w vuzw{yx }|{y yz~z|w{~tv}|{yw~yu{wv|ty~ uw~u {u}  |wwwz~w| xuy v|w t{yxxzvv
 }
z{y }z ttx{~yw~y|x{ytv ~|tuwuy~}u}yt
zw|y}wxz|~zw}ttxyt|uzvy{tvwz{vxuwt}uyzy wwx} yxvzzt{v~x}t|~v~ {|ywuyuy{| 
}wuzu~wwy~~~|y|{  zxtvtw}uu|zvxutx}ww~ zt}u
z~~~vz~t~wuu~t||z|~w {vyytvvxv yzzw}u~xtzwtx}xy
z{vx~~|uvt{vy~y|{w{yzxvwx|{~uvu}vz{ z||~~ztwvy||tx|~}{y}}}v|z{x
|xu } y|}z|zz~vw}{wxv~z~u~ztzzz~xyuy
 |v{zwtx v y~~yzwxw{u{tu~z {~zy~z}u~{ vw|u|xwyv~ w t~ |{wt {|y
 xy|u
|x yx{t}vyu
{ux~{ vzxw{uxuy{}vzwxz~yzztu yu~z~| |{x~u{tw|~ywtvwwywv{t |vwuy vtvy
}tzw}u|xvuyx~yvyxxzzzxvz~yyvuz} zvt~wuz|~z{x} tuwyuu}z}xy~vvx~w v~|t yu wtv{yu{
}|ux{vv}vx{xz }{uu vzvz~|}|z~zw}~{wxw z{v|~}{{~ vtty}v{y|{y}y{ }v} w}|txv{v|vx
vwy{u tzv w~  |u||ty}}}tuv}~u}z~y{t{}y}~wvu~zzvtxuxvzz} vv{ut|{ ztvxut
t{} xuwu|}}zxyvt|v~zy}}vx {y ~ ~}|yzt}xxy~y~y{}|~tzytx
x x| |w{}vxu y |xzx| ~v}y |vvwyzzuz}|tw}zww~
  tz~u|xx|y}~v|  vt|uyu|xw|zvz{ }}zwzx}{vw }||{yw{~}vw|vzt|t~|vv ~
uwwzz|vu{x}  u|zv ~tv~}uwt  t}zt ~v~}
xyx ~|wv {|wy|xttu}~y|yvv {y~xvtw{x {~~{y{}||v~z
xx tu|x{}tu~
~ zyw~~u{v{w x{{w~yvxty|uvuwy}{
w{| ~|v}~x~~{w|zw|w~~} |wwyzvvtw}u tu|}yv~vuyytwv}}v}}vz|
vuvw}|v~|wwuz}~~{ y ut~xy{y{|{ y}}uut|xyztux}v~~~w|xv{~t{wwxx|w xux}v}}v|~v
y{yzyz{|vy vx{~tx{u zy| |
|zvzywv{{zw ~~uw|{{v|y} {z~}~ytuuyttz|~
wtx}vu|zzzxz|zvxu
vyv}t}~wxuzu}uz|vw{y{|}|{wt{}wwv~z |y{{zu~x~}vwv|xxz}
 }wx{u{xzw}~~}ytx{z}{}v yxy~}{yu|zx|vu {zv}{xvutt|yxvyw}}vx}x{ux}z~uz
|z{~tzvyy{tz utwzx} tyy|zz~x}v{
tv|}}~|}zw t}vvwyy}z{{{ z~u||{zx|x
yy t|{wztzx~|}uy}ztx~u||yyz}{{zv
uu}|}~}zvuw~u
|xutwt{ xt~t}y} zv}u } t~z
tuz}
w }x x |uz
v{tw{zv|xxuwuu|}t u vvt vuz~~xuttvt}{{xtwtu}ytu|ytu y }  v{vt zzz~~u u|zt wwtzx
|w~xu}tv~}z~vw }|vzvzywvywxwv~t~~z yvxt~~u  {tw~x}~wwuu v|{tzu|ux|vxw{~ zyw}|uvyx }ywt~}t
~} xy{||vwwwttx w }|~}~x}y|yzzuuu{uv ~ w}}uuxwu}z}{t{u uwtz
{z{ {{~uzu xv~v x} |u{xv~x {|tw{wvw~uv~y}|w|xuwuyxzv~}}|y|xww|t}~ wu{w |v|z
|~v|}xx{w | xu}vtuwwxzxz|z v~v
w~xt~||v|uux{vvzxv }{}~  }utz~w~|w}xz}xut~uuyx|wxzwu~yvtxww~xux {~ }wxv}}w
u~wwz u}~{u}
|yyz{~}x ||t{tt}w|xx xxy|z|~|wz}wzy yux{vv{ zvvw|zt}uxuy~y}}ut tutx|yw}u|vvw{txy
uu|~t} wz}t}~}}zu ~vw ~|tvw}||y{|w{y~~wz}}}t {u~ y xxw|ty|~ty|txzv uvtuzzwwuvu
u~}|vxt~u{v{y v}t|ut~|ut t
yz w~u|~x||z~xv~}{ {vyxy~~|~wx}}} yu|~|z ut|}}~wx}|}v wz} 
vwu} ~{yw~u x~{{uyty{{}ywx}w{{
xxwu
~ }{|zx}{| |v~ x~v|ttvztvt{t~t|| y{}uwxtyux}y t~x~
uu|t}zy~{t wt|z
} {vuwxttywwu||w{t u   tut|zvz~x~|y| wzv}wt|t}{v{{ytu t
zzuzuv{}~xwwu~utxztx~
z xxyv{wuwt|x}ywtuyuzx}}~ txvx|tz|xuv{ tz
w|u}||~}vyu|{uyutx~wvv~tt {~z||{{w z~ tt{ut|}}vzt|}wzvzzy} zyvv w v}t {zvztu|~
~|zyuwz}v}yx x~vzu}u{  ~ww}t |~~ytv~{|~x{ ~}xzuz{w|z|uzxzvxu~xwx||y~x
{yzx~xw|ttuv}yxu~ y {yt~|  
||{w||tyt{{xzwt~~xw||zvx~vtw~vv{v{vvwu}  uxxvz~zv{|v{}xwv{} uyt zx 
uzx~{}u  wuwu
~ uyy~ ~vyyw|y{zu{{|zyy|wyvwtzt{uv zt~u{}~z~t|z~u{
x |xwxu|u~ yvxu{
 x|u|}z{}w {y  vuyztx~wwzu |
vvx~ |uxu{yy{z}y }zzw{}~ yzz} {y }ww z}t|{yy }uw }w
{v |{wzuww~uvvv uzvtyuuwxw{w t vt zyzwvzx~uuz{ ~ x
~w zt t|}v} }}t}z~txuwwzzy{}u{y~w|w{yv{z{~yyuxx{uvu}|{uv~t{t~w }{{{t|u ~ytt
 tvzt t xyu~vvt{uz| z}w| {w~t xzvt~yxuv~zxxtzvx}xy|v}u{}{  x z~uu
 x{t
~}wwvzztvx}vtu
|~
vxutuwu|{uzuwwx |uxu ~{ ~u}|z{}~z  zx yxw{w zzxz}uy~}}{~zv~~{}  zwvz} ~
vy{vz}wz}x~w{tu{|vt|vu}t|x~ww}w~uzvu}uwzw}|zvyvv{}zut~u}}x
yv~| ~yztut|wuttz{{w
t|xw}~}y tz tuzw}tut~}~}|{}u}{vvuxtx{vu zu||}|{ wzwx ||zv}
twzttzvvvyu} }w |}zxv|vxuytxy~{} u tuzt{{~tzu{yx{{|tt}xy{xyx~z z}u{
|~| |uuxy ~tuxxy~||tw u~ty|utz||{yx}t{{wtuu|yt
y{t~}{}wu~yvtyv}~u~vzwtt~w|x| {zwx{{y~~~}ty}y
~|wzxux|u} xw{|{wty {yt~
x}uw{} u}zu tyvtytv{y~tv}vw~ztuv|z{}|z|~uz wvu|xt|}vt|w|tuv xyw|wwxuz~}y~t{z|tt~{~wtw~wxvvyuvut|
t~zwxuwx
u{xwy|~}xvw{~|tuv }w|twyttuzzwu~}~|v{}~~xzyv{wt |z~xwx}y|~ {tuwtwtzty{z{y~
zwzwwv|{zt}vw}}uz|}x  xtxx}u|~wz}v{x~}~xv
||{|u~~}vwvtx
zyvxzy~wwwxu{z z{{|}xv~v u u
v}}u x~ } y|ztwxvxt|}wwy}{x{w~vzxvyy~yw yu{}{}y{
w}wxv|wyzx uw}ux w
}u yu xz y{y~zxz{zww  ywvvu~ {x{z { ~ tvwvyzu
|{ wt}{ |txywy wwzxu}t|y|{~xv}w ~t{{~{y|
 tz||z}|zxzztxvx|t}||yzzt~~{x}}}xv
}xywzv{{~xxzwzw} ~tvxvwtxz}tvw{t{xxw~z~
y|
yztzvzxuzyw{tvx~wwz|yvtztzy {{~z~zvwuy~xy|{v~|w|wt~ }}wvt y~
~ ~ w~}{u|||u}v}ywt  {u yt||zz}}}vu}ywtvzxx}t|
||u|~xtxwy vy|}y xy{{u{tyuw|{yxzzz{}}uty~yz{|zy ~wvy|wvy x }~}x}y{}twww|tvt
xuy ux||zvwv~z~yxxv}zu~ytu}uux|~|w}zwt|xx~uw~~
u~~{uytu y ~wuuxyvxw |{~ }{xtwy~ uty|uxt{|{t|uwv
z 
y v ~| yyx{y|vt
xxzxx |}zx yy}y~v tyzyzyt~{{}vwu{{}vt {xuz~wz}u|tyzt}tuv~}zt{u{v{ z{w  
xyxvvwyx}yt}uxu~}}{xv}w~z||u w|{x}w{u|wuxz
x{vzw uyxu{vv||wt~z~vv~w}xy}v ~}||~y yux} yuy|zzz ~vwwxv~zy~z|tvv}
x~~~{{{} yzw ~~w}x{~xytuwzuxwt{x~u~t u u v t z}{u|z z zwyt}
xu{}x |{wut}
zuv wvy |tzvvyt{}}~ ~t~tywyz|v|}yt
tv}uxy|~|y~ yuz}{~
uxyx}xxvz{yz| }}|| u~z~||w~u{yutzv
|tvzx
~
{}|vt}y~{w~t{u|v y v~zy{~}yv~yzuw{zt{t|vux~ yv}~x{vwz~{zz} ttwvyy~uz{~z~u~zttt{{w{yt{u zu
|uxyx{zuvx|twu~~ z{y~u{{|z{ytx|y{wuy u}x }t|z||
vwtv{}x{utzty} tu{uyv|wtzu| zvy}xzx~v~~twyz}}{z|tv {{ v|{uu|u{|}|}x}{|}}{ yyy{vuxyt{xvv
wtt} vxz|{vvw v
tz}{~{yt{wxyuwtw ~y }xuxyy|zzwz ~}wu{|u{tw| y~y  |{twu{}v|}zv}}xyt| x}vwx|xx u
}~u||wzzu  {u xyuvz|vyy{vx} zyt}twxvzx~yu
~x{|{utvzxu|| ~tu{|x} |}zuv}y~xy{~ ~zx w
~~vz |x wt{~|~tx|{y}|uwz|yzv|xw {ty ~~~{}yvx v   |vz}|ztuyxwtz~~yvu| x
{x|x|||wyxy~vut{}yuvuwvt zw{{} |{{w||x}wv{wxz vzyy } | |~t
v}wwz~{ t{w z 
u x~|x ~vyxv{{~{w
~|y ut|| }{
 v}ty~ {t|uttxttwwt~w|   t| {zwx|w}} ty u{yy~vyv}{ywtuzz txz {xy|xuvz{z} |y|{|}tw zuuy{vx|~
yywtyv~uvvwt|}t tuxzyw~ |}vzvwv~}~t{~wzuzu {x~t
uwt}x~u~w{t} |~{x y
tyvwwyxt ztt{} ~~{x}{y|{w~ w}}xxvzu}t}{zwww t|ut}{x}~ vzv~vy}{zt{xu}z{xw}ut z|v}t ywyxzzv{|
zw}|t} }}~}t xvutx ~vv ~uzutvuyt}yu}{tx~|zu|{u|  ~~{{t{ x}xy|u
uxt~
zyx ttvzu~t~|uywtwt ~t{|xw v~|~ ~x~yyxwt}v{z|~~vy}v}w yw} |ywx| ~yxu}~||{uxy~vzyy
|x}y{| z yuvxzy}y|ztwyvzvz }z~z|~|{t|}{yv~~x {wxxy~~|t~wzxz{vt  y uu{t
utv}|x{vt{xz}|~tvz
 t|xxwv|}utut{t~|t vxyuv~~uu}z~tuyuzw|{w|w  x
~|~u x{|tv~yuvytt~yw|uvuuz wwyu y{yxuvx xtww|{u{}{zxv~|{x~|uyyyu~}v z}|vv{ 
} |~vtwu{|xw{ twy~}yxt
 {yytuzuvzuyxt u
z~twvuvz~ |yz~u
|| u}zwwtu~}}y}{v|wv}~tw{zzyzyz|yw |tvwywtt~xwx
}~{y~~|uyv w|xu
zytwyt x ~{tw{y~x}zxxuv~ ztu}zvxt|~{{xy~zu}uuztyutyx~t~tvw uzv| z}{xy}{}v~~|}|txy
 wy~zx|}yyyu }vw{ wtv}{w{
z |}zzww}|vzuwvtwxzwyxyyx}y~w~z vyzzuutvwwz{xt| ||u~wy~ }x{
 {|||tvt~y u{vty~{|~z z~
y}
wwvzt|{|{~tx~x}{|xxt ytwu||x}zw{|zw}{w
|x~~xz}{|x~}{|}x{x~ {
ttw{t{yy}{x{|w}tv}ytvw}y{ u}v~yz~|w {x wtw}yzzw{|uytwuuuw{{tzz~}~z}{| {zvzzt{
|{| w}|}~w~vt uyuz|zxwuxwvzvw{
v||xwz~}tx|t |ztzwyyw~xtx} ~v~~x| |{}}vxtxw}
xwtywwv uy}w}}xtv{{}~u~xv|u}txtyxvzx}wt}tv~wv|vzwt}x}wyzx|{yw{v}yu|}yx}{~{y|
tzz{| xz~~u{txxz tut{wu|txww~z|xwt} |vyu{z~uvtu~yv}~uw u{vyu}  zuxv ~uwytw
vvz~|{wvxwtx
~zzw { ~{}{|}uz|}zyw~|u tyxww||
~w{w}u|w~z~wutt{|xvyvxtw~~~ |vx
|t{vuz}uvw{y|tzxv~|}w wvzyux~xvyxu|twxy{w{
wxwtw|wtzw~uyt~wtwy~y}xv} wt~ y}t~zy~t{}|t|~|xw}yut y{xv~xt{xuy|xv{t z x| }y~
|ut{} y }{xv}u u{ y|t|| u}y~z~| uux
}uwtyu}w}|~zzy}{ {xx|u|x~|zwt} u|uw
t{{t~v|u~~t||{|u |utv}uvu||tvux{v~y}x{u}v{w}{y
v|}}~wtwwvyz{zvzvywx}{ux}|wu|xwy}{z }wyvzv~u~{y}}tt}vt
z  ~~wy{ { tuu v
v ~u{|z|uxvvw~~{|v|}wv{{~|wwv{z{u}w}tx|wy uwu wxv zw{y{w~ txut}vy{}vv{u{t
t~uvy|z{ttxw~y~~|xyvytywyz{||~{{
{txwtzyt}ytuxxzzt}wy||~|tw|y
uw{{z {twz} ty{w w{~y{w|~
{y{ yvwvz||ux{~{yuz}zy vwt~zxu vv}|  }ytw x{
wwy~|xvz~uxuu uwuu~wt }|vtt|tyxvuyuu|xuu|t|y
tvt| tz{t  |w~yw} wy~~ |ut~ v{x}~vw{|}v{v|}xu}x{txyt}zz|wy|x{  uxyyy|
~v~z}~ zu{xxwxu~xuz yy|wxyuy}y~yvtwxxvyv{|t{x~ t
zuv~~|xxxx
u{ x~vt|~~{{w}{w{vy ywu wx~x{ u x{ |~|zyx{y~ t{w~|w|z~y{{t~z t
~tvu
zw|zvz}z~vuuuv~wt{~||w|u
||u}ywxx
wy }}tuyzuyv|v~~{ytuvz}} wxx|z ~x u~z}zt ywxx~u|z {t ||~{ w{wt vv~ww|zwu
~ttw}uxzy|t~ |xxuu~~zyy z}w~{t~t|t{t{|tv{xu~xywzutw}yxzt }u{y~yw|t~zzy{
~y {uzytvtyxv }~~ }~}~{vzxz}~zyv{~tz{t|}v{{www| yttuxw|wxw
 x|{w xzy{y|  vyxtw|u|{u||t zz |~ t}|x{z {{wuwz~ z{~|tz|~u{yxyt 
 u}z|y}|zzu {vx y xzxu~t{  ~xu|vuuxtw{ wzu~y {uwv| zv~
 |x~~y|}vx  z}}}~uyut~{w|tvtuuv {{z|{}v}}xuzzvy{zy{tzt}tz}w }w~
 ztwvyxuytvxtxyu~utx vw|w~ut{||u~xy{vv~~u u~|wtxw}||}
}v{|uy z|x}xz vu{|w {wt|vw~vwxu|ww uxt~{
tyu
 z}~|u{tu v    xty|}ttzu|v~ wt{z w|vw{xv}xw}v{v~| }zvyzz}w|zu~xw~|}}twt~v}zxy~t  tz}t ww}u{zw
uz}}t|t|} w|v{|y~|~|yx~}uw|x |wxtu}{w}yx {~x|}}xuvtyxuzx{zztx{y tzt{y|yu{wwv|u
u~zxvytw~xx
x|tz}{vwxy|z{u~z~u|}u|yu~}uuy yuy
 ~wxzztzyvw{uxwxw{~w|yu}{w}ut}zz~uwxt
}|w~ x~|~~x}z~}|z~
}x~{ x|}zv}}z|v|u{yvy}yzwt~tw~zxuy{zzu xxuw
uvtw ~|wtvu}x}tvtxuztt{
x|uv|~~uuvzv
~ vwxx|wxty~|yvzxwtu|t~t ux{zzyv{ zxyvyw}|vw}~v|z{x wtuz|wv{|w~tvx~x}{yt
 x|{z}t~vt }|xw  }}yxx{z }z  ~y uuwtzx~ty|zzv
vuyvuxv  v~~ux | t }x || zv{}~~ u~~} xwuw{wywtwzvxutx ~u}u~x{yu ~vvyt{ w}| {z~|{}~
u}z ww{z{ z~y{{{vwyt {wv~~}|vty~z}zw wu|}z}{yyu~ww}y|w}{{
x }~y|||~}wx}z}y}tt{}|zvwv~|t~ytw |}}w{ { yzyv}zz} v zz|wvxv}}wttw~uv}yu|yy}v}y yx}vv 
y|z|xuyyz|v} zx~{vv{
}w~xzu{ vu|{wz~w{u}tzut {vtx{zxzw~y{vxvy{uv~ {t  y|uvx~|x |vvxy
 x{{~xy|zwu{~}tty  vwwuzx|yuw x|xwty~x|~ vz|vxzuvwwv~|yw|w~
zyv}vz v}|u} y}vu}~|u{z ~} wutzt}{w| w}t  
}{}}xvy{~yx|uw  uzttuwv}| }vuwt{v zv|vvvu{xw~ztyv}{yuw vtwyttu~uw
tvvxtx~ ~ttxzx t {y
zwwtvtt}uz
uzux|}{|}} y~u~y~v|uw }
x vwvyy{|y}t{wzt  v~u~ ~} tu|y{tz|~uzy{wy}|t{{
w~wyz {z uvv}|t{xxxz|uwt}t|xy}{z~zvyy}|}w| tux~yuyy{|x|z{ y}}~v}yu{ txzv|w}~
v{zu~}yw|t|w y}~~ |t}}{t{ zux}yzyv|}zt|}
z|z
|z} yu~xx|vu~{vuv t| |vtz zutz||uyu
yuu} ~wuytv|~txtxzuy~{u}~~t vzv~v}~{yxzw|v}t}y
}yxvy~uvzt }{|~}}u v|}~vv  t}z
{{wyw{}yt|vwxvyu{t
zwwuwt}y~}~vyy}w}} tw|
| uz}{wt{| t|wwxy xuxuz}vzywz|{w}  vu}uywz|u{z ~u}x| z{{ut||wyuu}tv~ ||tz|uww}}
u|v z{tz ~y~}x
|~~~z|{u{{twwztt wuw~zy||u}y wy ~wwy xt}|xxw|x{zuxvzzv{xvxuz}vvw 
| wtww{xx{uxuvzyuzt}zz~xy|~|zv{tt{{tuzvw}
tv~yuw{utzwwyu ~zy{y t}}v}y~tvvx|xv}twy{v~x~v|zw~|z ~x}v
|v|z u|uvz{t~x ~}~ vx|v{}yzvx}u}
x{zzyxtvt}w{}v{ut}~z}|~|u~ }w|wwtu| 
xz~tu~~}z
x
  v v~w{
uz~|xy{ytvzwx{~}y{v{xx}wxzzuyy}}ztuty
~ {v} u}wzzttuux{{vytvx w{u|vx|yz|tv{ }x ~xuwv z}{vvyxxvyttuxu~ ~|ut{{|xu~zy| |xtwxuz{zz~zy}|vt{
y~~ x}z|v{t|{}~~tutx~v|{| yyv}z~ty{}{u~xvzztzvxxt{t
xx{yx~xt|w~xtvwyyu|}tyw~ytytvt}}xvtz{u{zvt~ ~v|~ |zuuwvt|z uvz}wy yxv u{}  |
}}}t} w~t{|uvtwww~z~~zv w|}|ww{{|vy|{ {x~t  wywx{~uu}  }w{~y{{}{ xzvyyut|{~}vu|
{w ~ {u {}zxt{u}vt|{w|w|xv|txux|xz}t}~|~zv~u|w|vtvytu~| t{}}uy uuu|~~u~y{tt|txvz 
 ~yvz||wzu~}||~{vy|~y}|x~x
{v|z }{uv{ww ywt ~xzwzxxw
ux u { tz{w|~
x v{ }|uxv}
zwxy  } |z  txx{v~yyw}w|~x} w~w {w}~y~~ ~zvx~t~} ~|x}t|}yt| ~ zyyz{~yv
{zztvxuv|u{}}v}{u {w xyvuzvw~x}u wu~xvzvuyx|xv}
u}zwwy}tu u~|{ z zu~
w} ~}}xux{uu{vzw{}|uzz|y{u~u{xtzwzy{x{}ty|uw~zxv~x {u x| ~ytv{y||uxxzv
w}xt~y|{wx~ywvx~y|yxxwtv  uxv}ttvu {w  ~uvv}~vxv}yuw}{~ut|wt}ywtt v|{~}}{ wy~w  {|y w~}
yu~zw}t| v  {v }~{{ }tvyw|u}uw{z|u}vvz|vtvx{x}}xty~v y{}~~y~|~x|y}yu| | w}{z{uyzty
vy~~u}vyx}~wytwzvtuux}~}~~y|vu~u
|vvx vtuywtvv
||{w~yy{t~yu u|~vvv{zzx{|~}||yvt{vt{zuz|~xz z|yvw~w{tvu}wzu zxt~~uv}w
v}|y|u~}~~z{|xv|~z}uwy{xtwx~x{v}z~}}}t~yzwxzywuzw|xu y ||z}xx |vu~uzttz~|vyt}uy}t|{wy|wv{u |~~u
wvt vu}yu{}t {{yvzzu~tu~zvtuu}vz}y~x~~}}ttyxvw~ twz}~yyx~zz{ 
||xzuzu|t~xx}{w  uytxvyytwywxy|x~  wtvvtu|x~txx{zzzxzt~yu{ xx~
x{uzz}t{ z | x{} |vu ytwtxx~u|yt|tv | x~|uzu~~uyvyvt{|x~w~u{~tw u{u
|v
v{ ~xuux~vu}wu}y|t{vvwt{~xu{~}yxyv~x{zz
w~~v{~zuy~|{z u z{uxvzt~z~xt{x xxt~}}wttu}x~yy}yz}zx|ztyuzu}t}zvvty|tt vy
x|vz{w|zy~}{zv|wxwxxw~ tzy wxxzxw|y{zzzw{w{zww{zz}tu~{xtu
v{ |w  uv~}{w|}}z{xwytuxv w~t{uu| y y{ | {w|zwtv}wvzu x|vwx~ywvy
|t zz}{~x }uzuw}~{zx|t v~u~}x{z~|y~y {{wt|zx 
}{}{~wwtzw||t}{~wxxx}ww
~wt{xuyvy}uuvyx~z w~~||xyt{ t~~tv~}xxx|w|xyt~zz wz|u~x}~wxxvyvyyzy
ywy~|zw~||xyx}x}wvtu}x~vy{
vvwxv uuvzy|
v~{xw{t}zy}tt}~xu{}~yuy{{tuv{txxv~zwuz} }x}ux }uzwz|{yzzy{ytuytwtytw}xv y|yy|wu
vz vw~tyu~~ uu}zwz{wtx~|~{ tt}uy~vz{tt~|{x~}yz~} ~t~}yyy{tzt}zv}y{uuzzut}{{zu   {txy|ttt~{twv~u v~ 
wy}vt{x{uy{zxtvtt{}uxv |v|wy|{x{yuw| }|t zxzt|zty||}w~~xx|vvu
 v |w~t}yyzzu uty{tvtwvtxyvv{v t|ww|xw~{
utw}}|{vx|zzz tuwxx t|z}tw~{}~}zww }} wtzyyux~u
{y{v~vwyv x{ |xw~|vxu}{wz|}vu{v|yyw}v{vu~~tzu|t{x|{||wxzx}yuy|v~tuu{
tvt|w~zv|xyv||}~ztwvxtzx}{~x}wvx~yv}} zzw}~xx|{|x}{xx} ~tzxyz|y}y{ut|v
zu| v~u{v {vuwyy~~yut~yy{y|ut w{t|}}zwwy||{}uywz  y}y~}u|{|u
vvy}~}ttx xv tuu|{vu{|{
wy|zx~} ~{wvwz vwyx y||yyz x~}yy}y~t{zv|vxvyz~
z}| }|{{|~v |uz{{|vx|zwtuuw{u
 yzyy tz{{{{{xuuwt}vu{zwwt| {t|wwxvwvv{tuy| t
t|uxvuuuuzxvwwy~{ux|wy~|vv|}z |{
vwywv|~v|ut~ ~z~yzywzv} tz| w yz{vyw w~{z~~uyw ~
z yuvz|}|y|wx twuu| {ywuz}|yyt w  zt|  zuyvux{|vt  xxwy~|t{zz
}|uut|z~zv wuzuw}uxw}x tvuvwvz|zy|xyz {x~uu|vuyt|uxz{x|x}w~  z~~x~
w|vtztttzw| z|tt {wutw{yx
t}{y{vtt wu|}zut ~tzw|{z|w
}wz{ z}
wuu }||z|tyu| zvu~{|v{{
} wtyz~{x{xvtxw |u zzv~~}{}u~uu| x}u|~tww~y z~vyx~tt zvv|~|x}~t{txyz|t}uv}zw
tx{vyty~uty}x||{{yx{{ttu~ytz |vt{
~{
zz~t{}wttt~
{yx vyt}
yy t||v~ x {tzxvxw t}~~y~tu} |xxy{{{zw~v~}~t xzuu||
yu{ zyt}wwu}wx{~z{tu{|x}uvx ~ ytwwxxw} yz| }| |wwwtuuuuw|{t|~vzyz}z}u~tu
ty }yvywz ~xy~}
uu } v |x{}x}yvx}ztvtvx| |t{vxv}|xtv||wu}uz~{wuw~~zvtz|ttxw|w{uyx}zxvxzu v~}yxuxyw}}y} xtzx
~{x~xwt
yxzxyy|wuy}
uwxztv ~~~tvwzxy{|~~ xv}vzw~ }|zzz}xw}x}v}yzxu|} v}uw tzw v}{{~xy~zyyvt~t} ty zzyuy{~t
}{~| {~vu}zy }|vxutvtzy zt}wzz}vw|~vuvxz~ yvwxt y~{t|v{|x{}tx|z| tz|
x~{{{yv 
{y}|wzw{w~{|u}tu|w|vvt{~|wtvwv}|vv{z}t}~{|}|vzyywy ~wwy{ ~}{uy|}ytw|vvyuw}~ 
vy{t{x{|z zx
xz~{|}zxxvxzvz~yw
uz } }{|xv|u {yxuwv}y|}} xux~xvuyy u{tx  ux|zw~}u} wzxu ~}t~{vwutt|u~|~t|x}uvz}{yv~{{~
zwv}{}|vyzu~y {x vzt y vtyy~y}xz  wx vuu~zx}x|uv vz}xyy~| |}t|zw~xtw{x}wyywxtz
{v~}{xz uw}vwtt}~xz~ tu xtx{u ~w}|{uxytv}utz|uz{wxy}{|w~ x~uvz~
vz~tuzz~ u|~
u{{|v|u{ z}~x wuz~uy~yx{|{vyw~x{tzzt|~y{t}yzux{y }|uuzz yu{yuvtz{yyv~{zv|y{tywuw
wxz{xw{t|zw x~vx~u}}tvtyvz~tzy{wxz}~vw}{{}w|vwt|~ty}wz
 wxy|z~{ww uuyttwxwy ~tw v~xut|} y|{v ~{u|tt}uz}wxzuu~yxu 
{x}x}|tu~{{zzw vtvyxxxwxu}~wtz~zx t{
uuvz w}yu|~~v{uxuw|u
z~u~y|u{x}{{{~wv{z~|v{}{vv~w{utytx  }}uz~x|{z }uwwzxz|tv{y z |z
{
x|~uzz}vyttwtzt ~ww|uw wztxtvzt{w{wz|}{t}tv vt  xvtwxwttwt}|}w~~~ z~ ~t ~~~
wu}x|x~tz{yt uxv~~wt|~vtv{|xu}t{ v~yt}|u{wwtw{w} }{vwx yuwwwu~v
{{xytww  vz ~{wut|x yv||uyyz w|}{}w uz{tyvz|v{zxy|}zw
uvz x|t
vzw~|vu{wxyx|ztw{ t~wvxv{}zzuu~xwzztxyy}}z{z {t|}zy}{x}xty{u xx}tt {uzu~wv}yvzyz{
t~yt{ x}ytx~|z| zyy}~||tvuty{ z|{ xwuz |t}z t| z | yx
~t|{txw~}|xxyutvv~}uzt~t{u{zzut}yxzw~t}}
zy~xwv ~vyuyx|zwz}~u}{{v~u }y}z twxxzwz|v{yyxy{xuvwzv  z{~yux}|}t|
w ~u~t zzyzyuxzwx xuwtx uz~
 utvwt|}xw}x}~ x{}||z|xyt|}y~|xzxwu~~}~t|}}u|vzy zx|wtwvxv
xw}||x~ uwu|wvtywvu{}u~uuu~uyuz{{y~}|{{|vvzx{yx~~~ 
vux{tvwy~uztxw|~|yvuux
z{~wv~v~ {uzz{~x{
x}z{tww~{| x|{ u~u|z{  xuty zt~t{|}~}{|ux{ zxyuy~t z}~{ywv { ~{|
~zx|ywx{} v{~z t~z|xz
y xuvux{~~u~yxvx zxw{z~utx~v~~wzx vwttzy|zuw
utvytwx|xwu~|{{|x}}uwx}|zvyzxwww|{t~ t{xxw~~z }}t  z~{uxt}z|v~vx{}z~t~z}|~uyutzt} |y
u
 uw}wyyv~{t}z{}ywvw {u|zt~xt{wu|tyu w|x}u{~uzyw~zz~zv~uuu|yvzy}~y wy{t}xyty
xz{v~y ~}{xvv~
t{} ux}wt|~{
tytv{wuz vv~z{wyzwuuyyxyxxuwz}yy}z |vt~w{v{{txw}vvt} ttzu~|xz{v }vy~u
 ~yt v{w~w}t{ztv} {~wy ~{tuz|zzz
xv|u ~x|w
zyvywy}yt{|{wu tyxx}|vtu}x~z|utwvy }v
~t~yv}vvyxy~uuzuy||vyv{}wuz~uu}tytwy wxw|u{zw
z{yx wt|v~uzu{}||v~zw|v u{vtyt|{vvzt}|{{~x }}|w}z
yvwty 
~vw {}  vv{|w}wwt x|v~~v}{zu}{}|{w~|u |} w|x{{}
}| xv}|~|~~}uux}tx  wv~ {y~uwt~y~~|y|z~ 
t~|~| t|{tw|{}xv{w|~}{u   z {{}tt{x|tv~
wtuu}zxu}uv {~{t|y|v~wyv}v vx}x ||x|~zzwxwwwt|vttutw y }|| y}yvt }}u tu|uywuxw{z~|zvt
u|uz{|wzzzt}yxu{|zu~y}{}y {uxzy|uz~y w~}u~|
vxt}z x {vz{uvuxzzxwuwzzu}|}uu}vxyxuzvvxyt{ u yytyz
wwu{ytty{}tv|{yv|u y{tt~~yvt}xxu{wv| ~v|wvu~t}vtwx|wyxy {}{}
~vw}~{ywy~z {wy{u} v}xty t|{xwzzxvuzzvy}z} u}wzy{twut}w|~}u{zw{~t ~vv}uyv{xv~t{uxwzx}y} y}}ty} 
{ztt{~~|u{}
z~~}yttt~tvtuz}uty|yx{{uyty x~}yzu{yz}vwxuztv|wttu~~ }{wuxytxuu
u ~~xz~w zzx{wv||uyw{}vzt~|zvuuz{x~xxxw tt}{tz{y{~tyuzy uw
 }|u{x
}{{~wwz ||}z|tz w tvuwt{xx{u  zy{|}|vvvz}v|~~{vutu~| 
|x{~}}| zyxzy u{wzv|yxxyw xuzt|u}|t}~uzwwv}uxwyvy v~~ttz {|xz|z~v|ztvu~y~vvwtzy
}~~~zx| w~ ~uuwut{u|u|w~~zz||  wv~
  ~|||{uxt t}v{ zy
w|uy|~y|xuvuu~{}y}}y~wz~zyy
xyx uvutwz
t{{ |xxu~ ywv|y|wt}vwz|}xvux~~yz|w|||}}w~twzwty~}wuxy
yv ~wt yt{ywu}v v~uv vy }
uy|z t~xxy}{t|~ u~yywutzy uuw{} |wy{zz| xxv{ tzyx|zyy{~v |xx
xy~}xy wyyxu}|z~~zzt}xz{z vwxzzv}tuww~{tv|uy yxxvx wuu
w|}x|zy utv|~z{y}xuuv}z{w |wuz }}y||zw{wyxyyvwvu x |v{ u 
ux~tyt|wut|utux  }w}v{{~ywxtwuv|yzt y} z~y~|{z~z{~|tu{yu{xwt}}~zu x}u~w|~wy~u~uzxtzt~t
xx{ux}~
w xwvwz~x}}~wvyx{{~ yvvv}uwty~|~zzv
}~| w{t~t yv}|vt~u w yyvwww xwz~v}y}y{~u{|xx{uy{w
t~ t}v}|} tvzu~wxu{|zuz ~v~z{}yuw} ~|v|~}}x
txwu ~{vwx}zxy~ |{z}xuzy{t|x{  |y}~} {w|yu }xu}y
}|xwx|yy |t{}zx}x w yuvx~tvvvzw}v
wty{yv t~x{z{ |yzyt|vt~zy u|xxvzztzxxu|}|uzw~} vx{xyv~ }~t|v{wutuwtyx}
xyvw{v{v y{|{ }uyyu}u{~|v uyv}~z~~
vw}tv|v}x{ | xyw|}v~~uyuyx  zu~{v |yyy}uv
t wuv|v{y} zzwzv{ww}t {v}tx  v|u}y|{w {{~xw~{u { }y{wu|}x~tyv||}w yxywvyyu
zv{twzwuzttt}}uxttv{vxxx}v}wxt{v}w{v~utt|tu}z {vwx~~v~y
xyu~~|uwz}yw~v}x{zzxz v u~~vvxvzxuuv{w~ vx~}
 y}~vuzxx u}v~{}xzxx }uwwv 
ztut}uy}| xzu{~{t~}z}z~}|z vy x}}vty~  {y}{y|z~y{v{yuxtuw
w~u{ y utwu|wt
 xt~|{ t||}}uu{}}~w ~ {tz~vzuy{zyw{}}wu~wz|||zv{y}wv{}~u  }
z{
} u{t{tuy||tzzvt~uzzzxx||xt}y{uy{
v{{t|vwtyyuw}~  wz~y{tt{t  xzzyxuz| {y~t
zt  yvux~~~xxuvwzvxz z}yx|~
yu||}~ }y v}v~w~yt~   v }xz}{~wvyzyv}xz|~u{~wu~v{zv~t v{xv
|{v}t{{zxxv{y|yx|~y||}yx~yvu {zwwz z t~ yz{ xxz{| {ww v }tvwuwz|x}{tz }v}yt~y
 t}u}{w}zxz{z vu{uzzzx|zt{ty   wwy~~t~y{ztyz}yv|u| z}ty|yvtx}w |tx{t|{ut vt
|u~~y zuy {yuw| y~ xyww||{z{u|x{ ~wv|v{x{~ t tw|zvvv{~} }
uvut}|xx~|y}{ uvywzu{ |{|xt}wy|wx tx|t{vtt yu|{ x~z~wuzy}t{~y~zx{
xy }ywx ~ wvwty~tt~xzw~w }twwut~z ~v~xwyxv~t|xtwuxwvtxwxz{x
zy| zvv ux{uz{}||}~}z|vy}u
x~t{~xvzxxyv
ttztzxw~v}t}}~  ~ vyw{{|}ux }}}uww}yt{wzu{{zt~~z{yvxz uu| t w{ v{
x zxw~~u
~t}z{ }v~||x|vzuvu{x~txzt|wuy}z~}tuwx{|}vv ~vwz w{w {xzyvyw~uwvx{ tx~t{wyzzuux~}}v
 |x{ |y}w{x ~uxv}v{ { wuv~vt
|xuyy}{ | tvt~}zw~{|x {yw{tty{uuz}w ~  ||}x}uuyuw}zyx|~ vv{|twz~}ty|vxuuxu{xxu u
 |u|y{~|u~w}wu~{w uvxz~~ xwv|zyw|t{v~v~t { z yuwzvuv{}xuyzut}uw~v|
uu zx{wyw{vyx|t}wyxuuz yytv~z~{zvwy~ty~y
{~w uyx y ~u {vzty} z|vx} wz vz|y }yvvx{{|x{u{t~u~yt{v ~vu{}|{}~t }
tw{wuv|
xywuzzxtv{} 
||vw{ xztyuuw|uuv}t|w|}uvu
vvu{u~uw{v {tzz|zttzx}z|w~~zz{t||uxw}|{wzw{ yx~v|~w|xwxy vxxy~{uyz{y} zv {   }
txyw v|t~v| zv{ }xuwwvz~tx}zx
y|zzyxzxz|zy|y |~|xyv{v
~}xzz}wy}}t vvtt}z{y~vz}zzx}t  ut{|v ~wz{||ttu}z
vyt~v|yw~~w}txyz{|{vv}y|w} x|{{vyz w{uv~w~x{xu~{ z}{wz|vuu{uvuvw~{vuuv}}}u
{uxv{ty}~ zxxuwty |uyu~yyxtvyyz~~y|zzyw|yy{tx w{u}w y
x|wv }}vuv~zuw  v{~~zxx t x
ty{{|u }y t~~w{
|xwztwxyz|tx~t}
u|x|vtwytz{v   t zuut}{zzwu|yx }
z{}v{
}uw{uw|v}  wxtzz|~zuu wuttut{z{wvzv~xytvu{{uxv zu~wzyvwtxu u{uxy}y}yyy
v}vu
||vxz~{tuyzx y}}~xz~{w~{~y}u~y
vut wt{vy{{vv w
xxttzvxzu|vwuwwzu~x|txx{xyx| |~z}{yy wzz~ww|w xuwutt~|}~yxuw~~vv
 y~{u z~~}|}uvwy|ytuz utw
 |~v}}yzxu~|yzxvxzvuy u~ z}}u{~}t}u~ xu|ywwwx{  u}  u}xvuu  vwy|w{zu{zx{v{
|zz{y{v
yv|~zy zy~}v| |t }}t ~{x|v~yzxy x~|~ {u}xu~y}uw{zy}t{v~uu~yzv| txv
t}x t|~~|~w z|vw}zty|}}uu}uy~||tx~}ux~tuy||ywz{xz~}xu{y} t{
 wy}zt{xxz{vwy|~}zxt{~||vtxwx~t~ t|y|w~~zw y~{tyz|~
uu|
{ wz}z|y tx  ux}xw|yz ~u~u{ x~}w~}ww}~ztvxw~x~{txx {}xxw | u}|
v~v{{~zuxw v{x~ uv yxyw v|~y}uvwzy xtv|~ t~} xt ~twt{{vtuxuyx uxyut{~ uwt w} ~{}yu|~yyzx
y}t}vy~vw|}yy|z|ztuz{tzxxtwwutzw|}xy}~ytz~|uvz|{{{ vwzz}t ~|xxt
~|tzu}uzv{xuuzy{~zyvw|ty~w utuv|u}vwy xt vyu
{t}yvx~~z{{| y |wy}tw|yz|u yuv~~{|| tw uyy
 z{|xxyuvtuvyt ~zvzv|~}zxt}xv|}
~ yww~v|{x~{u}v wu
~vuu}xwx}y|}x {yvx{|u
t~}~}wx
ttvw}tyy|} uuvzy{v|u w~ y {z{tvyx{}zz}|ttxtt{w}y~ v{xv|uwxy }{
z~{u|xzu| wx~v~wwvu}
{{|y}tv{wx|yy~wxt|y }{t
 {v}{ vvv}}|{ux~u{ {zw
|wx}|zzxztuy| vxyt~u|y}}wx }vwy|v~~}|zxw}|}z| }}~~ 
}uz}w  |v} vty z~~ |wt{w| u|vz| } {y|z u
x tzx}vv}zt}x
 |u}~|~~ }x|uz u~}}t|vv|xwvz{||wz|wv{xuyz z} {~} uxwtvyt~zw ~wyv wyuu~ 
y{|vx{
t~z~yuw yyu}xyxxvxt{yx }vxz}t y yux}} uu}tw{yy{|{| xz}wyx {uv w}vvzyv}uyyw
wyxxut~wtx|zzuy{}vu~|vwvz
} |z{w}uuw|v
~u~t~z|wuuvuz~uwt  ~}~uwuvxz{|} v{y~|y
}y{~twytw{~~y ~zvzyt}xzw|tv~uu w~{z|vz v} u{y}
vuv{}vw~tz}u{v zxv wzwu~  y~v|v~{|x}zuyw {yx y{z|zyt|{ |yxz x~yx~uuxzy~|z{v|
w}zyyv|{u |u~v{|~xt|txux} wx~ x{xz|{|v{{y}~} xzwtzw{{~tt|t~{u }zx{z}wu~ x~y} xwux|u|tx
u|wyuy {y~~y| yvvxx|w|z}xy |v y{~v x~x z{~ wwttvyw |zz z~|vuvtvtzyw}
}w }zu v|y{|wx}~tx {yxzxyv{uvutzu}y|wtzxuyw{zvx{zv{|tvvwz  {{u}
u|~tzx {zuvw{tw{xw}ywx}|u{{wzt~}y| y|~|}w}uuw}tx~}wxyuu~{wyy
wuzwy~xx|
tzxv~|{}t}~x~z~ vwz{ u~ttzvut}wv~}~y|xz w~uttyux{t~v}yz}uu wy}v y x}~{yxwv
|~~{ty~xxvv} {tuv~~~xzzy~{yzxz|v }| uv|~vx yy}wwtt{v{|x yy{uu }t}ut|v
|~|uv|zx yu|w ~z|{} u}u y}w~u{ wxtuw| vw{v wv|}|wx|||zw yuywv|u
yzw|xyvuz}~
yytv|w{~{|}~v{zt~|{tu |~vut|y~}z vwvy{ }z w|~vyzuww}|t }y}}y||t~zu }|z }yzy}x zxyzx|}
}}
wxwyy{y w}v|vyw}v}~ytzzt ywu zyywxuzu|{u z|yu~uxwx~ |xu{~uz}
w~}uzu vwyu
t{vvyu~{~}u| {u}vuv}}~z~wv{w|{v|w~uw }~vuy|{y y{| uz|tyv~{}zu}}x {~{v
uz{uy|zt}ttxz{t{v~w
tzw ut|u~vvxytw|zx|~xv
vuvwyuyu
}z}t uu~{~vzu{||{u~t | zvw{|vv|u~x}}}y}uyx~yvuwvz{ztwtt~
 }v~xux}||xx }u ~v ~t|ux  vutwtu}vvzuv~ u{}yt~|wzwx |uv|zvuxuv u
 tvuutwx{w{xx{tvvxyvzyt}vvx~zvutvv{vt~u{|xz}t~wu{y |x
xwvt}{~v|
w~ }~}xzuv tvx{v zy~{t|w|{}~xu|{}uwx{w vzztzyxz~wz{y|xxx~xuv }z|vvy{t{{x|w ~tytv{
xwt}wwy~twv{ztu~}zzxywzxyxt}}vyvx{wutxzu|~~xzt~uyyyy~yttyvtu{wtv}t~wwwvvwxt
tzy  yuu z w{yv{~z|z{} || t~zyt}~v}{yv|~yv~|}}yvvy~| zuwu{u w
|u~xtxw~~txuv}x~ztwyw}ut~ ~~}w}{} u  ~  ~t{}}x} |vuutuxy{}~yv}
yut{|x}|uu  t|yuyvu|wuw|xvx|{y}}u 
ww}} ~y~zyt{z{  yyuuw~ vyu{|y}~|v{xvx{{twxv ~
wut~u{zwzwxvz~~{{||wwyxz|~{v x vtxxzw~t~z }tytzu
 xzvwx|zv~vv|vz{{|zy~v{}xzu~wvw~wxtyx|| zxzw}uu  y~{u
uzt}zut ~u|xxv}}{u|~vt~yw}~yxxw}w|}w vwyyxuwz| ~v{zyt}zvt|z|~zt~{y z|~yv u|vu~v
|yv~vxxvvwy{~u~uxwyyw|uyywv}y~twx|wzvu|{yy}} uwzw|}vt 
 tt|wtyv{wttt}}{~wv{~wu|yyv|ttu tx| v~x }}yxu} wu}w~uuv{~|}u{wwywyxx~y{x{||wv
x}t|~tu}}  uu}y
vztyy~xtvxv}{}~yttz~~ uyxy|wwu}{|}z|y ~{}u}vwyw  x{v~tz
{{z|z~|~~z|~uwvt{y}wux|yu}w~~|{z{yzt 
wvytxx|uxtv{yywzxw{t~}ywz
zyu{|y {wxxyuvww  yuw {v~{vz|z wzy{~
y|~~xt{yz uvy{ }}y~}tvzyvxz~}~twzux}ytzvzxy~~{}zz
~~t{z }|y}y{vuv}x~ vxvz{ u}y{vuzvw vzuuvtvy{~}t t
} y}}xw|yu uxyvv{wxxvuxx| }~ut~z}uwy~w}|}xtyv}uvuty
~xvzz|u vyyz~z}tv}x zztz~ {v{u wz~tu wz|z~u{|~|xv~x{|uvxz| {{txv||tt w{ tx|y|t ty
zt}u|vxvwuy ~{{zxw{|{vytu~w~{}w z|
x{|wy{{y}u uu
