
znkwk
kjm}€tkjqw€l|s|jxqnzvt€‚|~ƒƒ|svkƒ||ozm{vsr€nuutvoym{wu
u|jrs{zr{}uty~mojsvyƒm}z€ww xw}jt}qxs|~u|{{nv|ƒkps‚wu}z€jms}x{ptslƒrk€lku lujjpsosro~tsz|uusw~qrz mqlonwk
u€ƒo jwq}ykmx l{}mykqvyt‚t~zj~€~p rwx}ƒu‚x{v{‚rm‚lqƒxt}yqorm}onoƒkyootyxr{~ ql|m~j‚|wn€ozuot{vƒt|qvuvvr|}}szmmpxslmypmryys wƒv}n‚y‚ort€x{l ‚psjyxzkqxto{  
u‚lr|uƒy€tsln~~kn‚mtoxwtoqvwupp{jyvtƒvykt~xxju n~pr kqvqxt‚}o{nsxnw~z}l|qntolwyrrwn€xsxy}ztpv
xqtloyqw‚€q{lqpzkswlƒ|jxƒj €u€€‚l
}ƒjtsstkkkp}v~|k‚‚pnyx mtm{l‚€utuƒuo|mlnt€skƒxptuo~u{myoup~ypt|{j{smopzsuqzkuvon}ln‚€ƒx €€‚sp~xwƒ vtwwjo€u mxmr{qorsƒ|vjxs ‚opm|ƒlvypmt|nmq‚om‚t€{mpmopzwxy‚pwnx}ursj‚ƒm vtlk|
|owwmssxx€{s‚lmjmƒ{vooƒtk|qjw}}rnllkm€rmƒq }xu qor|sqpt|mxowm|€okyz‚{xl{xkkjqxxqmuxj qx lkr{oqoozru‚tyl{xnotjpy‚jjj€|q‚yzjvru|w rtxsrw}l€syk uysllovs{
jkl muj‚qtv{kq€{uqrvxtqƒnnlmm€p€|snpup{llxmorrjktpwv{nkmpwrr|mq‚vnu}jwumsxwruw€n€wjk~}w{xvnƒ‚s€w‚t||xmkƒxtklrj{wƒqurl}n €ytw€|‚ƒmnƒwmv€tlj{ulnƒ kƒosksmy‚oqzku~zoj t{u‚kw|
u€qw swt€owvu‚ƒuvzu
q yntj‚jxkwz~tyvƒtlosq
jx|jy{uly}€slns~jtoznqƒss‚ƒs}mj~u{u€ƒz||ou‚xzpqy}zƒ}prvlxz€wlwqo}kw‚ xpms~l}unwƒƒntnxjmx€svy|r qkxuw€znojs
lnvqz ‚kpqrvn}€}lnus‚sjooqlƒx{p{}~z{‚k{~txr€y€sqp}k~|yz{zz‚nƒq~|lmt€xryortt
vzmu€mƒƒ‚ymm}mxnx{yqsnowlvn}€q}wkzyw‚|wwmrv€ƒw‚m{rq}oxvzox{yx{ xy‚znwumuunzy€rnol~qxv‚l|€y|tsrwzj€
z€qz|szs j}z|wƒj|tz|jr‚{‚k‚‚ƒwƒlz‚wƒ|kvo uvsƒprooyu} xwr u ƒp~|rkp|mqkxj
jk{nkmjnuum‚k|zpvvz |ku ow€l~lvƒzy€tƒpwku{vkwqnlz}ytjrkxjzwqjƒ|jƒ~u}y ulv o{ ln| m|ƒlyrjvqq~vrlzrzvknx‚}slss}wuyqz{ }m}npy~rjju€m}s~l €qrjnwqtojuur{ xuz€
osu|ty|q€jokmzuv‚ }otrut|plu npr€ppzovru‚w ~up|smztkvmsovzyo{p| ‚ks}rt
n|rm|quwx‚ q|yns‚lr€t{}mmstwklo}sosƒspqs‚‚nl€vnwpuov|}wk{nzƒky€‚r{xjq{ƒ‚‚uvt‚jnk|uprp}€j‚mt}qoƒrx|n€opu |€}nnw{nwtpzswt‚jl}x}ƒw|wpu| r |xqurrsvt{|€€qƒmuu‚ujz{jqq~~ljv‚xk qrv
ƒp€tlwt~v€x~{z|srq pmx }}rƒ€wnnr}€~mqmxm}€ƒ€}rtulqjxlx{q‚xuq~€ƒqrmquypy‚€wxpj~ytƒ‚wy
wq}‚lrtopnm}svwpukzw€rx{kƒmqxr~xƒtjƒƒ}ƒ~ktk‚s |p€q  n|€ƒztnzju~|€ysxw{r~nqqo tjr{um
pwolqn€v{|{mk| jqnm{xqnw~m~~nrp‚jrtrƒr~|n|‚llut€pokrj‚ktp~rnls}€jsvtrq j{onlyv€j~‚wotxƒ}zpƒylqs€ls}mo~p€qwnyx€{o~xz |}qopqmm‚u}unlnxl~ƒ‚~w~
stƒvrunl{€ƒ‚jsqnxsr}ypln lt€jvqjr{q
zwƒrkpk| t}yuljnjjru‚nqmwpowjnxqs{qss€myuptyuz~x|xsnkjz}zn}s jx
y ‚svouw roqty|klƒrxo mxn‚mpwt|wj€kv~lwurovsxv~muqxu  {}rj€‚xo~kwx}~mtoyr plon ~{youl~qv~jsw}x‚ }ll{zumƒxƒ} pjm€q‚ƒ|~t‚mwzokjxzjo t€jyj~l‚~ƒmrps u~py{‚l€€qyzus{p€{zu‚} ‚jpwx€prvss{|yw o‚}z
{}nuƒƒjlxu|q|ok}€yzw‚oww}|vu€suuvss€zz€r€‚{m}~k{szpwu{ |ruqj‚}pyv€~lwpn~ qjxxl€{}zuqm
u€p~{n‚{xojsm‚llv‚o€x m{mw~q‚qjlro k~|zq}vurm|ktm m~yppl‚r}tury}qy uswxpn{{y€~‚~z}€‚lj}yn‚s}|rxus{zspzmxq‚rqyj{y~mktƒl€uyjpyj{lsy‚rw{ |q{zswjmno|
xvmmuxoryxllqrssuus}y‚~ rqn{xw~v{u€kqo~ƒw|xntkytmq|~vƒol€rr€ktr€wrrx{zuy}sv{ly p
qwplvnn €mqtuo|m€wmtƒ|ƒ}~€j ~pq‚sqotqz|n ‚|r{t€~ lpr ko ƒy{jyp{€trtxxut vvrwklx{u{zykuwwp{kn
o|ls€wy‚{kz vzw|ms‚q|lq}s}}€ ‚plƒ|x‚ujvrmuxtuyt€wojp‚p}}
{‚€ztksxjl{lx€tunlsuk‚~yywlnqysz€ƒu€yqvls‚rnqyltz‚uvztƒo€t}yoojmt{sklo~nƒ€wqv|lo€x‚us}v|ojum€}tottonpsjp~€ƒ ƒosƒ€qyupuyt|wpsnwvozxvzkrzx}np|~€ rj}vqmzyƒƒx‚
swukrkm|uzjnonxvsrpkp rmpry‚k‚}nt~y}€|ws€kuj}€vs{mjoƒs~}ox}kkwy}l€x€o€kzp uj€{pnoƒl‚krq|ƒu lm€k~l|mo‚vkyxj‚zlor‚yƒowun‚p} €y€rll|
yu‚ƒons|nmyypsk€ookl}€~opxu~txxl j{osls‚qrm|  ƒvr}qytrmtswwmvjtwkoƒwnjƒ~‚rrjjp{zv€z vj {mxu€qnm|ƒ vtvy{}stm~ nv
p‚xstnvrnjm€{rlum~wvyojpovkjmwv uxj}€{{wqkw|rxz~|€pkl|jsuqxuwpyw|€tqtu€uvvƒ{~ {{uvrll ly‚pxzl~‚s~z l‚s} orwj}pwsw|‚}wu{u€ptljmxzvwslr}j|q~‚w|xqzƒjm{{k
y~q{wjrkmqou ‚yr|n|lwm|l ƒynzƒz{y~yprwkmyp€ƒwjzv€s€l{|vz ywwnkm{onyjonxn~lu}nxzymq€p€y jlyx‚lq rƒsq|r€yq~|yq ‚ykjtxkyx zstj€m svqlsv rw€l€k{rk€mnƒ}vknxw|j‚|j€qo~t ƒuqƒw€y
ymx sxoorn‚ztt}mxjj€rƒpmonwokmm€ƒys~~}pzkz€}yr€vy knk€xxxnr€||tvws~sxlsƒ{ƒvƒ€|jƒ{rkooo wvrswqv lm‚rsrlƒp|jppjnorn‚r j‚€xsvƒ j€l}tot€v€
rqy |}pwll‚mnnzq|l€z~uqq|lpwl‚}‚qxqq qnu}ƒkzmuo{p{o lƒvz {xszv
kv|vƒs}wrƒ{||‚u‚€q}juyuƒx|s€lwo s y}mrsn{{u|qq|‚to€€x|kwƒxs€prnqrslk€o€zllmm |}€y‚wvjpkko|zl€ksuom  {
‚prynttqy~}okzjr‚jm|€}uj€st ‚{kpk tqx{‚ykpvƒy}o{€m |
~tƒ{npvm~jwznwp€ovxu‚pzstƒ|qk~}‚t xl€}‚ |q mvztuq}~j{y|o€r ƒ‚{wrrvw‚l}zkt{lmw wuvwpwz|kƒ~jsk€‚y~suuzl{rsn lj|p‚{q~uyujp|}ov{ql{ €€{rzmz{wmyys€v~zp‚‚mo€wm
mrvsr}ƒƒpz|j~|py{u|oz~k~€‚|yƒ yvo}mjnkot}wl|rmkpwy‚sy€zpoqsmwr ƒl€ƒxx xƒwy}|ymqs omlqs u}z|ƒ wummszz|~sl ~n jpqw{€s{vp|op}y{|kqmjtmm€q os}qvyrurysƒxwl€n~tjs|}ny}zj}lrt}l€}qt {
|u~vnmƒulyvq|ƒmƒ}mpkqƒ|q{{r€tkv{vupxtyƒw ƒlƒ{n~}|ts|~r{znmqjzmrrƒz|qspry~nmuon€onq|s}tstsjspo~p }w lyzy~yvvƒ yoo‚nvlyl {uy€yntltoqs{rtz{{wt{yuzxo~~xlqt{vz}~unqn€‚ƒrv~nz~rxp
 €{oz‚~p{j{wt}l‚‚~pmzjx}kk{~k }m jzqnk~qqltx{{k {‚u|pqnj~pk u|q€qnxok€
|kj}vkwypr|x|€l~jpmoz o‚svƒ|kk€xqvuk yspxwtoojjwƒlz{lt pltv   wjx~wp‚xw
rstoqƒplzk su{o{moxt|kƒ|ry}qxqt|€jz‚wn€ }ƒopr|uƒr{ymvr‚|~kuqt{sy}tj{|v{{|pypzu{s|uwuj ƒz l ƒ}tvpjytpzypj ~zotƒxquk  vl}‚l}{jooxmƒ|xm‚nm
‚tk~~qz€qj
}
ts qwmjyzt|ssrƒw~p{{~no{mw}mrv z l |v{n~‚rut‚z{t€ƒl j|{ nskzxvƒz{smyzu|yrs| j|‚yuoj~ ‚xy{msujqu{lj zv€n‚|j}o‚jlknnmq
v€{|z{p|orwƒzwr€{k{|{t€vnko€onos}uux{oq ~‚wkq{tzl~pƒp~mnsl|ƒvq{stopuztvtuz‚}myrqƒs|wqzw{qtu‚ lvouzo|qrmyƒuzovrnwovnz€wy}zlyx|lrrztxxu‚k~uz}mj
pw€wvnnp|‚ul~l‚yj|~| ƒ{moyk {qt~uyozq||j|q|y‚xkmo{}nv{‚€jq{m€jxmqs{‚zwr‚wƒwjoyx€ry ow€‚xrpu||qvkvtkj|u}pk~qts ~v{txwoƒ€zqzxv{qrrlkmu€}kpkqxzrxpprlpswt{|j€yyt}  lvkq€
ƒuqvrz|€€rv~|lr rmr~}o‚m}j€j}u€ypn jom owxnr~lk{uxryo noƒt~yukypuoqku€yzƒlmm ‚|trkxrƒwwwƒk€€ lunƒyn}vw}€p‚|rj}‚ mƒw|~xyo}u}lw~}o}}uvv }ƒy~m}€lnyyƒ‚rpvkvm‚tzopvq}tnp€jjlxpywxljjjtr}qynrq~
zqlwpynpypyqwruj~mvk {s|u~ls q{kvnnƒwv}kw{kz‚yuvzpstunzppkosvqjƒt‚q{xlƒ{zu‚{vr}ss€k|vruv}‚ y
| px~  mslpu‚sv t|m qo€u{mymzsp{vmvmvuow {jz€|xyr}{€j‚p}wxovyj~r|~m}~wxu x}||~t|{mzzmstzn|zxst€€|urkqpkq{‚~{n
noux‚
pzvp{njstv
|{}tvj|| ntxƒyuul|p‚ƒt}k€}kr‚}tnlo{pysxqypwrkyy lw~q|kƒ { pl‚yt~zv‚v~{{lq jƒ€uwn€mƒj€noxq{ |ƒm{rk‚q}y~xow}sqv|x€}‚~€opuk{vom mmxj€kpƒuzjupp~|||jmlorq ƒ uvjrƒjzq
kpooyns‚p~~tk~trn}uovzow}mnwkx}~}o€s{wq{k‚oq~}wkzwo{jxsl~‚ƒrƒznsx wƒlpyw zp|{vrw|l~€q~}|x}x{myq |k€p px€|uy kƒƒ{v|~xvnqv€qs p~js~rrsk
r lƒ ~m‚‚vnkytuxtjj{|n{op€votss{q~‚p |~lƒzzt wz~}un€pv~}sr lxspzznƒ pomk}r~pyj~jzm}}v}|{ pywnluxwƒƒpwytqk{|~vkosr{pqszxtjxnuksqsmyrxƒ|pty}xxxnjmp{umqoz}k
l€ƒ ytp  l€yyv‚lsptsxzokp‚ƒynkwm}‚k}qtƒƒtnz ty}rsqp‚oxjsvs{uyn}yl r
‚ƒ}uk‚mjmt} r}ztwl r{~}{rv}xl{m{oxp‚pm}uzjqwzy‚}€‚owwqr {tspkrs€yl€{nsu~€qmzrxv|puƒm‚pjlu~q‚l wjltly|‚‚zyƒzoƒws€qwrslw}lskk {l{zr~}lt
ut|nj |n~{ oopx{zmwn€l}ovuuzƒ kowp~qmw~z~n‚zkuqw{tqoywoztusplom{u~pvns~|txvl}ult‚‚ƒu‚}ps{lyojtptx}ƒ
v|wlvnoƒk ~sjlrru€o€zkt{ym|zt€pnnor}~t~}|€sjtjoypq{nn}m€rn|{ƒo{{| lwpyl‚z t}zy|o ~{k }z€lll€t}x{€|q vvkt lw~r‚rk‚slupk~qpry€url~ƒj€mww|zjoƒs
‚
myvpxxvllnƒzqzp nj‚|
