4
8
18
6
4
8
12
18
4
8
2
2
12
2
12
4
4
4
4
12
12
2
2
4
8
12
10
16
16
21
4
4
4
4
4
4
4
2
8
8
4
4
4
8
16
12
12
6
16
2
4
6
4
2
12
4
4
6
18
2
8
2
6
2
4
6
18
8
6
4
16
4
2
2
4
4
4
4
6
16
8
18
4
6
4
2
12
2
4
8
8
4
4
12
6
8
6
4
4
4
8
12
2
2
2
4
8
12
12
16
2
24
24
8
8
12
18
8
6
8
2
6
4
2
6
6
4
20
2
4
8
4
4
2
4
24
4
8
16
6
12
12
9
6
4
4
4
8
2
2
4
8
6
8
18
16
2
20
4
6
8
4
12
16
4
12
2
4
12
4
2
15
2
4
8
16
8
4
14
4
4
8
2
6
8
6
6
4
14
4
4
6
8
12
6
4
12
2
12
2
2
2
2
8
8
4
6
8
16
12
2
2
2
20
8
8
2
12
16
8
6
2
4
8
2
6
2
2
2
2
2
8
6
4
8
4
4
16
2
2
16
8
8
4
2
8
9
20
2
4
6
4
8
8
6
12
2
2
8
12
12
8
8
2
8
4
12
2
4
2
12
2
12
6
16
8
8
8
6
12
4
12
4
8
12
20
4
4
18
4
4
12
4
4
8
2
18
2
8
15
