12
6
4
2
3
2
4
8
2
4
4
4
12
4
2
4
6
4
4
4
6
4
6
8
6
12
4
4
2
6
12
10
4
2
2
8
8
12
6
4
2
4
24
6
8
2
2
4
6
4
14
10
12
12
8
2
8
6
4
8
4
4
4
4
4
6
8
8
2
15
3
10
8
4
2
4
4
18
2
2
4
6
4
4
8
10
9
2
4
6
8
4
2
4
6
2
4
4
8
4
8
4
8
4
2
8
4
8
6
12
8
2
14
6
2
10
4
12
4
8
8
8
4
4
2
2
24
2
8
18
8
6
2
2
8
4
4
6
4
4
9
8
20
2
8
2
2
24
8
3
6
2
8
4
6
2
6
2
8
8
4
2
4
4
6
16
4
6
12
18
18
12
8
6
2
2
2
6
16
8
4
8
8
6
12
9
6
6
8
8
6
8
4
2
4
4
6
8
4
12
8
6
2
12
2
12
9
4
8
24
8
4
8
8
2
4
8
2
7
4
8
16
8
16
2
2
2
8
4
2
4
12
8
6
6
16
6
4
4
2
2
6
10
24
8
8
10
2
4
12
4
4
8
8
4
2
12
12
8
2
20
6
8
4
4
6
6
16
8
6
6
8
4
4
8
4
6
4
4
2
2
2
5
2
4
2
4
8
16
2
2
4
12
2
6
2
16
6
6
24
16
16
8
16
14
12
4
6
18
16
15
4
4
16
6
2
4
2
2
4
4
8
8
8
2
2
4
8
12
4
4
8
8
2
6
8
2
4
8
12
12
6
2
12
12
2
2
4
4
6
2
8
4
4
4
4
4
6
4
2
6
2
4
4
8
4
16
16
6
4
4
8
6
4
4
4
2
16
6
4
4
6
6
8
2
4
16
6
8
4
2
4
4
16
8
2
4
6
4
2
16
6
12
8
4
4
2
2
4
2
2
4
9
6
4
8
4
8
2
24
4
12
24
4
10
4
8
1
4
4
4
12
12
16
4
8
4
6
8
2
6
2
4
12
4
4
4
6
16
12
4
2
8
4
2
16
4
4
2
8
2
20
4
8
8
4
6
2
18
4
16
8
6
2
4
6
12
2
8
8
12
12
12
16
8
3
8
18
2
4
4
4
8
2
4
12
8
4
6
6
8
8
4
8
2
4
16
2
4
4
4
6
4
8
4
2
4
2
2
4
12
4
24
4
4
4
12
8
4
4
2
2
10
2
4
6
2
8
20
9
8
4
4
12
18
12
8
2
12
8
4
6
8
8
4
6
2
4
4
4
3
12
16
16
4
4
8
4
3
4
3
2
2
2
6
18
10
4
8
4
6
16
16
12
10
6
12
4
8
12
8
8
8
2
24
12
12
4
2
10
16
2
6
6
3
2
8
18
4
12
4
8
6
8
20
8
4
4
4
10
20
2
4
16
2
10
4
2
6
4
4
8
8
2
4
4
14
8
12
8
4
2
12
8
4
4
24
16
6
12
2
2
8
12
4
6
8
4
8
27
4
18
4
8
2
12
8
4
2
4
16
8
8
8
9
20
4
4
16
8
4
2
4
2
24
2
4
4
8
8
12
5
12
4
2
8
2
4
2
4
2
4
8
4
16
2
8
9
4
2
4
2
6
12
6
24
2
4
6
4
4
4
15
8
8
18
12
4
4
16
4
4
4
8
16
8
2
7
2
2
12
8
6
2
12
4
2
8
14
12
8
3
9
2
8
9
4
4
12
12
4
2
2
6
12
4
4
6
8
9
2
16
4
2
9
8
12
2
2
16
8
9
2
4
2
8
12
4
4
9
5
4
2
4
8
8
4
9
6
2
