4
4
4
2
16
4
10
8
4
4
4
2
14
6
2
8
2
4
4
8
4
8
12
4
6
6
4
4
8
12
4
4
8
4
2
4
8
4
6
24
5
6
6
8
4
8
12
8
12
4
2
4
8
4
2
3
4
12
6
4
16
4
8
10
20
16
6
4
4
4
6
4
2
16
3
4
12
8
2
8
4
18
6
12
6
2
4
5
4
8
4
6
2
16
4
4
24
4
2
8
12
3
8
16
6
8
4
4
4
4
8
24
16
12
4
12
2
3
9
6
4
8
4
4
2
16
4
4
4
6
2
4
4
4
2
6
12
4
2
8
4
2
6
6
8
2
16
2
4
3
4
2
8
4
12
12
8
8
8
8
2
4
16
12
18
8
12
2
16
6
12
20
8
8
2
2
24
2
8
4
16
2
12
2
4
16
8
16
4
4
4
8
6
2
18
6
6
12
8
10
4
10
2
4
2
8
6
4
4
6
8
16
8
2
6
4
9
4
4
8
4
2
8
6
4
4
8
6
2
4
4
4
20
4
12
4
12
2
4
4
4
16
4
8
4
6
4
4
2
2
4
8
8
8
7
8
4
2
6
4
6
24
24
15
4
12
4
4
6
27
2
8
10
4
6
4
4
3
2
6
2
4
2
4
4
4
9
2
6
4
4
2
8
2
2
12
4
4
4
6
4
12
2
4
4
4
12
6
8
4
12
4
15
8
4
8
2
8
16
8
2
8
4
2
24
10
4
24
6
2
2
4
4
4
8
2
4
4
4
6
12
6
2
8
8
2
20
2
4
12
4
4
15
8
4
6
4
6
8
8
20
8
12
2
12
16
8
4
8
2
2
2
6
4
8
8
4
2
2
16
18
4
2
6
8
16
8
4
16
4
8
8
4
2
16
2
18
2
4
8
9
4
2
2
2
4
16
10
10
18
4
8
4
12
6
2
2
12
4
4
4
4
8
8
10
8
4
4
2
8
8
2
16
4
6
6
2
4
2
12
8
6
4
4
6
10
6
2
12
4
4
4
12
16
4
6
4
2
8
8
6
9
6
4
2
8
8
4
8
4
2
20
4
4
10
4
2
4
24
12
9
8
4
10
6
4
8
2
8
4
4
6
4
6
8
4
2
2
8
12
2
2
4
8
8
4
8
10
18
4
4
4
4
4
8
2
8
2
2
4
4
2
2
8
6
18
4
28
8
20
6
8
6
4
16
4
4
16
6
2
4
4
12
2
8
8
8
4
12
2
10
10
14
8
24
6
4
4
4
2
6
4
4
2
4
16
12
2
8
2
4
2
8
12
8
12
24
4
2
2
6
2
4
6
8
4
6
8
18
6
4
8
4
2
20
2
10
2
4
9
