2
10
10
6
2
8
4
6
12
8
2
16
3
8
4
2
4
8
4
6
4
8
8
12
2
2
4
4
8
2
8
12
4
4
4
4
4
4
4
2
4
4
8
4
4
2
6
4
2
8
4
12
4
4
4
8
10
4
4
2
4
2
4
3
4
4
3
15
16
2
4
4
6
8
6
4
6
4
8
18
16
6
2
4
2
8
8
16
9
18
4
4
10
4
8
4
12
4
8
4
4
8
4
14
4
6
24
12
8
6
4
8
8
24
4
8
6
4
4
18
20
6
12
8
24
16
4
24
4
2
8
16
18
2
8
4
16
6
30
4
8
12
6
4
2
1
6
4
2
2
6
2
2
12
4
2
4
12
2
6
12
4
2
8
8
16
4
18
12
2
16
2
20
2
8
8
12
4
4
8
2
4
8
4
2
12
6
8
4
16
6
16
12
6
4
4
4
8
8
16
4
6
6
12
8
12
12
6
12
2
2
16
4
6
8
2
8
8
6
8
9
8
6
8
8
4
4
2
8
16
20
8
3
2
4
16
4
16
8
8
16
6
4
16
10
7
4
2
4
2
16
6
2
12
15
7
16
8
8
8
16
2
2
12
2
4
6
10
4
4
4
8
2
4
4
12
4
6
4
4
8
2
4
4
2
4
8
2
4
8
6
24
4
2
24
12
12
4
4
4
2
8
4
8
8
6
2
6
8
4
10
8
8
2
16
2
16
2
6
4
10
2
8
6
2
12
4
8
4
4
4
6
2
9
6
2
2
6
15
16
4
8
12
8
16
2
12
6
8
6
8
24
6
12
12
8
6
8
2
12
8
3
4
6
18
8
12
4
24
4
2
4
6
2
2
20
16
2
4
4
4
8
4
8
12
8
6
6
4
4
8
4
8
16
8
4
6
4
8
2
8
2
24
18
4
16
4
2
2
12
8
4
4
2
4
24
6
8
6
2
6
8
2
2
12
2
6
2
4
4
12
4
4
4
8
4
18
2
4
6
4
4
16
12
2
12
12
8
14
16
12
12
2
16
8
6
4
6
2
4
4
4
16
6
12
6
8
4
12
8
2
16
4
12
18
2
4
4
6
4
8
8
6
8
2
8
6
8
6
4
4
2
8
8
6
8
4
8
6
4
24
16
2
2
4
6
12
8
16
6
8
12
4
2
6
6
16
2
4
8
4
10
3
8
4
20
6
2
8
3
8
8
4
6
4
4
4
4
4
8
24
10
8
2
4
2
16
6
6
2
10
2
2
2
2
8
2
2
8
2
9
6
24
4
4
8
12
4
4
8
8
10
2
20
8
12
4
24
2
4
12
6
4
4
2
2
4
4
6
2
4
6
10
2
8
6
4
4
8
16
4
9
8
4
20
8
16
4
4
10
4
2
2
16
2
8
4
6
10
4
12
4
4
2
4
4
8
16
6
2
4
8
4
12
4
16
18
8
6
8
4
4
2
2
4
8
8
4
4
16
12
16
8
4
2
20
2
6
3
8
8
4
8
8
2
8
18
20
12
12
4
10
4
6
4
6
4
10
20
12
8
12
16
27
2
12
18
8
4
2
2
2
4
4
4
2
4
8
4
8
