25106635
25379310
24964891
25427155
24581595
24814276
25337915
24944871
24801994
24778497
24776184
24574266
25169627
24733712
24854321
25080137
24497210
24588410
25463734
25117440
25263415
24953896
24649724
25178312
24803612
25274071
24840359
24840207
24664571
24852713
24903160
24736962
24960557
24810413
24522625
25029819
25078503
24642730
24896157
25109525
25025281
24917325
24602882
24531700
24945433
24702506
24579417
25071648
25183906
25155950
25474238
24641109
24659785
25385289
24907228
24499537
25041630
25356947
24587207
25443323
24962688
25070212
24692249
25123739
24481110
24774440
24549669
25127586
25489492
24690448
25086249
24985062
25038708
25195219
24996648
24983301
25157774
25101958
24938997
25612700
24768543
24811695
24594899
24684580
24981596
24916613
24706708
25430883
25038117
24908840
25006257
24745521
25425168
25144138
25081903
24986820
25286590
25206587
25011330
24835804
