24839451
24875558
24973702
24870373
24658623
25029936
25310718
25222800
24820526
25020893
25179959
24759451
24857087
25133027
25133569
25055171
24734277
24976356
24807525
25233641
25347985
24576221
24757674
25133111
25245276
24709662
24723194
24655578
24993848
24804700
25060744
24727257
24853899
24718914
25316633
24962247
24531823
25429328
24957602
25024244
25286925
25147535
24966659
24974817
25364265
25171421
25272871
24739465
25339104
24894784
24651207
25150928
24834263
24995330
25543368
24718394
24708981
24914661
24833076
25199085
25238249
24996475
24977081
25031974
25290030
25010349
24905478
24871404
24752532
24806335
24845904
24853887
25324709
25014916
25062199
24936647
25104512
25061896
24953816
24975577
