4034
17 290473
19 290471
43 290447
47 290443
61 290429
71 290419
97 290393
107 290383
131 290359
139 290351
163 290327
173 290317
241 290249
257 290233
271 290219
281 290209
307 290183
349 290141
353 290137
383 290107
433 290057
443 290047
449 290041
457 290033
463 290027
467 290023
479 290011
491 289999
503 289987
523 289967
593 289897
601 289889
619 289871
631 289859
643 289847
647 289843
653 289837
701 289789
719 289771
727 289763
757 289733
769 289721
773 289717
821 289669
853 289637
883 289607
887 289603
947 289543
1013 289477
1021 289469
1051 289439
1093 289397
1109 289381
1129 289361
1171 289319
1181 289309
1193 289297
1217 289273
1237 289253
1249 289241
1277 289213
1297 289193
1301 289189
1319 289171
1321 289169
1361 289129
1381 289109
1423 289067
1427 289063
1451 289039
1459 289031
1471 289019
1489 289001
1493 288997
1499 288991
1511 288979
1543 288947
1559 288931
1583 288907
1613 288877
1637 288853
1657 288833
1667 288823
1723 288767
1759 288731
1801 288689
1811 288679
1907 288583
1913 288577
1931 288559
1951 288539
1997 288493
2029 288461
2063 288427
2087 288403
2129 288361
2131 288359
2141 288349
2207 288283
2243 288247
2281 288209
2287 288203
2309 288181
2311 288179
2381 288109
2437 288053
2441 288049
2467 288023
2551 287939
2557 287933
2617 287873
2633 287857
2677 287813
2689 287801
2707 287783
2789 287701
2801 287689
2819 287671
2861 287629
2879 287611
2953 287537
2999 287491
3041 287449
3163 287327
3169 287321
3209 287281
3221 287269
3251 287239
3253 287237
3257 287233
3271 287219
3299 287191
3323 287167
3331 287159
3373 287117
3391 287099
3433 287057
3491 286999
3517 286973
3617 286873
3631 286859
3659 286831
3677 286813
3701 286789
3719 286771
3727 286763
3739 286751
3769 286721
3779 286711
3793 286697
3803 286687
3877 286613
3881 286609
3943 286547
3947 286543
4003 286487
4007 286483
4013 286477
4021 286469
4079 286411
4093 286397
4157 286333
4201 286289
4241 286249
4327 286163
4441 286049
4447 286043
4481 286009
4493 285997
4507 285983
4513 285977
4649 285841
4651 285839
4663 285827
4723 285767
4733 285757
4759 285731
4783 285707
4793 285697
4817 285673
4861 285629
4877 285613
4931 285559
4933 285557
4937 285553
4951 285539
4957 285533
4969 285521
4973 285517
4993 285497
5021 285469
5039 285451
5113 285377
5147 285343
5189 285301
5209 285281
5351 285139
5399 285091
5419 285071
5441 285049
5483 285007
5501 284989
5521 284969
5563 284927
5573 284917
5591 284899
5651 284839
5657 284833
5659 284831
5683 284807
5741 284749
5743 284747
5749 284741
5783 284707
5801 284689
5839 284651
5857 284633
5867 284623
5897 284593
5903 284587
5939 284551
5981 284509
6007 284483
6043 284447
6067 284423
6113 284377
6121 284369
6133 284357
6197 284293
6221 284269
6229 284261
6247 284243
6257 284233
6263 284227
6299 284191
6317 284173
6329 284161
6337 284153
6359 284131
6361 284129
6373 284117
6379 284111
6397 284093
6449 284041
6529 283961
6553 283937
6581 283909
6653 283837
6659 283831
6673 283817
6691 283799
6719 283771
6793 283697
6803 283687
6883 283607
6907 283583
6911 283579
6917 283573
6949 283541
6971 283519
7001 283489
7027 283463
7043 283447
7079 283411
7121 283369
7187 283303
7213 283277
7283 283207
7297 283193
7307 283183
7309 283181
7331 283159
7351 283139
7369 283121
7393 283097
7411 283079
7481 283009
7489 283001
7499 282991
7517 282973
7573 282917
7577 282913
7583 282907
7621 282869
7639 282851
7643 282847
7681 282809
7717 282773
7723 282767
7793 282697
7829 282661
7873 282617
7901 282589
7919 282571
7927 282563
8009 282481
8081 282409
8101 282389
8179 282311
8191 282299
8209 282281
8237 282253
8269 282221
8363 282127
8387 282103
8389 282101
8419 282071
8431 282059
8501 281989
8543 281947
8563 281927
8597 281893
8623 281867
8641 281849
8693 281797
8699 281791
8707 281783
8713 281777
8753 281737
8807 281683
8821 281669
8837 281653
8839 281651
8849 281641
8863 281627
8867 281623
8933 281557
8941 281549
8951 281539
8963 281527
9059 281431
9067 281423
9109 281381
9127 281363
9133 281357
9137 281353
9151 281339
9173 281317
9199 281291
9239 281251
9241 281249
9257 281233
9283 281207
9323 281167
9337 281153
9421 281069
9437 281053
9467 281023
9511 280979
9533 280957
9551 280939
9619 280871
9631 280859
9679 280811
9719 280771
9721 280769
9739 280751
9787 280703
9791 280699
9817 280673
9851 280639
9883 280607
9887 280603
9901 280589
9907 280583
9929 280561
9941 280549
9949 280541
10039 280451
10079 280411
10139 280351
10151 280339
10163 280327
10169 280321
10193 280297
10247 280243
10267 280223
10271 280219
10303 280187
10369 280121
10391 280099
10429 280061
10453 280037
10459 280031
10477 280013
10499 279991
10513 279977
10607 279883
10627 279863
10667 279823
10711 279779
10723 279767
10729 279761
10739 279751
10781 279709
10831 279659
10853 279637
10883 279607
10937 279553
10939 279551
10949 279541
10979 279511
11047 279443
11059 279431
11069 279421
11083 279407
11093 279397
11161 279329
11173 279317
11279 279211
11287 279203
11311 279179
11317 279173
11353 279137
11369 279121
11443 279047
11467 279023
11483 279007
11489 279001
11579 278911
11587 278903
11677 278813
11681 278809
11689 278801
11789 278701
11801 278689
11839 278651
11863 278627
11867 278623
11909 278581
11927 278563
11933 278557
11941 278549
11987 278503
12011 278479
12097 278393
12143 278347
12161 278329
12211 278279
12253 278237
12263 278227
12281 278209
12343 278147
12347 278143
12379 278111
12473 278017
12491 277999
12497 277993
12601 277889
12697 277793
12703 277787
12739 277751
12743 277747
12799 277691
12853 277637
12889 277601
12893 277597
12911 277579
12923 277567
12941 277549
12959 277531
13007 277483
13063 277427
13127 277363
13159 277331
13217 277273
13229 277261
13259 277231
13267 277223
13313 277177
13327 277163
13417 277073
13469 277021
13487 277003
13513 276977
13537 276953
13669 276821
13709 276781
13711 276779
13723 276767
13751 276739
13901 276589
13903 276587
13933 276557
13963 276527
14029 276461
14051 276439
14143 276347
14153 276337
14197 276293
14243 276247
14251 276239
14281 276209
14303 276187
14407 276083
14411 276079
14447 276043
14449 276041
14479 276011
14503 275987
14549 275941
14551 275939
14561 275929
14593 275897
14653 275837
14717 275773
14723 275767
14771 275719
14779 275711
14813 275677
14821 275669
14867 275623
14891 275599
14897 275593
14947 275543
14969 275521
15031 275459
15091 275399
15101 275389
15227 275263
15263 275227
15289 275201
15307 275183
15329 275161
15331 275159
15359 275131
15361 275129
15443 275047
15451 275039
15497 274993
15559 274931
15581 274909
15601 274889
15619 274871
15629 274861
15643 274847
15647 274843
15661 274829
15679 274811
15739 274751
15767 274723
15797 274693
15823 274667
15881 274609
15907 274583
15973 274517
16001 274489
16033 274457
16067 274423
16087 274403
16141 274349
16189 274301
16231 274259
16253 274237
16267 274223
16319 274171
16369 274121
16421 274069
16493 273997
16519 273971
16547 273943
16561 273929
16633 273857
16693 273797
16703 273787
16763 273727
16889 273601
16921 273569
16963 273527
16987 273503
17033 273457
17123 273367
17167 273323
17207 273283
17209 273281
17257 273233
17333 273157
17341 273149
17359 273131
17377 273113
17383 273107
17417 273073
17431 273059
17443 273047
17489 273001
17491 272999
17509 272981
17519 272971
17573 272917
17579 272911
17627 272863
17681 272809
17683 272807
17713 272777
17729 272761
17807 272683
17839 272651
17909 272581
17923 272567
17957 272533
18013 272477
18041 272449
18121 272369
18131 272359
18143 272347
18149 272341
18191 272299
18223 272267
18233 272257
18287 272203
18289 272201
18301 272189
18307 272183
18311 272179
18397 272093
18451 272039
18461 272029
18481 272009
18521 271969
18523 271967
18587 271903
18593 271897
18637 271853
18661 271829
18679 271811
18719 271771
18787 271703
18797 271693
18839 271651
18917 271573
18919 271571
18973 271517
19001 271489
19081 271409
19139 271351
19157 271333
19211 271279
19213 271277
19237 271253
19249 271241
19259 271231
19273 271217
19309 271181
19381 271109
19423 271067
19433 271057
19447 271043
19463 271027
19469 271021
19477 271013
19553 270937
19559 270931
19577 270913
19699 270791
19727 270763
19753 270737
19801 270689
19889 270601
19913 270577
19927 270563
19937 270553
19963 270527
19997 270493
20029 270461
20047 270443
20147 270343
20161 270329
20183 270307
20219 270271
20249 270241
20261 270229
20323 270167
20327 270163
20333 270157
20347 270143
20357 270133
20359 270131
20369 270121
20393 270097
20431 270059
20509 269981
20543 269947
20551 269939
20593 269897
20599 269891
20611 269879
20639 269851
20707 269783
20749 269741
20771 269719
20789 269701
20807 269683
20849 269641
20873 269617
20929 269561
20947 269543
20963 269527
21017 269473
21059 269431
21061 269429
21101 269389
21107 269383
21139 269351
21149 269341
21157 269333
21163 269327
21269 269221
21313 269177
21323 269167
21401 269089
21433 269057
21467 269023
21491 268999
21493 268997
21517 268973
21521 268969
21563 268927
21569 268921
21577 268913
21647 268843
21649 268841
21673 268817
21701 268789
21713 268777
21757 268733
21943 268547
21961 268529
21997 268493
22003 268487
22031 268459
22051 268439
22147 268343
22193 268297
22279 268211
22283 268207
22291 268199
22367 268123
22441 268049
22447 268043
22531 267959
22549 267941
22613 267877
22679 267811
22699 267791
22709 267781
22727 267763
22741 267749
22751 267739
22769 267721
22777 267713
22811 267679
22853 267637
22861 267629
22877 267613
22921 267569
22973 267517
22993 267497
23011 267479
23021 267469
23039 267451
23057 267433
23059 267431
23071 267419
23087 267403
23099 267391
23117 267373
23173 267317
23189 267301
23291 267199
23297 267193
23357 267133
23473 267017
23497 266993
23537 266953
23557 266933
23563 266927
23581 266909
23593 266897
23599 266891
23623 266867
23627 266863
23669 266821
23689 266801
23789 266701
23801 266689
23813 266677
23819 266671
23827 266663
23857 266633
23887 266603
24001 266489
24043 266447
24109 266381
24121 266369
24137 266353
24197 266293
24229 266261
24251 266239
24337 266153
24373 266117
24379 266111
24391 266099
24407 266083
24439 266051
24443 266047
24481 266009
24533 265957
24659 265831
24671 265819
24677 265813
24683 265807
24709 265781
24733 265757
24781 265709
24877 265613
24919 265571
24923 265567
24943 265547
24977 265513
24979 265511
25031 265459
25073 265417
25087 265403
25153 265337
25219 265271
25229 265261
25243 265247
25321 265169
25339 265151
25349 265141
25367 265123
25373 265117
25411 265079
25453 265037
25469 265021
25541 264949
25601 264889
25609 264881
25679 264811
25703 264787
25733 264757
25741 264749
25747 264743
25759 264731
25793 264697
25847 264643
25889 264601
25913 264577
25931 264559
26003 264487
26053 264437
26099 264391
26119 264371
26141 264349
26189 264301
26227 264263
26321 264169
26357 264133
26399 264091
26407 264083
26431 264059
26437 264053
26459 264031
26539 263951
26557 263933
26591 263899
26627 263863
26641 263849
26647 263843
26669 263821
26687 263803
26729 263761
26731 263759
26813 263677
26833 263657
26839 263651
26879 263611
26881 263609
26893 263597
26953 263537
26987 263503
27061 263429
27067 263423
27091 263399
27103 263387
27107 263383
27197 263293
27277 263213
27281 263209
27299 263191
27361 263129
27407 263083
27427 263063
27481 263009
27509 262981
27541 262949
27581 262909
27743 262747
27749 262741
27751 262739
27767 262723
27793 262697
27809 262681
27847 262643
27893 262597
27947 262543
28001 262489
28031 262459
28057 262433
28099 262391
28219 262271
28229 262261
28297 262193
28351 262139
28387 262103
28411 262079
28439 262051
28463 262027
28513 261977
28517 261973
28573 261917
28603 261887
28643 261847
28703 261787
28729 261761
28751 261739
28793 261697
28817 261673
28859 261631
28871 261619
28909 261581
28927 261563
28933 261557
28961 261529
29023 261467
29027 261463
29059 261431
29063 261427
29101 261389
29137 261353
29153 261337
29167 261323
29209 261281
29363 261127
29389 261101
29401 261089
29429 261061
29473 261017
29531 260959
29569 260921
29611 260879
29629 260861
29633 260857
29641 260849
29683 260807
29717 260773
29819 260671
29881 260609
29917 260573
29921 260569
29947 260543
30029 260461
30071 260419
30091 260399
30103 260387
30161 260329
30259 260231
30319 260171
30467 260023
30497 259993
30553 259937
30557 259933
30649 259841
30661 259829
30677 259813
30689 259801
30707 259783
30757 259733
30773 259717
30809 259681
30851 259639
30859 259631
30869 259621
30871 259619
30983 259507
31039 259451
31069 259421
31079 259411
31151 259339
31181 259309
31219 259271
31271 259219
31277 259213
31307 259183
31321 259169
31327 259163
31333 259157
31391 259099
31481 259009
31489 259001
31513 258977
31531 258959
31541 258949
31573 258917
31643 258847
31663 258827
31687 258803
31727 258763
31769 258721
31793 258697
31799 258691
31817 258673
31859 258631
31873 258617
31883 258607
31963 258527
31991 258499
32003 258487
32069 258421
32077 258413
32083 258407
32117 258373
32159 258331
32173 258317
32191 258299
32213 258277
32237 258253
32257 258233
32359 258131
32363 258127
32371 258119
32377 258113
32381 258109
32423 258067
32429 258061
32467 258023
32497 257993
32503 257987
32537 257953
32569 257921
32587 257903
32611 257879
32621 257869
32633 257857
32653 257837
32693 257797
32707 257783
32779 257711
32783 257707
32801 257689
32803 257687
32833 257657
32971 257519
32987 257503
32993 257497
33053 257437
33083 257407
33091 257399
33119 257371
33151 257339
33179 257311
33203 257287
33301 257189
33329 257161
33349 257141
33391 257099
33413 257077
33487 257003
33533 256957
33587 256903
33589 256901
33601 256889
33613 256877
33617 256873
33767 256723
33769 256721
33791 256699
33829 256661
33851 256639
33911 256579
33923 256567
33997 256493
34019 256471
34127 256363
34141 256349
34183 256307
34211 256279
34301 256189
34303 256187
34327 256163
34361 256129
34369 256121
34457 256033
34469 256021
34471 256019
34501 255989
34513 255977
34519 255971
34543 255947
34583 255907
34603 255887
34613 255877
34631 255859
34649 255841
34651 255839
34687 255803
34747 255743
34757 255733
34781 255709
34841 255649
34849 255641
34877 255613
34919 255571
34939 255551
35023 255467
35107 255383
35129 255361
35141 255349
35251 255239
35281 255209
35311 255179
35317 255173
35353 255137
35363 255127
35393 255097
35407 255083
35419 255071
35437 255053
35447 255043
35527 254963
35531 254959
35591 254899
35603 254887
35617 254873
35759 254731
35831 254659
35863 254627
35897 254593
35933 254557
35999 254491
36083 254407
36107 254383
36161 254329
36191 254299
36209 254281
36241 254249
36277 254213
36293 254197
36343 254147
36451 254039
36469 254021
36497 253993
36541 253949
36571 253919
36583 253907
36637 253853
36671 253819
36713 253777
36721 253769
36739 253751
36749 253741
36787 253703
36809 253681
36857 253633
36877 253613
36923 253567
36947 253543
36997 253493
37021 253469
37057 253433
37123 253367
37217 253273
37243 253247
37337 253153
37357 253133
37409 253081
37441 253049
37507 252983
37511 252979
37571 252919
37579 252911
37591 252899
37663 252827
37781 252709
37799 252691
37879 252611
37907 252583
37957 252533
38047 252443
38149 252341
38167 252323
38177 252313
38197 252293
38201 252289
38237 252253
38281 252209
38317 252173
38321 252169
38327 252163
38333 252157
38351 252139
38453 252037
38461 252029
38543 251947
38593 251897
38603 251887
38611 251879
38629 251861
38699 251791
38729 251761
38783 251707
38851 251639
38867 251623
38923 251567
38971 251519
38977 251513
39023 251467
39047 251443
39097 251393
39103 251387
39199 251291
39227 251263
39229 251261
39233 251257
39293 251197
39313 251177
39341 251149
39373 251117
39409 251081
39419 251071
39439 251051
39511 250979
39521 250969
39541 250949
39619 250871
39623 250867
39703 250787
39749 250741
39769 250721
39847 250643
39989 250501
40039 250451
40087 250403
40129 250361
40189 250301
40231 250259
40237 250253
40343 250147
40433 250057
40459 250031
40483 250007
40519 249971
40543 249947
40609 249881
40627 249863
40637 249853
40693 249797
40763 249727
40787 249703
40813 249677
40819 249671
40883 249607
40897 249593
40927 249563
40949 249541
40973 249517
40993 249497
41051 249439
41057 249433
41113 249377
41149 249341
41161 249329
41179 249311
41203 249287
41233 249257
41257 249233
41357 249133
41387 249103
41411 249079
41453 249037
41519 248971
41597 248893
41603 248887
41611 248879
41621 248869
41651 248839
41669 248821
41737 248753
41771 248719
41849 248641
41851 248639
41863 248627
41893 248597
41897 248593
41903 248587
41911 248579
41947 248543
41953 248537
41957 248533
41981 248509
42013 248477
42017 248473
42043 248447
42083 248407
42089 248401
42101 248389
42139 248351
42181 248309
42197 248293
42223 248267
42323 248167
42349 248141
42373 248117
42391 248099
42433 248057
42457 248033
42491 247999
42499 247991
42533 247957
42577 247913
42589 247901
42611 247879
42643 247847
42677 247813
42709 247781
42719 247771
42751 247739
42773 247717
42793 247697
42797 247693
42839 247651
42841 247649
42899 247591
42937 247553
42943 247547
42961 247529
42989 247501
43051 247439
43151 247339
43189 247301
43261 247229
43391 247099
43403 247087
43543 246947
43577 246913
43591 246899
43651 246839
43717 246773
43721 246769
43759 246731
43777 246713
43781 246709
43783 246707
43801 246689
43853 246637
43891 246599
43913 246577
43933 246557
43951 246539
43963 246527
44017 246473
44021 246469
44087 246403
44119 246371
44129 246361
44171 246319
44201 246289
44249 246241
44267 246223
44273 246217
44281 246209
44357 246133
44371 246119
44417 246073
44501 245989
44507 245983
44549 245941
44579 245911
44641 245849
44701 245789
44771 245719
44809 245681
44819 245671
44851 245639
44927 245563
44963 245527
44971 245519
45013 245477
45053 245437
45083 245407
45191 245299
45233 245257
45281 245209
45307 245183
45317 245173
45319 245171
45341 245149
45361 245129
45403 245087
45533 244957
45589 244901
45613 244877
45631 244859
45677 244813
45737 244753
45757 244733
45779 244711
45821 244669
45823 244667
45853 244637
45887 244603
45893 244597
45943 244547
46027 244463
46061 244429
46091 244399
46133 244357
46187 244303
46199 244291
46229 244261
46237 244253
46271 244219
46273 244217
46349 244141
46381 244109
46399 244091
46447 244043
46457 244033
46559 243931
46573 243917
46601 243889
46619 243871
46633 243857
46639 243851
46681 243809
46691 243799
46703 243787
46817 243673
46819 243671
46867 243623
46877 243613
46901 243589
46957 243533
47017 243473
47057 243433
47059 243431
47087 243403
47123 243367
47147 243343
47189 243301
47251 243239
47287 243203
47293 243197
47353 243137
47381 243109
47389 243101
47417 243073
47459 243031
47491 242999
47501 242989
47563 242927
47623 242867
47701 242789
47711 242779
47717 242773
47743 242747
47777 242713
47809 242681
47843 242647
47857 242633
47869 242621
47939 242551
47969 242521
47981 242509
48023 242467
48049 242441
48091 242399
48119 242371
48247 242243
48371 242119
48397 242093
48407 242083
48481 242009
48497 241993
48527 241963
48539 241951
48571 241919
48623 241867
48673 241817
48679 241811
48751 241739
48779 241711
48799 241691
48823 241667
48847 241643
48889 241601
48947 241543
48953 241537
48973 241517
49037 241453
49069 241421
49157 241333
49169 241321
49177 241313
49199 241291
49261 241229
49307 241183
49363 241127
49411 241079
49429 241061
49463 241027
49477 241013
49523 240967
49531 240959
49537 240953
49547 240943
49597 240893
49727 240763
49747 240743
49757 240733
49783 240707
49789 240701
49831 240659
49891 240599
49919 240571
49939 240551
49999 240491
50053 240437
50069 240421
50111 240379
50119 240371
50207 240283
50227 240263
50231 240259
50287 240203
50321 240169
50359 240131
50377 240113
50417 240073
50441 240049
50513 239977
50527 239963
50543 239947
50647 239843
50683 239807
50707 239783
50753 239737
50777 239713
50849 239641
50857 239633
50867 239623
50893 239597
50923 239567
50951 239539
50969 239521
51001 239489
51059 239431
51061 239429
51133 239357
51157 239333
51193 239297
51203 239287
51217 239273
51239 239251
51257 239233
51343 239147
51421 239069
51437 239053
51473 239017
51551 238939
51593 238897
51607 238883
51613 238877
51631 238859
51637 238853
51767 238723
51787 238703
51817 238673
51899 238591
51971 238519
51991 238499
52009 238481
52027 238463
52051 238439
52067 238423
52121 238369
52127 238363
52177 238313
52183 238307
52223 238267
52253 238237
52267 238223
52289 238201
52387 238103
52391 238099
52453 238037
52489 238001
52517 237973
52561 237929
52579 237911
52631 237859
52639 237851
52709 237781
52727 237763
52757 237733
52783 237707
52807 237683
52817 237673
52859 237631
52883 237607
52919 237571
52981 237509
53003 237487
53089 237401
53117 237373
53129 237361
53147 237343
53171 237319
53189 237301
53233 237257
53327 237163
53353 237137
53401 237089
53419 237071
53437 237053
53479 237011
53507 236983
53593 236897
53597 236893
53609 236881
53611 236879
53623 236867
53717 236773
53719 236771
53777 236713
53783 236707
53791 236699
53831 236659
53849 236641
53881 236609
53917 236573
53927 236563
53987 236503
54011 236479
54013 236477
54083 236407
54091 236399
54151 236339
54167 236323
54193 236297
54323 236167
54347 236143
54361 236129
54403 236087
54413 236077
54421 236069
54437 236053
54469 236021
54493 235997
54539 235951
54563 235927
54601 235889
54679 235811
54767 235723
54829 235661
54869 235621
54949 235541
55001 235489
55049 235441
55051 235439
55201 235289
55217 235273
55249 235241
55259 235231
55291 235199
55313 235177
55331 235159
55373 235117
55399 235091
55439 235051
55487 235003
55501 234989
55511 234979
55529 234961
55621 234869
55639 234851
55681 234809
55691 234799
55721 234769
55763 234727
55807 234683
55817 234673
55837 234653
55901 234589
55903 234587
55949 234541
56149 234341
56167 234323
56171 234319
56197 234293
56209 234281
56299 234191
56359 234131
56369 234121
56401 234089
56569 233921
56611 233879
56629 233861
56713 233777
56731 233759
56747 233743
56807 233683
56821 233669
56827 233663
56873 233617
56891 233599
56941 233549
57073 233417
57119 233371
57143 233347
57149 233341
57163 233327
57193 233297
57223 233267
57251 233239
57259 233231
57269 233221
57329 233161
57331 233159
57347 233143
57349 233141
57373 233117
57503 232987
57527 232963
57529 232961
57571 232919
57637 232853
57667 232823
57679 232811
57689 232801
57713 232777
57737 232753
57781 232709
57791 232699
57809 232681
57847 232643
57899 232591
57923 232567
57977 232513
57991 232499
58031 232459
58057 232433
58073 232417
58099 232391
58109 232381
58231 232259
58337 232153
58411 232079
58417 232073
58439 232051
58441 232049
58477 232013
58543 231947
58567 231923
58613 231877
58631 231859
58711 231779
58771 231719
58789 231701
58901 231589
58943 231547
58997 231493
59009 231481
59011 231479
59029 231461
59123 231367
59141 231349
59159 231331
59167 231323
59197 231293
59219 231271
59221 231269
59359 231131
59471 231019
59473 231017
59513 230977
59557 230933
59561 230929
59617 230873
59627 230863
59629 230861
59663 230827
59671 230819
59723 230767
59729 230761
59747 230743
59771 230719
59797 230693
59879 230611
59929 230561
59951 230539
60037 230453
60041 230449
60101 230389
60103 230387
60107 230383
60133 230357
60149 230341
60209 230281
60217 230273
60251 230239
60257 230233
60353 230137
60373 230117
60383 230107
60413 230077
60427 230063
60443 230047
60509 229981
60527 229963
60649 229841
60719 229771
60727 229763
60737 229753
60763 229727
60773 229717
60779 229711
60859 229631
60889 229601
60899 229591
60901 229589
60937 229553
60943 229547
60961 229529
61031 229459
61057 229433
61091 229399
61169 229321
61223 229267
61253 229237
61291 229199
61333 229157
61357 229133
61363 229127
61409 229081
61463 229027
61487 229003
61507 228983
61561 228929
61603 228887
61609 228881
61631 228859
61637 228853
61643 228847
61717 228773
61757 228733
61813 228677
61843 228647
61871 228619
61879 228611
61909 228581
61967 228523
61979 228511
61981 228509
62011 228479
62039 228451
62047 228443
62071 228419
62081 228409
62131 228359
62137 228353
62189 228301
62191 228299
62233 228257
62351 228139
62467 228023
62477 228013
62497 227993
62501 227989
62539 227951
62597 227893
62617 227873
62701 227789
62761 227729
62791 227699
62819 227671
62827 227663
62861 227629
62897 227593
62921 227569
62929 227561
62971 227519
62989 227501
63031 227459
63059 227431
63097 227393
63103 227387
63113 227377
63127 227363
63299 227191
63313 227177
63331 227159
63337 227153
63377 227113
63397 227093
63409 227081
63463 227027
63499 226991
63577 226913
63587 226903
63589 226901
63647 226843
63667 226823
63671 226819
63691 226799
63737 226753
63793 226697
63799 226691
63841 226649
63853 226637
64007 226483
64037 226453
64063 226427
64081 226409
64109 226381
64123 226367
64153 226337
64223 226267
64301 226189
64403 226087
64483 226007
64489 226001
64513 225977
64601 225889
64661 225829
64709 225781
64793 225697
64853 225637
64871 225619
64877 225613
64879 225611
64921 225569
64997 225493
65011 225479
65029 225461
65033 225457
65063 225427
65119 225371
65141 225349
65147 225343
65183 225307
65203 225287
65267 225223
65269 225221
65323 225167
65327 225163
65357 225133
65371 225119
65381 225109
65413 225077
65423 225067
65497 224993
65521 224969
65539 224951
65543 224947
65579 224911
65581 224909
65599 224891
65609 224881
65677 224813
65719 224771
65731 224759
65761 224729
65899 224591
65921 224569
65927 224563
65963 224527
66029 224461
66041 224449
66047 224443
66067 224423
66089 224401
66173 224317
66191 224299
66239 224251
66293 224197
66337 224153
66359 224131
66361 224129
66377 224113
66449 224041
66457 224033
66463 224027
66491 223999
66569 223921
66571 223919
66587 223903
66653 223837
66733 223757
66809 223681
66853 223637
66943 223547
66947 223543
67021 223469
67049 223441
67061 223429
67129 223361
67153 223337
67187 223303
67213 223277
67217 223273
67231 223259
67247 223243
67261 223229
67271 223219
67273 223217
67339 223151
67391 223099
67427 223063
67429 223061
67453 223037
67481 223009
67499 222991
67511 222979
67523 222967
67537 222953
67559 222931
67577 222913
67607 222883
67651 222839
67699 222791
67759 222731
67777 222713
67783 222707
67843 222647
67933 222557
67957 222533
67979 222511
68053 222437
68071 222419
68087 222403
68111 222379
68141 222349
68161 222329
68329 222161
68447 222043
68449 222041
68483 222007
68491 221999
68501 221989
68539 221951
68581 221909
68659 221831
68683 221807
68743 221747
68767 221723
68771 221719
68777 221713
68813 221677
68819 221671
68903 221587
68909 221581
68993 221497
69001 221489
69019 221471
69029 221461
69163 221327
69239 221251
69257 221233
69263 221227
69317 221173
69389 221101
69403 221087
69431 221059
69557 220933
69593 220897
69697 220793
69809 220681
69827 220663
69877 220613
69911 220579
69931 220559
70019 220471
70079 220411
70099 220391
70117 220373
70121 220369
70139 220351
70157 220333
70163 220327
70183 220307
70199 220291
70313 220177
70321 220169
70327 220163
70481 220009
70507 219983
70537 219953
70549 219941
70573 219917
70619 219871
70639 219851
70667 219823
70729 219761
70769 219721
70783 219707
70841 219649
70843 219647
70877 219613
70891 219599
70913 219577
70957 219533
70999 219491
71023 219467
71039 219451
71081 219409
71119 219371
71129 219361
71209 219281
71347 219143
71387 219103
71399 219091
71419 219071
71437 219053
71471 219019
71473 219017
71503 218987
71527 218963
71549 218941
71633 218857
71647 218843
71671 218819
71693 218797
71707 218783
71741 218749
71809 218681
71849 218641
71861 218629
71867 218623
71879 218611
71899 218591
71941 218549
71963 218527
72031 218459
72043 218447
72053 218437
72073 218417
72089 218401
72101 218389
72109 218381
72211 218279
72277 218213
72341 218149
72353 218137
72379 218111
72383 218107
72421 218069
72469 218021
72661 217829
72719 217771
72763 217727
72823 217667
72871 217619
72911 217579
72931 217559
72973 217517
73061 217429
73079 217411
73121 217369
73127 217363
73181 217309
73237 217253
73291 217199
73327 217163
73369 217121
73379 217111
73421 217069
73433 217057
73517 216973
73523 216967
73571 216919
73589 216901
73613 216877
73699 216791
73709 216781
73771 216719
73849 216641
73883 216607
73939 216551
74093 216397
74143 216347
74161 216329
74201 216289
74231 216259
74257 216233
74279 216211
74311 216179
74317 216173
74357 216133
74363 216127
74377 216113
74383 216107
74419 216071
74453 216037
74507 215983
74509 215981
74531 215959
74551 215939
74597 215893
74719 215771
74797 215693
74831 215659
74873 215617
74903 215587
74959 215531
75029 215461
75109 215381
75161 215329
75181 215309
75193 215297
75211 215279
75217 215273
75307 215183
75329 215161
75337 215153
75347 215143
75367 215123
75403 215087
75503 214987
75577 214913
75641 214849
75659 214831
75679 214811
75683 214807
75703 214787
75707 214783
75731 214759
75767 214723
75833 214657
75883 214607
75931 214559
75983 214507
75991 214499
76039 214451
76091 214399
76099 214391
76207 214283
76231 214259
76253 214237
76343 214147
76403 214087
76421 214069
76481 214009
76487 214003
76537 213953
76541 213949
76543 213947
76561 213929
76603 213887
76631 213859
76753 213737
76777 213713
76831 213659
77023 213467
77029 213461
77041 213449
77093 213397
77141 213349
77153 213337
77171 213319
77201 213289
77237 213253
77243 213247
77261 213229
77267 213223
77317 213173
77351 213139
77359 213131
77447 213043
77471 213019
77491 212999
77509 212981
77521 212969
77573 212917
77587 212903
77617 212873
77621 212869
77647 212843
77689 212801
77699 212791
77713 212777
77813 212677
77839 212651
77863 212627
77929 212561
77933 212557
77983 212507
78079 212411
78121 212369
78137 212353
78193 212297
78283 212207
78307 212183
78367 212123
78511 211979
78541 211949
78623 211867
78713 211777
78779 211711
78797 211693
78809 211681
78893 211597
78919 211571
78989 211501
79063 211427
79087 211403
79151 211339
79193 211297
79259 211231
79273 211217
79337 211153
79393 211097
79397 211093
79423 211067
79427 211063
79451 211039
79561 210929
79579 210911
79589 210901
79621 210869
79633 210857
79687 210803
79777 210713
79847 210643
79889 210601
79967 210523
79999 210491
80167 210323
80173 210317
80191 210299
80207 210283
80233 210257
80317 210173
80347 210143
80363 210127
80471 210019
80513 209977
80537 209953
80603 209887
80629 209861
80669 209821
80671 209819
80677 209813
80681 209809
80701 209789
80747 209743
80783 209707
80789 209701
80803 209687
80831 209659
80909 209581
80911 209579
80923 209567
81013 209477
81019 209471
81031 209459
81041 209449
81049 209441
81097 209393
81119 209371
81131 209359
81157 209333
81163 209327
81173 209317
81223 209267
81233 209257
81331 209159
81343 209147
81401 209089
81527 208963
81559 208931
81563 208927
81647 208843
81703 208787
81761 208729
81769 208721
81817 208673
81899 208591
81901 208589
81937 208553
81971 208519
82021 208469
82031 208459
82153 208337
82171 208319
82207 208283
82237 208253
82267 208223
82301 208189
82349 208141
82351 208139
82361 208129
82487 208003
82493 207997
82549 207941
82559 207931
82567 207923
82613 207877
82657 207833
82721 207769
82727 207763
82781 207709
82811 207679
82837 207653
82847 207643
82939 207551
82981 207509
83009 207481
83047 207443
83089 207401
83203 207287
83221 207269
83233 207257
83299 207191
83417 207073
83449 207041
83477 207013
83497 206993
83537 206953
83557 206933
83579 206911
83663 206827
83791 206699
83939 206551
84121 206369
84143 206347
84191 206299
84199 206291
84211 206279
84239 206251
84299 206191
84307 206183
84313 206177
84407 206083
84421 206069
84443 206047
84457 206033
84463 206027
84481 206009
84499 205991
84509 205981
84523 205967
84533 205957
84653 205837
84673 205817
84731 205759
84787 205703
84827 205663
84857 205633
84871 205619
84961 205529
85027 205463
85037 205453
85049 205441
85091 205399
85093 205397
85133 205357
85193 205297
85223 205267
85237 205253
85303 205187
85333 205157
85361 205129
85427 205063
85447 205043
85517 204973
85577 204913
85619 204871
85669 204821
85889 204601
85903 204587
85933 204557
86029 204461
86113 204377
86131 204359
86137 204353
86161 204329
86171 204319
86179 204311
86239 204251
86257 204233
86353 204137
86357 204133
86389 204101
86423 204067
86467 204023
86477 204013
86491 203999
86501 203989
86579 203911
86719 203771
86729 203761
86837 203653
86927 203563
86959 203531
87041 203449
87071 203419
87103 203387
87107 203383
87149 203341
87151 203339
87179 203311
87181 203309
87211 203279
87257 203233
87277 203213
87281 203209
87317 203173
87433 203057
87473 203017
87491 202999
87509 202981
87517 202973
87523 202967
87541 202949
87557 202933
87559 202931
87583 202907
87613 202877
87631 202859
87649 202841
87691 202799
87739 202751
87743 202747
87797 202693
87811 202679
87853 202637
87869 202621
87877 202613
87961 202529
88019 202471
88129 202361
88259 202231
88289 202201
88423 202067
88427 202063
88469 202021
88493 201997
88609 201881
88643 201847
88657 201833
88661 201829
88663 201827
88667 201823
88681 201809
88721 201769
88747 201743
88789 201701
88807 201683
88817 201673
88861 201629
88867 201623
88993 201497
88997 201493
89017 201473
89041 201449
89087 201403
89101 201389
89153 201337
89203 201287
89209 201281
89371 201119
89417 201073
89459 201031
89501 200989
89519 200971
89561 200929
89563 200927
89591 200899
89599 200891
89759 200731
89767 200723
89819 200671
89833 200657
89899 200591
89917 200573
89977 200513
90007 200483
90023 200467
90053 200437
90089 200401
90107 200383
90127 200363
90149 200341
90197 200293
90217 200273
90263 200227
90289 200201
90313 200177
90359 200131
90373 200117
90403 200087
90473 200017
90481 200009
90523 199967
90529 199961
90617 199873
90659 199831
90677 199813
90679 199811
90749 199741
90793 199697
90803 199687
90821 199669
90833 199657
90887 199603
90907 199583
90931 199559
90989 199501
91033 199457
91079 199411
91153 199337
91229 199261
91243 199247
91283 199207
91297 199193
91309 199181
91381 199109
91387 199103
91453 199037
91457 199033
91493 198997
91513 198977
91591 198899
91631 198859
91639 198851
91673 198817
91757 198733
91771 198719
91801 198689
91867 198623
91957 198533
91961 198529
92051 198439
92077 198413
92143 198347
92153 198337
92177 198313
92189 198301
92233 198257
92269 198221
92297 198193
92311 198179
92317 198173
92363 198127
92381 198109
92399 198091
92459 198031
92557 197933
92569 197921
92581 197909
92683 197807
92717 197773
92723 197767
92737 197753
92779 197711
92791 197699
92801 197689
92849 197641
92893 197597
92921 197569
92951 197539
93131 197359
93151 197339
93179 197311
93229 197261
93257 197233
93283 197207
93287 197203
93329 197161
93407 197083
93427 197063
93481 197009
93487 197003
93497 196993
93529 196961
93563 196927
93637 196853
93719 196771
93739 196751
93763 196727
93809 196681
93827 196663
93893 196597
93911 196579
93941 196549
93949 196541
93967 196523
93971 196519
94111 196379
94153 196337
94219 196271
94309 196181
94321 196169
94331 196159
94351 196139
94379 196111
94439 196051
94447 196043
94513 195977
94559 195931
94561 195929
94583 195907
94597 195893
94603 195887
94621 195869
94709 195781
94747 195743
94781 195709
94793 195697
94949 195541
94951 195539
94993 195497
95021 195469
95063 195427
95083 195407
95089 195401
95101 195389
95131 195359
95213 195277
95219 195271
95231 195259
95261 195229
95287 195203
95327 195163
95369 195121
95401 195089
95413 195077
95419 195071
95441 195049
95443 195047
95461 195029
95467 195023
95527 194963
95621 194869
95629 194861
95651 194839
95723 194767
95773 194717
95783 194707
95803 194687
95819 194671
95881 194609
95947 194543
96059 194431
96137 194353
96167 194323
96181 194309
96221 194269
96223 194267
96293 194197
96323 194167
96377 194113
96419 194071
96487 194003
96497 193993
96553 193937
96643 193847
96697 193793
96739 193751
96749 193741
96763 193727
96787 193703
96827 193663
96893 193597
96931 193559
96997 193493
97021 193469
97039 193451
97103 193387
97117 193373
97301 193189
97327 193163
97397 193093
97459 193031
97499 192991
97511 192979
97607 192883
97613 192877
97673 192817
97813 192677
97859 192631
97861 192629
97879 192611
97919 192571
97943 192547
97961 192529
98143 192347
98227 192263
98251 192239
98257 192233
98297 192193
98299 192191
98317 192173
98369 192121
98377 192113
98387 192103
98443 192047
98453 192037
98491 191999
98561 191929
98663 191827
98689 191801
98717 191773
98773 191717
98801 191689
98869 191621
98911 191579
98927 191563
98929 191561
98939 191551
98953 191537
98981 191509
98993 191497
98999 191491
99017 191473
99023 191467
99041 191449
99137 191353
99149 191341
99191 191299
99241 191249
99259 191231
99317 191173
99347 191143
99349 191141
99367 191123
99371 191119
99391 191099
99401 191089
99469 191021
99577 190913
99581 190909
99661 190829
99667 190823
99679 190811
99707 190783
99721 190769
99823 190667
99833 190657
99877 190613
99907 190583
99961 190529
100019 190471
100103 190387
100151 190339
100169 190321
100189 190301
100193 190297
100207 190283
100343 190147
100361 190129
100393 190097
100459 190031
100493 189997
100501 189989
100523 189967
100609 189881
100613 189877
100673 189817
100693 189797
100733 189757
100747 189743
100799 189691
100829 189661
100847 189643
100907 189583
100931 189559
100943 189547
100981 189509
100999 189491
101027 189463
101051 189439
101089 189401
101113 189377
101141 189349
101183 189307
101267 189223
101341 189149
101363 189127
101429 189061
101449 189041
101533 188957
101537 188953
101599 188891
101627 188863
101663 188827
101723 188767
101737 188753
101771 188719
101789 188701
101797 188693
101837 188653
101869 188621
101957 188533
101963 188527
101999 188491
102031 188459
102059 188431
102101 188389
102121 188369
102139 188351
102191 188299
102199 188291
102217 188273
102229 188261
102241 188249
102293 188197
102301 188189
102461 188029
102503 187987
102539 187951
102559 187931
102563 187927
102593 187897
102607 187883
102647 187843
102667 187823
102769 187721
102829 187661
102859 187631
102931 187559
102983 187507
103049 187441
103067 187423
103123 187367
103141 187349
103217 187273
103319 187171
103349 187141
103357 187133
103399 187091
103409 187081
103421 187069
103423 187067
103573 186917
103613 186877
103619 186871
103801 186689
103811 186679
103837 186653
103841 186649
103843 186647
103889 186601
103903 186587
104009 186481
104021 186469
104053 186437
104113 186377
104147 186343
104173 186317
104179 186311
104207 186283
104231 186259
104243 186247
104327 186163
104383 186107
104393 186097
104471 186019
104543 185947
104593 185897
104597 185893
104659 185831
104677 185813
104693 185797
104701 185789
104723 185767
104743 185747
104779 185711
104849 185641
104869 185621
104891 185599
104933 185557
104947 185543
104959 185531
104971 185519
104999 185491
105023 185467
105167 185323
105199 185291
105269 185221
105323 185167
105337 185153
105341 185149
105359 185131
105367 185123
105401 185089
105491 184999
105533 184957
105541 184949
105653 184837
105667 184823
105769 184721
105863 184627
105883 184607
105913 184577
105967 184523
106013 184477
106121 184369
106181 184309
106217 184273
106219 184271
106279 184211
106291 184199
106303 184187
106357 184133
106373 184117
106417 184073
106433 184057
106451 184039
106487 184003
106531 183959
106541 183949
106619 183871
106661 183829
106681 183809
106693 183797
106727 183763
106781 183709
106783 183707
106853 183637
106903 183587
106921 183569
106963 183527
106979 183511
106993 183497
107053 183437
107101 183389
107171 183319
107183 183307
107201 183289
107227 183263
107243 183247
107323 183167
107339 183151
107449 183041
107453 183037
107467 183023
107509 182981
107563 182927
107603 182887
107687 182803
107717 182773
107777 182713
107837 182653
107873 182617
107897 182593
107903 182587
107941 182549
107971 182519
107981 182509
108023 182467
108037 182453
108193 182297
108211 182279
108247 182243
108289 182201
108359 182131
108379 182111
108401 182089
108461 182029
108463 182027
108533 181957
108571 181919
108587 181903
108677 181813
108727 181763
108739 181751
108751 181739
108761 181729
108769 181721
108821 181669
108881 181609
108883 181607
108887 181603
108967 181523
108991 181499
109103 181387
109279 181211
109297 181193
109367 181123
109451 181039
109471 181019
109541 180949
109583 180907
109619 180871
109717 180773
109741 180749
109789 180701
109843 180647
109873 180617
109943 180547
109987 180503
110017 180473
110119 180371
110129 180361
110183 180307
110251 180239
110269 180221
110311 180179
110419 180071
110437 180053
110491 179999
110501 179989
110533 179957
110543 179947
110567 179923
110573 179917
110581 179909
110587 179903
110641 179849
110711 179779
110753 179737
110771 179719
110819 179671
110899 179591
110909 179581
110917 179573
110927 179563
111029 179461
111049 179441
111053 179437
111109 179381
111121 179369
111229 179261
111317 179173
111323 179167
111347 179143
111439 179051
111539 178951
111581 178909
111593 178897
111637 178853
111659 178831
111697 178793
111733 178757
111799 178691
111847 178643
111863 178627
111869 178621
111893 178597
111919 178571
111953 178537
111959 178531
111977 178513
112087 178403
112097 178393
112129 178361
112139 178351
112163 178327
112241 178249
112303 178187
112339 178151
112349 178141
112363 178127
112397 178093
112573 177917
112577 177913
112583 177907
112601 177889
112603 177887
112799 177691
112843 177647
112901 177589
112951 177539
112979 177511
112997 177493
113017 177473
113023 177467
113063 177427
113081 177409
113111 177379
113143 177347
113153 177337
113167 177323
113171 177319
113189 177301
113233 177257
113279 177211
113359 177131
113363 177127
113381 177109
113501 176989
113513 176977
113539 176951
113557 176933
113567 176923
113591 176899
113683 176807
113749 176741
113777 176713
113779 176711
113891 176599
113899 176591
113933 176557
113969 176521
113983 176507
114001 176489
114031 176459
114073 176417
114077 176413
114089 176401
114143 176347
114157 176333
114161 176329
114229 176261
114269 176221
114277 176213
114299 176191
114311 176179
114329 176161
114467 176023
114473 176017
114553 175937
114571 175919
114593 175897
114599 175891
114617 175873
114661 175829
114679 175811
114781 175709
114799 175691
114827 175663
114859 175631
114889 175601
114967 175523
114997 175493
115057 175433
115079 175411
115099 175391
115163 175327
115223 175267
115279 175211
115361 175129
115421 175069
115429 175061
115499 174991
115547 174943
115561 174929
115589 174901
115597 174893
115613 174877
115631 174859
115727 174763
115741 174749
115769 174721
115811 174679
115831 174659
115837 174653
115853 174637
115859 174631
115873 174617
115877 174613
115891 174599
115963 174527
116009 174481
116047 174443
116101 174389
116159 174331
116191 174299
116201 174289
116269 174221
116293 174197
116341 174149
116411 174079
116423 174067
116443 174047
116471 174019
116483 174007
116593 173897
116639 173851
116663 173827
116707 173783
116747 173743
116791 173699
116803 173687
116819 173671
116929 173561
116959 173531
116989 173501
116993 173497
117017 173473
117133 173357
117193 173297
117223 173267
117241 173249
117281 173209
117307 173183
117353 173137
117431 173059
117437 173053
117497 172993
117503 172987
117517 172973
117619 172871
117703 172787
117731 172759
117773 172717
117809 172681
117833 172657
117841 172649
117883 172607
117917 172573
117937 172553
117973 172517
118051 172439
118057 172433
118147 172343
118169 172321
118211 172279
118247 172243
118273 172217
118277 172213
118343 172147
118411 172079
118463 172027
118543 171947
118621 171869
118687 171803
118691 171799
118757 171733
118819 171671
118831 171659
118861 171629
118873 171617
118907 171583
118931 171559
118973 171517
119087 171403
119089 171401
119107 171383
119173 171317
119191 171299
119227 171263
119237 171253
119311 171179
119321 171169
119359 171131
119447 171043
119533 170957
119563 170927
119569 170921
119591 170899
119617 170873
119633 170857
119653 170837
119677 170813
119689 170801
119723 170767
119783 170707
119849 170641
119881 170609
119953 170537
119981 170509
119993 170497
120017 170473
120049 170441
120077 170413
120097 170393
120121 170369
120163 170327
120223 170267
120247 170243
120277 170213
120283 170207
120293 170197
120349 170141
120391 170099
120427 170063
120503 169987
120539 169951
120557 169933
120577 169913
120647 169843
120713 169777
120721 169769
120737 169753
120739 169751
120823 169667
120829 169661
120833 169657
120851 169639
120863 169627
120899 169591
120907 169583
120937 169553
120997 169493
121001 169489
121007 169483
121019 169471
121063 169427
121081 169409
121151 169339
121169 169321
121171 169319
121271 169219
121291 169199
121309 169181
121313 169177
121379 169111
121421 169069
121441 169049
121487 169003
121547 168943
121553 168937
121577 168913
121591 168899
121621 168869
121687 168803
121721 168769
121889 168601
121931 168559
121949 168541
121963 168527
121967 168523
122027 168463
122033 168457
122039 168451
122041 168449
122081 168409
122099 168391
122167 168323
122209 168281
122263 168227
122279 168211
122347 168143
122363 168127
122401 168089
122453 168037
122477 168013
122503 167987
122579 167911
122599 167891
122611 167879
122719 167771
122743 167747
122761 167729
122827 167663
122849 167641
122867 167623
122869 167621
122953 167537
123007 167483
123049 167441
123077 167413
123083 167407
123229 167261
123269 167221
123341 167149
123373 167117
123377 167113
123419 167071
123439 167051
123457 167033
123503 166987
123517 166973
123581 166909
123619 166871
123637 166853
123667 166823
123707 166783
123787 166703
123821 166669
123833 166657
123863 166627
123887 166603
123923 166567
124087 166403
124097 166393
124133 166357
124139 166351
124171 166319
124193 166297
124231 166259
124301 166189
124339 166151
124343 166147
124427 166063
124447 166043
124459 166031
124477 166013
124529 165961
124543 165947
124633 165857
124673 165817
124679 165811
124769 165721
124771 165719
124777 165713
124781 165709
124783 165707
124823 165667
124979 165511
125053 165437
125093 165397
125107 165383
125141 165349
125197 165293
125243 165247
125261 165229
125287 165203
125329 165161
125387 165103
125407 165083
125441 165049
125453 165037
125527 164963
125597 164893
125651 164839
125659 164831
125669 164821
125789 164701
125813 164677
125863 164627
125921 164569
125959 164531
126013 164477
126019 164471
126041 164449
126047 164443
126127 164363
126199 164291
126211 164279
126223 164267
126241 164249
126257 164233
126307 164183
126317 164173
126341 164149
126397 164093
126433 164057
126493 163997
126499 163991
126517 163973
126631 163859
126719 163771
126757 163733
126761 163729
126857 163633
126923 163567
127079 163411
127081 163409
127123 163367
127139 163351
127163 163327
127241 163249
127247 163243
127291 163199
127297 163193
127321 163169
127343 163147
127363 163127
127373 163117
127487 163003
127493 162997
127583 162907
127601 162889
127609 162881
127637 162853
127643 162847
127669 162821
127703 162787
127711 162779
127739 162751
127763 162727
127781 162709
127807 162683
127819 162671
127849 162641
127867 162623
127913 162577
127973 162517
127997 162493
128033 162457
128099 162391
128147 162343
128201 162289
128203 162287
128213 162277
128221 162269
128239 162251
128347 162143
128399 162091
128411 162079
128431 162059
128437 162053
128473 162017
128483 162007
128519 161971
128521 161969
128621 161869
128659 161831
128683 161807
128717 161773
128747 161743
128749 161741
128761 161729
128831 161659
128879 161611
128959 161531
128969 161521
128983 161507
128987 161503
129037 161453
129083 161407
129113 161377
129127 161363
129187 161303
129209 161281
129223 161267
129289 161201
129341 161149
129403 161087
129419 161071
129443 161047
129457 161033
129509 160981
129587 160903
129607 160883
129629 160861
129733 160757
129737 160753
129793 160697
129803 160687
129841 160649
129853 160637
129887 160603
129937 160553
130087 160403
130147 160343
130171 160319
130259 160231
130307 160183
130349 160141
130399 160091
130409 160081
130411 160079
130457 160033
130489 160001
130513 159977
130553 159937
130579 159911
130619 159871
130621 159869
130633 159857
130651 159839
130657 159833
130699 159791
130769 159721
130783 159707
130807 159683
130817 159673
130859 159631
130873 159617
130927 159563
130969 159521
130987 159503
131059 159431
131101 159389
131129 159361
131143 159347
131171 159319
131203 159287
131267 159223
131297 159193
131311 159179
131321 159169
131371 159119
131431 159059
131477 159013
131497 158993
131581 158909
131627 158863
131641 158849
131687 158803
131713 158777
131731 158759
131743 158747
131759 158731
131893 158597
131899 158591
131909 158581
131927 158563
131939 158551
132001 158489
132047 158443
132071 158419
132229 158261
132247 158243
132257 158233
132263 158227
132329 158161
132347 158143
132361 158129
132491 157999
132499 157991
132589 157901
132623 157867
132667 157823
132697 157793
132721 157769
132751 157739
132757 157733
132851 157639
132863 157627
132911 157579
132929 157561
132947 157543
132967 157523
132971 157519
133013 157477
133033 157457
133097 157393
133169 157321
133183 157307
133187 157303
133213 157277
133261 157229
133271 157219
133279 157211
133283 157207
133327 157163
133349 157141
133387 157103
133439 157051
133519 156971
133649 156841
133657 156833
133673 156817
133691 156799
133709 156781
133811 156679
133813 156677
133831 156659
133979 156511
133999 156491
134053 156437
134129 156361
134161 156329
134171 156319
134263 156227
134333 156157
134339 156151
134359 156131
134363 156127
134371 156119
134401 156089
134471 156019
134597 155893
134639 155851
134669 155821
134681 155809
134707 155783
134837 155653
134909 155581
134921 155569
134951 155539
134989 155501
135017 155473
135029 155461
135077 155413
135119 155371
135173 155317
135221 155269
135271 155219
135281 155209
135319 155171
135329 155161
135353 155137
135403 155087
135409 155081
135463 155027
135593 154897
135607 154883
135613 154877
135617 154873
135649 154841
135701 154789
135721 154769
135743 154747
135757 154733
135799 154691
135899 154591
135911 154579
136067 154423
136139 154351
136177 154313
136223 154267
136247 154243
136261 154229
136277 154213
136309 154181
136333 154157
136337 154153
136379 154111
136393 154097
136403 154087
136417 154073
136429 154061
136447 154043
136463 154027
136537 153953
136541 153949
136601 153889
136603 153887
136649 153841
136727 153763
136733 153757
136751 153739
136841 153649
136849 153641
136879 153611
136883 153607
136979 153511
136991 153499
137119 153371
137131 153359
137147 153343
137153 153337
137177 153313
137209 153281
137219 153271
137339 153151
137353 153137
137383 153107
137413 153077
137537 152953
137593 152897
137633 152857
137639 152851
137653 152837
137699 152791
137707 152783
137713 152777
137723 152767
137737 152753
137849 152641
137867 152623
137873 152617
137927 152563
137957 152533
138071 152419
138101 152389
138113 152377
138179 152311
138197 152293
138241 152249
138251 152239
138407 152083
138427 152063
138449 152041
138451 152039
138461 152029
138581 151909
138587 151903
138641 151849
138797 151693
138883 151607
138893 151597
138917 151573
138937 151553
138959 151531
138967 151523
139067 151423
139109 151381
139133 151357
139187 151303
139201 151289
139301 151189
139333 151157
139369 151121
139439 151051
139483 151007
139501 150989
139511 150979
139571 150919
139589 150901
139597 150893
139609 150881
139663 150827
139721 150769
139747 150743
139831 150659
139883 150607
139901 150589
139907 150583
139939 150551
139967 150523
139987 150503
140111 150379
140167 150323
140191 150299
140269 150221
140281 150209
140297 150193
140321 150169
140339 150151
140401 150089
140407 150083
140423 150067
140449 150041
140521 149969
140551 149939
140617 149873
140629 149861
140663 149827
140731 149759
140741 149749
140759 149731
140761 149729
140773 149717
140779 149711
140863 149627
140867 149623
140929 149561
140939 149551
141067 149423
141073 149417
141079 149411
141157 149333
141181 149309
141221 149269
141233 149257
141241 149249
141277 149213
141307 149183
141371 149119
141403 149087
141413 149077
141499 148991
141529 148961
141623 148867
141629 148861
141637 148853
141697 148793
141707 148783
141709 148781
141767 148723
141769 148721
141851 148639
141863 148627
141917 148573
141941 148549
141959 148531
142007 148483
142019 148471
142061 148429
142123 148367
142151 148339
142159 148331
142189 148301
142211 148279
142297 148193
142319 148171
142427 148063
142469 148021
142553 147937
142609 147881
142697 147793
142711 147779
142787 147703
142873 147617
142907 147583
142939 147551
142949 147541
142973 147517
143093 147397
143113 147377
143137 147353
143159 147331
143197 147293
143261 147229
143263 147227
143281 147209
143401 147089
143443 147047
143461 147029
143501 146989
143503 146987
143513 146977
143537 146953
143569 146921
143573 146917
143653 146837
143807 146683
143813 146677
143821 146669
143873 146617
143881 146609
143909 146581
143947 146543
143971 146519
143977 146513
144013 146477
144073 146417
144167 146323
144173 146317
144241 146249
144299 146191
144349 146141
144413 146077
144427 146063
144439 146051
144479 146011
144481 146009
144541 145949
144593 145897
144611 145879
144629 145861
144667 145823
144671 145819
144719 145771
144731 145759
144737 145753
144829 145661
144847 145643
144887 145603
144889 145601
144941 145549
144973 145517
145031 145459
145091 145399
145109 145381
145207 145283
