4395
19 299951
29 299941
37 299933
61 299909
67 299903
79 299891
89 299881
109 299861
113 299857
127 299843
163 299807
193 299777
199 299771
227 299743
239 299731
269 299701
271 299699
317 299653
347 299623
353 299617
367 299603
401 299569
431 299539
443 299527
449 299521
457 299513
491 299479
499 299471
523 299447
569 299401
577 299393
599 299371
607 299363
613 299357
641 299329
653 299317
659 299311
683 299287
709 299261
757 299213
773 299197
823 299147
857 299113
863 299107
883 299087
907 299063
911 299059
941 299029
953 299017
971 298999
977 298993
1033 298937
1109 298861
1117 298853
1123 298847
1129 298841
1151 298819
1153 298817
1171 298799
1193 298777
1213 298757
1237 298733
1277 298693
1279 298691
1283 298687
1289 298681
1291 298679
1303 298667
1319 298651
1381 298589
1487 298483
1493 298477
1543 298427
1559 298411
1571 298399
1597 298373
1601 298369
1621 298349
1627 298343
1663 298307
1667 298303
1709 298261
1723 298247
1733 298237
1747 298223
1759 298211
1783 298187
1801 298169
1811 298159
1871 298099
1877 298093
1907 298063
1949 298021
1979 297991
1999 297971
2003 297967
2017 297953
2039 297931
2063 297907
2081 297889
2089 297881
2129 297841
2137 297833
2161 297809
2213 297757
2243 297727
2251 297719
2287 297683
2311 297659
2341 297629
2347 297623
2357 297613
2381 297589
2389 297581
2437 297533
2447 297523
2467 297503
2503 297467
2531 297439
2549 297421
2579 297391
2593 297377
2707 297263
2713 297257
2719 297251
2801 297169
2819 297151
2837 297133
2857 297113
2887 297083
2903 297067
2909 297061
2999 296971
3001 296969
3041 296929
3049 296921
3061 296909
3137 296833
3169 296801
3203 296767
3217 296753
3221 296749
3229 296741
3251 296719
3257 296713
3301 296669
3307 296663
3319 296651
3343 296627
3389 296581
3391 296579
3407 296563
3413 296557
3461 296509
3463 296507
3467 296503
3491 296479
3529 296441
3533 296437
3593 296377
3607 296363
3617 296353
3623 296347
3671 296299
3691 296279
3697 296273
3701 296269
3719 296251
3727 296243
3733 296237
3769 296201
3833 296137
3853 296117
3923 296047
3929 296041
3943 296027
4019 295951
4021 295949
4027 295943
4091 295879
4093 295877
4099 295871
4127 295843
4133 295837
4139 295831
4201 295769
4211 295759
4219 295751
4243 295727
4271 295699
4457 295513
4583 295387
4637 295333
4651 295319
4657 295313
4679 295291
4723 295247
4733 295237
4751 295219
4783 295187
4817 295153
4889 295081
4931 295039
4933 295037
4937 295033
4973 294997
5021 294949
5023 294947
5051 294919
5059 294911
5077 294893
5101 294869
5167 294803
5171 294799
5189 294781
5197 294773
5209 294761
5297 294673
5323 294647
5407 294563
5419 294551
5441 294529
5471 294499
5503 294467
5531 294439
5573 294397
5623 294347
5651 294319
5653 294317
5657 294313
5659 294311
5693 294277
5701 294269
5743 294227
5791 294179
5801 294169
5813 294157
5821 294149
5839 294131
5843 294127
5867 294103
5903 294067
5927 294043
5981 293989
5987 293983
6029 293941
6143 293827
6197 293773
6203 293767
6221 293749
6247 293723
6269 293701
6311 293659
6337 293633
6353 293617
6367 293603
6427 293543
6529 293441
6571 293399
6619 293351
6659 293311
6701 293269
6709 293261
6763 293207
6791 293179
6793 293177
6823 293147
6841 293129
6863 293107
6871 293099
6883 293087
6899 293071
6949 293021
6977 292993
6991 292979
6997 292973
7001 292969
7103 292867
7121 292849
7129 292841
7151 292819
7177 292793
7193 292777
7211 292759
7243 292727
7253 292717
7297 292673
7309 292661
7369 292601
7393 292577
7477 292493
7481 292489
7487 292483
7499 292471
7529 292441
7577 292393
7589 292381
7603 292367
7607 292363
7669 292301
7687 292283
7703 292267
7789 292181
7823 292147
7829 292141
7877 292093
7879 292091
7901 292069
7933 292037
7949 292021
8069 291901
8093 291877
8101 291869
8117 291853
8179 291791
8191 291779
8219 291751
8243 291727
8269 291701
8293 291677
8423 291547
8431 291539
8461 291509
8467 291503
8513 291457
8527 291443
8597 291373
8599 291371
8677 291293
8699 291271
8713 291257
8753 291217
8761 291209
8779 291191
8803 291167
8863 291107
8867 291103
8893 291077
8929 291041
8933 291037
8963 291007
8971 290999
8999 290971
9007 290963
9011 290959
9091 290879
9109 290861
9133 290837
9203 290767
9209 290761
9293 290677
9311 290659
9343 290627
9349 290621
9377 290593
9413 290557
9431 290539
9437 290533
9439 290531
9461 290509
9473 290497
9497 290473
9551 290419
9587 290383
9601 290369
9619 290351
9623 290347
9643 290327
9721 290249
9769 290201
9781 290189
9787 290183
9829 290141
9833 290137
9851 290119
9857 290113
9887 290083
9923 290047
9929 290041
9931 290039
9949 290021
10099 289871
10111 289859
10133 289837
10181 289789
10211 289759
10243 289727
10253 289717
10301 289669
10313 289657
10333 289637
10427 289543
10459 289511
10501 289469
10531 289439
10589 289381
10601 289369
10627 289343
10651 289319
10687 289283
10729 289241
10781 289189
10789 289181
10799 289171
10831 289139
10859 289111
10861 289109
10867 289103
10903 289067
10937 289033
10939 289031
10949 289021
10973 288997
10979 288991
11057 288913
11093 288877
11117 288853
11119 288851
11131 288839
11197 288773
11239 288731
11273 288697
11287 288683
11317 288653
11321 288649
11393 288577
11399 288571
11411 288559
11443 288527
11471 288499
11489 288481
11503 288467
11587 288383
11621 288349
11657 288313
11677 288293
11743 288227
11779 288191
11789 288181
11833 288137
11909 288061
12037 287933
12049 287921
12097 287873
12107 287863
12113 287857
12119 287851
12149 287821
12157 287813
12239 287731
12269 287701
12281 287689
12289 287681
12301 287669
12373 287597
12391 287579
12413 287557
12421 287549
12433 287537
12479 287491
12577 287393
12583 287387
12637 287333
12689 287281
12713 287257
12791 287179
12821 287149
12829 287141
12853 287117
12911 287059
12923 287047
12967 287003
12983 286987
13043 286927
13217 286753
13219 286751
13249 286721
13259 286711
13267 286703
13297 286673
13337 286633
13381 286589
13417 286553
13451 286519
13457 286513
13477 286493
13487 286483
13513 286457
13577 286393
13669 286301
13681 286289
13721 286249
13799 286171
13807 286163
13841 286129
13907 286063
13921 286049
14033 285937
14143 285827
14197 285773
14207 285763
14221 285749
14249 285721
14303 285667
14327 285643
14341 285629
14401 285569
14411 285559
14431 285539
14437 285533
14449 285521
14519 285451
14537 285433
14549 285421
14593 285377
14627 285343
14653 285317
14669 285301
14683 285287
14771 285199
14779 285191
14831 285139
14851 285119
14869 285101
14879 285091
14891 285079
14939 285031
14947 285023
15013 284957
15053 284917
15073 284897
15131 284839
15137 284833
15139 284831
15187 284783
15193 284777
15227 284743
15233 284737
15241 284729
15263 284707
15269 284701
15289 284681
15313 284657
15319 284651
15377 284593
15383 284587
15443 284527
15461 284509
15493 284477
15541 284429
15583 284387
15601 284369
15629 284341
15727 284243
15733 284237
15737 284233
15739 284231
15797 284173
15809 284161
15817 284153
15859 284111
15877 284093
15887 284083
15913 284057
15919 284051
15991 283979
16033 283937
16061 283909
16097 283873
16111 283859
16139 283831
16229 283741
16249 283721
16273 283697
16301 283669
16333 283637
16339 283631
16361 283609
16363 283607
16369 283601
16417 283553
16451 283519
16481 283489
16567 283403
16573 283397
16693 283277
16703 283267
16759 283211
16763 283207
16787 283183
16811 283159
16831 283139
16871 283099
16943 283027
16963 283007
16979 282991
16993 282977
17011 282959
17053 282917
17123 282847
17137 282833
17203 282767
17257 282713
17291 282679
17293 282677
17299 282671
17393 282577
17477 282493
17483 282487
17489 282481
17509 282461
17579 282391
17581 282389
17657 282313
17659 282311
17683 282287
17729 282241
17749 282221
17827 282143
17881 282089
17911 282059
17959 282011
17977 281993
17981 281989
18043 281927
18047 281923
18049 281921
18077 281893
18121 281849
18131 281839
18133 281837
18223 281747
18233 281737
18251 281719
18253 281717
18287 281683
18301 281669
18307 281663
18329 281641
18413 281557
18439 281531
18443 281527
18461 281509
18539 281431
18541 281429
18617 281353
18679 281291
18691 281279
18719 281251
18743 281227
18803 281167
18839 281131
18917 281053
18947 281023
18973 280997
19013 280957
19031 280939
19037 280933
19073 280897
19087 280883
19211 280759
19219 280751
19259 280711
19267 280703
19273 280697
19289 280681
19373 280597
19379 280591
19381 280589
19387 280583
19421 280549
19423 280547
19429 280541
19433 280537
19457 280513
19463 280507
19471 280499
19483 280487
19507 280463
19559 280411
19597 280373
19717 280253
19727 280243
19751 280219
19763 280207
19841 280129
19867 280103
19961 280009
19979 279991
19993 279977
20021 279949
20029 279941
20051 279919
20107 279863
20113 279857
20123 279847
20147 279823
20219 279751
20261 279709
20333 279637
20357 279613
20393 279577
20399 279571
20549 279421
20563 279407
20641 279329
20749 279221
20759 279211
20849 279121
20897 279073
20947 279023
20963 279007
21023 278947
21059 278911
21061 278909
21067 278903
21089 278881
21121 278849
21143 278827
21157 278813
21163 278807
21169 278801
21227 278743
21269 278701
21283 278687
21319 278651
21347 278623
21379 278591
21407 278563
21467 278503
21481 278489
21491 278479
21557 278413
21577 278393
21617 278353
21649 278321
21701 278269
21737 278233
21751 278219
21821 278149
21851 278119
21859 278111
21929 278041
21977 277993
22051 277919
22067 277903
22073 277897
22079 277891
22111 277859
22123 277847
22157 277813
22229 277741
22279 277691
22283 277687
22307 277663
22367 277603
22369 277601
22391 277579
22541 277429
22543 277427
22549 277421
22639 277331
22669 277301
22691 277279
22697 277273
22709 277261
22739 277231
22787 277183
22807 277163
22871 277099
22907 277063
22963 277007
22993 276977
23017 276953
23021 276949
23041 276929
23053 276917
23063 276907
23087 276883
23131 276839
23143 276827
23189 276781
23203 276767
23297 276673
23333 276637
23371 276599
23417 276553
23509 276461
23531 276439
23581 276389
23599 276371
23623 276347
23627 276343
23633 276337
23677 276293
23719 276251
23741 276229
23761 276209
23789 276181
23819 276151
23833 276137
23857 276113
23879 276091
23887 276083
23929 276041
23971 275999
24001 275969
24007 275963
24029 275941
24049 275921
24133 275837
24197 275773
24203 275767
24229 275741
24251 275719
24329 275641
24371 275599
24379 275591
24391 275579
24421 275549
24439 275531
24481 275489
24509 275461
24517 275453
24547 275423
24551 275419
24571 275399
24631 275339
24671 275299
24763 275207
24809 275161
24841 275129
24917 275053
24923 275047
24943 275027
24967 275003
24977 274993
25013 274957
25117 274853
25127 274843
25153 274817
25183 274787
25219 274751
25247 274723
25261 274709
25303 274667
25309 274661
25343 274627
25391 274579
25453 274517
25609 274361
25621 274349
25693 274277
25733 274237
25747 274223
25771 274199
25793 274177
25799 274171
25847 274123
25849 274121
25867 274103
25889 274081
25951 274019
25999 273971
26003 273967
26029 273941
26041 273929
26113 273857
26183 273787
26251 273719
26261 273709
26317 273653
26357 273613
26449 273521
26497 273473
26513 273457
26647 273323
26681 273289
26687 273283
26699 273271
26701 273269
26717 273253
26737 273233
26777 273193
26783 273187
26813 273157
26821 273149
26839 273131
26863 273107
26903 273067
26927 273043
26981 272989
26987 272983
27011 272959
27043 272927
27059 272911
27067 272903
27091 272879
27107 272863
27211 272759
27253 272717
27277 272693
27367 272603
27407 272563
27431 272539
27437 272533
27611 272359
27617 272353
27653 272317
27701 272269
27739 272231
27743 272227
27767 272203
27779 272191
27791 272179
27799 272171
27917 272053
27941 272029
27961 272009
27967 272003
28001 271969
28031 271939
28051 271919
28109 271861
28163 271807
28183 271787
28201 271769
28277 271693
28319 271651
28351 271619
28499 271471
28541 271429
28603 271367
28607 271363
28619 271351
28697 271273
28729 271241
28753 271217
28759 271211
28789 271181
28793 271177
28807 271163
28843 271127
28927 271043
28949 271021
29009 270961
29017 270953
29033 270937
29129 270841
29137 270833
29173 270797
29179 270791
29207 270763
29209 270761
29221 270749
29251 270719
29269 270701
29303 270667
29311 270659
29339 270631
29383 270587
29387 270583
29423 270547
29443 270527
29527 270443
29599 270371
29633 270337
29641 270329
29663 270307
29671 270299
29683 270287
29741 270229
29753 270217
29761 270209
29803 270167
29837 270133
29873 270097
29983 269987
29989 269981
30047 269923
30091 269879
30119 269851
30187 269783
30269 269701
30307 269663
30319 269651
30347 269623
30391 269579
30427 269543
30431 269539
30497 269473
30509 269461
30529 269441
30539 269431
30557 269413
30577 269393
30593 269377
30637 269333
30643 269327
30689 269281
30713 269257
30781 269189
30803 269167
30829 269141
30839 269131
30853 269117
30881 269089
30931 269039
30941 269029
30971 268999
30977 268993
31033 268937
31147 268823
31151 268819
31153 268817
31159 268811
31181 268789
31189 268781
31193 268777
31223 268747
31237 268733
31249 268721
31277 268693
31327 268643
31333 268637
31357 268613
31397 268573
31469 268501
31477 268493
31511 268459
31531 268439
31567 268403
31627 268343
31687 268283
31699 268271
31771 268199
31799 268171
31817 268153
31847 268123
31907 268063
31957 268013
32009 267961
32029 267941
32057 267913
32063 267907
32069 267901
32077 267893
32083 267887
32141 267829
32159 267811
32173 267797
32189 267781
32233 267737
32251 267719
32257 267713
32299 267671
32303 267667
32309 267661
32321 267649
32323 267647
32327 267643
32341 267629
32359 267611
32369 267601
32377 267593
32401 267569
32413 267557
32429 267541
32491 267479
32531 267439
32537 267433
32569 267401
32579 267391
32653 267317
32693 267277
32771 267199
32783 267187
32803 267167
32831 267139
32839 267131
32933 267037
32971 266999
32987 266983
32993 266977
32999 266971
33013 266957
33023 266947
33037 266933
33049 266921
33071 266899
33073 266897
33107 266863
33149 266821
33203 266767
33211 266759
33287 266683
33289 266681
33329 266641
33479 266491
33493 266477
33521 266449
33569 266401
33589 266381
33601 266369
33617 266353
33619 266351
33637 266333
33679 266291
33749 266221
33811 266159
33871 266099
33889 266081
33911 266059
33923 266047
33941 266029
33961 266009
33967 266003
34123 265847
34129 265841
34157 265813
34183 265787
34213 265757
34231 265739
34253 265717
34259 265711
34261 265709
34267 265703
34351 265619
34403 265567
34429 265541
34457 265513
34487 265483
34499 265471
34511 265459
34519 265451
34543 265427
34589 265381
34631 265339
34693 265277
34721 265249
34729 265241
34739 265231
34763 265207
34807 265163
34819 265151
34841 265129
34847 265123
34877 265093
34949 265021
34963 265007
35051 264919
35081 264889
35089 264881
35099 264871
35141 264829
35159 264811
35201 264769
35221 264749
35227 264743
35311 264659
35327 264643
35339 264631
35393 264577
35507 264463
35527 264443
35533 264437
35617 264353
35759 264211
35801 264169
35803 264167
35831 264139
35837 264133
35869 264101
35879 264091
35899 264071
35911 264059
35963 264007
36013 263957
36017 263953
36037 263933
36061 263909
36107 263863
36151 263819
36209 263761
36241 263729
36293 263677
36313 263657
36319 263651
36373 263597
36433 263537
36451 263519
36457 263513
36467 263503
36479 263491
36527 263443
36541 263429
36559 263411
36571 263399
36583 263387
36587 263383
36677 263293
36683 263287
36697 263273
36713 263257
36761 263209
36779 263191
36787 263183
36887 263083
36899 263071
36923 263047
36947 263023
37013 262957
37021 262949
37061 262909
37087 262883
37117 262853
37189 262781
37223 262747
37273 262697
37277 262693
37313 262657
37321 262649
37501 262469
37511 262459
37537 262433
37571 262399
37579 262391
37619 262351
37633 262337
37649 262321
37657 262313
37699 262271
37717 262253
37783 262187
37831 262139
37861 262109
37963 262007
37987 261983
37993 261977
37997 261973
38011 261959
38053 261917
38083 261887
38183 261787
38197 261773
38231 261739
38273 261697
38327 261643
38329 261641
38333 261637
38351 261619
38377 261593
38393 261577
38447 261523
38461 261509
38543 261427
38669 261301
38699 261271
38729 261241
38747 261223
38803 261167
38953 261017
38959 261011
38971 260999
39019 260951
39097 260873
39107 260863
39113 260857
39161 260809
39163 260807
39209 260761
39217 260753
39293 260677
39323 260647
39341 260629
39383 260587
39397 260573
39419 260551
39443 260527
39503 260467
39509 260461
39551 260419
39607 260363
39631 260339
39761 260209
39769 260201
39779 260191
39791 260179
39799 260171
39953 260017
39979 259991
40037 259933
40063 259907
40129 259841
40169 259801
40189 259781
40237 259733
40253 259717
40289 259681
40343 259627
40351 259619
40387 259583
40423 259547
40433 259537
40471 259499
40519 259451
40559 259411
40583 259387
40591 259379
40693 259277
40699 259271
40751 259219
40759 259211
40787 259183
40801 259169
40813 259157
40819 259151
40847 259123
40849 259121
40961 259009
40993 258977
41011 258959
41051 258919
41143 258827
41161 258809
41183 258787
41227 258743
41233 258737
41263 258707
41333 258637
41357 258613
41389 258581
41443 258527
41479 258491
41521 258449
41549 258421
41597 258373
41617 258353
41641 258329
41651 258319
41687 258283
41729 258241
41737 258233
41759 258211
41809 258161
41813 258157
41843 258127
41851 258119
41863 258107
41903 258067
41947 258023
41981 257989
41983 257987
42017 257953
42023 257947
42101 257869
42179 257791
42187 257783
42239 257731
42257 257713
42281 257689
42283 257687
42299 257671
42331 257639
42359 257611
42379 257591
42409 257561
42451 257519
42467 257503
42473 257497
42533 257437
42569 257401
42571 257399
42589 257381
42649 257321
42677 257293
42683 257287
42689 257281
42697 257273
42751 257219
42793 257177
42829 257141
42863 257107
42901 257069
42953 257017
42967 257003
42989 256981
43003 256967
43013 256957
43067 256903
43093 256877
43271 256699
43283 256687
43319 256651
43331 256639
43391 256579
43403 256567
43481 256489
43487 256483
43499 256471
43577 256393
43579 256391
43607 256363
43633 256337
43669 256301
43691 256279
43759 256211
43781 256189
43783 256187
43789 256181
43801 256169
43853 256117
43891 256079
43913 256057
43951 256019
43997 255973
44053 255917
44101 255869
44111 255859
44119 255851
44123 255847
44129 255841
44131 255839
44203 255767
44207 255763
44257 255713
44357 255613
44381 255589
44383 255587
44453 255517
44483 255487
44497 255473
44501 255469
44587 255383
44621 255349
44641 255329
44657 255313
44711 255259
44753 255217
44773 255197
44777 255193
44789 255181
44797 255173
44843 255127
44887 255083
44893 255077
44917 255053
44927 255043
44963 255007
44983 254987
45007 254963
45083 254887
45137 254833
45139 254831
45179 254791
45197 254773
45307 254663
45343 254627
45377 254593
45413 254557
45433 254537
45481 254489
45523 254447
45533 254437
45557 254413
45587 254383
45641 254329
45691 254279
45757 254213
45763 254207
45823 254147
45887 254083
45943 254027
45949 254021
45971 253999
46021 253949
46051 253919
46061 253909
46091 253879
46099 253871
46103 253867
46147 253823
46181 253789
46183 253787
46219 253751
46229 253741
46237 253733
46309 253661
46337 253633
46439 253531
46477 253493
46489 253481
46523 253447
46589 253381
46601 253369
46649 253321
46663 253307
46723 253247
46727 253243
46811 253159
46817 253153
46861 253109
46867 253103
46889 253081
46957 253013
47051 252919
47057 252913
47059 252911
47093 252877
47143 252827
47147 252823
47279 252691
47303 252667
47353 252617
47363 252607
47381 252589
47387 252583
47507 252463
47513 252457
47521 252449
47527 252443
47569 252401
47629 252341
47657 252313
47681 252289
47717 252253
47737 252233
47777 252193
47797 252173
47807 252163
47819 252151
47869 252101
47933 252037
47969 252001
48023 251947
48029 251941
48073 251897
48091 251879
48109 251861
48179 251791
48409 251561
48437 251533
48479 251491
48487 251483
48497 251473
48527 251443
48533 251437
48539 251431
48541 251429
48611 251359
48623 251347
48647 251323
48673 251297
48679 251291
48751 251219
48767 251203
48779 251191
48799 251171
48821 251149
48871 251099
48883 251087
48889 251081
48907 251063
48991 250979
49003 250967
49019 250951
49081 250889
49103 250867
49117 250853
49157 250813
49171 250799
49177 250793
49193 250777
49261 250709
49277 250693
49297 250673
49481 250489
49529 250441
49537 250433
49547 250423
49627 250343
49663 250307
49669 250301
49711 250259
49801 250169
49823 250147
49919 250051
49921 250049
49927 250043
49939 250031
49943 250027
49957 250013
49999 249971
50023 249947
50047 249923
50111 249859
50159 249811
50207 249763
50221 249749
50311 249659
50363 249607
50377 249593
50387 249583
50543 249427
50549 249421
50551 249419
50587 249383
50593 249377
50683 249287
50741 249229
50753 249217
50789 249181
50839 249131
50867 249103
50873 249097
50891 249079
50989 248981
51061 248909
51109 248861
51131 248839
51157 248813
51217 248753
51263 248707
51287 248683
51329 248641
51343 248627
51349 248621
51361 248609
51383 248587
51427 248543
51437 248533
51461 248509
51487 248483
51539 248431
51563 248407
51581 248389
51599 248371
51613 248357
51647 248323
51679 248291
51713 248257
51767 248203
51769 248201
51803 248167
51829 248141
51853 248117
51871 248099
51893 248077
51899 248071
51907 248063
51913 248057
51929 248041
51949 248021
51971 247999
51973 247997
51977 247993
52027 247943
52057 247913
52069 247901
52081 247889
52189 247781
52201 247769
52253 247717
52259 247711
52321 247649
52361 247609
52363 247607
52369 247601
52379 247591
52391 247579
52561 247409
52579 247391
52627 247343
52631 247339
52691 247279
52711 247259
52721 247249
52747 247223
52769 247201
52883 247087
52901 247069
52903 247067
52963 247007
52999 246971
53047 246923
53051 246919
53161 246809
53189 246781
53197 246773
53201 246769
53231 246739
53239 246731
53281 246689
53309 246661
53327 246643
53359 246611
53401 246569
53609 246361
53653 246317
53681 246289
53693 246277
53699 246271
53719 246251
53777 246193
53783 246187
53819 246151
53849 246121
53897 246073
53959 246011
53987 245983
53993 245977
54059 245911
54121 245849
54181 245789
54217 245753
54251 245719
54287 245683
54331 245639
54377 245593
54409 245561
54437 245533
54443 245527
54449 245521
54469 245501
54493 245477
54497 245473
54499 245471
54559 245411
54563 245407
54581 245389
54631 245339
54679 245291
54709 245261
54713 245257
54787 245183
54799 245171
54941 245029
54973 244997
55073 244897
55109 244861
55127 244843
55217 244753
55249 244721
55259 244711
55331 244639
55333 244637
55337 244633
55351 244619
55373 244597
55381 244589
55441 244529
55541 244429
55547 244423
55589 244381
55603 244367
55619 244351
55631 244339
55667 244303
55673 244297
55717 244253
55793 244177
55813 244157
55823 244147
55829 244141
55849 244121
55927 244043
55949 244021
55967 244003
55997 243973
56039 243931
56053 243917
56081 243889
56099 243871
56113 243857
56131 243839
56171 243799
56263 243707
56267 243703
56269 243701
56299 243671
56383 243587
56393 243577
56417 243553
56431 243539
56437 243533
56443 243527
56453 243517
56501 243469
56509 243461
56533 243437
56569 243401
56659 243311
56711 243259
56731 243239
56737 243233
56767 243203
56773 243197
56809 243161
56813 243157
56821 243149
56893 243077
56897 243073
56999 242971
57047 242923
57059 242911
57097 242873
57107 242863
57163 242807
57173 242797
57191 242779
57223 242747
57241 242729
57331 242639
57349 242621
57367 242603
57487 242483
57503 242467
57529 242441
57557 242413
57571 242399
57593 242377
57641 242329
57697 242273
57709 242261
57713 242257
57727 242243
57773 242197
57809 242161
57901 242069
57977 241993
57991 241979
58031 241939
58049 241921
58067 241903
58109 241861
58147 241823
58153 241817
58189 241781
58199 241771
58231 241739
58243 241727
58367 241603
58369 241601
58403 241567
58411 241559
58427 241543
58453 241517
58481 241489
58549 241421
58579 241391
58657 241313
58679 241291
58699 241271
58711 241259
58741 241229
58763 241207
58787 241183
58901 241069
58909 241061
58921 241049
58943 241027
59011 240959
59077 240893
59141 240829
59159 240811
59207 240763
59243 240727
59263 240707
59399 240571
59419 240551
59453 240517
59467 240503
59497 240473
59617 240353
59621 240349
59629 240341
59651 240319
59699 240271
59707 240263
59797 240173
59921 240049
59929 240041
59971 239999
60013 239957
60037 239933
60041 239929
60077 239893
60091 239879
60127 239843
60139 239831
60167 239803
60217 239753
60257 239713
60259 239711
60271 239699
60337 239633
60373 239597
60383 239587
60413 239557
60427 239543
60443 239527
60449 239521
60509 239461
60539 239431
60623 239347
60637 239333
60719 239251
60727 239243
60733 239237
60737 239233
60889 239081
60901 239069
60917 239053
60943 239027
60953 239017
61027 238943
61031 238939
61051 238919
61091 238879
61129 238841
61141 238829
61169 238801
61211 238759
61223 238747
61261 238709
61297 238673
61331 238639
61343 238627
61379 238591
61441 238529
61471 238499
61493 238477
61507 238463
61519 238451
61547 238423
61553 238417
61609 238361
61631 238339
61657 238313
61703 238267
61723 238247
61757 238213
61813 238157
61819 238151
61861 238109
61871 238099
61933 238037
61961 238009
62003 237967
62011 237959
62119 237851
62189 237781
62207 237763
62233 237737
62297 237673
62351 237619
62423 237547
62483 237487
62591 237379
62597 237373
62627 237343
62639 237331
62683 237287
62687 237283
62753 237217
62791 237179
62819 237151
62827 237143
62897 237073
62903 237067
62927 237043
62987 236983
62989 236981
63073 236897
63079 236891
63103 236867
63197 236773
63199 236771
63241 236729
63247 236723
63311 236659
63317 236653
63361 236609
63397 236573
63421 236549
63443 236527
63463 236507
63467 236503
63493 236477
63499 236471
63521 236449
63541 236429
63589 236381
63647 236323
63709 236261
63761 236209
63803 236167
63841 236129
63863 236107
63901 236069
63907 236063
63949 236021
64019 235951
64081 235889
64157 235813
64187 235783
64223 235747
64271 235699
64433 235537
64451 235519
64601 235369
64621 235349
64633 235337
64661 235309
64663 235307
64793 235177
64811 235159
64853 235117
64871 235099
64879 235091
64901 235069
64919 235051
64927 235043
65003 234967
65011 234959
65053 234917
65063 234907
65101 234869
65119 234851
65123 234847
65167 234803
65171 234799
65179 234791
65257 234713
65287 234683
65357 234613
65371 234599
65381 234589
65423 234547
65497 234473
65539 234431
65587 234383
65609 234361
65629 234341
65647 234323
65651 234319
65677 234293
65699 234271
65731 234239
65777 234193
65789 234181
65809 234161
65831 234139
65839 234131
65867 234103
65881 234089
65927 234043
65963 234007
66029 233941
66047 233923
66089 233881
66109 233861
66301 233669
66361 233609
66413 233557
66533 233437
66553 233417
66617 233353
66629 233341
66643 233327
66739 233231
66749 233221
66797 233173
66809 233161
66853 233117
66949 233021
67033 232937
67079 232891
67169 232801
67217 232753
67219 232751
67261 232709
67271 232699
67289 232681
67307 232663
67349 232621
67399 232571
67421 232549
67447 232523
67511 232459
67531 232439
67537 232433
67559 232411
67579 232391
67589 232381
67607 232363
67763 232207
67783 232187
67853 232117
67867 232103
67891 232079
67957 232013
67967 232003
68023 231947
68099 231871
68111 231859
68147 231823
68161 231809
68171 231799
68261 231709
68371 231599
68399 231571
68437 231533
68477 231493
68489 231481
68491 231479
68507 231463
68539 231431
68611 231359
68639 231331
68699 231271
68729 231241
68863 231107
68891 231079
68903 231067
68917 231053
68993 230977
69001 230969
69011 230959
69029 230941
69031 230939
69109 230861
69143 230827
69151 230819
69163 230807
69191 230779
69197 230773
69203 230767
69317 230653
69403 230567
69431 230539
69463 230507
69491 230479
69499 230471
69539 230431
69661 230309
69697 230273
69737 230233
69767 230203
69821 230149
69827 230143
69833 230137
69847 230123
69911 230059
69991 229979
70009 229961
70067 229903
70121 229849
70123 229847
70157 229813
70199 229771
70201 229769
70207 229763
70271 229699
70289 229681
70379 229591
70381 229589
70423 229547
70451 229519
70501 229469
70537 229433
70571 229399
70619 229351
70627 229343
70687 229283
70709 229261
70717 229253
70753 229217
70843 229127
70877 229093
70981 228989
71011 228959
71059 228911
71069 228901
71089 228881
71129 228841
71171 228799
71233 228737
71237 228733
71257 228713
71263 228707
71293 228677
71333 228637
71353 228617
71359 228611
71389 228581
71411 228559
71453 228517
71527 228443
71549 228421
71551 228419
71633 228337
71663 228307
71671 228299
71713 228257
71719 228251
71789 228181
71843 228127
71867 228103
71909 228061
71947 228023
71993 227977
72019 227951
72077 227893
72101 227869
72173 227797
72227 227743
72251 227719
72271 227699
72277 227693
72307 227663
72341 227629
72367 227603
72469 227501
72481 227489
72497 227473
72503 227467
72551 227419
72577 227393
72671 227299
72689 227281
72719 227251
72739 227231
72763 227207
72817 227153
72823 227147
72859 227111
72889 227081
72959 227011
73063 226907
73127 226843
73181 226789
73327 226643
73361 226609
73369 226601
73417 226553
73421 226549
73459 226511
73483 226487
73517 226453
73561 226409
73589 226381
73613 226357
73771 226199
73847 226123
73867 226103
73883 226087
73907 226063
73943 226027
74021 225949
74027 225943
74051 225919
74099 225871
74131 225839
74149 225821
74161 225809
74189 225781
74201 225769
74203 225767
74219 225751
74287 225683
74357 225613
74441 225529
74471 225499
74509 225461
74587 225383
74597 225373
74623 225347
74707 225263
74713 225257
74729 225241
74747 225223
74821 225149
74827 225143
74861 225109
74891 225079
74903 225067
74933 225037
75041 224929
75079 224891
75211 224759
75227 224743
75253 224717
75337 224633
75353 224617
75367 224603
75391 224579
75401 224569
75407 224563
75479 224491
75503 224467
75521 224449
75527 224443
75541 224429
75611 224359
75619 224351
75653 224317
75679 224291
75703 224267
75709 224261
75731 224239
75773 224197
75793 224177
75821 224149
75869 224101
75913 224057
75937 224033
76001 223969
76031 223939
76129 223841
76147 223823
76213 223757
76259 223711
76289 223681
76303 223667
76333 223637
76421 223549
76423 223547
76441 223529
76463 223507
76507 223463
76541 223429
76603 223367
76631 223339
76651 223319
76667 223303
76679 223291
76697 223273
76717 223253
76753 223217
76819 223151
76837 223133
76871 223099
76883 223087
76907 223063
76919 223051
76961 223009
76963 223007
76991 222979
77003 222967
77017 222953
77023 222947
77029 222941
77093 222877
77171 222799
77191 222779
77239 222731
77263 222707
77291 222679
77323 222647
77351 222619
77369 222601
77383 222587
77417 222553
77471 222499
77477 222493
77509 222461
77551 222419
77591 222379
77621 222349
77641 222329
77647 222323
77659 222311
77681 222289
77723 222247
77773 222197
77863 222107
77929 222041
77983 221987
78017 221953
78079 221891
78121 221849
78139 221831
78157 221813
78163 221807
78173 221797
78233 221737
78241 221729
78311 221659
78317 221653
78347 221623
78367 221603
78509 221461
78517 221453
78569 221401
78571 221399
78577 221393
78643 221327
78653 221317
78737 221233
78797 221173
78877 221093
78887 221083
78893 221077
78901 221069
79031 220939
79039 220931
79063 220907
79111 220859
79159 220811
79181 220789
79187 220783
79283 220687
79357 220613
79397 220573
79411 220559
79427 220543
79433 220537
79549 220421
79559 220411
79579 220391
79601 220369
79609 220361
79613 220357
79669 220301
79691 220279
79801 220169
79823 220147
79829 220141
79847 220123
79907 220063
79987 219983
79999 219971
80039 219931
80141 219829
80147 219823
80173 219797
80207 219763
80209 219761
80221 219749
80239 219731
80263 219707
80287 219683
80341 219629
80363 219607
80447 219523
80537 219433
80599 219371
80657 219313
80669 219301
80677 219293
80747 219223
80783 219187
80911 219059
80917 219053
80929 219041
80953 219017
81001 218969
81023 218947
81047 218923
81083 218887
81097 218873
81131 218839
81173 218797
81233 218737
81293 218677
81343 218627
81359 218611
81371 218599
81421 218549
81439 218531
81457 218513
81509 218461
81517 218453
81533 218437
81547 218423
81551 218419
81553 218417
81569 218401
81737 218233
81799 218171
81839 218131
81853 218117
81883 218087
81901 218069
81967 218003
82037 217933
82141 217829
82189 217781
82223 217747
82231 217739
82237 217733
82279 217691
82351 217619
82393 217577
82471 217499
82507 217463
82531 217439
82549 217421
82559 217411
82561 217409
82601 217369
82609 217361
82619 217351
82633 217337
82651 217319
82657 217313
82699 217271
82729 217241
82763 217207
82813 217157
82889 217081
82913 217057
82997 216973
83003 216967
83023 216947
83059 216911
83071 216899
83093 216877
83219 216751
83227 216743
83267 216703
83399 216571
83401 216569
83417 216553
83477 216493
83591 216379
83597 216373
83641 216329
83653 216317
83737 216233
83791 216179
83813 216157
83843 216127
83857 216113
83933 216037
83987 215983
84011 215959
84017 215953
84061 215909
84127 215843
84137 215833
84143 215827
84199 215771
84247 215723
84317 215653
84407 215563
84449 215521
84463 215507
84467 215503
84499 215471
84509 215461
84523 215447
84589 215381
84653 215317
84673 215297
84691 215279
84697 215273
84731 215239
84787 215183
84809 215161
84827 215143
84919 215051
84977 214993
85027 214943
85087 214883
85103 214867
85121 214849
85159 214811
85199 214771
85229 214741
85237 214733
85247 214723
85297 214673
85303 214667
85313 214657
85331 214639
85363 214607
85381 214589
85411 214559
85429 214541
85439 214531
85451 214519
85453 214517
85487 214483
85513 214457
85531 214439
85571 214399
85597 214373
85607 214363
85619 214351
85661 214309
85711 214259
85733 214237
85751 214219
85781 214189
85793 214177
85829 214141
85837 214133
86017 213953
86027 213943
86069 213901
86083 213887
86111 213859
86137 213833
86143 213827
86171 213799
86179 213791
86243 213727
86249 213721
86257 213713
86311 213659
86357 213613
86371 213599
86381 213589
86413 213557
86509 213461
86573 213397
86579 213391
86587 213383
86689 213281
86753 213217
86767 213203
86837 213133
86851 213119
86927 213043
86951 213019
87103 212867
87119 212851
87133 212837
87179 212791
87293 212677
87299 212671
87337 212633
87383 212587
87491 212479
87509 212461
87517 212453
87523 212447
87547 212423
87559 212411
87587 212383
87743 212227
87767 212203
87803 212167
87853 212117
87931 212039
87973 211997
87991 211979
88001 211969
88037 211933
88079 211891
88093 211877
88169 211801
88223 211747
88259 211711
88289 211681
88327 211643
88397 211573
88411 211559
88427 211543
88463 211507
88469 211501
88471 211499
88513 211457
88651 211319
88657 211313
88729 211241
88741 211229
88771 211199
88793 211177
88817 211153
88819 211151
88873 211097
88897 211073
88903 211067
88919 211051
89003 210967
89009 210961
89041 210929
89057 210913
89069 210901
89101 210869
89113 210857
89209 210761
89231 210739
89261 210709
89371 210599
89413 210557
89443 210527
89533 210437
89563 210407
89567 210403
89611 210359
89653 210317
89671 210299
89779 210191
89783 210187
89797 210173
89839 210131
89899 210071
89917 210053
89939 210031
89959 210011
89983 209987
90011 209959
90017 209953
90031 209939
90053 209917
90149 209821
90199 209771
90203 209767
90227 209743
90263 209707
90373 209597
90401 209569
90403 209567
90407 209563
90437 209533
90473 209497
90499 209471
90511 209459
90529 209441
90599 209371
90617 209353
90659 209311
90703 209267
90749 209221
90823 209147
90847 209123
90907 209063
90931 209039
90977 208993
91009 208961
91079 208891
91081 208889
91127 208843
91163 208807
91183 208787
91249 208721
91283 208687
91297 208673
91303 208667
91381 208589
91393 208577
91457 208513
91459 208511
91513 208457
91529 208441
91577 208393
91583 208387
91591 208379
91691 208279
91753 208217
91757 208213
91781 208189
91823 208147
91841 208129
91921 208049
91961 208009
91967 208003
91969 208001
91997 207973
92003 207967
92173 207797
92227 207743
92251 207719
92297 207673
92317 207653
92377 207593
92381 207589
92401 207569
92419 207551
92459 207511
92461 207509
92479 207491
92489 207481
92507 207463
92569 207401
92593 207377
92627 207343
92639 207331
92641 207329
92669 207301
92683 207287
92779 207191
92801 207169
92831 207139
92849 207121
92857 207113
92941 207029
92957 207013
93047 206923
93053 206917
93059 206911
93083 206887
93151 206819
93187 206783
93319 206651
93329 206641
93377 206593
93419 206551
93427 206543
93481 206489
93487 206483
93493 206477
93503 206467
93523 206447
93557 206413
93559 206411
93563 206407
93601 206369
93629 206341
93719 206251
93761 206209
93787 206183
93887 206083
93889 206081
93893 206077
93901 206069
93923 206047
93937 206033
93949 206021
93979 205991
94007 205963
94033 205937
94057 205913
94153 205817
94207 205763
94307 205663
94309 205661
94343 205627
94351 205619
94421 205549
94433 205537
94441 205529
94463 205507
94477 205493
94483 205487
94529 205441
94543 205427
94547 205423
94573 205397
94613 205357
94651 205319
94747 205223
94819 205151
94837 205133
94841 205129
94873 205097
94889 205081
94907 205063
94951 205019
95083 204887
95111 204859
95177 204793
95189 204781
95219 204751
95369 204601
95383 204587
95413 204557
95461 204509
95483 204487
95527 204443
95531 204439
95539 204431
95603 204367
95617 204353
95651 204319
95737 204233
95819 204151
95869 204101
95911 204059
95923 204047
95947 204023
95957 204013
95971 203999
96001 203969
96017 203953
96059 203911
96097 203873
96149 203821
96181 203789
96199 203771
96329 203641
96353 203617
96401 203569
96553 203417
96587 203383
96589 203381
96661 203309
96737 203233
96749 203221
96757 203213
96763 203207
96787 203183
96797 203173
96931 203039
96953 203017
96959 203011
96989 202981
96997 202973
97003 202967
97021 202949
97039 202931
97081 202889
97171 202799
97213 202757
97241 202729
97303 202667
97379 202591
97441 202529
97499 202471
97561 202409
97577 202393
97583 202387
97609 202361
97613 202357
97787 202183
97841 202129
97843 202127
97849 202121
97861 202109
97871 202099
97883 202087
97973 201997
98009 201961
98017 201953
98047 201923
98081 201889
98123 201847
98143 201827
98179 201791
98213 201757
98227 201743
98269 201701
98297 201673
98317 201653
98347 201623
98389 201581
98453 201517
98459 201511
98473 201497
98479 201491
98519 201451
98533 201437
98641 201329
98663 201307
98689 201281
98737 201233
98807 201163
98849 201121
98869 201101
98897 201073
98939 201031
98963 201007
98981 200989
98999 200971
99041 200929
99079 200891
99089 200881
99103 200867
99109 200861
99173 200797
99181 200789
99191 200779
99257 200713
99391 200579
99397 200573
99401 200569
99487 200483
99527 200443
99563 200407
99607 200363
99713 200257
99733 200237
99787 200183
99793 200177
99817 200153
99839 200131
99907 200063
99929 200041
99961 200009
99971 199999
100003 199967
100049 199921
100151 199819
100193 199777
100291 199679
100297 199673
100313 199657
100333 199637
100403 199567
100411 199559
100447 199523
100469 199501
100483 199487
100517 199453
100523 199447
100559 199411
100591 199379
100613 199357
100649 199321
100703 199267
100931 199039
100937 199033
100999 198971
101027 198943
101111 198859
101119 198851
101141 198829
101159 198811
101209 198761
101281 198689
101323 198647
101333 198637
101347 198623
101377 198593
101399 198571
101467 198503
101501 198469
101531 198439
101533 198437
101561 198409
101573 198397
101693 198277
101719 198251
101747 198223
101749 198221
101797 198173
101873 198097
101879 198091
101939 198031
101957 198013
101999 197971
102001 197969
102013 197957
102023 197947
102043 197927
102061 197909
102077 197893
102079 197891
102139 197831
102191 197779
102197 197773
102203 197767
102217 197753
102229 197741
102259 197711
102293 197677
102329 197641
102397 197573
102547 197423
102551 197419
102587 197383
102611 197359
102673 197297
102677 197293
102701 197269
102763 197207
102811 197159
102881 197089
102911 197059
102967 197003
103043 196927
103069 196901
103091 196879
103099 196871
103171 196799
103231 196739
103289 196681
103307 196663
103357 196613
103387 196583
103391 196579
103409 196561
103421 196549
103451 196519
103471 196499
103511 196459
103583 196387
103591 196379
103699 196271
103723 196247
103769 196201
103801 196169
103811 196159
103889 196081
103919 196051
103967 196003
103979 195991
103993 195977
103997 195973
104003 195967
104087 195883
104107 195863
104161 195809
104179 195791
104183 195787
104231 195739
104233 195737
104239 195731
104311 195659
104459 195511
104473 195497
104491 195479
104513 195457
104527 195443
104543 195427
104651 195319
104659 195311
104693 195277
104711 195259
104717 195253
104729 195241
104773 195197
104849 195121
104917 195053
104947 195023
105037 194933
105071 194899
105107 194863
105143 194827
105199 194771
105253 194717
105263 194707
105323 194647
105361 194609
105379 194591
105389 194581
105401 194569
105449 194521
105491 194479
105499 194471
105527 194443
105557 194413
105701 194269
105767 194203
105829 194141
105883 194087
105899 194071
105913 194057
105943 194027
105953 194017
105967 194003
105977 193993
106013 193957
106019 193951
106031 193939
106033 193937
106087 193883
106109 193861
106123 193847
106129 193841
106181 193789
106207 193763
106213 193757
106219 193751
106243 193727
106291 193679
106307 193663
106321 193649
106363 193607
106367 193603
106373 193597
106397 193573
106411 193559
106501 193469
106537 193433
106591 193379
106669 193301
106727 193243
106781 193189
106787 193183
106823 193147
106877 193093
106957 193013
106961 193009
106979 192991
106993 192977
107021 192949
107053 192917
107123 192847
107137 192833
107171 192799
107227 192743
107273 192697
107339 192631
107357 192613
107441 192529
107473 192497
107507 192463
107509 192461
107563 192407
107647 192323
107699 192271
107719 192251
107741 192229
107777 192193
107837 192133
107857 192113
107867 192103
107873 192097
107923 192047
107927 192043
107941 192029
107971 191999
108041 191929
108109 191861
108139 191831
108179 191791
108187 191783
108223 191747
108263 191707
108271 191699
108293 191677
108301 191669
108343 191627
108439 191531
108461 191509
108463 191507
108497 191473
108503 191467
108517 191453
108529 191441
108557 191413
108631 191339
108739 191231
108827 191143
108881 191089
108923 191047
108943 191027
108949 191021
108991 190979
109049 190921
109133 190837
109141 190829
109147 190823
109159 190811
109201 190769
109211 190759
109253 190717
109303 190667
109313 190657
109321 190649
109331 190639
109357 190613
109363 190607
109379 190591
109387 190583
109391 190579
109397 190573
109433 190537
109441 190529
109567 190403
109579 190391
109583 190387
109639 190331
109673 190297
109721 190249
109789 190181
109841 190129
109849 190121
109873 190097
109919 190051
109943 190027
109987 189983
110023 189947
110069 189901
110083 189887
110119 189851
110237 189733
110269 189701
110273 189697
110441 189529
110477 189493
110479 189491
110491 189479
110503 189467
110533 189437
110563 189407
110569 189401
110581 189389
110609 189361
110623 189347
110731 189239
110771 189199
110819 189151
110821 189149
110909 189061
110927 189043
110951 189019
111029 188941
111031 188939
111043 188927
111109 188861
111127 188843
111143 188827
111191 188779
111217 188753
111263 188707
111269 188701
111317 188653
111337 188633
111443 188527
111487 188483
111497 188473
111533 188437
111539 188431
111581 188389
111611 188359
111637 188333
111653 188317
111659 188311
111667 188303
111697 188273
111721 188249
111773 188197
111781 188189
111791 188179
111799 188171
111827 188143
111833 188137
111863 188107
111949 188021
111953 188017
111959 188011
111997 187973
112019 187951
112061 187909
112087 187883
112207 187763
112249 187721
112331 187639
112337 187633
112339 187631
112397 187573
112501 187469
112507 187463
112577 187393
112583 187387
112603 187367
112621 187349
112759 187211
112799 187171
112807 187163
112831 187139
112843 187127
112859 187111
112901 187069
112921 187049
112927 187043
112967 187003
113011 186959
113023 186947
113081 186889
113093 186877
113111 186859
113171 186799
113177 186793
113209 186761
113213 186757
113227 186743
113341 186629
113383 186587
113489 186481
113501 186469
113591 186379
113717 186253
113723 186247
113731 186239
113759 186211
113779 186191
113783 186187
113809 186161
113899 186071
113921 186049
113933 186037
113947 186023
113957 186013
113963 186007
113983 185987
114013 185957
114067 185903
114073 185897
114077 185893
114157 185813
114203 185767
114217 185753
114221 185749
114259 185711
114277 185693
114319 185651
114329 185641
114371 185599
114377 185593
114419 185551
114451 185519
114479 185491
114487 185483
114493 185477
114599 185371
114601 185369
114643 185327
114661 185309
114671 185299
114679 185291
114749 185221
114781 185189
114809 185161
114833 185137
114847 185123
114901 185069
114913 185057
114973 184997
115001 184969
115013 184957
115021 184949
115057 184913
115067 184903
115127 184843
115133 184837
115237 184733
115249 184721
115259 184711
115301 184669
115319 184651
115321 184649
115337 184633
115343 184627
115361 184609
115363 184607
115399 184571
115459 184511
115523 184447
115553 184417
115561 184409
115601 184369
115637 184333
115679 184291
115771 184199
115781 184189
115783 184187
115837 184133
115853 184117
115859 184111
115883 184087
115931 184039
115963 184007
116027 183943
116089 183881
116099 183871
116141 183829
116257 183713
116273 183697
116279 183691
116359 183611
116443 183527
116447 183523
116461 183509
116471 183499
116483 183487
116491 183479
116531 183439
116533 183437
116593 183377
116663 183307
116681 183289
116687 183283
116707 183263
116803 183167
116819 183151
116881 183089
116903 183067
116911 183059
116923 183047
116929 183041
116933 183037
116989 182981
117017 182953
117037 182933
117041 182929
117043 182927
117071 182899
117119 182851
117167 182803
117191 182779
117223 182747
117259 182711
117269 182701
117329 182641
117331 182639
117353 182617
117371 182599
117497 182473
117499 182471
117503 182467
117517 182453
117539 182431
117617 182353
117673 182297
117709 182261
117727 182243
117731 182239
117811 182159
117839 182131
117841 182129
117881 182089
117911 182059
117959 182011
117973 181997
117989 181981
118043 181927
118051 181919
118057 181913
118081 181889
118211 181759
118213 181757
118219 181751
118249 181721
118253 181717
118259 181711
118277 181693
118361 181609
118457 181513
118471 181499
118549 181421
118571 181399
118583 181387
118669 181301
118673 181297
118687 181283
118717 181253
118751 181219
118757 181213
118787 181183
118907 181063
118931 181039
118967 181003
119087 180883
119099 180871
119159 180811
119173 180797
119191 180779
119291 180679
119429 180541
119533 180437
119551 180419
119557 180413
119591 180379
119633 180337
119653 180317
119659 180311
119689 180281
119723 180247
119737 180233
119759 180211
119809 180161
119963 180007
119971 179999
119981 179989
120017 179953
120047 179923
120067 179903
120121 179849
120157 179813
120163 179807
120233 179737
120277 179693
120283 179687
120299 179671
120319 179651
120391 179579
120397 179573
120473 179497
120563 179407
120577 179393
120587 179383
120619 179351
120689 179281
120709 179261
120737 179233
120767 179203
120851 179119
120863 179107
120871 179099
120919 179051
120929 179041
120937 179033
120941 179029
120997 178973
121019 178951
121039 178931
121061 178909
121063 178907
121067 178903
121081 178889
121139 178831
121151 178819
121157 178813
121171 178799
121189 178781
121327 178643
121343 178627
121349 178621
121357 178613
121367 178603
121369 178601
121403 178567
121439 178531
121469 178501
121501 178469
121523 178447
121531 178439
121553 178417
121577 178393
121609 178361
121621 178349
121637 178333
121711 178259
121721 178249
121763 178207
121787 178183
121843 178127
121853 178117
121867 178103
121931 178039
121949 178021
122021 177949
122027 177943
122041 177929
122053 177917
122081 177889
122131 177839
122147 177823
122173 177797
122207 177763
122209 177761
122231 177739
122279 177691
122323 177647
122347 177623
122477 177493
122489 177481
122497 177473
122503 177467
122561 177409
122651 177319
122701 177269
122753 177217
122761 177209
122839 177131
122861 177109
122869 177101
122957 177013
122963 177007
123049 176921
123083 176887
123113 176857
123121 176849
123191 176779
123217 176753
123229 176741
123259 176711
123341 176629
123373 176597
123379 176591
123397 176573
123419 176551
123433 176537
123439 176531
123449 176521
123503 176467
123551 176419
123553 176417
123581 176389
123601 176369
123637 176333
123653 176317
123667 176303
123727 176243
123733 176237
123757 176213
123791 176179
123817 176153
123923 176047
123953 176017
123979 175991
124021 175949
124097 175873
124133 175837
124213 175757
124247 175723
124297 175673
124337 175633
124339 175631
124349 175621
124427 175543
124447 175523
124471 175499
124477 175493
124489 175481
124567 175403
124577 175393
124643 175327
124679 175291
124693 175277
124703 175267
124759 175211
124909 175061
124979 174991
124981 174989
125053 174917
125063 174907
125093 174877
125119 174851
125141 174829
125149 174821
125197 174773
125207 174763
125221 174749
125311 174659
125339 174631
125353 174617
125371 174599
125387 174583
125399 174571
125527 174443
125539 174431
125639 174331
125641 174329
125659 174311
125707 174263
125711 174259
125813 174157
125821 174149
125899 174071
125921 174049
125963 174007
126001 173969
126037 173933
126047 173923
126079 173891
126131 173839
126143 173827
126151 173819
126227 173743
126229 173741
126241 173729
126257 173713
126271 173699
126311 173659
126323 173647
126341 173629
126397 173573
126421 173549
126473 173497
126487 173483
126541 173429
126611 173359
126613 173357
126703 173267
126751 173219
126761 173209
126781 173189
126949 173021
126989 172981
127037 172933
127103 172867
127163 172807
127219 172751
127249 172721
127261 172709
127289 172681
127297 172673
127321 172649
127363 172607
127373 172597
127453 172517
127481 172489
127529 172441
127549 172421
127597 172373
127649 172321
127657 172313
127663 172307
127691 172279
127711 172259
127727 172243
127747 172223
127817 172153
127843 172127
127873 172097
127877 172093
127921 172049
128033 171937
128047 171923
128053 171917
128119 171851
128147 171823
128159 171811
128213 171757
128237 171733
128257 171713
128273 171697
128291 171679
128311 171659
128341 171629
128399 171571
128411 171559
128431 171539
128489 171481
128521 171449
128629 171341
128677 171293
128717 171253
128767 171203
128879 171091
128923 171047
128941 171029
129049 170921
129083 170887
129089 170881
129097 170873
129113 170857
129119 170851
129127 170843
129169 170801
129193 170777
129197 170773
129209 170761
129221 170749
129229 170741
129263 170707
129281 170689
129361 170609
129419 170551
129461 170509
129497 170473
129529 170441
129581 170389
129587 170383
129607 170363
129629 170341
129643 170327
129671 170299
129707 170263
129757 170213
129763 170207
129803 170167
129967 170003
130027 169943
130051 169919
130057 169913
130079 169891
130127 169843
130147 169823
130201 169769
130261 169709
130279 169691
130303 169667
130337 169633
130343 169627
130363 169607
130379 169591
130439 169531
130447 169523
130469 169501
130477 169493
130513 169457
130631 169339
130643 169327
130649 169321
130651 169319
130657 169313
130687 169283
130729 169241
130811 169159
130841 169129
130859 169111
130873 169097
131071 168899
131101 168869
131251 168719
131293 168677
131297 168673
131371 168599
131437 168533
131447 168523
131479 168491
131489 168481
131507 168463
131519 168451
131561 168409
131617 168353
131639 168331
131701 168269
131707 168263
131743 168227
131759 168211
131777 168193
131861 168109
131899 168071
131927 168043
131933 168037
131941 168029
131947 168023
132059 167911
132071 167899
132109 167861
132169 167801
132199 167771
132241 167729
132287 167683
132329 167641
132347 167623
132499 167471
132527 167443
132529 167441
132533 167437
132541 167429
132547 167423
132589 167381
132631 167339
132661 167309
132701 167269
132709 167261
132721 167249
132749 167221
132757 167213
132851 167119
132857 167113
132863 167107
132893 167077
132947 167023
132949 167021
132953 167017
132961 167009
133039 166931
133051 166919
133103 166867
133109 166861
133117 166853
133121 166849
133187 166783
133277 166693
133303 166667
133327 166643
133351 166619
133403 166567
133499 166471
133541 166429
133571 166399
133669 166301
133673 166297
133697 166273
133711 166259
133723 166247
133733 166237
133781 166189
133801 166169
133813 166157
133949 166021
134039 165931
134087 165883
134093 165877
134153 165817
134171 165799
134191 165779
134257 165713
134263 165707
134269 165701
134353 165617
134359 165611
134369 165601
134401 165569
134417 165553
134437 165533
134443 165527
134507 165463
134513 165457
134587 165383
134591 165379
134639 165331
134677 165293
134683 165287
134741 165229
134789 165181
134837 165133
134867 165103
134887 165083
134921 165049
134923 165047
135007 164963
135017 164953
135059 164911
135077 164893
135089 164881
135131 164839
135181 164789
135241 164729
135347 164623
135349 164621
135353 164617
135389 164581
135467 164503
135593 164377
135599 164371
135607 164363
135613 164357
135649 164321
135661 164309
135671 164299
135719 164251
135721 164249
135731 164239
135787 164183
135899 164071
135913 164057
135977 163993
135979 163991
136043 163927
136069 163901
136099 163871
136111 163859
136189 163781
136217 163753
136237 163733
136273 163697
136309 163661
136327 163643
136333 163637
136337 163633
136343 163627
136397 163573
136403 163567
136453 163517
136483 163487
136501 163469
136537 163433
136559 163411
136603 163367
136607 163363
136649 163321
136711 163259
136727 163243
136777 163193
136841 163129
136861 163109
136943 163027
136949 163021
136951 163019
136973 162997
136999 162971
137089 162881
137117 162853
137131 162839
137147 162823
137183 162787
137191 162779
137219 162751
137239 162731
137279 162691
137321 162649
137341 162629
137359 162611
137369 162601
137393 162577
137413 162557
137443 162527
137447 162523
137453 162517
137477 162493
137519 162451
137707 162263
137713 162257
137827 162143
137911 162059
137993 161977
137999 161971
138059 161911
138101 161869
138139 161831
138163 161807
138191 161779
138197 161773
138209 161761
138239 161731
138241 161729
138311 161659
138371 161599
138401 161569
138407 161563
138427 161543
138449 161521
138511 161459
138517 161453
138559 161411
138563 161407
138629 161341
138637 161333
138647 161323
138661 161309
138821 161149
138829 161141
138883 161087
138899 161071
138917 161053
138923 161047
138937 161033
139067 160903
139091 160879
139109 160861
139273 160697
139301 160669
139333 160637
139343 160627
139367 160603
139387 160583
139429 160541
139487 160483
139547 160423
139597 160373
139627 160343
139661 160309
139739 160231
139753 160217
139787 160183
139801 160169
139883 160087
139891 160079
139921 160049
139939 160031
139969 160001
139991 159979
140071 159899
140159 159811
140171 159799
140177 159793
140191 159779
140197 159773
140207 159763
140249 159721
140263 159707
140269 159701
140297 159673
140339 159631
140381 159589
140401 159569
140407 159563
140417 159553
140449 159521
140533 159437
140549 159421
140659 159311
140677 159293
140683 159287
140761 159209
140779 159191
140813 159157
140891 159079
140897 159073
140977 158993
140989 158981
141061 158909
141107 158863
141121 158849
141179 158791
141199 158771
141209 158761
141221 158749
141223 158747
141307 158663
141353 158617
141359 158611
141397 158573
141403 158567
141443 158527
141481 158489
141551 158419
141613 158357
141619 158351
141629 158341
141667 158303
141677 158293
141709 158261
141761 158209
141769 158201
141829 158141
141941 158029
141961 158009
141971 157999
142019 157951
142039 157931
142157 157813
142223 157747
142231 157739
142237 157733
142391 157579
142427 157543
142537 157433
142543 157427
142559 157411
142607 157363
142619 157351
142697 157273
142699 157271
142711 157259
142759 157211
142789 157181
142837 157133
142867 157103
142963 157007
143137 156833
143243 156727
143263 156707
143287 156683
143291 156679
143329 156641
143477 156493
143483 156487
143503 156467
143551 156419
143609 156361
143617 156353
143651 156319
143711 156259
143729 156241
143743 156227
143813 156157
143831 156139
143881 156089
143909 156061
144161 155809
144169 155801
144173 155797
144223 155747
144247 155723
144253 155717
144271 155699
144299 155671
144307 155663
144349 155621
144413 155557
144461 155509
144497 155473
144583 155387
144589 155381
144593 155377
144667 155303
144671 155299
144701 155269
144719 155251
144751 155219
144779 155191
144817 155153
144883 155087
144887 155083
144889 155081
144961 155009
144967 155003
145037 154933
145043 154927
145121 154849
145289 154681
145303 154667
145349 154621
145381 154589
145391 154579
145399 154571
145477 154493
145511 154459
145531 154439
145547 154423
145601 154369
145637 154333
145679 154291
145703 154267
145723 154247
145757 154213
145759 154211
145897 154073
145903 154067
145969 154001
146021 153949
146023 153947
146057 153913
146059 153911
146093 153877
146099 153871
146213 153757
146221 153749
146347 153623
146359 153611
146381 153589
146407 153563
146437 153533
146449 153521
146513 153457
146521 153449
146527 153443
146543 153427
146563 153407
146617 153353
146683 153287
146701 153269
146819 153151
146833 153137
146837 153133
146857 153113
146893 153077
146977 152993
146989 152981
147011 152959
147029 152941
147031 152939
147073 152897
147137 152833
147151 152819
147179 152791
147253 152717
147289 152681
147299 152671
147331 152639
147341 152629
147347 152623
147353 152617
147451 152519
147541 152429
147547 152423
147551 152419
147607 152363
147673 152297
147703 152267
147739 152231
147773 152197
147787 152183
147859 152111
148061 151909
148073 151897
148123 151847
148153 151817
148157 151813
148171 151799
148199 151771
148201 151769
148303 151667
148339 151631
148361 151609
148367 151603
148439 151531
148471 151499
148537 151433
148573 151397
148579 151391
148627 151343
148633 151337
148667 151303
148691 151279
148723 151247
148727 151243
148781 151189
148817 151153
148829 151141
148913 151057
148921 151049
148957 151013
148961 151009
148991 150979
149011 150959
149069 150901
149077 150893
149087 150883
149101 150869
149143 150827
149173 150797
149249 150721
149381 150589
149399 150571
149411 150559
149419 150551
149497 150473
149531 150439
149543 150427
149563 150407
149627 150343
149731 150239
149749 150221
149759 150211
149767 150203
149839 150131
149873 150097
149893 150077
149909 150061
149969 150001
