5051
19 299861
23 299857
37 299843
73 299807
103 299777
109 299771
131 299749
137 299743
149 299731
157 299723
179 299701
181 299699
197 299683
199 299681
227 299653
257 299623
263 299617
277 299603
311 299569
313 299567
353 299527
359 299521
367 299513
379 299501
401 299479
409 299471
433 299447
461 299419
463 299417
479 299401
487 299393
491 299389
509 299371
521 299359
523 299357
547 299333
563 299317
569 299311
593 299287
599 299281
619 299261
641 299239
683 299197
701 299179
709 299171
733 299147
743 299137
773 299107
821 299059
827 299053
853 299027
863 299017
881 298999
887 298993
937 298943
983 298897
1019 298861
1033 298847
1039 298841
1061 298819
1063 298817
1103 298777
1123 298757
1171 298709
1187 298693
1193 298687
1201 298679
1213 298667
1229 298651
1249 298631
1259 298621
1279 298601
1291 298589
1297 298583
1301 298579
1321 298559
1367 298513
1429 298451
1453 298427
1471 298409
1481 298399
1511 298369
1531 298349
1553 298327
1597 298283
1619 298261
1657 298223
1667 298213
1669 298211
1693 298187
1709 298171
1721 298159
1723 298157
1787 298093
1831 298049
1867 298013
1889 297991
1913 297967
1949 297931
1973 297907
1987 297893
1999 297881
2027 297853
2039 297841
2069 297811
2083 297797
2087 297793
2153 297727
2161 297719
2221 297659
2239 297641
2251 297629
2267 297613
2273 297607
2347 297533
2357 297523
2371 297509
2377 297503
2393 297487
2399 297481
2411 297469
2423 297457
2441 297439
2459 297421
2477 297403
2503 297377
2521 297359
2591 297289
2617 297263
2633 297247
2647 297233
2689 297191
2711 297169
2719 297161
2729 297151
2767 297113
2797 297083
2801 297079
2819 297061
2857 297023
2861 297019
2897 296983
2909 296971
2939 296941
2969 296911
2971 296909
3037 296843
3049 296831
3061 296819
3079 296801
3083 296797
3109 296771
3167 296713
3187 296693
3217 296663
3229 296651
3253 296627
3299 296581
3301 296579
3319 296561
3323 296557
3329 296551
3361 296519
3371 296509
3373 296507
3391 296489
3407 296473
3511 296369
3517 296363
3527 296353
3533 296347
3581 296299
3593 296287
3607 296273
3631 296249
3637 296243
3643 296237
3659 296221
3697 296183
3797 296083
3833 296047
3853 296027
3863 296017
3907 295973
3919 295961
3929 295951
3931 295949
3943 295937
4001 295879
4003 295877
4007 295873
4019 295861
4027 295853
4049 295831
4093 295787
4111 295769
4129 295751
4153 295727
4177 295703
4217 295663
4289 295591
4327 295553
4339 295541
4363 295517
4421 295459
4441 295439
4447 295433
4451 295429
4463 295417
4493 295387
4517 295363
4523 295357
4547 295333
4561 295319
4567 295313
4597 295283
4603 295277
4621 295259
4643 295237
4679 295201
4751 295129
4799 295081
4801 295079
4831 295049
4889 294991
4931 294949
4933 294947
4957 294923
4969 294911
4987 294893
4993 294887
5011 294869
5021 294859
5051 294829
5059 294821
5077 294803
5081 294799
5087 294793
5099 294781
5107 294773
5119 294761
5231 294649
5233 294647
5351 294529
5381 294499
5413 294467
5419 294461
5441 294439
5449 294431
5477 294403
5483 294397
5527 294353
5563 294317
5569 294311
5591 294289
5639 294241
5653 294227
5657 294223
5669 294211
5701 294179
5711 294169
5749 294131
5813 294067
5821 294059
5827 294053
5851 294029
5857 294023
5867 294013
5879 294001
5881 293999
5897 293983
5923 293957
5939 293941
5981 293899
5987 293893
6053 293827
6089 293791
6113 293767
6131 293749
6151 293729
6163 293717
6199 293681
6203 293677
6221 293659
6229 293651
6247 293633
6263 293617
6277 293603
6337 293543
6373 293507
6397 293483
6421 293459
6427 293453
6449 293431
6481 293399
6529 293351
6551 293329
6569 293311
6619 293261
6659 293221
6673 293207
6679 293201
6701 293179
6703 293177
6733 293147
6781 293099
6793 293087
6907 292973
6911 292969
6947 292933
6959 292921
6971 292909
7001 292879
7013 292867
7039 292841
7043 292837
7079 292801
7103 292777
7121 292759
7127 292753
7177 292703
7187 292693
7207 292673
7213 292667
7219 292661
7253 292627
7307 292573
7331 292549
7349 292531
7411 292469
7487 292393
7499 292381
7517 292363
7529 292351
7537 292343
7561 292319
7639 292241
7649 292231
7699 292181
7723 292157
7789 292091
7823 292057
7853 292027
7883 291997
7901 291979
7993 291887
8011 291869
8089 291791
8101 291779
8179 291701
8191 291689
8219 291661
8231 291649
8233 291647
8311 291569
8317 291563
8377 291503
8389 291491
8423 291457
8443 291437
8461 291419
8513 291367
8521 291359
8543 291337
8581 291299
8609 291271
8623 291257
8627 291253
8663 291217
8681 291199
8689 291191
8707 291173
8713 291167
8737 291143
8779 291101
8803 291077
8837 291043
8839 291041
8867 291013
8887 290993
8893 290987
9001 290879
9011 290869
9041 290839
9043 290837
9059 290821
9173 290707
9203 290677
9209 290671
9221 290659
9257 290623
9283 290597
9323 290557
9341 290539
9349 290531
9371 290509
9391 290489
9433 290447
9437 290443
9439 290441
9461 290419
9497 290383
9511 290369
9521 290359
9533 290347
9631 290249
9661 290219
9679 290201
9697 290183
9719 290161
9739 290141
9743 290137
9767 290113
9833 290047
9839 290041
9857 290023
9859 290021
9907 289973
9923 289957
9929 289951
10009 289871
10037 289843
10039 289841
10091 289789
10139 289741
10159 289721
10163 289717
10211 289669
10223 289657
10243 289637
10273 289607
10303 289577
10321 289559
10337 289543
10369 289511
10391 289489
10427 289453
10457 289423
10463 289417
10499 289381
10531 289349
10589 289291
10597 289283
10607 289273
10627 289253
10631 289249
10639 289241
10667 289213
10687 289193
10691 289189
10709 289171
10711 289169
10729 289151
10739 289141
10753 289127
10771 289109
10781 289099
10831 289049
10847 289033
10859 289021
10861 289019
10883 288997
10889 288991
10891 288989
10949 288931
10973 288907
11003 288877
11027 288853
11047 288833
11057 288823
11113 288767
11149 288731
11197 288683
11321 288559
11329 288551
11351 288529
11353 288527
11399 288481
11447 288433
11467 288413
11491 288389
11497 288383
11519 288361
11587 288293
11597 288283
11633 288247
11677 288203
11681 288199
11689 288191
11699 288181
11701 288179
11743 288137
11827 288053
11831 288049
11903 287977
11941 287939
11959 287921
12007 287873
12097 287783
12149 287731
12211 287669
12251 287629
12269 287611
12301 287579
12323 287557
12343 287537
12377 287503
12379 287501
12487 287393
12497 287383
12539 287341
12547 287333
12553 287327
12583 287297
12589 287291
12601 287279
12611 287269
12641 287239
12647 287233
12689 287191
12713 287167
12721 287159
12739 287141
12743 287137
12763 287117
12781 287099
12821 287059
12823 287057
12893 286987
12899 286981
12907 286973
12953 286927
13007 286873
13049 286831
13103 286777
13109 286771
13127 286753
13147 286733
13159 286721
13177 286703
13183 286697
13229 286651
13267 286613
13291 286589
13327 286553
13337 286543
13339 286541
13367 286513
13381 286499
13397 286483
13411 286469
13421 286459
13469 286411
13487 286393
13499 286381
13513 286367
13591 286289
13681 286199
13709 286171
13751 286129
13807 286073
13831 286049
13879 286001
13883 285997
13901 285979
13903 285977
13931 285949
14009 285871
14057 285823
14107 285773
14149 285731
14159 285721
14173 285707
14207 285673
14249 285631
14251 285629
14281 285599
14321 285559
14323 285557
14327 285553
14341 285539
14347 285533
14407 285473
14411 285469
14423 285457
14447 285433
14503 285377
14537 285343
14563 285317
14591 285289
14593 285287
14629 285251
14653 285227
14741 285139
14759 285121
14767 285113
14779 285101
14831 285049
14891 284989
14923 284957
14983 284897
15061 284819
15073 284807
15077 284803
15121 284759
15131 284749
15137 284743
15139 284741
15149 284731
15173 284707
15199 284681
15287 284593
15289 284591
15307 284573
15319 284561
15329 284551
15359 284521
15373 284507
15391 284489
15413 284467
15451 284429
15467 284413
15473 284407
15493 284387
15511 284369
15569 284311
15619 284261
15643 284237
15647 284233
15649 284231
15679 284201
15727 284153
15731 284149
15749 284131
15787 284093
15797 284083
15823 284057
15877 284003
15901 283979
15919 283961
15923 283957
15971 283909
16007 283873
16063 283817
16067 283813
16073 283807
16087 283793
16111 283769
16139 283741
16183 283697
16193 283687
16249 283631
16273 283607
16301 283579
16339 283541
16361 283519
16369 283511
16417 283463
16433 283447
16477 283403
16603 283277
16673 283207
16699 283181
16741 283139
16747 283133
16759 283121
16763 283117
16787 283093
16829 283051
16871 283009
16879 283001
16889 282991
16903 282977
16921 282959
16963 282917
17011 282869
17029 282851
17033 282847
17047 282833
17053 282827
17107 282773
17167 282713
17183 282697
17189 282691
17203 282677
17209 282671
17291 282589
17317 282563
17321 282559
17387 282493
17393 282487
17419 282461
17467 282413
17471 282409
17489 282391
17491 282389
17497 282383
17569 282311
17573 282307
17581 282299
17599 282281
17627 282253
17659 282221
17713 282167
17737 282143
17783 282097
17789 282091
17791 282089
17827 282053
17891 281989
17909 281971
17921 281959
17957 281923
17959 281921
17987 281893
18013 281867
18041 281839
18043 281837
18047 281833
18077 281803
18089 281791
18097 281783
18119 281761
18133 281747
18143 281737
18211 281669
18217 281663
18229 281651
18233 281647
18253 281627
18257 281623
18301 281579
18329 281551
18341 281539
18353 281527
18371 281509
18451 281429
18457 281423
18461 281419
18517 281363
18523 281357
18541 281339
18553 281327
18583 281297
18637 281243
18691 281189
18713 281167
18749 281131
18913 280967
18917 280963
18947 280933
18959 280921
19001 280879
19009 280871
19037 280843
19069 280811
19121 280759
19163 280717
19181 280699
19183 280697
19207 280673
19267 280613
19273 280607
19289 280591
19319 280561
19333 280547
19373 280507
19381 280499
19417 280463
19429 280451
19469 280411
19471 280409
19507 280373
19541 280339
19543 280337
19553 280327
19559 280321
19577 280303
19583 280297
19603 280277
19661 280219
19681 280199
19697 280183
19751 280129
19759 280121
19777 280103
19819 280061
19843 280037
19867 280013
19889 279991
19913 279967
19961 279919
19997 279883
20023 279857
20063 279817
20101 279779
20113 279767
20129 279751
20149 279731
20173 279707
20201 279679
20231 279649
20261 279619
20287 279593
20297 279583
20323 279557
20327 279553
20357 279523
20369 279511
20399 279481
20483 279397
20543 279337
20551 279329
20563 279317
20611 279269
20693 279187
20707 279173
20743 279137
20749 279131
20753 279127
20759 279121
20771 279109
20807 279073
20857 279023
20873 279007
20879 279001
20899 278981
20963 278917
21001 278879
21013 278867
21031 278849
21061 278819
21067 278813
21139 278741
21163 278717
21179 278701
21191 278689
21193 278687
21269 278611
21317 278563
21319 278561
21323 278557
21377 278503
21379 278501
21383 278497
21391 278489
21401 278479
21467 278413
21487 278393
21493 278387
21517 278363
21559 278321
21601 278279
21611 278269
21647 278233
21661 278219
21673 278207
21737 278143
21757 278123
21817 278063
21839 278041
21851 278029
21863 278017
21881 277999
21961 277919
21977 277903
21991 277889
21997 277883
22051 277829
22067 277813
22091 277789
22093 277787
22123 277757
22129 277751
22133 277747
22189 277691
22193 277687
22277 277603
22279 277601
22283 277597
22303 277577
22349 277531
22367 277513
22381 277499
22397 277483
22453 277427
22469 277411
22549 277331
22571 277309
22619 277261
22621 277259
22697 277183
22717 277163
22783 277097
22807 277073
22817 277063
22859 277021
22877 277003
22961 276919
22963 276917
22973 276907
23011 276869
23041 276839
23053 276827
23057 276823
23059 276821
23063 276817
23099 276781
23117 276763
23159 276721
23173 276707
23209 276671
23251 276629
23291 276589
23293 276587
23327 276553
23431 276449
23509 276371
23537 276343
23557 276323
23561 276319
23603 276277
23623 276257
23629 276251
23633 276247
23671 276209
23689 276191
23743 276137
23767 276113
23789 276091
23801 276079
23831 276049
23833 276047
23869 276011
23873 276007
23893 275987
23899 275981
23911 275969
23917 275963
23957 275923
24043 275837
24097 275783
24107 275773
24113 275767
24151 275729
24169 275711
24181 275699
24203 275677
24223 275657
24229 275651
24239 275641
24281 275599
24337 275543
24359 275521
24391 275489
24419 275461
24421 275459
24481 275399
24509 275371
24571 275309
24611 275269
24697 275183
24733 275147
24749 275131
24793 275087
24821 275059
24841 275039
24877 275003
24907 274973
24919 274961
24923 274957
24971 274909
25013 274867
25033 274847
25037 274843
25097 274783
25169 274711
25171 274709
25183 274697
25219 274661
25253 274627
25301 274579
25391 274489
25409 274471
25423 274457
25439 274441
25457 274423
25523 274357
25579 274301
25603 274277
25609 274271
25621 274259
25643 274237
25657 274223
25667 274213
25679 274201
25693 274187
25703 274177
25717 274163
25733 274147
25741 274139
25759 274121
25763 274117
25799 274081
25819 274061
25847 274033
25873 274007
25913 273967
25939 273941
25951 273929
25981 273899
25999 273881
26053 273827
26083 273797
26107 273773
26141 273739
26153 273727
26161 273719
26171 273709
26183 273697
26227 273653
26237 273643
26251 273629
26263 273617
26267 273613
26407 273473
26423 273457
26513 273367
26557 273323
26591 273289
26597 273283
26627 273253
26647 273233
26687 273193
26693 273187
26699 273181
26723 273157
26731 273149
26813 273067
26821 273059
26833 273047
26879 273001
26881 272999
26891 272989
26921 272959
26947 272933
26953 272927
26993 272887
27017 272863
27067 272813
27073 272807
27103 272777
27109 272771
27143 272737
27197 272683
27259 272621
27277 272603
27299 272581
27427 272453
27431 272449
27457 272423
27481 272399
27527 272353
27529 272351
27539 272341
27551 272329
27581 272299
27611 272269
27617 272263
27631 272249
27653 272227
27689 272191
27691 272189
27697 272183
27701 272179
27739 272141
27749 272131
27827 272053
27851 272029
27941 271939
27953 271927
27961 271919
27983 271897
28001 271879
28019 271861
28027 271853
28031 271849
28051 271829
28069 271811
28109 271771
28111 271769
28151 271729
28229 271651
28277 271603
28283 271597
28307 271573
28309 271571
28409 271471
28429 271451
28513 271367
28517 271363
28547 271333
28591 271289
28603 271277
28607 271273
28619 271261
28627 271253
28649 271231
28663 271217
28669 271211
28703 271177
28711 271169
28751 271129
28753 271127
28771 271109
28813 271067
28837 271043
28859 271021
28867 271013
28927 270953
28949 270931
29021 270859
29059 270821
29131 270749
29179 270701
29191 270689
29201 270679
29221 270659
29287 270593
29297 270583
29303 270577
29327 270553
29333 270547
29387 270493
29429 270451
29437 270443
29443 270437
29473 270407
29501 270379
29537 270343
29569 270311
29573 270307
29581 270299
29611 270269
29641 270239
29663 270217
29671 270209
29717 270163
29723 270157
29759 270121
29851 270029
29879 270001
29927 269953
29983 269897
29989 269891
30029 269851
30089 269791
30097 269783
30119 269761
30139 269741
30161 269719
30197 269683
30307 269573
30319 269561
30341 269539
30367 269513
30449 269431
30467 269413
30491 269389
30493 269387
30497 269383
30529 269351
30539 269341
30553 269327
30643 269237
30649 269231
30661 269219
30671 269209
30697 269183
30703 269177
30713 269167
30763 269117
30817 269063
30839 269041
30841 269039
30851 269029
30881 268999
30911 268969
30971 268909
30983 268897
31019 268861
31039 268841
31063 268817
31069 268811
31091 268789
31121 268759
31123 268757
31147 268733
31151 268729
31159 268721
31219 268661
31237 268643
31267 268613
31307 268573
31333 268547
31379 268501
31387 268493
31393 268487
31477 268403
31583 268297
31627 268253
31643 268237
31727 268153
31817 268063
31973 267907
31981 267899
32003 267877
32051 267829
32069 267811
32077 267803
32083 267797
32089 267791
32099 267781
32117 267763
32141 267739
32143 267737
32159 267721
32203 267677
32213 267667
32233 267647
32237 267643
32251 267629
32299 267581
32323 267557
32359 267521
32363 267517
32369 267511
32401 267479
32411 267469
32429 267451
32441 267439
32467 267413
32479 267401
32491 267389
32507 267373
32563 267317
32573 267307
32579 267301
32603 267277
32609 267271
32621 267259
32647 267233
32653 267227
32687 267193
32693 267187
32713 267167
32749 267131
32783 267097
32831 267049
32843 267037
32887 266993
32909 266971
32933 266947
32971 266909
32983 266897
33013 266867
33083 266797
33113 266767
33161 266719
33179 266701
33191 266689
33199 266681
33203 266677
33247 266633
33331 266549
33359 266521
33391 266489
33403 266477
33469 266411
33479 266401
33521 266359
33529 266351
33547 266333
33587 266293
33589 266291
33599 266281
33619 266261
33641 266239
33703 266177
33721 266159
33751 266129
33769 266111
33791 266089
33797 266083
33827 266053
33829 266051
33851 266029
33857 266023
33871 266009
33893 265987
33923 265957
33997 265883
34019 265861
34033 265847
34039 265841
34061 265819
34123 265757
34141 265739
34171 265709
34259 265621
34261 265619
34267 265613
34273 265607
34301 265579
34313 265567
34319 265561
34337 265543
34367 265513
34369 265511
34421 265459
34429 265451
34457 265423
34499 265381
34543 265337
34603 265277
34607 265273
34631 265249
34649 265231
34673 265207
34687 265193
34729 265151
34739 265141
34757 265123
34763 265117
34843 265037
34877 265003
34883 264997
34919 264961
34949 264931
34961 264919
34981 264899
35051 264829
35053 264827
35069 264811
35089 264791
35111 264769
35117 264763
35141 264739
35149 264731
35221 264659
35279 264601
35281 264599
35327 264553
35353 264527
35393 264487
35437 264443
35509 264371
35521 264359
35527 264353
35531 264349
35537 264343
35591 264289
35597 264283
35617 264263
35747 264133
35753 264127
35797 264083
35809 264071
35851 264029
35897 263983
35923 263957
35969 263911
35999 263881
36011 263869
36013 263867
36017 263863
36037 263843
36061 263819
36151 263729
36229 263651
36269 263611
36307 263573
36313 263567
36319 263561
36343 263537
36389 263491
36451 263429
36457 263423
36469 263411
36479 263401
36493 263387
36497 263383
36587 263293
36607 263273
36653 263227
36671 263209
36697 263183
36709 263171
36713 263167
36761 263119
36779 263101
36791 263089
36809 263071
36833 263047
36857 263023
36871 263009
36899 262981
36923 262957
36931 262949
36943 262937
36979 262901
36997 262883
37003 262877
37061 262819
37097 262783
37139 262741
37171 262709
37199 262681
37223 262657
37253 262627
37313 262567
37337 262543
37339 262541
37361 262519
37369 262511
37379 262501
37447 262433
37489 262391
37493 262387
37511 262369
37529 262351
37549 262331
37567 262313
37619 262261
37643 262237
37649 262231
37663 262217
37693 262187
37747 262133
37811 262069
37831 262049
37853 262027
37897 261983
37907 261973
37963 261917
37993 261887
38119 261761
38167 261713
38183 261697
38237 261643
38239 261641
38261 261619
38287 261593
38299 261581
38303 261577
38317 261563
38351 261529
38371 261509
38447 261433
38449 261431
38453 261427
38501 261379
38543 261337
38557 261323
38609 261271
38629 261251
38639 261241
38651 261229
38711 261169
38713 261167
38791 261089
38803 261077
38821 261059
38867 261013
38921 260959
38959 260921
39019 260861
39023 260857
39089 260791
39107 260773
39119 260761
39133 260747
39157 260723
39163 260717
39209 260671
39229 260651
39233 260647
39251 260629
39293 260587
39341 260539
39397 260483
39419 260461
39439 260441
39461 260419
39541 260339
39551 260329
39563 260317
39667 260213
39671 260209
39679 260201
39709 260171
39769 260111
39791 260089
39799 260081
39857 260023
39863 260017
39869 260011
39877 260003
39887 259993
39937 259943
40013 259867
40039 259841
40099 259781
40129 259751
40163 259717
40189 259691
40213 259667
40237 259643
40241 259639
40253 259627
40277 259603
40343 259537
40427 259453
40429 259451
40459 259421
40483 259397
40493 259387
40499 259381
40559 259321
40609 259271
40697 259183
40759 259121
40847 259033
40879 259001
40897 258983
40903 258977
40961 258919
40993 258887
41077 258803
41117 258763
41143 258737
41177 258703
41183 258697
41189 258691
41203 258677
41221 258659
41243 258637
41257 258623
41263 258617
41269 258611
41299 258581
41341 258539
41381 258499
41389 258491
41411 258469
41443 258437
41467 258413
41491 258389
41507 258373
41543 258337
41549 258331
41597 258283
41603 258277
41627 258253
41647 258233
41669 258211
41719 258161
41737 258143
41761 258119
41771 258109
41813 258067
41849 258031
41887 257993
41893 257987
41927 257953
41959 257921
42013 257867
42017 257863
42019 257861
42023 257857
42043 257837
42083 257797
42089 257791
42169 257711
42193 257687
42209 257671
42223 257657
42379 257501
42391 257489
42407 257473
42433 257447
42437 257443
42443 257437
42473 257407
42499 257381
42509 257371
42569 257311
42641 257239
42703 257177
42709 257171
42719 257161
42773 257107
42787 257093
42863 257017
42899 256981
42923 256957
42979 256901
43003 256877
43049 256831
43067 256813
43159 256721
43237 256643
43271 256609
43291 256589
43313 256567
43319 256561
43391 256489
43397 256483
43411 256469
43457 256423
43487 256393
43517 256363
43543 256337
43573 256307
43579 256301
43661 256219
43669 256211
43691 256189
43711 256169
43717 256163
43759 256121
43787 256093
43801 256079
43891 255989
43933 255947
43961 255919
43963 255917
43973 255907
44021 255859
44029 255851
44041 255839
44123 255757
44171 255709
44201 255679
44221 255659
44263 255617
44267 255613
44293 255587
44357 255523
44381 255499
44497 255383
44519 255361
44531 255349
44621 255259
44633 255247
44641 255239
44683 255197
44687 255193
44699 255181
44701 255179
44753 255127
44773 255107
44797 255083
44809 255071
44887 254993
44893 254987
44909 254971
44917 254963
44939 254941
44953 254927
45007 254873
45053 254827
45077 254803
45127 254753
45139 254741
45181 254699
45233 254647
45343 254537
45361 254519
45389 254491
45433 254447
45491 254389
45497 254383
45503 254377
45589 254291
45599 254281
45631 254249
45667 254213
45673 254207
45827 254053
45833 254047
45841 254039
45853 254027
45887 253993
45893 253987
45943 253937
45971 253909
45979 253901
46027 253853
46061 253819
46091 253789
46093 253787
46103 253777
46147 253733
46199 253681
46219 253661
46229 253651
46271 253609
46273 253607
46279 253601
46307 253573
46327 253553
46337 253543
46349 253531
46399 253481
46411 253469
46441 253439
46447 253433
46457 253423
46499 253381
46511 253369
46559 253321
46573 253307
46633 253247
46723 253157
46727 253153
46747 253133
46771 253109
46817 253063
46831 253049
46867 253013
46877 253003
46901 252979
46993 252887
47051 252829
47057 252823
47119 252761
47143 252737
47149 252731
47189 252691
47269 252611
47297 252583
47339 252541
47417 252463
47431 252449
47497 252383
47521 252359
47591 252289
47657 252223
47699 252181
47711 252169
47717 252163
47737 252143
47741 252139
47779 252101
47843 252037
47911 251969
47933 251947
47939 251941
47963 251917
47977 251903
48023 251857
48049 251831
48091 251789
48119 251761
48179 251701
48259 251621
48271 251609
48313 251567
48337 251543
48341 251539
48353 251527
48397 251483
48407 251473
48413 251467
48437 251443
48449 251431
48463 251417
48487 251393
48527 251353
48533 251347
48589 251291
48593 251287
48619 251261
48623 251257
48647 251233
48649 251231
48661 251219
48677 251203
48679 251201
48731 251149
48781 251099
48799 251081
48809 251071
48817 251063
48821 251059
48823 251057
48847 251033
48991 250889
49009 250871
49043 250837
49081 250799
49103 250777
49139 250741
49171 250709
49177 250703
49193 250687
49199 250681
49207 250673
49261 250619
49297 250583
49391 250489
49429 250451
49477 250403
49537 250343
49613 250267
49627 250253
49681 250199
49711 250169
49727 250153
49757 250123
49789 250091
49807 250073
49823 250057
49831 250049
49843 250037
49853 250027
49891 249989
49937 249943
49957 249923
49999 249881
50021 249859
50023 249857
50047 249833
50053 249827
50069 249811
50101 249779
50131 249749
50153 249727
50159 249721
50177 249703
50221 249659
50273 249607
50287 249593
50291 249589
50341 249539
50359 249521
50363 249517
50377 249503
50383 249497
50417 249463
50441 249439
50459 249421
50461 249419
50497 249383
50503 249377
50513 249367
50539 249341
50551 249329
50593 249287
50627 249253
50647 249233
50651 249229
50753 249127
50773 249107
50777 249103
50821 249059
50893 248987
50909 248971
50971 248909
50989 248891
50993 248887
51001 248879
51059 248821
51131 248749
51157 248723
51197 248683
51239 248641
51241 248639
51283 248597
51287 248593
51343 248537
51347 248533
51407 248473
51419 248461
51439 248441
51449 248431
51473 248407
51479 248401
51563 248317
51581 248299
51613 248267
51637 248243
51679 248201
51691 248189
51713 248167
51719 248161
51803 248077
51817 248063
51829 248051
51839 248041
51859 248021
51941 247939
51991 247889
52027 247853
52051 247829
52067 247813
52069 247811
52081 247799
52121 247759
52163 247717
52183 247697
52189 247691
52267 247613
52289 247591
52301 247579
52361 247519
52379 247501
52489 247391
52511 247369
52517 247363
52541 247339
52543 247337
52571 247309
52579 247301
52631 247249
52639 247241
52697 247183
52807 247073
52813 247067
52879 247001
52901 246979
52951 246929
52957 246923
52967 246913
52973 246907
52981 246899
53047 246833
53069 246811
53077 246803
53087 246793
53093 246787
53149 246731
53171 246709
53173 246707
53197 246683
53239 246641
53267 246613
53269 246611
53281 246599
53323 246557
53353 246527
53407 246473
53411 246469
53441 246439
53551 246329
53591 246289
53609 246271
53629 246251
53633 246247
53639 246241
53657 246223
53693 246187
53759 246121
53783 246097
53831 246049
53891 245989
53897 245983
53899 245981
53917 245963
53939 245941
54059 245821
54091 245789
54121 245759
54133 245747
54139 245741
54251 245629
54287 245593
54293 245587
54319 245561
54347 245533
54361 245519
54367 245513
54403 245477
54409 245471
54443 245437
54469 245411
54497 245383
54541 245339
54559 245321
54563 245317
54581 245299
54601 245279
54623 245257
54629 245251
54709 245171
54751 245129
54773 245107
54851 245029
54941 244939
54979 244901
54983 244897
55021 244859
55127 244753
55147 244733
55213 244667
55243 244637
55291 244589
55313 244567
55333 244547
55351 244529
55373 244507
55399 244481
55457 244423
55469 244411
55487 244393
55501 244379
55529 244351
55541 244339
55547 244333
55579 244301
55589 244291
55619 244261
55633 244247
55661 244219
55663 244217
55681 244199
55721 244159
55733 244147
55793 244087
55837 244043
55871 244009
55927 243953
55949 243931
56009 243871
56041 243839
56081 243799
56093 243787
56099 243781
56171 243709
56179 243701
56207 243673
56209 243671
56237 243643
56249 243631
56267 243613
56359 243521
56393 243487
56401 243479
56443 243437
56477 243403
56479 243401
56489 243391
56569 243311
56671 243209
56713 243167
56731 243149
56779 243101
56807 243073
56891 242989
56909 242971
56957 242923
56993 242887
57073 242807
57107 242773
57149 242731
57191 242689
57203 242677
57221 242659
57241 242639
57251 242629
57259 242621
57329 242551
57347 242533
57389 242491
57397 242483
57413 242467
57427 242453
57467 242413
57487 242393
57503 242377
57571 242309
57601 242279
57637 242243
57653 242227
57679 242201
57709 242171
57719 242161
57751 242129
57787 242093
57899 241981
57901 241979
57917 241963
57973 241907
57977 241903
58013 241867
58057 241823
58073 241807
58099 241781
58109 241771
58153 241727
58169 241711
58189 241691
58193 241687
58217 241663
58229 241651
58237 241643
58313 241567
58321 241559
58337 241543
58363 241517
58367 241513
58369 241511
58391 241489
58411 241469
58417 241463
58427 241453
58439 241441
58451 241429
58537 241343
58543 241337
58567 241313
58631 241249
58711 241169
58763 241117
58787 241093
58831 241049
58913 240967
58921 240959
58937 240943
58967 240913
58997 240883
59011 240869
59021 240859
59051 240829
59069 240811
59083 240797
59141 240739
59221 240659
59239 240641
59273 240607
59281 240599
59377 240503
59407 240473
59443 240437
59447 240433
59509 240371
59539 240341
59561 240319
59617 240263
59621 240259
59671 240209
59707 240173
59729 240151
59771 240109
59779 240101
59791 240089
59833 240047
59863 240017
59951 239929
60029 239851
60037 239843
60077 239803
60101 239779
60127 239753
60149 239731
60167 239713
60169 239711
60209 239671
60257 239623
60293 239587
60337 239543
60353 239527
60449 239431
60457 239423
60493 239387
60497 239383
60607 239273
60617 239263
60637 239243
60647 239233
60649 239231
60679 239201
60733 239147
60761 239119
60793 239087
60811 239069
60889 238991
60913 238967
60937 238943
60961 238919
61001 238879
61027 238853
61043 238837
61051 238829
61091 238789
61099 238781
61121 238759
61151 238729
61153 238727
61223 238657
61231 238649
61253 238627
61333 238547
61381 238499
61403 238477
61409 238471
61417 238463
61441 238439
61463 238417
61483 238397
61507 238373
61511 238369
61519 238361
61559 238321
61613 238267
61643 238237
61651 238229
61657 238223
61667 238213
61673 238207
61717 238163
61723 238157
61729 238151
61781 238099
61843 238037
61861 238019
61871 238009
61879 238001
61909 237971
61979 237901
62003 237877
62099 237781
62131 237749
62143 237737
62189 237691
62191 237689
62207 237673
62273 237607
62299 237581
62501 237379
62507 237373
62549 237331
62597 237283
62603 237277
62701 237179
62723 237157
62743 237137
62791 237089
62827 237053
62861 237019
62869 237011
62897 236983
62971 236909
62983 236897
62987 236893
62989 236891
63067 236813
63073 236807
63097 236783
63131 236749
63179 236701
63199 236681
63317 236563
63331 236549
63353 236527
63361 236519
63377 236503
63409 236471
63419 236461
63473 236407
63493 236387
63499 236381
63541 236339
63587 236293
63649 236231
63671 236209
63727 236153
63737 236143
63773 236107
63793 236087
63803 236077
63863 236017
63901 235979
63913 235967
63929 235951
64067 235813
64091 235789
64157 235723
64217 235663
64279 235601
64303 235577
64327 235553
64433 235447
64439 235441
64483 235397
64591 235289
64709 235171
64763 235117
64781 235099
64811 235069
64871 235009
64877 235003
64891 234989
64901 234979
64919 234961
64921 234959
65011 234869
65029 234851
65033 234847
65071 234809
65089 234791
65099 234781
65111 234769
65147 234733
65167 234713
65267 234613
65293 234587
65309 234571
65353 234527
65381 234499
65407 234473
65413 234467
65419 234461
65423 234457
65449 234431
65497 234383
65519 234361
65537 234343
65539 234341
65557 234323
65563 234317
65587 234293
65599 234281
65609 234271
65677 234203
65687 234193
65699 234181
65713 234167
65719 234161
65731 234149
65777 234103
65837 234043
65851 234029
65957 233923
65963 233917
66029 233851
66103 233777
66137 233743
66191 233689
66239 233641
66271 233609
66403 233477
66457 233423
66463 233417
66509 233371
66523 233357
66533 233347
66553 233327
66587 233293
66601 233279
66629 233251
66697 233183
66721 233159
66739 233141
66763 233117
66797 233083
66809 233071
66919 232961
66943 232937
66973 232907
67003 232877
67033 232847
67057 232823
67061 232819
67079 232801
67103 232777
67129 232751
67139 232741
67169 232711
67181 232699
67211 232669
67217 232663
67247 232633
67273 232607
67289 232591
67421 232459
67429 232451
67447 232433
67489 232391
67499 232381
67523 232357
67547 232333
67577 232303
67709 232171
67751 232129
67763 232117
67777 232103
67789 232091
67801 232079
67807 232073
67829 232051
67867 232013
67933 231947
67957 231923
67961 231919
67979 231901
67987 231893
68041 231839
68053 231827
68059 231821
68071 231809
68161 231719
68171 231709
68219 231661
68281 231599
68329 231551
68351 231529
68399 231481
68437 231443
68447 231433
68449 231431
68501 231379
68521 231359
68531 231349
68581 231299
68611 231269
68639 231241
68683 231197
68711 231169
68749 231131
68771 231109
68813 231067
68863 231017
68879 231001
68881 230999
68903 230977
68947 230933
69019 230861
69031 230849
69061 230819
69073 230807
69109 230771
69119 230761
69151 230729
69197 230683
69233 230647
69313 230567
69317 230563
69341 230539
69379 230501
69401 230479
69427 230453
69431 230449
69491 230389
69493 230387
69497 230383
69539 230341
69623 230257
69653 230227
69677 230203
69691 230189
69737 230143
69763 230117
69779 230101
69821 230059
69833 230047
69877 230003
69899 229981
69931 229949
69941 229939
70039 229841
70061 229819
70067 229813
70099 229781
70111 229769
70117 229763
70121 229759
70141 229739
70163 229717
70177 229703
70181 229699
70199 229681
70241 229639
70249 229631
70289 229591
70297 229583
70327 229553
70351 229529
70373 229507
70381 229499
70393 229487
70457 229423
70481 229399
70487 229393
70507 229373
70529 229351
70537 229343
70571 229309
70619 229261
70627 229253
70657 229223
70663 229217
70667 229213
70709 229171
70753 229127
70843 229037
70853 229027
70877 229003
70891 228989
70919 228961
70921 228959
70951 228929
70957 228923
70969 228911
70979 228901
70997 228883
70999 228881
71011 228869
71039 228841
71081 228799
71129 228751
71143 228737
71147 228733
71167 228713
71233 228647
71261 228619
71263 228617
71287 228593
71293 228587
71341 228539
71359 228521
71363 228517
71411 228469
71419 228461
71429 228451
71437 228443
71453 228427
71471 228409
71527 228353
71549 228331
71569 228311
71647 228233
71699 228181
71741 228139
71777 228103
71867 228013
71887 227993
71933 227947
71987 227893
72031 227849
72053 227827
72091 227789
72161 227719
72173 227707
72227 227653
72229 227651
72251 227629
72253 227627
72269 227611
72271 227609
72277 227603
72287 227593
72313 227567
72379 227501
72383 227497
72421 227459
72461 227419
72481 227399
72493 227387
72503 227377
72577 227303
72613 227267
72623 227257
72647 227233
72649 227231
72661 227219
72673 227207
72689 227191
72727 227153
72733 227147
72767 227113
72869 227011
72889 226991
72937 226943
72973 226907
72977 226903
73009 226871
73037 226843
73061 226819
73063 226817
73091 226789
73127 226753
73189 226691
73237 226643
73243 226637
73259 226621
73309 226571
73327 226553
73331 226549
73369 226511
73417 226463
73453 226427
73471 226409
73483 226397
73523 226357
73597 226283
73613 226267
73679 226201
73681 226199
73751 226129
73757 226123
73867 226013
73897 225983
73939 225941
73961 225919
74021 225859
74051 225829
74071 225809
74099 225781
74101 225779
74131 225749
74159 225721
74197 225683
74209 225671
74279 225601
74297 225583
74311 225569
74353 225527
74357 225523
74377 225503
74381 225499
74419 225461
74449 225431
74453 225427
74507 225373
74509 225371
74527 225353
74531 225349
74573 225307
74623 225257
74653 225227
74713 225167
74717 225163
74719 225161
74731 225149
74747 225133
74761 225119
74771 225109
74843 225037
74857 225023
74887 224993
74903 224977
74929 224951
74933 224947
74959 224921
75011 224869
75017 224863
75083 224797
75109 224771
75169 224711
75181 224699
75211 224669
75269 224611
75277 224603
75289 224591
75353 224527
75367 224513
75389 224491
75407 224473
75431 224449
75437 224443
75479 224401
75521 224359
75553 224327
75571 224309
75577 224303
75619 224261
75629 224251
75641 224239
75659 224221
75679 224201
75683 224197
75703 224177
75709 224171
75731 224149
75767 224113
75833 224047
75853 224027
75869 224011
75941 223939
76031 223849
76039 223841
76099 223781
76123 223757
76213 223667
76243 223637
76259 223621
76303 223577
76333 223547
76387 223493
76441 223439
76519 223361
76541 223339
76543 223337
76561 223319
76597 223283
76603 223277
76607 223273
76651 223229
76673 223207
76777 223103
76781 223099
76819 223061
76829 223051
76831 223049
76871 223009
76873 223007
76913 222967
76949 222931
76961 222919
77003 222877
77017 222863
77023 222857
77041 222839
77081 222799
77093 222787
77101 222779
77167 222713
77201 222679
77237 222643
77261 222619
77267 222613
77279 222601
77323 222557
77347 222533
77369 222511
77419 222461
77477 222403
77491 222389
77513 222367
77543 222337
77551 222329
77557 222323
77563 222317
77569 222311
77587 222293
77591 222289
77611 222269
77681 222199
77687 222193
77719 222161
77731 222149
77743 222137
77773 222107
77813 222067
77839 222041
77893 221987
77929 221951
78007 221873
78031 221849
78049 221831
78157 221723
78163 221717
78167 221713
78173 221707
78203 221677
78259 221621
78277 221603
78341 221539
78427 221453
78467 221413
78479 221401
78487 221393
78553 221327
78569 221311
78577 221303
78653 221227
78707 221173
78721 221159
78779 221101
78787 221093
78797 221083
78803 221077
78809 221071
78941 220939
78977 220903
78979 220901
79039 220841
79087 220793
79133 220747
79159 220721
79181 220699
79193 220687
79301 220579
79337 220543
79367 220513
79411 220469
79433 220447
79481 220399
79579 220301
79589 220291
79601 220279
79691 220189
79757 220123
79817 220063
79823 220057
79861 220019
79867 220013
79901 219979
79903 219977
79939 219941
79943 219937
79999 219881
80051 219829
80071 219809
80149 219731
80153 219727
80173 219707
80191 219689
80231 219649
80233 219647
80251 219629
80273 219607
80347 219533
80363 219517
80429 219451
80447 219433
80471 219409
80473 219407
80491 219389
80527 219353
80567 219313
80599 219281
80603 219277
80629 219251
80657 219223
80737 219143
80747 219133
80761 219119
80777 219103
80783 219097
80789 219091
80809 219071
80849 219031
80863 219017
80909 218971
80911 218969
80917 218963
80933 218947
81023 218857
81031 218849
81041 218839
81047 218833
81071 218809
81083 218797
81097 218783
81119 218761
81131 218749
81157 218723
81163 218717
81199 218681
81203 218677
81223 218657
81239 218641
81281 218599
81331 218549
81349 218531
81353 218527
81359 218521
81371 218509
81401 218479
81421 218459
81457 218423
81463 218417
81509 218371
81517 218363
81647 218233
81667 218213
81689 218191
81737 218143
81749 218131
81769 218111
81773 218107
81799 218081
81899 217981
81901 217979
81943 217937
81971 217909
81973 217907
82021 217859
82031 217849
82051 217829
82141 217739
82153 217727
82163 217717
82183 217697
82189 217691
82193 217687
82219 217661
82237 217643
82261 217619
82301 217579
82307 217573
82361 217519
82469 217411
82471 217409
82483 217397
82493 217387
82529 217351
82561 217319
82567 217313
82571 217309
82609 217271
82651 217229
82657 217223
82723 217157
82759 217121
82763 217117
82799 217081
82811 217069
82847 217033
82889 216991
82913 216967
82963 216917
82981 216899
83003 216877
83077 216803
83089 216791
83093 216787
83101 216779
83137 216743
83177 216703
83219 216661
83227 216653
83231 216649
83233 216647
83273 216607
83311 216569
83357 216523
83399 216481
83449 216431
83459 216421
83561 216319
83563 216317
83591 216289
83617 216263
83621 216259
83663 216217
83701 216179
83761 216119
83773 216107
83777 216103
83843 216037
83857 216023
83921 215959
83987 215893
84017 215863
84047 215833
84053 215827
84127 215753
84143 215737
84191 215689
84199 215681
84221 215659
84263 215617
84307 215573
84317 215563
84349 215531
84377 215503
84421 215459
84437 215443
84463 215417
84481 215399
84499 215381
84521 215359
84551 215329
84631 215249
84697 215183
84701 215179
84719 215161
84737 215143
84793 215087
84913 214967
84967 214913
85027 214853
85049 214831
85091 214789
85093 214787
85109 214771
85121 214759
85147 214733
85213 214667
85223 214657
85229 214651
85361 214519
85363 214517
85381 214499
85411 214469
85429 214451
85447 214433
85517 214363
85571 214309
85597 214283
85621 214259
85643 214237
85661 214219
85667 214213
85669 214211
85691 214189
85703 214177
85717 214163
85733 214147
85751 214129
85793 214087
85817 214063
85829 214051
85837 214043
85847 214033
85903 213977
85931 213949
85933 213947
85999 213881
86143 213737
86239 213641
86243 213637
86257 213623
86269 213611
86291 213589
86323 213557
86341 213539
86357 213523
86389 213491
86399 213481
86413 213467
86531 213349
86561 213319
86573 213307
86599 213281
86627 213253
86677 213203
86783 213097
86813 213067
86837 213043
86851 213029
86857 213023
86861 213019
87011 212869
87013 212867
87037 212843
87103 212777
87179 212701
87211 212669
87253 212627
87293 212587
87323 212557
87427 212453
87433 212447
87443 212437
87511 212369
87583 212297
87587 212293
87641 212239
87671 212209
87697 212183
87719 212161
87739 212141
87911 211969
87931 211949
87991 211889
88001 211879
88003 211877
88007 211873
88069 211811
88079 211801
88169 211711
88223 211657
88237 211643
88241 211639
88261 211619
88321 211559
88337 211543
88379 211501
88411 211469
88423 211457
88547 211333
88589 211291
88609 211271
88651 211229
88661 211219
88663 211217
88667 211213
88681 211199
88729 211151
88807 211073
88813 211067
88817 211063
88819 211061
88873 211007
88919 210961
88937 210943
88951 210929
88969 210911
89041 210839
89057 210823
89069 210811
89071 210809
89107 210773
89119 210761
89209 210671
89237 210643
89261 210619
89381 210499
89393 210487
89399 210481
89413 210467
89443 210437
89459 210421
89477 210403
89519 210361
89521 210359
89533 210347
89561 210319
89563 210317
89597 210283
89603 210277
89633 210247
89671 210209
89689 210191
89753 210127
89767 210113
89779 210101
89783 210097
89809 210071
89849 210031
89897 209983
89909 209971
89963 209917
90019 209861
90023 209857
90059 209821
90067 209813
90071 209809
90163 209717
90173 209707
90313 209567
90403 209477
90439 209441
90499 209381
90523 209357
90527 209353
90533 209347
90547 209333
90617 209263
90631 209249
90647 209233
90659 209221
90677 209203
90679 209201
90841 209039
90887 208993
90917 208963
90947 208933
90989 208891
91081 208799
91121 208759
91141 208739
91151 208729
91159 208721
91183 208697
91193 208687
91249 208631
91253 208627
91291 208589
91303 208577
91367 208513
91369 208511
91381 208499
91387 208493
91411 208469
91423 208457
91493 208387
91513 208367
91571 208309
91673 208207
91691 208189
91733 208147
91781 208099
91807 208073
91813 208067
91823 208057
91909 207971
91939 207941
91957 207923
92003 207877
92033 207847
92083 207797
92111 207769
92219 207661
92227 207653
92237 207643
92251 207629
92311 207569
92317 207563
92333 207547
92357 207523
92363 207517
92369 207511
92383 207497
92399 207481
92401 207479
92479 207401
92503 207377
92551 207329
92593 207287
92623 207257
92639 207241
92641 207239
92681 207199
92683 207197
92693 207187
92753 207127
92767 207113
92801 207079
92863 207017
92867 207013
92927 206953
92941 206939
92957 206923
92993 206887
93001 206879
93053 206827
93059 206821
93077 206803
93097 206783
93131 206749
93229 206651
93239 206641
93241 206639
93253 206627
93257 206623
93283 206597
93287 206593
93329 206551
93337 206543
93419 206461
93481 206399
93497 206383
93529 206351
93581 206299
93601 206279
93607 206273
93629 206251
93683 206197
93701 206179
93703 206177
93811 206069
93871 206009
93887 205993
93889 205991
93913 205967
93923 205957
93967 205913
93997 205883
94033 205847
94057 205823
94063 205817
94117 205763
94121 205759
94219 205661
94229 205651
94253 205627
94261 205619
94273 205607
94291 205589
94321 205559
94327 205553
94331 205549
94343 205537
94351 205529
94397 205483
94427 205453
94439 205441
94447 205433
94463 205417
94483 205397
94541 205339
94561 205319
94573 205307
94583 205297
94613 205267
94693 205187
94709 205171
94723 205157
94747 205133
94777 205103
94811 205069
94837 205043
94847 205033
94849 205031
94907 204973
94933 204947
94949 204931
94993 204887
95009 204871
95021 204859
95083 204797
95087 204793
95089 204791
95131 204749
95213 204667
95239 204641
95257 204623
95267 204613
95279 204601
95317 204563
95369 204511
95393 204487
95419 204461
95441 204439
95443 204437
95483 204397
95527 204353
95549 204331
95561 204319
95569 204311
95581 204299
95629 204251
95707 204173
95717 204163
95737 204143
95747 204133
95773 204107
95813 204067
95857 204023
95873 204007
95881 203999
95891 203989
95911 203969
95959 203921
95971 203909
96059 203821
96167 203713
96211 203669
96221 203659
96223 203657
96263 203617
96289 203591
96331 203549
96419 203461
96431 203449
96451 203429
96461 203419
96487 203393
96493 203387
96497 203383
96517 203363
96527 203353
96557 203323
96587 203293
96601 203279
96667 203213
96671 203209
96697 203183
96739 203141
96763 203117
96823 203057
96857 203023
96893 202987
96907 202973
96931 202949
96959 202921
96973 202907
97001 202879
97003 202877
97021 202859
97039 202841
97081 202799
97103 202777
97127 202753
97151 202729
97187 202693
97213 202667
97241 202639
97259 202621
97303 202577
97387 202493
97499 202381
97523 202357
97553 202327
97571 202309
97649 202231
97771 202109
97813 202067
97849 202031
97859 202021
97879 202001
97883 201997
97919 201961
97927 201953
97943 201937
97961 201919
97973 201907
97987 201893
98047 201833
98057 201823
98123 201757
98179 201701
98207 201673
98213 201667
98227 201653
98251 201629
98257 201623
98269 201611
98299 201581
98323 201557
98369 201511
98387 201493
98389 201491
98407 201473
98429 201451
98443 201437
98467 201413
98479 201401
98491 201389
98543 201337
98573 201307
98669 201211
98713 201167
98717 201163
98729 201151
98773 201107
98779 201101
98807 201073
98849 201031
98869 201011
98873 201007
98893 200987
98897 200983
98909 200971
98953 200927
98981 200899
98999 200881
99013 200867
99083 200797
99109 200771
99149 200731
99181 200699
99191 200689
99223 200657
99241 200639
99289 200591
99367 200513
99397 200483
99497 200383
99523 200357
99529 200351
99551 200329
99607 200273
99623 200257
99643 200237
99679 200201
99689 200191
99709 200171
99721 200159
99793 200087
99817 200063
99839 200041
99871 200009
99877 200003
99881 199999
99971 199909
99991 199889
100003 199877
100049 199831
100069 199811
100103 199777
100129 199751
100151 199729
100183 199697
100193 199687
100207 199673
100279 199601
100297 199583
100313 199567
100357 199523
100379 199501
100391 199489
100393 199487
100469 199411
100501 199379
100523 199357
100537 199343
100559 199321
100591 199289
100613 199267
100669 199211
100673 199207
100699 199181
100799 199081
100847 199033
100913 198967
100927 198953
100937 198943
100943 198937
100981 198899
101021 198859
101051 198829
101063 198817
101111 198769
101119 198761
101161 198719
101207 198673
101221 198659
101267 198613
101281 198599
101287 198593
101347 198533
101377 198503
101411 198469
101419 198461
101467 198413
101483 198397
101489 198391
101503 198377
101531 198349
101533 198347
101599 198281
101603 198277
101701 198179
101741 198139
101771 198109
101789 198091
101797 198083
101807 198073
101833 198047
101837 198043
101863 198017
101917 197963
101921 197959
101987 197893
102043 197837
102077 197803
102101 197779
102107 197773
102121 197759
102139 197741
102181 197699
102191 197689
102197 197683
102203 197677
102229 197651
102233 197647
102259 197621
102329 197551
102359 197521
102461 197419
102497 197383
102499 197381
102533 197347
102539 197341
102587 197293
102607 197273
102611 197269
102647 197233
102673 197207
102677 197203
102763 197117
102797 197083
102871 197009
102877 197003
102953 196927
103001 196879
103007 196873
103043 196837
103049 196831
103141 196739
103171 196709
103217 196663
103237 196643
103319 196561
103357 196523
103421 196459
103451 196429
103549 196331
103573 196307
103577 196303
103687 196193
103699 196181
103703 196177
103769 196111
103837 196043
103841 196039
103889 195991
103903 195977
103913 195967
103951 195929
103967 195913
103993 195887
103997 195883
104089 195791
104119 195761
104147 195733
104149 195731
104183 195697
104281 195599
104287 195593
104369 195511
104383 195497
104473 195407
104479 195401
104491 195389
104527 195353
104537 195343
104551 195329
104561 195319
104639 195241
104651 195229
104677 195203
104683 195197
104717 195163
104723 195157
104743 195137
104759 195121
104803 195077
104827 195053
104831 195049
104851 195029
104891 194989
104917 194963
104947 194933
105019 194861
105071 194809
105167 194713
105173 194707
105199 194681
105227 194653
105337 194543
105359 194521
105373 194507
105397 194483
105401 194479
105437 194443
105449 194431
105467 194413
105503 194377
105509 194371
105527 194353
105557 194323
105613 194267
105683 194197
105701 194179
105761 194119
105767 194113
105863 194017
105929 193951
105943 193937
105997 193883
106019 193861
106033 193847
106087 193793
106109 193771
106123 193757
106129 193751
106217 193663
106261 193619
106273 193607
106277 193603
106279 193601
106303 193577
106307 193573
106321 193559
106331 193549
106367 193513
106373 193507
106411 193469
106417 193463
106433 193447
106487 193393
106501 193379
106543 193337
106619 193261
106637 193243
106699 193181
106727 193153
106747 193133
106787 193093
106823 193057
106867 193013
106871 193009
106877 193003
106903 192977
106949 192931
106957 192923
106963 192917
106993 192887
107021 192859
107033 192847
107069 192811
107089 192791
107099 192781
107123 192757
107137 192743
107183 192697
107243 192637
107251 192629
107269 192611
107279 192601
107309 192571
107323 192557
107351 192529
107449 192431
107473 192407
107507 192373
107563 192317
107609 192271
107621 192259
107641 192239
107647 192233
107687 192193
107693 192187
107719 192161
107747 192133
107777 192103
107827 192053
107837 192043
107843 192037
107867 192013
107873 192007
107881 191999
107903 191977
107927 191953
107951 191929
107981 191899
108079 191801
108089 191791
108107 191773
108131 191749
108187 191693
108191 191689
108203 191677
108211 191669
108223 191657
108301 191579
108343 191537
108347 191533
108413 191467
108421 191459
108439 191441
108541 191339
108631 191249
108643 191237
108649 191231
108707 191173
108739 191141
108761 191119
108791 191089
108883 190997
108959 190921
108967 190913
108971 190909
108991 190889
109037 190843
109073 190807
109097 190783
109111 190769
109121 190759
109169 190711
109171 190709
109211 190669
109267 190613
109297 190583
109303 190577
109357 190523
109471 190409
109541 190339
109567 190313
109579 190301
109583 190297
109597 190283
109609 190271
109619 190261
109673 190207
109721 190159
109751 190129
109829 190051
109849 190031
109883 189997
109891 189989
109897 189983
109903 189977
109913 189967
109919 189961
110063 189817
110083 189797
110183 189697
110237 189643
110261 189619
110281 189599
110321 189559
110441 189439
110459 189421
110479 189401
110491 189389
110503 189377
110527 189353
110533 189347
110543 189337
110569 189311
110573 189307
110609 189271
110623 189257
110629 189251
110641 189239
110651 189229
110681 189199
110711 189169
110729 189151
110731 189149
110753 189127
110813 189067
110819 189061
110863 189017
110881 188999
110923 188957
110927 188953
110939 188941
110947 188933
110969 188911
110989 188891
111049 188831
111053 188827
111127 188753
111187 188693
111227 188653
111271 188609
111301 188579
111317 188563
111347 188533
111443 188437
111491 188389
111521 188359
111577 188303
111581 188299
111599 188281
111721 188159
111733 188147
111773 188107
111863 188017
111869 188011
111893 187987
111949 187931
111953 187927
111959 187921
111973 187907
111997 187883
112019 187861
112087 187793
112129 187751
112181 187699
112241 187639
112247 187633
112249 187631
112349 187531
112403 187477
112501 187379
112507 187373
112543 187337
112577 187303
112603 187277
112643 187237
112657 187223
112663 187217
112687 187193
112691 187189
112741 187139
112757 187123
112799 187081
112807 187073
112831 187049
112877 187003
112921 186959
112997 186883
113011 186869
113021 186859
113039 186841
113081 186799
113117 186763
113123 186757
113147 186733
113153 186727
113171 186709
113173 186707
113209 186671
113227 186653
113233 186647
113279 186601
113329 186551
113489 186391
113501 186379
113537 186343
113621 186259
113717 186163
113719 186161
113723 186157
113731 186149
113761 186119
113777 186103
113783 186097
113809 186071
113843 186037
113909 185971
113921 185959
113933 185947
113957 185923
113963 185917
113983 185897
114031 185849
114067 185813
114083 185797
114113 185767
114143 185737
114157 185723
114197 185683
114199 185681
114203 185677
114229 185651
114259 185621
114281 185599
114311 185569
114329 185551
114451 185429
114479 185401
114553 185327
114571 185309
114577 185303
114613 185267
114659 185221
114691 185189
114713 185167
114743 185137
114749 185131
114757 185123
114781 185099
114809 185071
114859 185021
114883 184997
114913 184967
114967 184913
115001 184879
115021 184859
115057 184823
115127 184753
115153 184727
115211 184669
115249 184631
115303 184577
115309 184571
115321 184559
115327 184553
115363 184517
115471 184409
115547 184333
115571 184309
115589 184291
115601 184279
115693 184187
115727 184153
115763 184117
115769 184111
115793 184087
115807 184073
115823 184057
115837 184043
115849 184031
115873 184007
115877 184003
115901 183979
115931 183949
115963 183917
116009 183871
116167 183713
116189 183691
116243 183637
116269 183611
116293 183587
116371 183509
116381 183499
116443 183437
116483 183397
116491 183389
116507 183373
116531 183349
116537 183343
116579 183301
116689 183191
116789 183091
116791 183089
116833 183047
116881 182999
116911 182969
116923 182957
116927 182953
116953 182927
116959 182921
116981 182899
116993 182887
117023 182857
117041 182839
117101 182779
117133 182747
117167 182713
117193 182687
117223 182657
117239 182641
117241 182639
117281 182599
117319 182561
117331 182549
117361 182519
117371 182509
117413 182467
117427 182453
117437 182443
117539 182341
117541 182339
117571 182309
117619 182261
117671 182209
117679 182201
117701 182179
117703 182177
117721 182159
117751 182129
117757 182123
117773 182107
117779 182101
117833 182047
117839 182041
117851 182029
117883 181997
117899 181981
117937 181943
117977 181903
117989 181891
117991 181889
118043 181837
118093 181787
118163 181717
118169 181711
118211 181669
118213 181667
118273 181607
118277 181603
118343 181537
118423 181457
118471 181409
118493 181387
118583 181297
118603 181277
118661 181219
118669 181211
118681 181199
118687 181193
118739 181141
118757 181123
118799 181081
118819 181061
118861 181019
118931 180949
118973 180907
119033 180847
119069 180811
119083 180797
119087 180793
119101 180779
119107 180773
119129 180751
119131 180749
119179 180701
119233 180647
119311 180569
119389 180491
119417 180463
119489 180391
119533 180347
119549 180331
119563 180317
119569 180311
119591 180289
119617 180263
119633 180247
119659 180221
119699 180181
119701 180179
119783 180097
119809 180071
119827 180053
119881 179999
119891 179989
119923 179957
119929 179951
119963 179917
119971 179909
119981 179899
119983 179897
120047 179833
120067 179813
120079 179801
120163 179717
120193 179687
120209 179671
120223 179657
120247 179633
120277 179603
120299 179581
120331 179549
120383 179497
120397 179483
120401 179479
120427 179453
120473 179407
120511 179369
120563 179317
120619 179261
120647 179233
120671 179209
120677 179203
120713 179167
120737 179143
120823 179057
120829 179051
120847 179033
120851 179029
120907 178973
120929 178951
120941 178939
120947 178933
120977 178903
121007 178873
121021 178859
121061 178819
121063 178817
121067 178813
121081 178799
121123 178757
121189 178691
121259 178621
121267 178613
121271 178609
121283 178597
121309 178571
121313 178567
121321 178559
121343 178537
121349 178531
121367 178513
121379 178501
121439 178441
121441 178439
121487 178393
121531 178349
121547 178333
121553 178327
121579 178301
121591 178289
121621 178259
121631 178249
121633 178247
121697 178183
121711 178169
121763 178117
121787 178093
121789 178091
121843 178037
121931 177949
121937 177943
121951 177929
121963 177917
121967 177913
121993 177887
121997 177883
122039 177841
122041 177839
122069 177811
122117 177763
122201 177679
122203 177677
122279 177601
122327 177553
122347 177533
122387 177493
122393 177487
122399 177481
122449 177431
122453 177427
122471 177409
122497 177383
122501 177379
122533 177347
122557 177323
122561 177319
122579 177301
122597 177283
122611 177269
122663 177217
122753 177127
122789 177091
122861 177019
122867 177013
122869 177011
122891 176989
122929 176951
122953 176927
122957 176923
123031 176849
123083 176797
123091 176789
123127 176753
123169 176711
123203 176677
123229 176651
123239 176641
123269 176611
123289 176591
123307 176573
123323 176557
123373 176507
123377 176503
123419 176461
123449 176431
123479 176401
123491 176389
123527 176353
123547 176333
123551 176329
123553 176327
123581 176299
123619 176261
123637 176243
123653 176227
123667 176213
123701 176179
123719 176161
123727 176153
123757 176123
123791 176089
123817 176063
123829 176051
123833 176047
123863 176017
123887 175993
123931 175949
123941 175939
123983 175897
123989 175891
124021 175859
124097 175783
124121 175759
124123 175757
124153 175727
124171 175709
124181 175699
124193 175687
124231 175649
124247 175633
124249 175631
124337 175543
124427 175453
124433 175447
124447 175433
124477 175403
124489 175391
124577 175303
124669 175211
124739 175141
124777 175103
124799 175081
124819 175061
124951 174929
124979 174901
124987 174893
125003 174877
125029 174851
125107 174773
125113 174767
125117 174763
125119 174761
125131 174749
125201 174679
125207 174673
125221 174659
125231 174649
125243 174637
125311 174569
125353 174527
125399 174481
125423 174457
125551 174329
125591 174289
125617 174263
125621 174259
125639 174241
125659 174221
125683 174197
125711 174169
125731 174149
125737 174143
125743 174137
125789 174091
125803 174077
125813 174067
125863 174017
125887 173993
125899 173981
125963 173917
126013 173867
126019 173861
126041 173839
126097 173783
126107 173773
126151 173729
126173 173707
126211 173669
126229 173651
126233 173647
126307 173573
126337 173543
126341 173539
126349 173531
126397 173483
126583 173297
126613 173267
126631 173249
126691 173189
126703 173177
126739 173141
126743 173137
126781 173099
126827 173053
126857 173023
126859 173021
127031 172849
127051 172829
127079 172801
127139 172741
127163 172717
127207 172673
127217 172663
127247 172633
127261 172619
127277 172603
127291 172589
127297 172583
127363 172517
127373 172507
127447 172433
127453 172427
127481 172399
127507 172373
127529 172351
127549 172331
127583 172297
127597 172283
127601 172279
127637 172243
127657 172223
127663 172217
127681 172199
127709 172171
127711 172169
127727 172153
127733 172147
127849 172031
127859 172021
127951 171929
128053 171827
128119 171761
128147 171733
128173 171707
128201 171679
128221 171659
128239 171641
128321 171559
128327 171553
128339 171541
128341 171539
128351 171529
128389 171491
128399 171481
128411 171469
128413 171467
128431 171449
128477 171403
128551 171329
128563 171317
128629 171251
128677 171203
128717 171163
128749 171131
128831 171049
128833 171047
128837 171043
128857 171023
128873 171007
128923 170957
128959 170921
128981 170899
128993 170887
129023 170857
129037 170843
129113 170767
129119 170761
129121 170759
129169 170711
129277 170603
129341 170539
129439 170441
129491 170389
129497 170383
129509 170371
129517 170363
129527 170353
129529 170351
129533 170347
129539 170341
129553 170327
129581 170299
129587 170293
129631 170249
129641 170239
129757 170123
129769 170111
129893 169987
129937 169943
129967 169913
129971 169909
130021 169859
130043 169837
130057 169823
130127 169753
130147 169733
130171 169709
130199 169681
130223 169657
130241 169639
130253 169627
130349 169531
130379 169501
130409 169471
130423 169457
130553 169327
130621 169259
130631 169249
130639 169241
130681 169199
130699 169181
130729 169151
130769 169111
130783 169097
130787 169093
130811 169069
130817 169063
130873 169007
130981 168899
130987 168893
131011 168869
131111 168769
131143 168737
131149 168731
131203 168677
131249 168631
131251 168629
131321 168559
131357 168523
131381 168499
131431 168449
131447 168433
131489 168391
131611 168269
131617 168263
131627 168253
131687 168193
131771 168109
131797 168083
131837 168043
131893 167987
131909 167971
131927 167953
131969 167911
132001 167879
132019 167861
132071 167809
132103 167777
132109 167771
132151 167729
132169 167711
132247 167633
132257 167623
132283 167597
132287 167593
132409 167471
132437 167443
132439 167441
132499 167381
132541 167339
132611 167269
132619 167261
132631 167249
132667 167213
132689 167191
132707 167173
132721 167159
132761 167119
132763 167117
132833 167047
132857 167023
132859 167021
132863 167017
132893 166987
132949 166931
132961 166919
132971 166909
133013 166867
133033 166847
133039 166841
133073 166807
133097 166783
133157 166723
133187 166693
133201 166679
133213 166667
133253 166627
133261 166619
133271 166609
133277 166603
133279 166601
133283 166597
133319 166561
133451 166429
133481 166399
133583 166297
133633 166247
133673 166207
133691 166189
133697 166183
133711 166169
133723 166157
133733 166147
133781 166099
133853 166027
133919 165961
133949 165931
133979 165901
133993 165887
134047 165833
134081 165799
134161 165719
134171 165709
134177 165703
134207 165673
134213 165667
134227 165653
134263 165617
134269 165611
134291 165589
134293 165587
134327 165553
134339 165541
134353 165527
134369 165511
134401 165479
134417 165463
134437 165443
134443 165437
134489 165391
134513 165367
134587 165293
134593 165287
134669 165211
134677 165203
134699 165181
134707 165173
134777 165103
134839 165041
134917 164963
134999 164881
135043 164837
135049 164831
135059 164821
135151 164729
135173 164707
135197 164683
135257 164623
135281 164599
135349 164531
135367 164513
135403 164477
135409 164471
135431 164449
135433 164447
135449 164431
135461 164419
135467 164413
135559 164321
135571 164309
135581 164299
135589 164291
135601 164279
135613 164267
135647 164233
135649 164231
135671 164209
135697 164183
135731 164149
135787 164093
135829 164051
135841 164039
135887 163993
135893 163987
135899 163981
135979 163901
136027 163853
136033 163847
136069 163811
136099 163781
136139 163741
136207 163673
136237 163643
136247 163633
136319 163561
136337 163543
136393 163487
136397 163483
136399 163481
136403 163477
136447 163433
136463 163417
136471 163409
136559 163321
136573 163307
136621 163259
136657 163223
136709 163171
136711 163169
136733 163147
136751 163129
136753 163127
136859 163021
136861 163019
136883 162997
136943 162937
136963 162917
136973 162907
136979 162901
136991 162889
136999 162881
137089 162791
137131 162749
137153 162727
137177 162703
137197 162683
137209 162671
137239 162641
137251 162629
137279 162601
137303 162577
137353 162527
137363 162517
137387 162493
137491 162389
137537 162343
137587 162293
137593 162287
137623 162257
137659 162221
137737 162143
137771 162109
137827 162053
137869 162011
137873 162007
137909 161971
137911 161969
137933 161947
137957 161923
137999 161881
138007 161873
138041 161839
138101 161779
138107 161773
138139 161741
138163 161717
138197 161683
138239 161641
138241 161639
138289 161591
138311 161569
138319 161561
138337 161543
138349 161531
138373 161507
138427 161453
138469 161411
138493 161387
138517 161363
138547 161333
138571 161309
138577 161303
138599 161281
138617 161263
138647 161233
138679 161201
138731 161149
138739 161141
138793 161087
138821 161059
138841 161039
138863 161017
138883 160997
138899 160981
138977 160903
139067 160813
139091 160789
139123 160757
139169 160711
139199 160681
139241 160639
139297 160583
139301 160579
139339 160541
139397 160483
139439 160441
139457 160423
139483 160397
139493 160387
139537 160343
139571 160309
139627 160253
139663 160217
139697 160183
139721 160159
139739 160141
139787 160093
139801 160079
139831 160049
139861 160019
139871 160009
139901 159979
139943 159937
139969 159911
139981 159899
140009 159871
140069 159811
140111 159769
140143 159737
140159 159721
140197 159683
140207 159673
140249 159631
140263 159617
140317 159563
140339 159541
140381 159499
140407 159473
140411 159469
140417 159463
140423 159457
140443 159437
140449 159431
140473 159407
140477 159403
140533 159347
140587 159293
140593 159287
140681 159199
140689 159191
140761 159119
140863 159017
140867 159013
140939 158941
141121 158759
141131 158749
141181 158699
141223 158657
141233 158647
141263 158617
141269 158611
141283 158597
141307 158573
141353 158527
141461 158419
141509 158371
141529 158351
141539 158341
141551 158329
141587 158293
141619 158261
141637 158243
141649 158231
141653 158227
141671 158209
141679 158201
141719 158161
141767 158113
141803 158077
141833 158047
141851 158029
141863 158017
141871 158009
141991 157889
142039 157841
142049 157831
142057 157823
142067 157813
142111 157769
142159 157721
142211 157669
142231 157649
142319 157561
142357 157523
142391 157489
142403 157477
142453 157427
142469 157411
142529 157351
142553 157327
142559 157321
142573 157307
142589 157291
142601 157279
142607 157273
142609 157271
142673 157207
142699 157181
142771 157109
142799 157081
142867 157013
142873 157007
142939 156941
142979 156901
142981 156899
142993 156887
143063 156817
143177 156703
143197 156683
143239 156641
143249 156631
143257 156623
143261 156619
143287 156593
143291 156589
143387 156493
143413 156467
143443 156437
143461 156419
143509 156371
143519 156361
143527 156353
143551 156329
143573 156307
143651 156229
143653 156227
143729 156151
143791 156089
143821 156059
143873 156007
144031 155849
144071 155809
144103 155777
144139 155741
144161 155719
144163 155717
144173 155707
144223 155657
144253 155627
144259 155621
144271 155609
144299 155581
144311 155569
144323 155557
144341 155539
144379 155501
144407 155473
144427 155453
144481 155399
144497 155383
144563 155317
144577 155303
144589 155291
144611 155269
144629 155251
144671 155209
144709 155171
144719 155161
144889 154991
144899 154981
144983 154897
145007 154873
145009 154871
145031 154849
145091 154789
145133 154747
145213 154667
145259 154621
145267 154613
145289 154591
145307 154573
145441 154439
145463 154417
145471 154409
145511 154369
145547 154333
145577 154303
145589 154291
145601 154279
145603 154277
145633 154247
145637 154243
145721 154159
145723 154157
145753 154127
145799 154081
145807 154073
145819 154061
145823 154057
145879 154001
145931 153949
145933 153947
145967 153913
145969 153911
145991 153889
146009 153871
146063 153817
146117 153763
146141 153739
146161 153719
146191 153689
146239 153641
146273 153607
146291 153589
146317 153563
146323 153557
146347 153533
146359 153521
146369 153511
146381 153499
146423 153457
146437 153443
146521 153359
146527 153353
146543 153337
146603 153277
146609 153271
146743 153137
146767 153113
146807 153073
146891 152989
146921 152959
146933 152947
146941 152939
146983 152897
147029 152851
147047 152833
147089 152791
147097 152783
147151 152729
147163 152717
147209 152671
147263 152617
147283 152597
147341 152539
147347 152533
147419 152461
147451 152429
147457 152423
147487 152393
147503 152377
147517 152363
147583 152297
147613 152267
147661 152219
147769 152111
147787 152093
147799 152081
147853 152027
147863 152017
147977 151903
147997 151883
148063 151817
148147 151733
148151 151729
148193 151687
148199 151681
148207 151673
148229 151651
148243 151637
148249 151631
148301 151579
148331 151549
148381 151499
148403 151477
148429 151451
148457 151423
148483 151397
148501 151379
148537 151343
148627 151253
148633 151247
148639 151241
148667 151213
148691 151189
148711 151169
148723 151157
148727 151153
148829 151051
148853 151027
148867 151013
148873 151007
148891 150989
148913 150967
148921 150959
148961 150919
148991 150889
148997 150883
149011 150869
149033 150847
149053 150827
149101 150779
149111 150769
149113 150767
149159 150721
149173 150707
149183 150697
149269 150611
149297 150583
149309 150571
149377 150503
149441 150439
149497 150383
149503 150377
149551 150329
149579 150301
149711 150169
149729 150151
149749 150131
149791 150089
149803 150077
149827 150053
149839 150041
149909 149971
149911 149969
