1777
5 299861
23 299843
59 299807
89 299777
167 299699
263 299603
353 299513
389 299477
419 299447
449 299417
503 299363
509 299357
653 299213
719 299147
839 299027
929 298937
1013 298853
1019 298847
1049 298817
1109 298757
1187 298679
1259 298607
1277 298589
1283 298583
1307 298559
1439 298427
1493 298373
1523 298343
1559 298307
1583 298283
1619 298247
1697 298169
1709 298157
1823 298043
1877 297989
1913 297953
1973 297893
2069 297797
2087 297779
2207 297659
2237 297629
2243 297623
2333 297533
2357 297509
2399 297467
2549 297317
2609 297257
2633 297233
2753 297113
2843 297023
2879 296987
2897 296969
2957 296909
3023 296843
3137 296729
3203 296663
3347 296519
3359 296507
3389 296477
3593 296273
3617 296249
3623 296243
3767 296099
3917 295949
3923 295943
3929 295937
3989 295877
4013 295853
4019 295847
4079 295787
4139 295727
4349 295517
4547 295319
4583 295283
4679 295187
4787 295079
4793 295073
4817 295049
4877 294989
4919 294947
4943 294923
4973 294893
5237 294629
5303 294563
5387 294479
5399 294467
5483 294383
5519 294347
5573 294293
5639 294227
5717 294149
5807 294059
5813 294053
5843 294023
5867 293999
6143 293723
6263 293603
6323 293543
6359 293507
6653 293213
6659 293207
6689 293177
6719 293147
6737 293129
6779 293087
7187 292679
7193 292673
7349 292517
7499 292367
7523 292343
7547 292319
7583 292283
7643 292223
7829 292037
7883 291983
8009 291857
8087 291779
8123 291743
8219 291647
8297 291569
8363 291503
8423 291443
8429 291437
8447 291419
8573 291293
8609 291257
8693 291173
8699 291167
8753 291113
8867 290999
8969 290897
9029 290837
9203 290663
9209 290657
9239 290627
9377 290489
9419 290447
9437 290429
9467 290399
9473 290393
9497 290369
9539 290327
9623 290243
9677 290189
9833 290033
9839 290027
9929 289937
10007 289859
10103 289763
10133 289733
10139 289727
10223 289643
10259 289607
10289 289577
10427 289439
10613 289253
10739 289127
10799 289067
10847 289019
10937 288929
11027 288839
11093 288773
11177 288689
11213 288653
11399 288467
11483 288383
11549 288317
11657 288209
11777 288089
11789 288077
11813 288053
11927 287939
11933 287933
12119 287747
12197 287669
12269 287597
12329 287537
12473 287393
12479 287387
12539 287327
12569 287297
12647 287219
12809 287057
12893 286973
13007 286859
13103 286763
13163 286703
13313 286553
13367 286499
13397 286469
13469 286397
13499 286367
13577 286289
13763 286103
13883 285983
13913 285953
14159 285707
14327 285539
14369 285497
14489 285377
14549 285317
14639 285227
14747 285119
14753 285113
14843 285023
14897 284969
14939 284927
14969 284897
15053 284813
15083 284783
15107 284759
15137 284729
15233 284633
15359 284507
15377 284489
15383 284483
15443 284423
15497 284369
15629 284237
15737 284129
15749 284117
15773 284093
15809 284057
15887 283979
16007 283859
16067 283799
16073 283793
16097 283769
16103 283763
16229 283637
16673 283193
16703 283163
16787 283079
16889 282977
17033 282833
17093 282773
17099 282767
17159 282707
17183 282683
17189 282677
17477 282389
17483 282383
17489 282377
17579 282287
17627 282239
17807 282059
17939 281927
18059 281807
18089 281777
18119 281747
18149 281717
18257 281609
18287 281579
18443 281423
18503 281363
18539 281327
18587 281279
18593 281273
18617 281249
18713 281153
18749 281117
18797 281069
18803 281063
18869 280997
18899 280967
18917 280949
19163 280703
19259 280607
19319 280547
19379 280487
19403 280463
19457 280409
19727 280139
19763 280103
19853 280013
19889 279977
20177 279689
20549 279317
20663 279203
20693 279173
20747 279119
20963 278903
21017 278849
21023 278843
21059 278807
21149 278717
21179 278687
21227 278639
21317 278549
21323 278543
21377 278489
21407 278459
21503 278363
21587 278279
21647 278219
21803 278063
21977 277889
22037 277829
22073 277793
22079 277787
22109 277757
22229 277637
22367 277499
22619 277247
22643 277223
22697 277169
22709 277157
22769 277097
22859 277007
22937 276929
23027 276839
23039 276827
23087 276779
23099 276767
23159 276707
23279 276587
23339 276527
23399 276467
23417 276449
23609 276257
23627 276239
23753 276113
23819 276047
23879 275987
24029 275837
24083 275783
24137 275729
24197 275669
24317 275549
24407 275459
24413 275453
24419 275447
24443 275423
24473 275393
24509 275357
24527 275339
24659 275207
24683 275183
24923 274943
24977 274889
25013 274853
25037 274829
25127 274739
25169 274697
25349 274517
25409 274457
25463 274403
25583 274283
25589 274277
25643 274223
25667 274199
25679 274187
25703 274163
25763 274103
25847 274019
26237 273629
26249 273617
26297 273569
26339 273527
26393 273473
26597 273269
26633 273233
26717 273149
26759 273107
26783 273083
26987 272879
27059 272807
27107 272759
27299 272567
27329 272537
27449 272417
27617 272249
27773 272093
27827 272039
27947 271919
28097 271769
28163 271703
28229 271637
28349 271517
28403 271463
28499 271367
28649 271217
28697 271169
28703 271163
29033 270833
29129 270737
29147 270719
29207 270659
29303 270563
29327 270539
29339 270527
29423 270443
29429 270437
29537 270329
29567 270299
29723 270143
29837 270029
29879 269987
29927 269939
30203 269663
30269 269597
30293 269573
30323 269543
30347 269519
30539 269327
30677 269189
30689 269177
30803 269063
30809 269057
30869 268997
30893 268973
30983 268883
31223 268643
31253 268613
31259 268607
31319 268547
31337 268529
31379 268487
31583 268283
31667 268199
31817 268049
31907 267959
31973 267893
32003 267863
32009 267857
32063 267803
32069 267797
32117 267749
32189 267677
32237 267629
32297 267569
32309 267557
32369 267497
32633 267233
32909 266957
32933 266933
32939 266927
32957 266909
32969 266897
32999 266867
33029 266837
33107 266759
33179 266687
33203 266663
33317 266549
33377 266489
33533 266333
33569 266297
33713 266153
33749 266117
33767 266099
33773 266093
33857 266009
33863 266003
34019 265847
34127 265739
34157 265709
34253 265613
34259 265607
34319 265547
34439 265427
34589 265277
34673 265193
34703 265163
35027 264839
35117 264749
35267 264599
35339 264527
35423 264443
35507 264359
35543 264323
35597 264269
35603 264263
35729 264137
35753 264113
35837 264029
35933 263933
35999 263867
36017 263849
36107 263759
36137 263729
36209 263657
36269 263597
36293 263573
36299 263567
36353 263513
36467 263399
36479 263387
36497 263369
36563 263303
36599 263267
36653 263213
36683 263183
36857 263009
36929 262937
37013 262853
37217 262649
37223 262643
37313 262553
37397 262469
37517 262349
37529 262337
37649 262217
37889 261977
37907 261959
38153 261713
38273 261593
38303 261563
38459 261407
38543 261323
38699 261167
38867 260999
38993 260873
39113 260753
39119 260747
39293 260573
39317 260549
39323 260543
39383 260483
39503 260363
39659 260207
39857 260009
39863 260003
39929 259937
40037 259829
40169 259697
40283 259583
40289 259577
40487 259379
40637 259229
40697 259169
40709 259157
40847 259019
40883 258983
40949 258917
41039 258827
41057 258809
41189 258677
41243 258623
41453 258413
41513 258353
41549 258317
41669 258197
41759 258107
41843 258023
41879 257987
41999 257867
42083 257783
42179 257687
42209 257657
42227 257639
42239 257627
42407 257459
42467 257399
42569 257297
42677 257189
42689 257177
42743 257123
42767 257099
42773 257093
42797 257069
42863 257003
42899 256967
42989 256877
43067 256799
43223 256643
43397 256469
43517 256349
43787 256079
43889 255977
43943 255923
43997 255869
44027 255839
44123 255743
44207 255659
44249 255617
44279 255587
44453 255413
44483 255383
44537 255329
44657 255209
44687 255179
44729 255137
44789 255077
44843 255023
44879 254987
44939 254927
44987 254879
45083 254783
45119 254747
45137 254729
45329 254537
45377 254489
45497 254369
45587 254279
45659 254207
45827 254039
45863 254003
45959 253907
46103 253763
46133 253733
46187 253679
46229 253637
46439 253427
46499 253367
46523 253343
46559 253307
46619 253247
46757 253109
46817 253049
46853 253013
46997 252869
47087 252779
47129 252737
47417 252449
47507 252359
47543 252323
47657 252209
47837 252029
47963 251903
47969 251897
48023 251843
48299 251567
48353 251513
48383 251483
48437 251429
48449 251417
48473 251393
48479 251387
48647 251219
48767 251099
48779 251087
48809 251057
48947 250919
49037 250829
49139 250727
49157 250709
49193 250673
49223 250643
49367 250499
49433 250433
49463 250403
49523 250343
49559 250307
49613 250253
49667 250199
49697 250169
49757 250109
49823 250043
49853 250013
49877 249989
49919 249947
49943 249923
50033 249833
50069 249797
50087 249779
50129 249737
50207 249659
50273 249593
50333 249533
50363 249503
50417 249449
50549 249317
50723 249143
50777 249089
50849 249017
50957 248909
51239 248627
51257 248609
51287 248579
51329 248537
51383 248483
51419 248447
51599 248267
51749 248117
51767 248099
51803 248063
51869 247997
51977 247889
52067 247799
52127 247739
52253 247613
52259 247607
52313 247553
52433 247433
52457 247409
52529 247337
52673 247193
52859 247007
52919 246947
52937 246929
52967 246899
53093 246773
53267 246599
53309 246557
53327 246539
53549 246317
53657 246209
53693 246173
53699 246167
53849 246017
54083 245783
54347 245519
54449 245417
54779 245087
54833 245033
54869 244997
55079 244787
55163 244703
55229 244637
55313 244553
55337 244529
55373 244493
55487 244379
55619 244247
55667 244199
55823 244043
55949 243917
56003 243863
56009 243857
56333 243533
56393 243473
56633 243233
56663 243203
56747 243119
56993 242873
56999 242867
57047 242819
57059 242807
57077 242789
57119 242747
57347 242519
57383 242483
57413 242453
57467 242399
57557 242309
57587 242279
57593 242273
57719 242147
57737 242129
57773 242093
57809 242057
57947 241919
58043 241823
58049 241817
58073 241793
58199 241667
58403 241463
58613 241253
58787 241079
58907 240959
58913 240953
58967 240899
58997 240869
59069 240797
59123 240743
59159 240707
59207 240659
59243 240623
59357 240509
59387 240479
59393 240473
59513 240353
59663 240203
59669 240197
59693 240173
59753 240113
60017 239849
60083 239783
60167 239699
60443 239423
60449 239417
60509 239357
60623 239243
60719 239147
60779 239087
60899 238967
60917 238949
60923 238943
61007 238859
61403 238463
61469 238397
61493 238373
61553 238313
61559 238307
61637 238229
61643 238223
61703 238163
61757 238109
62099 237767
62129 237737
62303 237563
62633 237233
62687 237179
62723 237143
62873 236993
62969 236897
62987 236879
63059 236807
63317 236549
63347 236519
63389 236477
63467 236399
63527 236339
63533 236333
63647 236219
63659 236207
63737 236129
63803 236063
63977 235889
64187 235679
64373 235493
64577 235289
64667 235199
64853 235013
64877 234989
64919 234947
64997 234869
65003 234863
65033 234833
65063 234803
65123 234743
65183 234683
65213 234653
65267 234599
65327 234539
65393 234473
65543 234323
65579 234287
65699 234167
65717 234149
65777 234089
65837 234029
65927 233939
66029 233837
66089 233777
66107 233759
66173 233693
66179 233687
66377 233489
66449 233417
66509 233357
66569 233297
66587 233279
66683 233183
66749 233117
66797 233069
66947 232919
66959 232907
67043 232823
67157 232709
67343 232523
67409 232457
67427 232439
67433 232433
67499 232367
67559 232307
67607 232259
67679 232187
67757 232109
67763 232103
67853 232013
67943 231923
68087 231779
68147 231719
68447 231419
68507 231359
68543 231323
68567 231299
68597 231269
68669 231197
68813 231053
68897 230969
68927 230939
68993 230873
69203 230663
69473 230393
69497 230369
69539 230327
69557 230309
69593 230273
69653 230213
69677 230189
69929 229937
70019 229847
70067 229799
70139 229727
70163 229703
70229 229637
70313 229553
70379 229487
70457 229409
70583 229283
70619 229247
70667 229199
70709 229157
70877 228989
70913 228953
70937 228929
70979 228887
70997 228869
71069 228797
71129 228737
71153 228713
71249 228617
71327 228539
71387 228479
71483 228383
71633 228233
71663 228203
71789 228077
71843 228023
71993 227873
72077 227789
72167 227699
72173 227693
72269 227597
72467 227399
72503 227363
72647 227219
72689 227177
72707 227159
72719 227147
72923 226943
72953 226913
72959 226907
73043 226823
73379 226487
73433 226433
73529 226337
73553 226313
73583 226283
73859 226007
73877 225989
73883 225983
74027 225839
74099 225767
74177 225689
74297 225569
74357 225509
74363 225503
74567 225299
74609 225257
74699 225167
74717 225149
74747 225119
74843 225023
74873 224993
74897 224969
75149 224717
75167 224699
75353 224513
75437 224429
75503 224363
75539 224327
75557 224309
75689 224177
75797 224069
75833 224033
76289 223577
76403 223463
76463 223403
76607 223259
76649 223217
76733 223133
76829 223037
76847 223019
76913 222953
76919 222947
77003 222863
77093 222773
77153 222713
77279 222587
77339 222527
77447 222419
77477 222389
77543 222323
77549 222317
77573 222293
77867 221999
78017 221849
78059 221807
78137 221729
78317 221549
78467 221399
78539 221327
78707 221159
78779 221087
78797 221069
78893 220973
78977 220889
78989 220877
79193 220673
79337 220529
79397 220469
79493 220373
79559 220307
79697 220169
79847 220019
79889 219977
79907 219959
80177 219689
80279 219587
80363 219503
80429 219437
80489 219377
80513 219353
80747 219119
80783 219083
80849 219017
80897 218969
81017 218849
81023 218843
81047 218819
81083 218783
81239 218627
81353 218513
81509 218357
81749 218117
81929 217937
82007 217859
82037 217829
82073 217793
82139 217727
82223 217643
82307 217559
82349 217517
82457 217409
82469 217397
82499 217367
82529 217337
82559 217307
82613 217253
83063 216803
83219 216647
83357 216509
83537 216329
83717 216149
83843 216023
83939 215927
84143 215723
84179 215687
84407 215459
84449 215417
84467 215399
84713 215153
85049 214817
85103 214763
85133 214733
85193 214673
85199 214667
85259 214607
85427 214439
85607 214259
85703 214163
85733 214133
85889 213977
86243 213623
86399 213467
86579 213287
86693 213173
86837 213029
86843 213023
86969 212897
86993 212873
87293 212573
87359 212507
87443 212423
87623 212243
87683 212183
87743 212123
87767 212099
87869 211997
87887 211979
87917 211949
87977 211889
88007 211859
88223 211643
88397 211469
88463 211403
88493 211373
88547 211319
88667 211199
88793 211073
88799 211067
88817 211049
88937 210929
88997 210869
89009 210857
89057 210809
89153 210713
89399 210467
89459 210407
89519 210347
89567 210299
89603 210263
89633 210233
89657 210209
89753 210113
89939 209927
90053 209813
90149 209717
90197 209669
90227 209639
90407 209459
90473 209393
90533 209333
90599 209267
90617 209249
90677 209189
90803 209063
90977 208889
90989 208877
91079 208787
91127 208739
91193 208673
91199 208667
91367 208499
91373 208493
91397 208469
91433 208433
91457 208409
91499 208367
91529 208337
91583 208283
91943 207923
91997 207869
92033 207833
92237 207629
92297 207569
92357 207509
92369 207497
92387 207479
92489 207377
92627 207239
92639 207227
92669 207197
92753 207113
92849 207017
92927 206939
92957 206909
92987 206879
93047 206819
93053 206813
93059 206807
93083 206783
93239 206627
93263 206603
93323 206543
93377 206489
93383 206483
93419 206447
93497 206369
93563 206303
93629 206237
93683 206183
93827 206039
93983 205883
94049 205817
94307 205559
94379 205487
94433 205433
94439 205427
94547 205319
94559 205307
94613 205253
94709 205157
94823 205043
94847 205019
94949 204917
95009 204857
95063 204803
95267 204599
95279 204587
95429 204437
95507 204359
95633 204233
95723 204143
95819 204047
95957 203909
96059 203807
96479 203387
96527 203339
96557 203309
96587 203279
96749 203117
96827 203039
96893 202973
96959 202907
96989 202877
97007 202859
97187 202679
97373 202493
97463 202403
97523 202343
97577 202289
97919 201947
97943 201923
97973 201893
98057 201809
98123 201743
98213 201653
98369 201497
98429 201437
98453 201413
98507 201359
98663 201203
98939 200927
98963 200903
98999 200867
99023 200843
99257 200609
99689 200177
99707 200159
99713 200153
99833 200033
99989 199877
100169 199697
100193 199673
100343 199523
100379 199487
100493 199373
100523 199343
100673 199193
100829 199037
100907 198959
100913 198953
100937 198929
101027 198839
101207 198659
101267 198599
101273 198593
101333 198533
101363 198503
101429 198437
101489 198377
101693 198173
101939 197927
101957 197909
102059 197807
102107 197759
102293 197573
102299 197567
102359 197507
102497 197369
102587 197279
102593 197273
103049 196817
103067 196799
103529 196337
103619 196247
103889 195977
103979 195887
103997 195869
104003 195863
104123 195743
104207 195659
104327 195539
104369 195497
104459 195407
104513 195353
104537 195329
104729 195137
104789 195077
104933 194933
104999 194867
105137 194729
105143 194723
105323 194543
105359 194507
105557 194309
105863 194003
105929 193937
105983 193883
106019 193847
106103 193763
106109 193757
106163 193703
106187 193679
106217 193649
106307 193559
106373 193493
106397 193469
106433 193433
106487 193379
106619 193247
106703 193163
106727 193139
106823 193043
106853 193013
106949 192917
106979 192887
107033 192833
107099 192767
107123 192743
107279 192587
107309 192557
107603 192263
107693 192173
107717 192149
107837 192029
107867 191999
107897 191969
108287 191579
108347 191519
108359 191507
108413 191453
108677 191189
108827 191039
108869 190997
108887 190979
109037 190829
109073 190793
109097 190769
109103 190763
109199 190667
109253 190613
109583 190283
109883 189983
109919 189947
109937 189929
110069 189797
110273 189593
110459 189407
110477 189389
110609 189257
110849 189017
110909 188957
110927 188939
110933 188933
110939 188927
111263 188603
111347 188519
111497 188369
111533 188333
111593 188273
111893 187973
111959 187907
112103 187763
112397 187469
112403 187463
112589 187277
112643 187223
112799 187067
112919 186947
112997 186869
113093 186773
113123 186743
113159 186707
113177 186689
113213 186653
113279 186587
113489 186377
113567 186299
113717 186149
113759 186107
113843 186023
113909 185957
113963 185903
113969 185897
114077 185789
114113 185753
114143 185723
114167 185699
114299 185567
114599 185267
114689 185177
114713 185153
114743 185123
114797 185069
114809 185057
115133 184733
115163 184703
115259 184607
115343 184523
115679 184187
115733 184133
115793 184073
115823 184043
115853 184013
115859 184007
116159 183707
116273 183593
116279 183587
116387 183479
116483 183383
116537 183329
116549 183317
116663 183203
116747 183119
116819 183047
116867 182999
116933 182933
117053 182813
117119 182747
117209 182657
117239 182627
117329 182537
117413 182453
117443 182423
117809 182057
117839 182027
117899 181967
117977 181889
118127 181739
118247 181619
118259 181607
118343 181523
118409 181457
118457 181409
118583 181283
118589 181277
118673 181193
118709 181157
118907 180959
119069 180797
119087 180779
119237 180629
119243 180623
119297 180569
119363 180503
119429 180437
119447 180419
119549 180317
119627 180239
119633 180233
119687 180179
119813 180053
119963 179903
120017 179849
120047 179819
120209 179657
120233 179633
120293 179573
120383 179483
120413 179453
120473 179393
120539 179327
120623 179243
120767 179099
120833 179033
120977 178889
121007 178859
121013 178853
121067 178799
121169 178697
121379 178487
121469 178397
121559 178307
121577 178289
121607 178259
121697 178169
121763 178103
121937 177929
121949 177917
122027 177839
122069 177797
122219 177647
122327 177539
122393 177473
122399 177467
122597 177269
122609 177257
122693 177173
122753 177113
122939 176927
122963 176903
123017 176849
123059 176807
123077 176789
123113 176753
123269 176597
123377 176489
123407 176459
123449 176417
123653 176213
123707 176159
123737 176129
123803 176063
123887 175979
124139 175727
124193 175673
124343 175523
124367 175499
124433 175433
124799 175067
124853 175013
124907 174959
125093 174773
125117 174749
125207 174659
125339 174527
125399 174467
125423 174443
125453 174413
125669 174197
125717 174149
125789 174077
125897 173969
125933 173933
126047 173819
126317 173549
126323 173543
126683 173183
126827 173039
126989 172877
127037 172829
127079 172787
127157 172709
127217 172649
127247 172619
127277 172589
127493 172373
127583 172283
127607 172259
127643 172223
127649 172217
127709 172157
127739 172127
127817 172049
127997 171869
128147 171719
128153 171713
128159 171707
128213 171653
128237 171629
128327 171539
128393 171473
128399 171467
128483 171383
128549 171317
128603 171263
128663 171203
128813 171053
128819 171047
128837 171029
128939 170927
128993 170873
129023 170843
129089 170777
129197 170669
129263 170603
129287 170579
129419 170447
129497 170369
129539 170327
129587 170279
129803 170063
129953 169913
130043 169823
130199 169667
130259 169607
130343 169523
130409 169457
130439 169427
130457 169409
130523 169343
130547 169319
130553 169313
130649 169217
130769 169097
130787 169079
130817 169049
130859 169007
130973 168893
131063 168803
131129 168737
131249 168617
131267 168599
131519 168347
131543 168323
131639 168227
131777 168089
131783 168083
131837 168029
132137 167729
132233 167633
132329 167537
132383 167483
132437 167429
132527 167339
132689 167177
132707 167159
132749 167117
132833 167033
132857 167009
132887 166979
132893 166973
132947 166919
133013 166853
133187 166679
133253 166613
133379 166487
133697 166169
133709 166157
133853 166013
133919 165947
133979 165887
134033 165833
134087 165779
134153 165713
134213 165653
134333 165533
134339 165527
134417 165449
134777 165089
134807 165059
134867 164999
135029 164837
135077 164789
135353 164513
135389 164477
135479 164387
135599 164267
135617 164249
135719 164147
135887 163979
135893 163973
136013 163853
136133 163733
136193 163673
136223 163643
136379 163487
136397 163469
136463 163403
136559 163307
136607 163259
136739 163127
136949 162917
137087 162779
137117 162749
137153 162713
137183 162683
137273 162593
137303 162563
137339 162527
137393 162473
137447 162419
137453 162413
137477 162389
137507 162359
137573 162293
137597 162269
137723 162143
137849 162017
137867 161999
137909 161957
137993 161873
138059 161807
138113 161753
138239 161627
138323 161543
138407 161459
138563 161303
138599 161267
138629 161237
138869 160997
138899 160967
138959 160907
139109 160757
139169 160697
139313 160553
139367 160499
139457 160409
139493 160373
139547 160319
139697 160169
139703 160163
139787 160079
139967 159899
140009 159857
140159 159707
140237 159629
140249 159617
140297 159569
140363 159503
140477 159389
140639 159227
140939 158927
141023 158843
141107 158759
141209 158657
141233 158633
141269 158597
141359 158507
141509 158357
141623 158243
141677 158189
141863 158003
141959 157907
142067 157799
142097 157769
142217 157649
142433 157433
142559 157307
142589 157277
142607 157259
142619 157247
142733 157133
142757 157109
142979 156887
143159 156707
143243 156623
143513 156353
143519 156347
143537 156329
143609 156257
143807 156059
144167 155699
144173 155693
144203 155663
144413 155453
144479 155387
144539 155327
144563 155303
144779 155087
144839 155027
144983 154883
145043 154823
145133 154733
145139 154727
145253 154613
145589 154277
145637 154229
145709 154157
145799 154067
145823 154043
146117 153749
146309 153557
146417 153449
146423 153443
146513 153353
146777 153089
146807 153059
146987 152879
147029 152837
147047 152819
147083 152783
147089 152777
147137 152729
147209 152657
147227 152639
147299 152567
147347 152519
147449 152417
147503 152363
147617 152249
147647 152219
147743 152123
147773 152093
147827 152039
147863 152003
148079 151787
148193 151673
148199 151667
148229 151637
148367 151499
148469 151397
148817 151049
148853 151013
148859 151007
148997 150869
149033 150833
149069 150797
149087 150779
149099 150767
149159 150707
149249 150617
149333 150533
149393 150473
149459 150407
149489 150377
149543 150323
149579 150287
149627 150239
149759 150107
149873 149993
