9 1000
9 1001
9 1002
9 1003
9 1004
9 1005
9 1006
9 1007
9 1008
9 1009
9 1010
9 1011
9 1012
9 1013
9 1014
9 1015
9 1016
9 1017
9 1018
9 1019
9 1020
9 1021
9 1022
9 1023
9 1024
9 1025
9 1026
9 1027
9 1028
9 1029
9 1030
9 1031
9 1032
9 1033
9 1034
9 1035
9 1036
9 1037
9 1038
9 1039
9 1040
9 1041
9 1042
9 1043
9 1044
9 1045
9 1046
9 1047
9 1048
9 1049
9 1050
9 1051
9 1052
9 1053
9 1054
9 1055
9 1056
9 1057
9 1058
9 1059
9 1060
9 1061
9 1062
9 1063
9 1064
9 1065
9 1066
9 1067
9 1068
9 1069
9 1070
9 1071
9 1072
9 1073
9 1074
9 1075
9 1076
9 1077
9 1078
9 1079
9 1080
9 1081
9 1082
9 1083
9 1084
9 1085
9 1086
9 1087
9 1088
9 1089
9 1090
9 1091
9 1092
9 1093
9 1094
9 1095
9 1096
9 1097
9 1098
9 1099
9 1100
9 1101
9 1102
9 1103
9 1104
9 1105
9 1106
9 1107
9 1108
9 1109
9 1110
9 1111
9 1112
9 1113
9 1114
9 1115
9 1116
9 1117
9 1118
9 1119
9 1120
9 1121
9 1122
9 1123
9 1124
9 1125
9 1126
9 1127
9 1128
9 1129
9 1130
9 1131
9 1132
9 1133
9 1134
9 1135
9 1136
9 1137
9 1138
9 1139
9 1140
9 1141
9 1142
9 1143
9 1144
9 1145
9 1146
9 1147
9 1148
9 1149
9 1150
9 1151
9 1152
9 1153
9 1154
9 1155
9 1156
9 1157
9 1158
9 1159
9 1160
9 1161
9 1162
9 1163
9 1164
9 1165
9 1166
9 1167
9 1168
9 1169
9 1170
9 1171
9 1172
9 1173
9 1174
9 1175
9 1176
9 1177
9 1178
9 1179
9 1180
9 1181
9 1182
9 1183
9 1184
9 1185
9 1186
9 1187
9 1188
9 1189
9 1190
9 1191
9 1192
9 1193
9 1194
9 1195
9 1196
9 1197
9 1198
9 1199
9 1200
9 1201
9 1202
9 1203
9 1204
9 1205
9 1206
9 1207
9 1208
9 1209
9 1210
9 1211
9 1212
9 1213
9 1214
9 1215
9 1216
9 1217
9 1218
9 1219
9 1220
9 1221
9 1222
9 1223
9 1224
9 1225
9 1226
9 1227
9 1228
9 1229
9 1230
9 1231
9 1232
9 1233
9 1234
9 1235
9 1236
9 1237
9 1238
9 1239
9 1240
9 1241
9 1242
9 1243
9 1244
9 1245
9 1246
9 1247
9 1248
9 1249
9 1250
9 1251
9 1252
9 1253
9 1254
9 1255
9 1256
9 1257
9 1258
9 1259
9 1260
9 1261
9 1262
9 1263
9 1264
9 1265
9 1266
9 1267
9 1268
9 1269
9 1270
9 1271
9 1272
9 1273
9 1274
9 1275
9 1276
9 1277
9 1278
9 1279
9 1280
9 1281
9 1282
9 1283
9 1284
9 1285
9 1286
9 1287
9 1288
9 1289
9 1290
9 1291
9 1292
9 1293
9 1294
9 1295
9 1296
9 1297
9 1298
9 1299
9 1300
9 1301
9 1302
9 1303
9 1304
9 1305
9 1306
9 1307
9 1308
9 1309
9 1310
9 1311
9 1312
9 1313
9 1314
9 1315
9 1316
9 1317
9 1318
9 1319
9 1320
9 1321
9 1322
9 1323
9 1324
9 1325
9 1326
9 1327
9 1328
9 1329
9 1330
9 1331
9 1332
9 1333
9 1334
9 1335
9 1336
9 1337
9 1338
9 1339
9 1340
9 1341
9 1342
9 1343
9 1344
9 1345
9 1346
9 1347
9 1348
9 1349
9 1350
9 1351
9 1352
9 1353
9 1354
9 1355
9 1356
9 1357
9 1358
9 1359
9 1360
9 1361
9 1362
9 1363
9 1364
9 1365
9 1366
9 1367
9 1368
9 1369
9 1370
9 1371
9 1372
9 1373
9 1374
9 1375
9 1376
9 1377
9 1378
9 1379
9 1380
9 1381
9 1382
9 1383
9 1384
9 1385
9 1386
9 1387
9 1388
9 1389
9 1390
9 1391
9 1392
9 1393
9 1394
9 1395
9 1396
9 1397
9 1398
9 1399
9 1400
9 1401
9 1402
9 1403
9 1404
9 1405
9 1406
9 1407
9 1408
9 1409
9 1410
9 1411
9 1412
9 1413
9 1414
9 1415
9 1416
9 1417
9 1418
9 1419
9 1420
9 1421
9 1422
9 1423
9 1424
9 1425
9 1426
9 1427
9 1428
9 1429
9 1430
9 1431
9 1432
9 1433
9 1434
9 1435
9 1436
9 1437
9 1438
9 1439
9 1440
9 1441
9 1442
9 1443
9 1444
9 1445
9 1446
9 1447
9 1448
9 1449
9 1450
9 1451
9 1452
9 1453
9 1454
9 1455
9 1456
9 1457
9 1458
9 1459
9 1460
9 1461
9 1462
9 1463
9 1464
9 1465
9 1466
9 1467
9 1468
9 1469
9 1470
9 1471
9 1472
9 1473
9 1474
9 1475
9 1476
9 1477
9 1478
9 1479
9 1480
9 1481
9 1482
9 1483
9 1484
9 1485
9 1486
9 1487
9 1488
9 1489
9 1490
9 1491
9 1492
9 1493
9 1494
9 1495
9 1496
9 1497
9 1498
9 1499
9 1500
9 1501
9 1502
9 1503
9 1504
9 1505
9 1506
9 1507
9 1508
9 1509
9 1510
9 1511
9 1512
9 1513
9 1514
9 1515
9 1516
9 1517
9 1518
9 1519
9 1520
9 1521
9 1522
9 1523
9 1524
9 1525
9 1526
9 1527
9 1528
9 1529
9 1530
9 1531
9 1532
9 1533
9 1534
9 1535
9 1536
9 1537
9 1538
9 1539
9 1540
9 1541
9 1542
9 1543
9 1544
9 1545
9 1546
9 1547
9 1548
9 1549
9 1550
9 1551
9 1552
9 1553
9 1554
9 1555
9 1556
9 1557
9 1558
9 1559
9 1560
9 1561
9 1562
9 1563
9 1564
9 1565
9 1566
9 1567
9 1568
9 1569
9 1570
9 1571
9 1572
9 1573
9 1574
9 1575
9 1576
9 1577
9 1578
9 1579
9 1580
9 1581
9 1582
9 1583
9 1584
9 1585
9 1586
9 1587
9 1588
9 1589
9 1590
9 1591
9 1592
9 1593
9 1594
9 1595
9 1596
9 1597
9 1598
9 1599
9 1600
9 1601
9 1602
9 1603
9 1604
9 1605
9 1606
9 1607
9 1608
9 1609
9 1610
9 1611
9 1612
9 1613
9 1614
9 1615
9 1616
9 1617
9 1618
9 1619
9 1620
9 1621
9 1622
9 1623
9 1624
9 1625
9 1626
9 1627
9 1628
9 1629
9 1630
9 1631
9 1632
9 1633
9 1634
9 1635
9 1636
9 1637
9 1638
9 1639
9 1640
9 1641
9 1642
9 1643
9 1644
9 1645
9 1646
9 1647
9 1648
9 1649
9 1650
9 1651
9 1652
9 1653
9 1654
9 1655
9 1656
9 1657
9 1658
9 1659
9 1660
9 1661
9 1662
9 1663
9 1664
9 1665
9 1666
9 1667
9 1668
9 1669
9 1670
9 1671
9 1672
9 1673
9 1674
9 1675
9 1676
9 1677
9 1678
9 1679
9 1680
9 1681
9 1682
9 1683
9 1684
9 1685
9 1686
9 1687
9 1688
9 1689
9 1690
9 1691
9 1692
9 1693
9 1694
9 1695
9 1696
9 1697
9 1698
9 1699
9 1700
9 1701
9 1702
9 1703
9 1704
9 1705
9 1706
9 1707
9 1708
9 1709
9 1710
9 1711
9 1712
9 1713
9 1714
9 1715
9 1716
9 1717
9 1718
9 1719
9 1720
9 1721
9 1722
9 1723
9 1724
9 1725
9 1726
9 1727
9 1728
9 1729
9 1730
9 1731
9 1732
9 1733
9 1734
9 1735
9 1736
9 1737
9 1738
9 1739
9 1740
9 1741
9 1742
9 1743
9 1744
9 1745
9 1746
9 1747
9 1748
9 1749
9 1750
9 1751
9 1752
9 1753
9 1754
9 1755
9 1756
9 1757
9 1758
9 1759
9 1760
9 1761
9 1762
9 1763
9 1764
9 1765
9 1766
9 1767
9 1768
9 1769
9 1770
9 1771
9 1772
9 1773
9 1774
9 1775
9 1776
9 1777
9 1778
9 1779
9 1780
9 1781
9 1782
9 1783
9 1784
9 1785
9 1786
9 1787
9 1788
9 1789
9 1790
9 1791
9 1792
9 1793
9 1794
9 1795
9 1796
9 1797
9 1798
9 1799
9 1800
9 1801
9 1802
9 1803
9 1804
9 1805
9 1806
9 1807
9 1808
9 1809
9 1810
9 1811
9 1812
9 1813
9 1814
9 1815
9 1816
9 1817
9 1818
9 1819
9 1820
9 1821
9 1822
9 1823
9 1824
9 1825
9 1826
9 1827
9 1828
9 1829
9 1830
9 1831
9 1832
9 1833
9 1834
9 1835
9 1836
9 1837
9 1838
9 1839
9 1840
9 1841
9 1842
9 1843
9 1844
9 1845
9 1846
9 1847
9 1848
9 1849
9 1850
9 1851
9 1852
9 1853
9 1854
9 1855
9 1856
9 1857
9 1858
9 1859
9 1860
9 1861
9 1862
9 1863
9 1864
9 1865
9 1866
9 1867
9 1868
9 1869
9 1870
9 1871
9 1872
9 1873
9 1874
9 1875
9 1876
9 1877
9 1878
9 1879
9 1880
9 1881
9 1882
9 1883
9 1884
9 1885
9 1886
9 1887
9 1888
9 1889
9 1890
9 1891
9 1892
9 1893
9 1894
9 1895
9 1896
9 1897
9 1898
9 1899
9 1900
9 1901
9 1902
9 1903
9 1904
9 1905
9 1906
9 1907
9 1908
9 1909
9 1910
9 1911
9 1912
9 1913
9 1914
9 1915
9 1916
9 1917
9 1918
9 1919
9 1920
9 1921
9 1922
9 1923
9 1924
9 1925
9 1926
9 1927
9 1928
9 1929
9 1930
9 1931
9 1932
9 1933
9 1934
9 1935
9 1936
9 1937
9 1938
9 1939
9 1940
9 1941
9 1942
9 1943
9 1944
9 1945
9 1946
9 1947
9 1948
9 1949
9 1950
9 1951
9 1952
9 1953
9 1954
9 1955
9 1956
9 1957
9 1958
9 1959
9 1960
9 1961
9 1962
9 1963
9 1964
9 1965
9 1966
9 1967
9 1968
9 1969
9 1970
9 1971
9 1972
9 1973
9 1974
9 1975
9 1976
9 1977
9 1978
9 1979
9 1980
9 1981
9 1982
9 1983
9 1984
9 1985
9 1986
9 1987
9 1988
9 1989
9 1990
9 1991
9 1992
9 1993
9 1994
9 1995
9 1996
9 1997
9 1998
9 1999
8 2000
8 2001
8 2002
8 2003
8 2004
8 2005
8 2006
8 2007
8 2008
8 2009
8 2010
8 2011
8 2012
8 2013
8 2014
8 2015
8 2016
8 2017
8 2018
8 2019
8 2020
8 2021
8 2022
8 2023
8 2024
8 2025
8 2026
8 2027
8 2028
8 2029
8 2030
8 2031
8 2032
8 2033
8 2034
8 2035
8 2036
8 2037
8 2038
8 2039
8 2040
8 2041
8 2042
8 2043
8 2044
8 2045
8 2046
8 2047
8 2048
8 2049
8 2050
8 2051
8 2052
8 2053
8 2054
8 2055
8 2056
8 2057
8 2058
8 2059
8 2060
8 2061
8 2062
8 2063
8 2064
8 2065
8 2066
8 2067
8 2068
8 2069
8 2070
8 2071
8 2072
8 2073
8 2074
8 2075
8 2076
8 2077
8 2078
8 2079
8 2080
8 2081
8 2082
8 2083
8 2084
8 2085
8 2086
8 2087
8 2088
8 2089
8 2090
8 2091
8 2092
8 2093
8 2094
8 2095
8 2096
8 2097
8 2098
8 2099
8 2100
8 2101
8 2102
8 2103
8 2104
8 2105
8 2106
8 2107
8 2108
8 2109
8 2110
8 2111
8 2112
8 2113
8 2114
8 2115
8 2116
8 2117
8 2118
8 2119
8 2120
8 2121
8 2122
8 2123
8 2124
8 2125
8 2126
8 2127
8 2128
8 2129
8 2130
8 2131
8 2132
8 2133
8 2134
8 2135
8 2136
8 2137
8 2138
8 2139
8 2140
8 2141
8 2142
8 2143
8 2144
8 2145
8 2146
8 2147
8 2148
8 2149
8 2150
8 2151
8 2152
8 2153
8 2154
8 2155
8 2156
8 2157
8 2158
8 2159
8 2160
8 2161
8 2162
8 2163
8 2164
8 2165
8 2166
8 2167
8 2168
8 2169
8 2170
8 2171
8 2172
8 2173
8 2174
8 2175
8 2176
8 2177
8 2178
8 2179
8 2180
8 2181
8 2182
8 2183
8 2184
8 2185
8 2186
8 2187
8 2188
8 2189
8 2190
8 2191
8 2192
8 2193
8 2194
8 2195
8 2196
8 2197
8 2198
8 2199
8 2200
8 2201
8 2202
8 2203
8 2204
8 2205
8 2206
8 2207
8 2208
8 2209
8 2210
8 2211
8 2212
8 2213
8 2214
8 2215
8 2216
8 2217
8 2218
8 2219
8 2220
8 2221
8 2222
8 2223
8 2224
8 2225
8 2226
8 2227
8 2228
8 2229
8 2230
8 2231
8 2232
8 2233
8 2234
8 2235
8 2236
8 2237
8 2238
8 2239
8 2240
8 2241
8 2242
8 2243
8 2244
8 2245
8 2246
8 2247
8 2248
8 2249
8 2250
8 2251
8 2252
8 2253
8 2254
8 2255
8 2256
8 2257
8 2258
8 2259
8 2260
8 2261
8 2262
8 2263
8 2264
8 2265
8 2266
8 2267
8 2268
8 2269
8 2270
8 2271
8 2272
8 2273
8 2274
8 2275
8 2276
8 2277
8 2278
8 2279
8 2280
8 2281
8 2282
8 2283
8 2284
8 2285
8 2286
8 2287
8 2288
8 2289
8 2290
8 2291
8 2292
8 2293
8 2294
8 2295
8 2296
8 2297
8 2298
8 2299
8 2300
8 2301
8 2302
8 2303
8 2304
8 2305
8 2306
8 2307
8 2308
8 2309
8 2310
8 2311
8 2312
8 2313
8 2314
8 2315
8 2316
8 2317
8 2318
8 2319
8 2320
8 2321
8 2322
8 2323
8 2324
8 2325
8 2326
8 2327
8 2328
8 2329
8 2330
8 2331
8 2332
8 2333
8 2334
8 2335
8 2336
8 2337
8 2338
8 2339
8 2340
8 2341
8 2342
8 2343
8 2344
8 2345
8 2346
8 2347
8 2348
8 2349
8 2350
8 2351
8 2352
8 2353
8 2354
8 2355
8 2356
8 2357
8 2358
8 2359
8 2360
8 2361
8 2362
8 2363
8 2364
8 2365
8 2366
8 2367
8 2368
8 2369
8 2370
8 2371
8 2372
8 2373
8 2374
8 2375
8 2376
8 2377
8 2378
8 2379
8 2380
8 2381
8 2382
8 2383
8 2384
8 2385
8 2386
8 2387
8 2388
8 2389
8 2390
8 2391
8 2392
8 2393
8 2394
8 2395
8 2396
8 2397
8 2398
8 2399
8 2400
8 2401
8 2402
8 2403
8 2404
8 2405
8 2406
8 2407
8 2408
8 2409
8 2410
8 2411
8 2412
8 2413
8 2414
8 2415
8 2416
8 2417
8 2418
8 2419
8 2420
8 2421
8 2422
8 2423
8 2424
8 2425
8 2426
8 2427
8 2428
8 2429
8 2430
8 2431
8 2432
8 2433
8 2434
8 2435
8 2436
8 2437
8 2438
8 2439
8 2440
8 2441
8 2442
8 2443
8 2444
8 2445
8 2446
8 2447
8 2448
8 2449
8 2450
8 2451
8 2452
8 2453
8 2454
8 2455
8 2456
8 2457
8 2458
8 2459
8 2460
8 2461
8 2462
8 2463
8 2464
8 2465
8 2466
8 2467
8 2468
8 2469
8 2470
8 2471
8 2472
8 2473
8 2474
8 2475
8 2476
8 2477
8 2478
8 2479
8 2480
8 2481
8 2482
8 2483
8 2484
8 2485
8 2486
8 2487
8 2488
8 2489
8 2490
8 2491
8 2492
8 2493
8 2494
8 2495
8 2496
8 2497
8 2498
8 2499
8 2500
8 2501
8 2502
8 2503
8 2504
8 2505
8 2506
8 2507
8 2508
8 2509
8 2510
8 2511
8 2512
8 2513
8 2514
8 2515
8 2516
8 2517
8 2518
8 2519
8 2520
8 2521
8 2522
8 2523
8 2524
8 2525
8 2526
8 2527
8 2528
8 2529
8 2530
8 2531
8 2532
8 2533
8 2534
8 2535
8 2536
8 2537
8 2538
8 2539
8 2540
8 2541
8 2542
8 2543
8 2544
8 2545
8 2546
8 2547
8 2548
8 2549
8 2550
8 2551
8 2552
8 2553
8 2554
8 2555
8 2556
8 2557
8 2558
8 2559
8 2560
8 2561
8 2562
8 2563
8 2564
8 2565
8 2566
8 2567
8 2568
8 2569
8 2570
8 2571
8 2572
8 2573
8 2574
8 2575
8 2576
8 2577
8 2578
8 2579
8 2580
8 2581
8 2582
8 2583
8 2584
8 2585
8 2586
8 2587
8 2588
8 2589
8 2590
8 2591
8 2592
8 2593
8 2594
8 2595
8 2596
8 2597
8 2598
8 2599
8 2600
8 2601
8 2602
8 2603
8 2604
8 2605
8 2606
8 2607
8 2608
8 2609
8 2610
8 2611
8 2612
8 2613
8 2614
8 2615
8 2616
8 2617
8 2618
8 2619
8 2620
8 2621
8 2622
8 2623
8 2624
8 2625
8 2626
8 2627
8 2628
8 2629
8 2630
8 2631
8 2632
8 2633
8 2634
8 2635
8 2636
8 2637
8 2638
8 2639
8 2640
8 2641
8 2642
8 2643
8 2644
8 2645
8 2646
8 2647
8 2648
8 2649
8 2650
8 2651
8 2652
8 2653
8 2654
8 2655
8 2656
8 2657
8 2658
8 2659
8 2660
8 2661
8 2662
8 2663
8 2664
8 2665
8 2666
8 2667
8 2668
8 2669
8 2670
8 2671
8 2672
8 2673
8 2674
8 2675
8 2676
8 2677
8 2678
8 2679
8 2680
8 2681
8 2682
8 2683
8 2684
8 2685
8 2686
8 2687
8 2688
8 2689
8 2690
8 2691
8 2692
8 2693
8 2694
8 2695
8 2696
8 2697
8 2698
8 2699
8 2700
8 2701
8 2702
8 2703
8 2704
8 2705
8 2706
8 2707
8 2708
8 2709
8 2710
8 2711
8 2712
8 2713
8 2714
8 2715
8 2716
8 2717
8 2718
8 2719
8 2720
8 2721
8 2722
8 2723
8 2724
8 2725
8 2726
8 2727
8 2728
8 2729
8 2730
8 2731
8 2732
8 2733
8 2734
8 2735
8 2736
8 2737
8 2738
8 2739
8 2740
8 2741
8 2742
8 2743
8 2744
8 2745
8 2746
8 2747
8 2748
8 2749
8 2750
8 2751
8 2752
8 2753
8 2754
8 2755
8 2756
8 2757
8 2758
8 2759
8 2760
8 2761
8 2762
8 2763
8 2764
8 2765
8 2766
8 2767
8 2768
8 2769
8 2770
8 2771
8 2772
8 2773
8 2774
8 2775
8 2776
8 2777
8 2778
8 2779
8 2780
8 2781
8 2782
8 2783
8 2784
8 2785
8 2786
8 2787
8 2788
8 2789
8 2790
8 2791
8 2792
8 2793
8 2794
8 2795
8 2796
8 2797
8 2798
8 2799
8 2800
8 2801
8 2802
8 2803
8 2804
8 2805
8 2806
8 2807
8 2808
8 2809
8 2810
8 2811
8 2812
8 2813
8 2814
8 2815
8 2816
8 2817
8 2818
8 2819
8 2820
8 2821
8 2822
8 2823
8 2824
8 2825
8 2826
8 2827
8 2828
8 2829
8 2830
8 2831
8 2832
8 2833
8 2834
8 2835
8 2836
8 2837
8 2838
8 2839
8 2840
8 2841
8 2842
8 2843
8 2844
8 2845
8 2846
8 2847
8 2848
8 2849
8 2850
8 2851
8 2852
8 2853
8 2854
8 2855
8 2856
8 2857
8 2858
8 2859
8 2860
8 2861
8 2862
8 2863
8 2864
8 2865
8 2866
8 2867
8 2868
8 2869
8 2870
8 2871
8 2872
8 2873
8 2874
8 2875
8 2876
8 2877
8 2878
8 2879
8 2880
8 2881
8 2882
8 2883
8 2884
8 2885
8 2886
8 2887
8 2888
8 2889
8 2890
8 2891
8 2892
8 2893
8 2894
8 2895
8 2896
8 2897
8 2898
8 2899
8 2900
8 2901
8 2902
8 2903
8 2904
8 2905
8 2906
8 2907
8 2908
8 2909
8 2910
8 2911
8 2912
8 2913
8 2914
8 2915
8 2916
8 2917
8 2918
8 2919
8 2920
8 2921
8 2922
8 2923
8 2924
8 2925
8 2926
8 2927
8 2928
8 2929
8 2930
8 2931
8 2932
8 2933
8 2934
8 2935
8 2936
8 2937
8 2938
8 2939
8 2940
8 2941
8 2942
8 2943
8 2944
8 2945
8 2946
8 2947
8 2948
8 2949
8 2950
8 2951
8 2952
8 2953
8 2954
8 2955
8 2956
8 2957
8 2958
8 2959
8 2960
8 2961
8 2962
8 2963
8 2964
8 2965
8 2966
8 2967
8 2968
8 2969
8 2970
8 2971
8 2972
8 2973
8 2974
8 2975
8 2976
8 2977
8 2978
8 2979
8 2980
8 2981
8 2982
8 2983
8 2984
8 2985
8 2986
8 2987
8 2988
8 2989
8 2990
8 2991
8 2992
8 2993
8 2994
8 2995
8 2996
8 2997
8 2998
8 2999
7 3000
7 3001
7 3002
7 3003
7 3004
7 3005
7 3006
7 3007
7 3008
7 3009
7 3010
7 3011
7 3012
7 3013
7 3014
7 3015
7 3016
7 3017
7 3018
7 3019
7 3020
7 3021
7 3022
7 3023
7 3024
7 3025
7 3026
7 3027
7 3028
7 3029
7 3030
7 3031
7 3032
7 3033
7 3034
7 3035
7 3036
7 3037
7 3038
7 3039
7 3040
7 3041
7 3042
7 3043
7 3044
7 3045
7 3046
7 3047
7 3048
7 3049
7 3050
7 3051
7 3052
7 3053
7 3054
7 3055
7 3056
7 3057
7 3058
7 3059
7 3060
7 3061
7 3062
7 3063
7 3064
7 3065
7 3066
7 3067
7 3068
7 3069
7 3070
7 3071
7 3072
7 3073
7 3074
7 3075
7 3076
7 3077
7 3078
7 3079
7 3080
7 3081
7 3082
7 3083
7 3084
7 3085
7 3086
7 3087
7 3088
7 3089
7 3090
7 3091
7 3092
7 3093
7 3094
7 3095
7 3096
7 3097
7 3098
7 3099
7 3100
7 3101
7 3102
7 3103
7 3104
7 3105
7 3106
7 3107
7 3108
7 3109
7 3110
7 3111
7 3112
7 3113
7 3114
7 3115
7 3116
7 3117
7 3118
7 3119
7 3120
7 3121
7 3122
7 3123
7 3124
7 3125
7 3126
7 3127
7 3128
7 3129
7 3130
7 3131
7 3132
7 3133
7 3134
7 3135
7 3136
7 3137
7 3138
7 3139
7 3140
7 3141
7 3142
7 3143
7 3144
7 3145
7 3146
7 3147
7 3148
7 3149
7 3150
7 3151
7 3152
7 3153
7 3154
7 3155
7 3156
7 3157
7 3158
7 3159
7 3160
7 3161
7 3162
7 3163
7 3164
7 3165
7 3166
7 3167
7 3168
7 3169
7 3170
7 3171
7 3172
7 3173
7 3174
7 3175
7 3176
7 3177
7 3178
7 3179
7 3180
7 3181
7 3182
7 3183
7 3184
7 3185
7 3186
7 3187
7 3188
7 3189
7 3190
7 3191
7 3192
7 3193
7 3194
7 3195
7 3196
7 3197
7 3198
7 3199
7 3200
7 3201
7 3202
7 3203
7 3204
7 3205
7 3206
7 3207
7 3208
7 3209
7 3210
7 3211
7 3212
7 3213
7 3214
7 3215
7 3216
7 3217
7 3218
7 3219
7 3220
7 3221
7 3222
7 3223
7 3224
7 3225
7 3226
7 3227
7 3228
7 3229
7 3230
7 3231
7 3232
7 3233
7 3234
7 3235
7 3236
7 3237
7 3238
7 3239
7 3240
7 3241
7 3242
7 3243
7 3244
7 3245
7 3246
7 3247
7 3248
7 3249
7 3250
7 3251
7 3252
7 3253
7 3254
7 3255
7 3256
7 3257
7 3258
7 3259
7 3260
7 3261
7 3262
7 3263
7 3264
7 3265
7 3266
7 3267
7 3268
7 3269
7 3270
7 3271
7 3272
7 3273
7 3274
7 3275
7 3276
7 3277
7 3278
7 3279
7 3280
7 3281
7 3282
7 3283
7 3284
7 3285
7 3286
7 3287
7 3288
7 3289
7 3290
7 3291
7 3292
7 3293
7 3294
7 3295
7 3296
7 3297
7 3298
7 3299
7 3300
7 3301
7 3302
7 3303
7 3304
7 3305
7 3306
7 3307
7 3308
7 3309
7 3310
7 3311
7 3312
7 3313
7 3314
7 3315
7 3316
7 3317
7 3318
7 3319
7 3320
7 3321
7 3322
7 3323
7 3324
7 3325
7 3326
7 3327
7 3328
7 3329
7 3330
7 3331
7 3332
7 3333
7 3334
7 3335
7 3336
7 3337
7 3338
7 3339
7 3340
7 3341
7 3342
7 3343
7 3344
7 3345
7 3346
7 3347
7 3348
7 3349
7 3350
7 3351
7 3352
7 3353
7 3354
7 3355
7 3356
7 3357
7 3358
7 3359
7 3360
7 3361
7 3362
7 3363
7 3364
7 3365
7 3366
7 3367
7 3368
7 3369
7 3370
7 3371
7 3372
7 3373
7 3374
7 3375
7 3376
7 3377
7 3378
7 3379
7 3380
7 3381
7 3382
7 3383
7 3384
7 3385
7 3386
7 3387
7 3388
7 3389
7 3390
7 3391
7 3392
7 3393
7 3394
7 3395
7 3396
7 3397
7 3398
7 3399
7 3400
7 3401
7 3402
7 3403
7 3404
7 3405
7 3406
7 3407
7 3408
7 3409
7 3410
7 3411
7 3412
7 3413
7 3414
7 3415
7 3416
7 3417
7 3418
7 3419
7 3420
7 3421
7 3422
7 3423
7 3424
7 3425
7 3426
7 3427
7 3428
7 3429
7 3430
7 3431
7 3432
7 3433
7 3434
7 3435
7 3436
7 3437
7 3438
7 3439
7 3440
7 3441
7 3442
7 3443
7 3444
7 3445
7 3446
7 3447
7 3448
7 3449
7 3450
7 3451
7 3452
7 3453
7 3454
7 3455
7 3456
7 3457
7 3458
7 3459
7 3460
7 3461
7 3462
7 3463
7 3464
7 3465
7 3466
7 3467
7 3468
7 3469
7 3470
7 3471
7 3472
7 3473
7 3474
7 3475
7 3476
7 3477
7 3478
7 3479
7 3480
7 3481
7 3482
7 3483
7 3484
7 3485
7 3486
7 3487
7 3488
7 3489
7 3490
7 3491
7 3492
7 3493
7 3494
7 3495
7 3496
7 3497
7 3498
7 3499
7 3500
7 3501
7 3502
7 3503
7 3504
7 3505
7 3506
7 3507
7 3508
7 3509
7 3510
7 3511
7 3512
7 3513
7 3514
7 3515
7 3516
7 3517
7 3518
7 3519
7 3520
7 3521
7 3522
7 3523
7 3524
7 3525
7 3526
7 3527
7 3528
7 3529
7 3530
7 3531
7 3532
7 3533
7 3534
7 3535
7 3536
7 3537
7 3538
7 3539
7 3540
7 3541
7 3542
7 3543
7 3544
7 3545
7 3546
7 3547
7 3548
7 3549
7 3550
7 3551
7 3552
7 3553
7 3554
7 3555
7 3556
7 3557
7 3558
7 3559
7 3560
7 3561
7 3562
7 3563
7 3564
7 3565
7 3566
7 3567
7 3568
7 3569
7 3570
7 3571
7 3572
7 3573
7 3574
7 3575
7 3576
7 3577
7 3578
7 3579
7 3580
7 3581
7 3582
7 3583
7 3584
7 3585
7 3586
7 3587
7 3588
7 3589
7 3590
7 3591
7 3592
7 3593
7 3594
7 3595
7 3596
7 3597
7 3598
7 3599
7 3600
7 3601
7 3602
7 3603
7 3604
7 3605
7 3606
7 3607
7 3608
7 3609
7 3610
7 3611
7 3612
7 3613
7 3614
7 3615
7 3616
7 3617
7 3618
7 3619
7 3620
7 3621
7 3622
7 3623
7 3624
7 3625
7 3626
7 3627
7 3628
7 3629
7 3630
7 3631
7 3632
7 3633
7 3634
7 3635
7 3636
7 3637
7 3638
7 3639
7 3640
7 3641
7 3642
7 3643
7 3644
7 3645
7 3646
7 3647
7 3648
7 3649
7 3650
7 3651
7 3652
7 3653
7 3654
7 3655
7 3656
7 3657
7 3658
7 3659
7 3660
7 3661
7 3662
7 3663
7 3664
7 3665
7 3666
7 3667
7 3668
7 3669
7 3670
7 3671
7 3672
7 3673
7 3674
7 3675
7 3676
7 3677
7 3678
7 3679
7 3680
7 3681
7 3682
7 3683
7 3684
7 3685
7 3686
7 3687
7 3688
7 3689
7 3690
7 3691
7 3692
7 3693
7 3694
7 3695
7 3696
7 3697
7 3698
7 3699
7 3700
7 3701
7 3702
7 3703
7 3704
7 3705
7 3706
7 3707
7 3708
7 3709
7 3710
7 3711
7 3712
7 3713
7 3714
7 3715
7 3716
7 3717
7 3718
7 3719
7 3720
7 3721
7 3722
7 3723
7 3724
7 3725
7 3726
7 3727
7 3728
7 3729
7 3730
7 3731
7 3732
7 3733
7 3734
7 3735
7 3736
7 3737
7 3738
7 3739
7 3740
7 3741
7 3742
7 3743
7 3744
7 3745
7 3746
7 3747
7 3748
7 3749
7 3750
7 3751
7 3752
7 3753
7 3754
7 3755
7 3756
7 3757
7 3758
7 3759
7 3760
7 3761
7 3762
7 3763
7 3764
7 3765
7 3766
7 3767
7 3768
7 3769
7 3770
7 3771
7 3772
7 3773
7 3774
7 3775
7 3776
7 3777
7 3778
7 3779
7 3780
7 3781
7 3782
7 3783
7 3784
7 3785
7 3786
7 3787
7 3788
7 3789
7 3790
7 3791
7 3792
7 3793
7 3794
7 3795
7 3796
7 3797
7 3798
7 3799
7 3800
7 3801
7 3802
7 3803
7 3804
7 3805
7 3806
7 3807
7 3808
7 3809
7 3810
7 3811
7 3812
7 3813
7 3814
7 3815
7 3816
7 3817
7 3818
7 3819
7 3820
7 3821
7 3822
7 3823
7 3824
7 3825
7 3826
7 3827
7 3828
7 3829
7 3830
7 3831
7 3832
7 3833
7 3834
7 3835
7 3836
7 3837
7 3838
7 3839
7 3840
7 3841
7 3842
7 3843
7 3844
7 3845
7 3846
7 3847
7 3848
7 3849
7 3850
7 3851
7 3852
7 3853
7 3854
7 3855
7 3856
7 3857
7 3858
7 3859
7 3860
7 3861
7 3862
7 3863
7 3864
7 3865
7 3866
7 3867
7 3868
7 3869
7 3870
7 3871
7 3872
7 3873
7 3874
7 3875
7 3876
7 3877
7 3878
7 3879
7 3880
7 3881
7 3882
7 3883
7 3884
7 3885
7 3886
7 3887
7 3888
7 3889
7 3890
7 3891
7 3892
7 3893
7 3894
7 3895
7 3896
7 3897
7 3898
7 3899
7 3900
7 3901
7 3902
7 3903
7 3904
7 3905
7 3906
7 3907
7 3908
7 3909
7 3910
7 3911
7 3912
7 3913
7 3914
7 3915
7 3916
7 3917
7 3918
7 3919
7 3920
7 3921
7 3922
7 3923
7 3924
7 3925
7 3926
7 3927
7 3928
7 3929
7 3930
7 3931
7 3932
7 3933
7 3934
7 3935
7 3936
7 3937
7 3938
7 3939
7 3940
7 3941
7 3942
7 3943
7 3944
7 3945
7 3946
7 3947
7 3948
7 3949
7 3950
7 3951
7 3952
7 3953
7 3954
7 3955
7 3956
7 3957
7 3958
7 3959
7 3960
7 3961
7 3962
7 3963
7 3964
7 3965
7 3966
7 3967
7 3968
7 3969
7 3970
7 3971
7 3972
7 3973
7 3974
7 3975
7 3976
7 3977
7 3978
7 3979
7 3980
7 3981
7 3982
7 3983
7 3984
7 3985
7 3986
7 3987
7 3988
7 3989
7 3990
7 3991
7 3992
7 3993
7 3994
7 3995
7 3996
7 3997
7 3998
7 3999
6 4000
6 4001
6 4002
6 4003
6 4004
6 4005
6 4006
6 4007
6 4008
6 4009
6 4010
6 4011
6 4012
6 4013
6 4014
6 4015
6 4016
6 4017
6 4018
6 4019
6 4020
6 4021
6 4022
6 4023
6 4024
6 4025
6 4026
6 4027
6 4028
6 4029
6 4030
6 4031
6 4032
6 4033
6 4034
6 4035
6 4036
6 4037
6 4038
6 4039
6 4040
6 4041
6 4042
6 4043
6 4044
6 4045
6 4046
6 4047
6 4048
6 4049
6 4050
6 4051
6 4052
6 4053
6 4054
6 4055
6 4056
6 4057
6 4058
6 4059
6 4060
6 4061
6 4062
6 4063
6 4064
6 4065
6 4066
6 4067
6 4068
6 4069
6 4070
6 4071
6 4072
6 4073
6 4074
6 4075
6 4076
6 4077
6 4078
6 4079
6 4080
6 4081
6 4082
6 4083
6 4084
6 4085
6 4086
6 4087
6 4088
6 4089
6 4090
6 4091
6 4092
6 4093
6 4094
6 4095
6 4096
6 4097
6 4098
6 4099
6 4100
6 4101
6 4102
6 4103
6 4104
6 4105
6 4106
6 4107
6 4108
6 4109
6 4110
6 4111
6 4112
6 4113
6 4114
6 4115
6 4116
6 4117
6 4118
6 4119
6 4120
6 4121
6 4122
6 4123
6 4124
6 4125
6 4126
6 4127
6 4128
6 4129
6 4130
6 4131
6 4132
6 4133
6 4134
6 4135
6 4136
6 4137
6 4138
6 4139
6 4140
6 4141
6 4142
6 4143
6 4144
6 4145
6 4146
6 4147
6 4148
6 4149
6 4150
6 4151
6 4152
6 4153
6 4154
6 4155
6 4156
6 4157
6 4158
6 4159
6 4160
6 4161
6 4162
6 4163
6 4164
6 4165
6 4166
6 4167
6 4168
6 4169
6 4170
6 4171
6 4172
6 4173
6 4174
6 4175
6 4176
6 4177
6 4178
6 4179
6 4180
6 4181
6 4182
6 4183
6 4184
6 4185
6 4186
6 4187
6 4188
6 4189
6 4190
6 4191
6 4192
6 4193
6 4194
6 4195
6 4196
6 4197
6 4198
6 4199
6 4200
6 4201
6 4202
6 4203
6 4204
6 4205
6 4206
6 4207
6 4208
6 4209
6 4210
6 4211
6 4212
6 4213
6 4214
6 4215
6 4216
6 4217
6 4218
6 4219
6 4220
6 4221
6 4222
6 4223
6 4224
6 4225
6 4226
6 4227
6 4228
6 4229
6 4230
6 4231
6 4232
6 4233
6 4234
6 4235
6 4236
6 4237
6 4238
6 4239
6 4240
6 4241
6 4242
6 4243
6 4244
6 4245
6 4246
6 4247
6 4248
6 4249
6 4250
6 4251
6 4252
6 4253
6 4254
6 4255
6 4256
6 4257
6 4258
6 4259
6 4260
6 4261
6 4262
6 4263
6 4264
6 4265
6 4266
6 4267
6 4268
6 4269
6 4270
6 4271
6 4272
6 4273
6 4274
6 4275
6 4276
6 4277
6 4278
6 4279
6 4280
6 4281
6 4282
6 4283
6 4284
6 4285
6 4286
6 4287
6 4288
6 4289
6 4290
6 4291
6 4292
6 4293
6 4294
6 4295
6 4296
6 4297
6 4298
6 4299
6 4300
6 4301
6 4302
6 4303
6 4304
6 4305
6 4306
6 4307
6 4308
6 4309
6 4310
6 4311
6 4312
6 4313
6 4314
6 4315
6 4316
6 4317
6 4318
6 4319
6 4320
6 4321
6 4322
6 4323
6 4324
6 4325
6 4326
6 4327
6 4328
6 4329
6 4330
6 4331
6 4332
6 4333
6 4334
6 4335
6 4336
6 4337
6 4338
6 4339
6 4340
6 4341
6 4342
6 4343
6 4344
6 4345
6 4346
6 4347
6 4348
6 4349
6 4350
6 4351
6 4352
6 4353
6 4354
6 4355
6 4356
6 4357
6 4358
6 4359
6 4360
6 4361
6 4362
6 4363
6 4364
6 4365
6 4366
6 4367
6 4368
6 4369
6 4370
6 4371
6 4372
6 4373
6 4374
6 4375
6 4376
6 4377
6 4378
6 4379
6 4380
6 4381
6 4382
6 4383
6 4384
6 4385
6 4386
6 4387
6 4388
6 4389
6 4390
6 4391
6 4392
6 4393
6 4394
6 4395
6 4396
6 4397
6 4398
6 4399
6 4400
6 4401
6 4402
6 4403
6 4404
6 4405
6 4406
6 4407
6 4408
6 4409
6 4410
6 4411
6 4412
6 4413
6 4414
6 4415
6 4416
6 4417
6 4418
6 4419
6 4420
6 4421
6 4422
6 4423
6 4424
6 4425
6 4426
6 4427
6 4428
6 4429
6 4430
6 4431
6 4432
6 4433
6 4434
6 4435
6 4436
6 4437
6 4438
6 4439
6 4440
6 4441
6 4442
6 4443
6 4444
6 4445
6 4446
6 4447
6 4448
6 4449
6 4450
6 4451
6 4452
6 4453
6 4454
6 4455
6 4456
6 4457
6 4458
6 4459
6 4460
6 4461
6 4462
6 4463
6 4464
6 4465
6 4466
6 4467
6 4468
6 4469
6 4470
6 4471
6 4472
6 4473
6 4474
6 4475
6 4476
6 4477
6 4478
6 4479
6 4480
6 4481
6 4482
6 4483
6 4484
6 4485
6 4486
6 4487
6 4488
6 4489
6 4490
6 4491
6 4492
6 4493
6 4494
6 4495
6 4496
6 4497
6 4498
6 4499
6 4500
6 4501
6 4502
6 4503
6 4504
6 4505
6 4506
6 4507
6 4508
6 4509
6 4510
6 4511
6 4512
6 4513
6 4514
6 4515
6 4516
6 4517
6 4518
6 4519
6 4520
6 4521
6 4522
6 4523
6 4524
6 4525
6 4526
6 4527
6 4528
6 4529
6 4530
6 4531
6 4532
6 4533
6 4534
6 4535
6 4536
6 4537
6 4538
6 4539
6 4540
6 4541
6 4542
6 4543
6 4544
6 4545
6 4546
6 4547
6 4548
6 4549
6 4550
6 4551
6 4552
6 4553
6 4554
6 4555
6 4556
6 4557
6 4558
6 4559
6 4560
6 4561
6 4562
6 4563
6 4564
6 4565
6 4566
6 4567
6 4568
6 4569
6 4570
6 4571
6 4572
6 4573
6 4574
6 4575
6 4576
6 4577
6 4578
6 4579
6 4580
6 4581
6 4582
6 4583
6 4584
6 4585
6 4586
6 4587
6 4588
6 4589
6 4590
6 4591
6 4592
6 4593
6 4594
6 4595
6 4596
6 4597
6 4598
6 4599
6 4600
6 4601
6 4602
6 4603
6 4604
6 4605
6 4606
6 4607
6 4608
6 4609
6 4610
6 4611
6 4612
6 4613
6 4614
6 4615
6 4616
6 4617
6 4618
6 4619
6 4620
6 4621
6 4622
6 4623
6 4624
6 4625
6 4626
6 4627
6 4628
6 4629
6 4630
6 4631
6 4632
6 4633
6 4634
6 4635
6 4636
6 4637
6 4638
6 4639
6 4640
6 4641
6 4642
6 4643
6 4644
6 4645
6 4646
6 4647
6 4648
6 4649
6 4650
6 4651
6 4652
6 4653
6 4654
6 4655
6 4656
6 4657
6 4658
6 4659
6 4660
6 4661
6 4662
6 4663
6 4664
6 4665
6 4666
6 4667
6 4668
6 4669
6 4670
6 4671
6 4672
6 4673
6 4674
6 4675
6 4676
6 4677
6 4678
6 4679
6 4680
6 4681
6 4682
6 4683
6 4684
6 4685
6 4686
6 4687
6 4688
6 4689
6 4690
6 4691
6 4692
6 4693
6 4694
6 4695
6 4696
6 4697
6 4698
6 4699
6 4700
6 4701
6 4702
6 4703
6 4704
6 4705
6 4706
6 4707
6 4708
6 4709
6 4710
6 4711
6 4712
6 4713
6 4714
6 4715
6 4716
6 4717
6 4718
6 4719
6 4720
6 4721
6 4722
6 4723
6 4724
6 4725
6 4726
6 4727
6 4728
6 4729
6 4730
6 4731
6 4732
6 4733
6 4734
6 4735
6 4736
6 4737
6 4738
6 4739
6 4740
6 4741
6 4742
6 4743
6 4744
6 4745
6 4746
6 4747
6 4748
6 4749
6 4750
6 4751
6 4752
6 4753
6 4754
6 4755
6 4756
6 4757
6 4758
6 4759
6 4760
6 4761
6 4762
6 4763
6 4764
6 4765
6 4766
6 4767
6 4768
6 4769
6 4770
6 4771
6 4772
6 4773
6 4774
6 4775
6 4776
6 4777
6 4778
6 4779
6 4780
6 4781
6 4782
6 4783
6 4784
6 4785
6 4786
6 4787
6 4788
6 4789
6 4790
6 4791
6 4792
6 4793
6 4794
6 4795
6 4796
6 4797
6 4798
6 4799
6 4800
6 4801
6 4802
6 4803
6 4804
6 4805
6 4806
6 4807
6 4808
6 4809
6 4810
6 4811
6 4812
6 4813
6 4814
6 4815
6 4816
6 4817
6 4818
6 4819
6 4820
6 4821
6 4822
6 4823
6 4824
6 4825
6 4826
6 4827
6 4828
6 4829
6 4830
6 4831
6 4832
6 4833
6 4834
6 4835
6 4836
6 4837
6 4838
6 4839
6 4840
6 4841
6 4842
6 4843
6 4844
6 4845
6 4846
6 4847
6 4848
6 4849
6 4850
6 4851
6 4852
6 4853
6 4854
6 4855
6 4856
6 4857
6 4858
6 4859
6 4860
6 4861
6 4862
6 4863
6 4864
6 4865
6 4866
6 4867
6 4868
6 4869
6 4870
6 4871
6 4872
6 4873
6 4874
6 4875
6 4876
6 4877
6 4878
6 4879
6 4880
6 4881
6 4882
6 4883
6 4884
6 4885
6 4886
6 4887
6 4888
6 4889
6 4890
6 4891
6 4892
6 4893
6 4894
6 4895
6 4896
6 4897
6 4898
6 4899
6 4900
6 4901
6 4902
6 4903
6 4904
6 4905
6 4906
6 4907
6 4908
6 4909
6 4910
6 4911
6 4912
6 4913
6 4914
6 4915
6 4916
6 4917
6 4918
6 4919
6 4920
6 4921
6 4922
6 4923
6 4924
6 4925
6 4926
6 4927
6 4928
6 4929
6 4930
6 4931
6 4932
6 4933
6 4934
6 4935
6 4936
6 4937
6 4938
6 4939
6 4940
6 4941
6 4942
6 4943
6 4944
6 4945
6 4946
6 4947
6 4948
6 4949
6 4950
6 4951
6 4952
6 4953
6 4954
6 4955
6 4956
6 4957
6 4958
6 4959
6 4960
6 4961
6 4962
6 4963
6 4964
6 4965
6 4966
6 4967
6 4968
6 4969
6 4970
6 4971
6 4972
6 4973
6 4974
6 4975
6 4976
6 4977
6 4978
6 4979
6 4980
6 4981
6 4982
6 4983
6 4984
6 4985
6 4986
6 4987
6 4988
6 4989
6 4990
6 4991
6 4992
6 4993
6 4994
6 4995
6 4996
6 4997
6 4998
6 4999
5 5000
5 5001
5 5002
5 5003
5 5004
5 5005
5 5006
5 5007
5 5008
5 5009
5 5010
5 5011
5 5012
5 5013
5 5014
5 5015
5 5016
5 5017
5 5018
5 5019
5 5020
5 5021
5 5022
5 5023
5 5024
5 5025
5 5026
5 5027
5 5028
5 5029
5 5030
5 5031
5 5032
5 5033
5 5034
5 5035
5 5036
5 5037
5 5038
5 5039
5 5040
5 5041
5 5042
5 5043
5 5044
5 5045
5 5046
5 5047
5 5048
5 5049
5 5050
5 5051
5 5052
5 5053
5 5054
5 5055
5 5056
5 5057
5 5058
5 5059
5 5060
5 5061
5 5062
5 5063
5 5064
5 5065
5 5066
5 5067
5 5068
5 5069
5 5070
5 5071
5 5072
5 5073
5 5074
5 5075
5 5076
5 5077
5 5078
5 5079
5 5080
5 5081
5 5082
5 5083
5 5084
5 5085
5 5086
5 5087
5 5088
5 5089
5 5090
5 5091
5 5092
5 5093
5 5094
5 5095
5 5096
5 5097
5 5098
5 5099
5 5100
5 5101
5 5102
5 5103
5 5104
5 5105
5 5106
5 5107
5 5108
5 5109
5 5110
5 5111
5 5112
5 5113
5 5114
5 5115
5 5116
5 5117
5 5118
5 5119
5 5120
5 5121
5 5122
5 5123
5 5124
5 5125
5 5126
5 5127
5 5128
5 5129
5 5130
5 5131
5 5132
5 5133
5 5134
5 5135
5 5136
5 5137
5 5138
5 5139
5 5140
5 5141
5 5142
5 5143
5 5144
5 5145
5 5146
5 5147
5 5148
5 5149
5 5150
5 5151
5 5152
5 5153
5 5154
5 5155
5 5156
5 5157
5 5158
5 5159
5 5160
5 5161
5 5162
5 5163
5 5164
5 5165
5 5166
5 5167
5 5168
5 5169
5 5170
5 5171
5 5172
5 5173
5 5174
5 5175
5 5176
5 5177
5 5178
5 5179
5 5180
5 5181
5 5182
5 5183
5 5184
5 5185
5 5186
5 5187
5 5188
5 5189
5 5190
5 5191
5 5192
5 5193
5 5194
5 5195
5 5196
5 5197
5 5198
5 5199
5 5200
5 5201
5 5202
5 5203
5 5204
5 5205
5 5206
5 5207
5 5208
5 5209
5 5210
5 5211
5 5212
5 5213
5 5214
5 5215
5 5216
5 5217
5 5218
5 5219
5 5220
5 5221
5 5222
5 5223
5 5224
5 5225
5 5226
5 5227
5 5228
5 5229
5 5230
5 5231
5 5232
5 5233
5 5234
5 5235
5 5236
5 5237
5 5238
5 5239
5 5240
5 5241
5 5242
5 5243
5 5244
5 5245
5 5246
5 5247
5 5248
5 5249
5 5250
5 5251
5 5252
5 5253
5 5254
5 5255
5 5256
5 5257
5 5258
5 5259
5 5260
5 5261
5 5262
5 5263
5 5264
5 5265
5 5266
5 5267
5 5268
5 5269
5 5270
5 5271
5 5272
5 5273
5 5274
5 5275
5 5276
5 5277
5 5278
5 5279
5 5280
5 5281
5 5282
5 5283
5 5284
5 5285
5 5286
5 5287
5 5288
5 5289
5 5290
5 5291
5 5292
5 5293
5 5294
5 5295
5 5296
5 5297
5 5298
5 5299
5 5300
5 5301
5 5302
5 5303
5 5304
5 5305
5 5306
5 5307
5 5308
5 5309
5 5310
5 5311
5 5312
5 5313
5 5314
5 5315
5 5316
5 5317
5 5318
5 5319
5 5320
5 5321
5 5322
5 5323
5 5324
5 5325
5 5326
5 5327
5 5328
5 5329
5 5330
5 5331
5 5332
5 5333
5 5334
5 5335
5 5336
5 5337
5 5338
5 5339
5 5340
5 5341
5 5342
5 5343
5 5344
5 5345
5 5346
5 5347
5 5348
5 5349
5 5350
5 5351
5 5352
5 5353
5 5354
5 5355
5 5356
5 5357
5 5358
5 5359
5 5360
5 5361
5 5362
5 5363
5 5364
5 5365
5 5366
5 5367
5 5368
5 5369
5 5370
5 5371
5 5372
5 5373
5 5374
5 5375
5 5376
5 5377
5 5378
5 5379
5 5380
5 5381
5 5382
5 5383
5 5384
5 5385
5 5386
5 5387
5 5388
5 5389
5 5390
5 5391
5 5392
5 5393
5 5394
5 5395
5 5396
5 5397
5 5398
5 5399
5 5400
5 5401
5 5402
5 5403
5 5404
5 5405
5 5406
5 5407
5 5408
5 5409
5 5410
5 5411
5 5412
5 5413
5 5414
5 5415
5 5416
5 5417
5 5418
5 5419
5 5420
5 5421
5 5422
5 5423
5 5424
5 5425
5 5426
5 5427
5 5428
5 5429
5 5430
5 5431
5 5432
5 5433
5 5434
5 5435
5 5436
5 5437
5 5438
5 5439
5 5440
5 5441
5 5442
5 5443
5 5444
5 5445
5 5446
5 5447
5 5448
5 5449
5 5450
5 5451
5 5452
5 5453
5 5454
5 5455
5 5456
5 5457
5 5458
5 5459
5 5460
5 5461
5 5462
5 5463
5 5464
5 5465
5 5466
5 5467
5 5468
5 5469
5 5470
5 5471
5 5472
5 5473
5 5474
5 5475
5 5476
5 5477
5 5478
5 5479
5 5480
5 5481
5 5482
5 5483
5 5484
5 5485
5 5486
5 5487
5 5488
5 5489
5 5490
5 5491
5 5492
5 5493
5 5494
5 5495
5 5496
5 5497
5 5498
5 5499
5 5500
5 5501
5 5502
5 5503
5 5504
5 5505
5 5506
5 5507
5 5508
5 5509
5 5510
5 5511
5 5512
5 5513
5 5514
5 5515
5 5516
5 5517
5 5518
5 5519
5 5520
5 5521
5 5522
5 5523
5 5524
5 5525
5 5526
5 5527
5 5528
5 5529
5 5530
5 5531
5 5532
5 5533
5 5534
5 5535
5 5536
5 5537
5 5538
5 5539
5 5540
5 5541
5 5542
5 5543
5 5544
5 5545
5 5546
5 5547
5 5548
5 5549
5 5550
5 5551
5 5552
5 5553
5 5554
5 5555
5 5556
5 5557
5 5558
5 5559
5 5560
5 5561
5 5562
5 5563
5 5564
5 5565
5 5566
5 5567
5 5568
5 5569
5 5570
5 5571
5 5572
5 5573
5 5574
5 5575
5 5576
5 5577
5 5578
5 5579
5 5580
5 5581
5 5582
5 5583
5 5584
5 5585
5 5586
5 5587
5 5588
5 5589
5 5590
5 5591
5 5592
5 5593
5 5594
5 5595
5 5596
5 5597
5 5598
5 5599
5 5600
5 5601
5 5602
5 5603
5 5604
5 5605
5 5606
5 5607
5 5608
5 5609
5 5610
5 5611
5 5612
5 5613
5 5614
5 5615
5 5616
5 5617
5 5618
5 5619
5 5620
5 5621
5 5622
5 5623
5 5624
5 5625
5 5626
5 5627
5 5628
5 5629
5 5630
5 5631
5 5632
5 5633
5 5634
5 5635
5 5636
5 5637
5 5638
5 5639
5 5640
5 5641
5 5642
5 5643
5 5644
5 5645
5 5646
5 5647
5 5648
5 5649
5 5650
5 5651
5 5652
5 5653
5 5654
5 5655
5 5656
5 5657
5 5658
5 5659
5 5660
5 5661
5 5662
5 5663
5 5664
5 5665
5 5666
5 5667
5 5668
5 5669
5 5670
5 5671
5 5672
5 5673
5 5674
5 5675
5 5676
5 5677
5 5678
5 5679
5 5680
5 5681
5 5682
5 5683
5 5684
5 5685
5 5686
5 5687
5 5688
5 5689
5 5690
5 5691
5 5692
5 5693
5 5694
5 5695
5 5696
5 5697
5 5698
5 5699
5 5700
5 5701
5 5702
5 5703
5 5704
5 5705
5 5706
5 5707
5 5708
5 5709
5 5710
5 5711
5 5712
5 5713
5 5714
5 5715
5 5716
5 5717
5 5718
5 5719
5 5720
5 5721
5 5722
5 5723
5 5724
5 5725
5 5726
5 5727
5 5728
5 5729
5 5730
5 5731
5 5732
5 5733
5 5734
5 5735
5 5736
5 5737
5 5738
5 5739
5 5740
5 5741
5 5742
5 5743
5 5744
5 5745
5 5746
5 5747
5 5748
5 5749
5 5750
5 5751
5 5752
5 5753
5 5754
5 5755
5 5756
5 5757
5 5758
5 5759
5 5760
5 5761
5 5762
5 5763
5 5764
5 5765
5 5766
5 5767
5 5768
5 5769
5 5770
5 5771
5 5772
5 5773
5 5774
5 5775
5 5776
5 5777
5 5778
5 5779
5 5780
5 5781
5 5782
5 5783
5 5784
5 5785
5 5786
5 5787
5 5788
5 5789
5 5790
5 5791
5 5792
5 5793
5 5794
5 5795
5 5796
5 5797
5 5798
5 5799
5 5800
5 5801
5 5802
5 5803
5 5804
5 5805
5 5806
5 5807
5 5808
5 5809
5 5810
5 5811
5 5812
5 5813
5 5814
5 5815
5 5816
5 5817
5 5818
5 5819
5 5820
5 5821
5 5822
5 5823
5 5824
5 5825
5 5826
5 5827
5 5828
5 5829
5 5830
5 5831
5 5832
5 5833
5 5834
5 5835
5 5836
5 5837
5 5838
5 5839
5 5840
5 5841
5 5842
5 5843
5 5844
5 5845
5 5846
5 5847
5 5848
5 5849
5 5850
5 5851
5 5852
5 5853
5 5854
5 5855
5 5856
5 5857
5 5858
5 5859
5 5860
5 5861
5 5862
5 5863
5 5864
5 5865
5 5866
5 5867
5 5868
5 5869
5 5870
5 5871
5 5872
5 5873
5 5874
5 5875
5 5876
5 5877
5 5878
5 5879
5 5880
5 5881
5 5882
5 5883
5 5884
5 5885
5 5886
5 5887
5 5888
5 5889
5 5890
5 5891
5 5892
5 5893
5 5894
5 5895
5 5896
5 5897
5 5898
5 5899
5 5900
5 5901
5 5902
5 5903
5 5904
5 5905
5 5906
5 5907
5 5908
5 5909
5 5910
5 5911
5 5912
5 5913
5 5914
5 5915
5 5916
5 5917
5 5918
5 5919
5 5920
5 5921
5 5922
5 5923
5 5924
5 5925
5 5926
5 5927
5 5928
5 5929
5 5930
5 5931
5 5932
5 5933
5 5934
5 5935
5 5936
5 5937
5 5938
5 5939
5 5940
5 5941
5 5942
5 5943
5 5944
5 5945
5 5946
5 5947
5 5948
5 5949
5 5950
5 5951
5 5952
5 5953
5 5954
5 5955
5 5956
5 5957
5 5958
5 5959
5 5960
5 5961
5 5962
5 5963
5 5964
5 5965
5 5966
5 5967
5 5968
5 5969
5 5970
5 5971
5 5972
5 5973
5 5974
5 5975
5 5976
5 5977
5 5978
5 5979
5 5980
5 5981
5 5982
5 5983
5 5984
5 5985
5 5986
5 5987
5 5988
5 5989
5 5990
5 5991
5 5992
5 5993
5 5994
5 5995
5 5996
5 5997
5 5998
5 5999
4 6000
4 6001
4 6002
4 6003
4 6004
4 6005
4 6006
4 6007
4 6008
4 6009
4 6010
4 6011
4 6012
4 6013
4 6014
4 6015
4 6016
4 6017
4 6018
4 6019
4 6020
4 6021
4 6022
4 6023
4 6024
4 6025
4 6026
4 6027
4 6028
4 6029
4 6030
4 6031
4 6032
4 6033
4 6034
4 6035
4 6036
4 6037
4 6038
4 6039
4 6040
4 6041
4 6042
4 6043
4 6044
4 6045
4 6046
4 6047
4 6048
4 6049
4 6050
4 6051
4 6052
4 6053
4 6054
4 6055
4 6056
4 6057
4 6058
4 6059
4 6060
4 6061
4 6062
4 6063
4 6064
4 6065
4 6066
4 6067
4 6068
4 6069
4 6070
4 6071
4 6072
4 6073
4 6074
4 6075
4 6076
4 6077
4 6078
4 6079
4 6080
4 6081
4 6082
4 6083
4 6084
4 6085
4 6086
4 6087
4 6088
4 6089
4 6090
4 6091
4 6092
4 6093
4 6094
4 6095
4 6096
4 6097
4 6098
4 6099
4 6100
4 6101
4 6102
4 6103
4 6104
4 6105
4 6106
4 6107
4 6108
4 6109
4 6110
4 6111
4 6112
4 6113
4 6114
4 6115
4 6116
4 6117
4 6118
4 6119
4 6120
4 6121
4 6122
4 6123
4 6124
4 6125
4 6126
4 6127
4 6128
4 6129
4 6130
4 6131
4 6132
4 6133
4 6134
4 6135
4 6136
4 6137
4 6138
4 6139
4 6140
4 6141
4 6142
4 6143
4 6144
4 6145
4 6146
4 6147
4 6148
4 6149
4 6150
4 6151
4 6152
4 6153
4 6154
4 6155
4 6156
4 6157
4 6158
4 6159
4 6160
4 6161
4 6162
4 6163
4 6164
4 6165
4 6166
4 6167
4 6168
4 6169
4 6170
4 6171
4 6172
4 6173
4 6174
4 6175
4 6176
4 6177
4 6178
4 6179
4 6180
4 6181
4 6182
4 6183
4 6184
4 6185
4 6186
4 6187
4 6188
4 6189
4 6190
4 6191
4 6192
4 6193
4 6194
4 6195
4 6196
4 6197
4 6198
4 6199
4 6200
4 6201
4 6202
4 6203
4 6204
4 6205
4 6206
4 6207
4 6208
4 6209
4 6210
4 6211
4 6212
4 6213
4 6214
4 6215
4 6216
4 6217
4 6218
4 6219
4 6220
4 6221
4 6222
4 6223
4 6224
4 6225
4 6226
4 6227
4 6228
4 6229
4 6230
4 6231
4 6232
4 6233
4 6234
4 6235
4 6236
4 6237
4 6238
4 6239
4 6240
4 6241
4 6242
4 6243
4 6244
4 6245
4 6246
4 6247
4 6248
4 6249
4 6250
4 6251
4 6252
4 6253
4 6254
4 6255
4 6256
4 6257
4 6258
4 6259
4 6260
4 6261
4 6262
4 6263
4 6264
4 6265
4 6266
4 6267
4 6268
4 6269
4 6270
4 6271
4 6272
4 6273
4 6274
4 6275
4 6276
4 6277
4 6278
4 6279
4 6280
4 6281
4 6282
4 6283
4 6284
4 6285
4 6286
4 6287
4 6288
4 6289
4 6290
4 6291
4 6292
4 6293
4 6294
4 6295
4 6296
4 6297
4 6298
4 6299
4 6300
4 6301
4 6302
4 6303
4 6304
4 6305
4 6306
4 6307
4 6308
4 6309
4 6310
4 6311
4 6312
4 6313
4 6314
4 6315
4 6316
4 6317
4 6318
4 6319
4 6320
4 6321
4 6322
4 6323
4 6324
4 6325
4 6326
4 6327
4 6328
4 6329
4 6330
4 6331
4 6332
4 6333
4 6334
4 6335
4 6336
4 6337
4 6338
4 6339
4 6340
4 6341
4 6342
4 6343
4 6344
4 6345
4 6346
4 6347
4 6348
4 6349
4 6350
4 6351
4 6352
4 6353
4 6354
4 6355
4 6356
4 6357
4 6358
4 6359
4 6360
4 6361
4 6362
4 6363
4 6364
4 6365
4 6366
4 6367
4 6368
4 6369
4 6370
4 6371
4 6372
4 6373
4 6374
4 6375
4 6376
4 6377
4 6378
4 6379
4 6380
4 6381
4 6382
4 6383
4 6384
4 6385
4 6386
4 6387
4 6388
4 6389
4 6390
4 6391
4 6392
4 6393
4 6394
4 6395
4 6396
4 6397
4 6398
4 6399
4 6400
4 6401
4 6402
4 6403
4 6404
4 6405
4 6406
4 6407
4 6408
4 6409
4 6410
4 6411
4 6412
4 6413
4 6414
4 6415
4 6416
4 6417
4 6418
4 6419
4 6420
4 6421
4 6422
4 6423
4 6424
4 6425
4 6426
4 6427
4 6428
4 6429
4 6430
4 6431
4 6432
4 6433
4 6434
4 6435
4 6436
4 6437
4 6438
4 6439
4 6440
4 6441
4 6442
4 6443
4 6444
4 6445
4 6446
4 6447
4 6448
4 6449
4 6450
4 6451
4 6452
4 6453
4 6454
4 6455
4 6456
4 6457
4 6458
4 6459
4 6460
4 6461
4 6462
4 6463
4 6464
4 6465
4 6466
4 6467
4 6468
4 6469
4 6470
4 6471
4 6472
4 6473
4 6474
4 6475
4 6476
4 6477
4 6478
4 6479
4 6480
4 6481
4 6482
4 6483
4 6484
4 6485
4 6486
4 6487
4 6488
4 6489
4 6490
4 6491
4 6492
4 6493
4 6494
4 6495
4 6496
4 6497
4 6498
4 6499
4 6500
4 6501
4 6502
4 6503
4 6504
4 6505
4 6506
4 6507
4 6508
4 6509
4 6510
4 6511
4 6512
4 6513
4 6514
4 6515
4 6516
4 6517
4 6518
4 6519
4 6520
4 6521
4 6522
4 6523
4 6524
4 6525
4 6526
4 6527
4 6528
4 6529
4 6530
4 6531
4 6532
4 6533
4 6534
4 6535
4 6536
4 6537
4 6538
4 6539
4 6540
4 6541
4 6542
4 6543
4 6544
4 6545
4 6546
4 6547
4 6548
4 6549
4 6550
4 6551
4 6552
4 6553
4 6554
4 6555
4 6556
4 6557
4 6558
4 6559
4 6560
4 6561
4 6562
4 6563
4 6564
4 6565
4 6566
4 6567
4 6568
4 6569
4 6570
4 6571
4 6572
4 6573
4 6574
4 6575
4 6576
4 6577
4 6578
4 6579
4 6580
4 6581
4 6582
4 6583
4 6584
4 6585
4 6586
4 6587
4 6588
4 6589
4 6590
4 6591
4 6592
4 6593
4 6594
4 6595
4 6596
4 6597
4 6598
4 6599
4 6600
4 6601
4 6602
4 6603
4 6604
4 6605
4 6606
4 6607
4 6608
4 6609
4 6610
4 6611
4 6612
4 6613
4 6614
4 6615
4 6616
4 6617
4 6618
4 6619
4 6620
4 6621
4 6622
4 6623
4 6624
4 6625
4 6626
4 6627
4 6628
4 6629
4 6630
4 6631
4 6632
4 6633
4 6634
4 6635
4 6636
4 6637
4 6638
4 6639
4 6640
4 6641
4 6642
4 6643
4 6644
4 6645
4 6646
4 6647
4 6648
4 6649
4 6650
4 6651
4 6652
4 6653
4 6654
4 6655
4 6656
4 6657
4 6658
4 6659
4 6660
4 6661
4 6662
4 6663
4 6664
4 6665
4 6666
4 6667
4 6668
4 6669
4 6670
4 6671
4 6672
4 6673
4 6674
4 6675
4 6676
4 6677
4 6678
4 6679
4 6680
4 6681
4 6682
4 6683
4 6684
4 6685
4 6686
4 6687
4 6688
4 6689
4 6690
4 6691
4 6692
4 6693
4 6694
4 6695
4 6696
4 6697
4 6698
4 6699
4 6700
4 6701
4 6702
4 6703
4 6704
4 6705
4 6706
4 6707
4 6708
4 6709
4 6710
4 6711
4 6712
4 6713
4 6714
4 6715
4 6716
4 6717
4 6718
4 6719
4 6720
4 6721
4 6722
4 6723
4 6724
4 6725
4 6726
4 6727
4 6728
4 6729
4 6730
4 6731
4 6732
4 6733
4 6734
4 6735
4 6736
4 6737
4 6738
4 6739
4 6740
4 6741
4 6742
4 6743
4 6744
4 6745
4 6746
4 6747
4 6748
4 6749
4 6750
4 6751
4 6752
4 6753
4 6754
4 6755
4 6756
4 6757
4 6758
4 6759
4 6760
4 6761
4 6762
4 6763
4 6764
4 6765
4 6766
4 6767
4 6768
4 6769
4 6770
4 6771
4 6772
4 6773
4 6774
4 6775
4 6776
4 6777
4 6778
4 6779
4 6780
4 6781
4 6782
4 6783
4 6784
4 6785
4 6786
4 6787
4 6788
4 6789
4 6790
4 6791
4 6792
4 6793
4 6794
4 6795
4 6796
4 6797
4 6798
4 6799
4 6800
4 6801
4 6802
4 6803
4 6804
4 6805
4 6806
4 6807
4 6808
4 6809
4 6810
4 6811
4 6812
4 6813
4 6814
4 6815
4 6816
4 6817
4 6818
4 6819
4 6820
4 6821
4 6822
4 6823
4 6824
4 6825
4 6826
4 6827
4 6828
4 6829
4 6830
4 6831
4 6832
4 6833
4 6834
4 6835
4 6836
4 6837
4 6838
4 6839
4 6840
4 6841
4 6842
4 6843
4 6844
4 6845
4 6846
4 6847
4 6848
4 6849
4 6850
4 6851
4 6852
4 6853
4 6854
4 6855
4 6856
4 6857
4 6858
4 6859
4 6860
4 6861
4 6862
4 6863
4 6864
4 6865
4 6866
4 6867
4 6868
4 6869
4 6870
4 6871
4 6872
4 6873
4 6874
4 6875
4 6876
4 6877
4 6878
4 6879
4 6880
4 6881
4 6882
4 6883
4 6884
4 6885
4 6886
4 6887
4 6888
4 6889
4 6890
4 6891
4 6892
4 6893
4 6894
4 6895
4 6896
4 6897
4 6898
4 6899
4 6900
4 6901
4 6902
4 6903
4 6904
4 6905
4 6906
4 6907
4 6908
4 6909
4 6910
4 6911
4 6912
4 6913
4 6914
4 6915
4 6916
4 6917
4 6918
4 6919
4 6920
4 6921
4 6922
4 6923
4 6924
4 6925
4 6926
4 6927
4 6928
4 6929
4 6930
4 6931
4 6932
4 6933
4 6934
4 6935
4 6936
4 6937
4 6938
4 6939
4 6940
4 6941
4 6942
4 6943
4 6944
4 6945
4 6946
4 6947
4 6948
4 6949
4 6950
4 6951
4 6952
4 6953
4 6954
4 6955
4 6956
4 6957
4 6958
4 6959
4 6960
4 6961
4 6962
4 6963
4 6964
4 6965
4 6966
4 6967
4 6968
4 6969
4 6970
4 6971
4 6972
4 6973
4 6974
4 6975
4 6976
4 6977
4 6978
4 6979
4 6980
4 6981
4 6982
4 6983
4 6984
4 6985
4 6986
4 6987
4 6988
4 6989
4 6990
4 6991
4 6992
4 6993
4 6994
4 6995
4 6996
4 6997
4 6998
4 6999
3 7000
3 7001
3 7002
3 7003
3 7004
3 7005
3 7006
3 7007
3 7008
3 7009
3 7010
3 7011
3 7012
3 7013
3 7014
3 7015
3 7016
3 7017
3 7018
3 7019
3 7020
3 7021
3 7022
3 7023
3 7024
3 7025
3 7026
3 7027
3 7028
3 7029
3 7030
3 7031
3 7032
3 7033
3 7034
3 7035
3 7036
3 7037
3 7038
3 7039
3 7040
3 7041
3 7042
3 7043
3 7044
3 7045
3 7046
3 7047
3 7048
3 7049
3 7050
3 7051
3 7052
3 7053
3 7054
3 7055
3 7056
3 7057
3 7058
3 7059
3 7060
3 7061
3 7062
3 7063
3 7064
3 7065
3 7066
3 7067
3 7068
3 7069
3 7070
3 7071
3 7072
3 7073
3 7074
3 7075
3 7076
3 7077
3 7078
3 7079
3 7080
3 7081
3 7082
3 7083
3 7084
3 7085
3 7086
3 7087
3 7088
3 7089
3 7090
3 7091
3 7092
3 7093
3 7094
3 7095
3 7096
3 7097
3 7098
3 7099
3 7100
3 7101
3 7102
3 7103
3 7104
3 7105
3 7106
3 7107
3 7108
3 7109
3 7110
3 7111
3 7112
3 7113
3 7114
3 7115
3 7116
3 7117
3 7118
3 7119
3 7120
3 7121
3 7122
3 7123
3 7124
3 7125
3 7126
3 7127
3 7128
3 7129
3 7130
3 7131
3 7132
3 7133
3 7134
3 7135
3 7136
3 7137
3 7138
3 7139
3 7140
3 7141
3 7142
3 7143
3 7144
3 7145
3 7146
3 7147
3 7148
3 7149
3 7150
3 7151
3 7152
3 7153
3 7154
3 7155
3 7156
3 7157
3 7158
3 7159
3 7160
3 7161
3 7162
3 7163
3 7164
3 7165
3 7166
3 7167
3 7168
3 7169
3 7170
3 7171
3 7172
3 7173
3 7174
3 7175
3 7176
3 7177
3 7178
3 7179
3 7180
3 7181
3 7182
3 7183
3 7184
3 7185
3 7186
3 7187
3 7188
3 7189
3 7190
3 7191
3 7192
3 7193
3 7194
3 7195
3 7196
3 7197
3 7198
3 7199
3 7200
3 7201
3 7202
3 7203
3 7204
3 7205
3 7206
3 7207
3 7208
3 7209
3 7210
3 7211
3 7212
3 7213
3 7214
3 7215
3 7216
3 7217
3 7218
3 7219
3 7220
3 7221
3 7222
3 7223
3 7224
3 7225
3 7226
3 7227
3 7228
3 7229
3 7230
3 7231
3 7232
3 7233
3 7234
3 7235
3 7236
3 7237
3 7238
3 7239
3 7240
3 7241
3 7242
3 7243
3 7244
3 7245
3 7246
3 7247
3 7248
3 7249
3 7250
3 7251
3 7252
3 7253
3 7254
3 7255
3 7256
3 7257
3 7258
3 7259
3 7260
3 7261
3 7262
3 7263
3 7264
3 7265
3 7266
3 7267
3 7268
3 7269
3 7270
3 7271
3 7272
3 7273
3 7274
3 7275
3 7276
3 7277
3 7278
3 7279
3 7280
3 7281
3 7282
3 7283
3 7284
3 7285
3 7286
3 7287
3 7288
3 7289
3 7290
3 7291
3 7292
3 7293
3 7294
3 7295
3 7296
3 7297
3 7298
3 7299
3 7300
3 7301
3 7302
3 7303
3 7304
3 7305
3 7306
3 7307
3 7308
3 7309
3 7310
3 7311
3 7312
3 7313
3 7314
3 7315
3 7316
3 7317
3 7318
3 7319
3 7320
3 7321
3 7322
3 7323
3 7324
3 7325
3 7326
3 7327
3 7328
3 7329
3 7330
3 7331
3 7332
3 7333
3 7334
3 7335
3 7336
3 7337
3 7338
3 7339
3 7340
3 7341
3 7342
3 7343
3 7344
3 7345
3 7346
3 7347
3 7348
3 7349
3 7350
3 7351
3 7352
3 7353
3 7354
3 7355
3 7356
3 7357
3 7358
3 7359
3 7360
3 7361
3 7362
3 7363
3 7364
3 7365
3 7366
3 7367
3 7368
3 7369
3 7370
3 7371
3 7372
3 7373
3 7374
3 7375
3 7376
3 7377
3 7378
3 7379
3 7380
3 7381
3 7382
3 7383
3 7384
3 7385
3 7386
3 7387
3 7388
3 7389
3 7390
3 7391
3 7392
3 7393
3 7394
3 7395
3 7396
3 7397
3 7398
3 7399
3 7400
3 7401
3 7402
3 7403
3 7404
3 7405
3 7406
3 7407
3 7408
3 7409
3 7410
3 7411
3 7412
3 7413
3 7414
3 7415
3 7416
3 7417
3 7418
3 7419
3 7420
3 7421
3 7422
3 7423
3 7424
3 7425
3 7426
3 7427
3 7428
3 7429
3 7430
3 7431
3 7432
3 7433
3 7434
3 7435
3 7436
3 7437
3 7438
3 7439
3 7440
3 7441
3 7442
3 7443
3 7444
3 7445
3 7446
3 7447
3 7448
3 7449
3 7450
3 7451
3 7452
3 7453
3 7454
3 7455
3 7456
3 7457
3 7458
3 7459
3 7460
3 7461
3 7462
3 7463
3 7464
3 7465
3 7466
3 7467
3 7468
3 7469
3 7470
3 7471
3 7472
3 7473
3 7474
3 7475
3 7476
3 7477
3 7478
3 7479
3 7480
3 7481
3 7482
3 7483
3 7484
3 7485
3 7486
3 7487
3 7488
3 7489
3 7490
3 7491
3 7492
3 7493
3 7494
3 7495
3 7496
3 7497
3 7498
3 7499
3 7500
3 7501
3 7502
3 7503
3 7504
3 7505
3 7506
3 7507
3 7508
3 7509
3 7510
3 7511
3 7512
3 7513
3 7514
3 7515
3 7516
3 7517
3 7518
3 7519
3 7520
3 7521
3 7522
3 7523
3 7524
3 7525
3 7526
3 7527
3 7528
3 7529
3 7530
3 7531
3 7532
3 7533
3 7534
3 7535
3 7536
3 7537
3 7538
3 7539
3 7540
3 7541
3 7542
3 7543
3 7544
3 7545
3 7546
3 7547
3 7548
3 7549
3 7550
3 7551
3 7552
3 7553
3 7554
3 7555
3 7556
3 7557
3 7558
3 7559
3 7560
3 7561
3 7562
3 7563
3 7564
3 7565
3 7566
3 7567
3 7568
3 7569
3 7570
3 7571
3 7572
3 7573
3 7574
3 7575
3 7576
3 7577
3 7578
3 7579
3 7580
3 7581
3 7582
3 7583
3 7584
3 7585
3 7586
3 7587
3 7588
3 7589
3 7590
3 7591
3 7592
3 7593
3 7594
3 7595
3 7596
3 7597
3 7598
3 7599
3 7600
3 7601
3 7602
3 7603
3 7604
3 7605
3 7606
3 7607
3 7608
3 7609
3 7610
3 7611
3 7612
3 7613
3 7614
3 7615
3 7616
3 7617
3 7618
3 7619
3 7620
3 7621
3 7622
3 7623
3 7624
3 7625
3 7626
3 7627
3 7628
3 7629
3 7630
3 7631
3 7632
3 7633
3 7634
3 7635
3 7636
3 7637
3 7638
3 7639
3 7640
3 7641
3 7642
3 7643
3 7644
3 7645
3 7646
3 7647
3 7648
3 7649
3 7650
3 7651
3 7652
3 7653
3 7654
3 7655
3 7656
3 7657
3 7658
3 7659
3 7660
3 7661
3 7662
3 7663
3 7664
3 7665
3 7666
3 7667
3 7668
3 7669
3 7670
3 7671
3 7672
3 7673
3 7674
3 7675
3 7676
3 7677
3 7678
3 7679
3 7680
3 7681
3 7682
3 7683
3 7684
3 7685
3 7686
3 7687
3 7688
3 7689
3 7690
3 7691
3 7692
3 7693
3 7694
3 7695
3 7696
3 7697
3 7698
3 7699
3 7700
3 7701
3 7702
3 7703
3 7704
3 7705
3 7706
3 7707
3 7708
3 7709
3 7710
3 7711
3 7712
3 7713
3 7714
3 7715
3 7716
3 7717
3 7718
3 7719
3 7720
3 7721
3 7722
3 7723
3 7724
3 7725
3 7726
3 7727
3 7728
3 7729
3 7730
3 7731
3 7732
3 7733
3 7734
3 7735
3 7736
3 7737
3 7738
3 7739
3 7740
3 7741
3 7742
3 7743
3 7744
3 7745
3 7746
3 7747
3 7748
3 7749
3 7750
3 7751
3 7752
3 7753
3 7754
3 7755
3 7756
3 7757
3 7758
3 7759
3 7760
3 7761
3 7762
3 7763
3 7764
3 7765
3 7766
3 7767
3 7768
3 7769
3 7770
3 7771
3 7772
3 7773
3 7774
3 7775
3 7776
3 7777
3 7778
3 7779
3 7780
3 7781
3 7782
3 7783
3 7784
3 7785
3 7786
3 7787
3 7788
3 7789
3 7790
3 7791
3 7792
3 7793
3 7794
3 7795
3 7796
3 7797
3 7798
3 7799
3 7800
3 7801
3 7802
3 7803
3 7804
3 7805
3 7806
3 7807
3 7808
3 7809
3 7810
3 7811
3 7812
3 7813
3 7814
3 7815
3 7816
3 7817
3 7818
3 7819
3 7820
3 7821
3 7822
3 7823
3 7824
3 7825
3 7826
3 7827
3 7828
3 7829
3 7830
3 7831
3 7832
3 7833
3 7834
3 7835
3 7836
3 7837
3 7838
3 7839
3 7840
3 7841
3 7842
3 7843
3 7844
3 7845
3 7846
3 7847
3 7848
3 7849
3 7850
3 7851
3 7852
3 7853
3 7854
3 7855
3 7856
3 7857
3 7858
3 7859
3 7860
3 7861
3 7862
3 7863
3 7864
3 7865
3 7866
3 7867
3 7868
3 7869
3 7870
3 7871
3 7872
3 7873
3 7874
3 7875
3 7876
3 7877
3 7878
3 7879
3 7880
3 7881
3 7882
3 7883
3 7884
3 7885
3 7886
3 7887
3 7888
3 7889
3 7890
3 7891
3 7892
3 7893
3 7894
3 7895
3 7896
3 7897
3 7898
3 7899
3 7900
3 7901
3 7902
3 7903
3 7904
3 7905
3 7906
3 7907
3 7908
3 7909
3 7910
3 7911
3 7912
3 7913
3 7914
3 7915
3 7916
3 7917
3 7918
3 7919
3 7920
3 7921
3 7922
3 7923
3 7924
3 7925
3 7926
3 7927
3 7928
3 7929
3 7930
3 7931
3 7932
3 7933
3 7934
3 7935
3 7936
3 7937
3 7938
3 7939
3 7940
3 7941
3 7942
3 7943
3 7944
3 7945
3 7946
3 7947
3 7948
3 7949
3 7950
3 7951
3 7952
3 7953
3 7954
3 7955
3 7956
3 7957
3 7958
3 7959
3 7960
3 7961
3 7962
3 7963
3 7964
3 7965
3 7966
3 7967
3 7968
3 7969
3 7970
3 7971
3 7972
3 7973
3 7974
3 7975
3 7976
3 7977
3 7978
3 7979
3 7980
3 7981
3 7982
3 7983
3 7984
3 7985
3 7986
3 7987
3 7988
3 7989
3 7990
3 7991
3 7992
3 7993
3 7994
3 7995
3 7996
3 7997
3 7998
3 7999
2 8000
2 8001
2 8002
2 8003
2 8004
2 8005
2 8006
2 8007
2 8008
2 8009
2 8010
2 8011
2 8012
2 8013
2 8014
2 8015
2 8016
2 8017
2 8018
2 8019
2 8020
2 8021
2 8022
2 8023
2 8024
2 8025
2 8026
2 8027
2 8028
2 8029
2 8030
2 8031
2 8032
2 8033
2 8034
2 8035
2 8036
2 8037
2 8038
2 8039
2 8040
2 8041
2 8042
2 8043
2 8044
2 8045
2 8046
2 8047
2 8048
2 8049
2 8050
2 8051
2 8052
2 8053
2 8054
2 8055
2 8056
2 8057
2 8058
2 8059
2 8060
2 8061
2 8062
2 8063
2 8064
2 8065
2 8066
2 8067
2 8068
2 8069
2 8070
2 8071
2 8072
2 8073
2 8074
2 8075
2 8076
2 8077
2 8078
2 8079
2 8080
2 8081
2 8082
2 8083
2 8084
2 8085
2 8086
2 8087
2 8088
2 8089
2 8090
2 8091
2 8092
2 8093
2 8094
2 8095
2 8096
2 8097
2 8098
2 8099
2 8100
2 8101
2 8102
2 8103
2 8104
2 8105
2 8106
2 8107
2 8108
2 8109
2 8110
2 8111
2 8112
2 8113
2 8114
2 8115
2 8116
2 8117
2 8118
2 8119
2 8120
2 8121
2 8122
2 8123
2 8124
2 8125
2 8126
2 8127
2 8128
2 8129
2 8130
2 8131
2 8132
2 8133
2 8134
2 8135
2 8136
2 8137
2 8138
2 8139
2 8140
2 8141
2 8142
2 8143
2 8144
2 8145
2 8146
2 8147
2 8148
2 8149
2 8150
2 8151
2 8152
2 8153
2 8154
2 8155
2 8156
2 8157
2 8158
2 8159
2 8160
2 8161
2 8162
2 8163
2 8164
2 8165
2 8166
2 8167
2 8168
2 8169
2 8170
2 8171
2 8172
2 8173
2 8174
2 8175
2 8176
2 8177
2 8178
2 8179
2 8180
2 8181
2 8182
2 8183
2 8184
2 8185
2 8186
2 8187
2 8188
2 8189
2 8190
2 8191
2 8192
2 8193
2 8194
2 8195
2 8196
2 8197
2 8198
2 8199
2 8200
2 8201
2 8202
2 8203
2 8204
2 8205
2 8206
2 8207
2 8208
2 8209
2 8210
2 8211
2 8212
2 8213
2 8214
2 8215
2 8216
2 8217
2 8218
2 8219
2 8220
2 8221
2 8222
2 8223
2 8224
2 8225
2 8226
2 8227
2 8228
2 8229
2 8230
2 8231
2 8232
2 8233
2 8234
2 8235
2 8236
2 8237
2 8238
2 8239
2 8240
2 8241
2 8242
2 8243
2 8244
2 8245
2 8246
2 8247
2 8248
2 8249
2 8250
2 8251
2 8252
2 8253
2 8254
2 8255
2 8256
2 8257
2 8258
2 8259
2 8260
2 8261
2 8262
2 8263
2 8264
2 8265
2 8266
2 8267
2 8268
2 8269
2 8270
2 8271
2 8272
2 8273
2 8274
2 8275
2 8276
2 8277
2 8278
2 8279
2 8280
2 8281
2 8282
2 8283
2 8284
2 8285
2 8286
2 8287
2 8288
2 8289
2 8290
2 8291
2 8292
2 8293
2 8294
2 8295
2 8296
2 8297
2 8298
2 8299
2 8300
2 8301
2 8302
2 8303
2 8304
2 8305
2 8306
2 8307
2 8308
2 8309
2 8310
2 8311
2 8312
2 8313
2 8314
2 8315
2 8316
2 8317
2 8318
2 8319
2 8320
2 8321
2 8322
2 8323
2 8324
2 8325
2 8326
2 8327
2 8328
2 8329
2 8330
2 8331
2 8332
2 8333
2 8334
2 8335
2 8336
2 8337
2 8338
2 8339
2 8340
2 8341
2 8342
2 8343
2 8344
2 8345
2 8346
2 8347
2 8348
2 8349
2 8350
2 8351
2 8352
2 8353
2 8354
2 8355
2 8356
2 8357
2 8358
2 8359
2 8360
2 8361
2 8362
2 8363
2 8364
2 8365
2 8366
2 8367
2 8368
2 8369
2 8370
2 8371
2 8372
2 8373
2 8374
2 8375
2 8376
2 8377
2 8378
2 8379
2 8380
2 8381
2 8382
2 8383
2 8384
2 8385
2 8386
2 8387
2 8388
2 8389
2 8390
2 8391
2 8392
2 8393
2 8394
2 8395
2 8396
2 8397
2 8398
2 8399
2 8400
2 8401
2 8402
2 8403
2 8404
2 8405
2 8406
2 8407
2 8408
2 8409
2 8410
2 8411
2 8412
2 8413
2 8414
2 8415
2 8416
2 8417
2 8418
2 8419
2 8420
2 8421
2 8422
2 8423
2 8424
2 8425
2 8426
2 8427
2 8428
2 8429
2 8430
2 8431
2 8432
2 8433
2 8434
2 8435
2 8436
2 8437
2 8438
2 8439
2 8440
2 8441
2 8442
2 8443
2 8444
2 8445
2 8446
2 8447
2 8448
2 8449
2 8450
2 8451
2 8452
2 8453
2 8454
2 8455
2 8456
2 8457
2 8458
2 8459
2 8460
2 8461
2 8462
2 8463
2 8464
2 8465
2 8466
2 8467
2 8468
2 8469
2 8470
2 8471
2 8472
2 8473
2 8474
2 8475
2 8476
2 8477
2 8478
2 8479
2 8480
2 8481
2 8482
2 8483
2 8484
2 8485
2 8486
2 8487
2 8488
2 8489
2 8490
2 8491
2 8492
2 8493
2 8494
2 8495
2 8496
2 8497
2 8498
2 8499
2 8500
2 8501
2 8502
2 8503
2 8504
2 8505
2 8506
2 8507
2 8508
2 8509
2 8510
2 8511
2 8512
2 8513
2 8514
2 8515
2 8516
2 8517
2 8518
2 8519
2 8520
2 8521
2 8522
2 8523
2 8524
2 8525
2 8526
2 8527
2 8528
2 8529
2 8530
2 8531
2 8532
2 8533
2 8534
2 8535
2 8536
2 8537
2 8538
2 8539
2 8540
2 8541
2 8542
2 8543
2 8544
2 8545
2 8546
2 8547
2 8548
2 8549
2 8550
2 8551
2 8552
2 8553
2 8554
2 8555
2 8556
2 8557
2 8558
2 8559
2 8560
2 8561
2 8562
2 8563
2 8564
2 8565
2 8566
2 8567
2 8568
2 8569
2 8570
2 8571
2 8572
2 8573
2 8574
2 8575
2 8576
2 8577
2 8578
2 8579
2 8580
2 8581
2 8582
2 8583
2 8584
2 8585
2 8586
2 8587
2 8588
2 8589
2 8590
2 8591
2 8592
2 8593
2 8594
2 8595
2 8596
2 8597
2 8598
2 8599
2 8600
2 8601
2 8602
2 8603
2 8604
2 8605
2 8606
2 8607
2 8608
2 8609
2 8610
2 8611
2 8612
2 8613
2 8614
2 8615
2 8616
2 8617
2 8618
2 8619
2 8620
2 8621
2 8622
2 8623
2 8624
2 8625
2 8626
2 8627
2 8628
2 8629
2 8630
2 8631
2 8632
2 8633
2 8634
2 8635
2 8636
2 8637
2 8638
2 8639
2 8640
2 8641
2 8642
2 8643
2 8644
2 8645
2 8646
2 8647
2 8648
2 8649
2 8650
2 8651
2 8652
2 8653
2 8654
2 8655
2 8656
2 8657
2 8658
2 8659
2 8660
2 8661
2 8662
2 8663
2 8664
2 8665
2 8666
2 8667
2 8668
2 8669
2 8670
2 8671
2 8672
2 8673
2 8674
2 8675
2 8676
2 8677
2 8678
2 8679
2 8680
2 8681
2 8682
2 8683
2 8684
2 8685
2 8686
2 8687
2 8688
2 8689
2 8690
2 8691
2 8692
2 8693
2 8694
2 8695
2 8696
2 8697
2 8698
2 8699
2 8700
2 8701
2 8702
2 8703
2 8704
2 8705
2 8706
2 8707
2 8708
2 8709
2 8710
2 8711
2 8712
2 8713
2 8714
2 8715
2 8716
2 8717
2 8718
2 8719
2 8720
2 8721
2 8722
2 8723
2 8724
2 8725
2 8726
2 8727
2 8728
2 8729
2 8730
2 8731
2 8732
2 8733
2 8734
2 8735
2 8736
2 8737
2 8738
2 8739
2 8740
2 8741
2 8742
2 8743
2 8744
2 8745
2 8746
2 8747
2 8748
2 8749
2 8750
2 8751
2 8752
2 8753
2 8754
2 8755
2 8756
2 8757
2 8758
2 8759
2 8760
2 8761
2 8762
2 8763
2 8764
2 8765
2 8766
2 8767
2 8768
2 8769
2 8770
2 8771
2 8772
2 8773
2 8774
2 8775
2 8776
2 8777
2 8778
2 8779
2 8780
2 8781
2 8782
2 8783
2 8784
2 8785
2 8786
2 8787
2 8788
2 8789
2 8790
2 8791
2 8792
2 8793
2 8794
2 8795
2 8796
2 8797
2 8798
2 8799
2 8800
2 8801
2 8802
2 8803
2 8804
2 8805
2 8806
2 8807
2 8808
2 8809
2 8810
2 8811
2 8812
2 8813
2 8814
2 8815
2 8816
2 8817
2 8818
2 8819
2 8820
2 8821
2 8822
2 8823
2 8824
2 8825
2 8826
2 8827
2 8828
2 8829
2 8830
2 8831
2 8832
2 8833
2 8834
2 8835
2 8836
2 8837
2 8838
2 8839
2 8840
2 8841
2 8842
2 8843
2 8844
2 8845
2 8846
2 8847
2 8848
2 8849
2 8850
2 8851
2 8852
2 8853
2 8854
2 8855
2 8856
2 8857
2 8858
2 8859
2 8860
2 8861
2 8862
2 8863
2 8864
2 8865
2 8866
2 8867
2 8868
2 8869
2 8870
2 8871
2 8872
2 8873
2 8874
2 8875
2 8876
2 8877
2 8878
2 8879
2 8880
2 8881
2 8882
2 8883
2 8884
2 8885
2 8886
2 8887
2 8888
2 8889
2 8890
2 8891
2 8892
2 8893
2 8894
2 8895
2 8896
2 8897
2 8898
2 8899
2 8900
2 8901
2 8902
2 8903
2 8904
2 8905
2 8906
2 8907
2 8908
2 8909
2 8910
2 8911
2 8912
2 8913
2 8914
2 8915
2 8916
2 8917
2 8918
2 8919
2 8920
2 8921
2 8922
2 8923
2 8924
2 8925
2 8926
2 8927
2 8928
2 8929
2 8930
2 8931
2 8932
2 8933
2 8934
2 8935
2 8936
2 8937
2 8938
2 8939
2 8940
2 8941
2 8942
2 8943
2 8944
2 8945
2 8946
2 8947
2 8948
2 8949
2 8950
2 8951
2 8952
2 8953
2 8954
2 8955
2 8956
2 8957
2 8958
2 8959
2 8960
2 8961
2 8962
2 8963
2 8964
2 8965
2 8966
2 8967
2 8968
2 8969
2 8970
2 8971
2 8972
2 8973
2 8974
2 8975
2 8976
2 8977
2 8978
2 8979
2 8980
2 8981
2 8982
2 8983
2 8984
2 8985
2 8986
2 8987
2 8988
2 8989
2 8990
2 8991
2 8992
2 8993
2 8994
2 8995
2 8996
2 8997
2 8998
2 8999
1 9000
1 9001
1 9002
1 9003
1 9004
1 9005
1 9006
1 9007
1 9008
1 9009
1 9010
1 9011
1 9012
1 9013
1 9014
1 9015
1 9016
1 9017
1 9018
1 9019
1 9020
1 9021
1 9022
1 9023
1 9024
1 9025
1 9026
1 9027
1 9028
1 9029
1 9030
1 9031
1 9032
1 9033
1 9034
1 9035
1 9036
1 9037
1 9038
1 9039
1 9040
1 9041
1 9042
1 9043
1 9044
1 9045
1 9046
1 9047
1 9048
1 9049
1 9050
1 9051
1 9052
1 9053
1 9054
1 9055
1 9056
1 9057
1 9058
1 9059
1 9060
1 9061
1 9062
1 9063
1 9064
1 9065
1 9066
1 9067
1 9068
1 9069
1 9070
1 9071
1 9072
1 9073
1 9074
1 9075
1 9076
1 9077
1 9078
1 9079
1 9080
1 9081
1 9082
1 9083
1 9084
1 9085
1 9086
1 9087
1 9088
1 9089
1 9090
1 9091
1 9092
1 9093
1 9094
1 9095
1 9096
1 9097
1 9098
1 9099
1 9100
1 9101
1 9102
1 9103
1 9104
1 9105
1 9106
1 9107
1 9108
1 9109
1 9110
1 9111
1 9112
1 9113
1 9114
1 9115
1 9116
1 9117
1 9118
1 9119
1 9120
1 9121
1 9122
1 9123
1 9124
1 9125
1 9126
1 9127
1 9128
1 9129
1 9130
1 9131
1 9132
1 9133
1 9134
1 9135
1 9136
1 9137
1 9138
1 9139
1 9140
1 9141
1 9142
1 9143
1 9144
1 9145
1 9146
1 9147
1 9148
1 9149
1 9150
1 9151
1 9152
1 9153
1 9154
1 9155
1 9156
1 9157
1 9158
1 9159
1 9160
1 9161
1 9162
1 9163
1 9164
1 9165
1 9166
1 9167
1 9168
1 9169
1 9170
1 9171
1 9172
1 9173
1 9174
1 9175
1 9176
1 9177
1 9178
1 9179
1 9180
1 9181
1 9182
1 9183
1 9184
1 9185
1 9186
1 9187
1 9188
1 9189
1 9190
1 9191
1 9192
1 9193
1 9194
1 9195
1 9196
1 9197
1 9198
1 9199
1 9200
1 9201
1 9202
1 9203
1 9204
1 9205
1 9206
1 9207
1 9208
1 9209
1 9210
1 9211
1 9212
1 9213
1 9214
1 9215
1 9216
1 9217
1 9218
1 9219
1 9220
1 9221
1 9222
1 9223
1 9224
1 9225
1 9226
1 9227
1 9228
1 9229
1 9230
1 9231
1 9232
1 9233
1 9234
1 9235
1 9236
1 9237
1 9238
1 9239
1 9240
1 9241
1 9242
1 9243
1 9244
1 9245
1 9246
1 9247
1 9248
1 9249
1 9250
1 9251
1 9252
1 9253
1 9254
1 9255
1 9256
1 9257
1 9258
1 9259
1 9260
1 9261
1 9262
1 9263
1 9264
1 9265
1 9266
1 9267
1 9268
1 9269
1 9270
1 9271
1 9272
1 9273
1 9274
1 9275
1 9276
1 9277
1 9278
1 9279
1 9280
1 9281
1 9282
1 9283
1 9284
1 9285
1 9286
1 9287
1 9288
1 9289
1 9290
1 9291
1 9292
1 9293
1 9294
1 9295
1 9296
1 9297
1 9298
1 9299
1 9300
1 9301
1 9302
1 9303
1 9304
1 9305
1 9306
1 9307
1 9308
1 9309
1 9310
1 9311
1 9312
1 9313
1 9314
1 9315
1 9316
1 9317
1 9318
1 9319
1 9320
1 9321
1 9322
1 9323
1 9324
1 9325
1 9326
1 9327
1 9328
1 9329
1 9330
1 9331
1 9332
1 9333
1 9334
1 9335
1 9336
1 9337
1 9338
1 9339
1 9340
1 9341
1 9342
1 9343
1 9344
1 9345
1 9346
1 9347
1 9348
1 9349
1 9350
1 9351
1 9352
1 9353
1 9354
1 9355
1 9356
1 9357
1 9358
1 9359
1 9360
1 9361
1 9362
1 9363
1 9364
1 9365
1 9366
1 9367
1 9368
1 9369
1 9370
1 9371
1 9372
1 9373
1 9374
1 9375
1 9376
1 9377
1 9378
1 9379
1 9380
1 9381
1 9382
1 9383
1 9384
1 9385
1 9386
1 9387
1 9388
1 9389
1 9390
1 9391
1 9392
1 9393
1 9394
1 9395
1 9396
1 9397
1 9398
1 9399
1 9400
1 9401
1 9402
1 9403
1 9404
1 9405
1 9406
1 9407
1 9408
1 9409
1 9410
1 9411
1 9412
1 9413
1 9414
1 9415
1 9416
1 9417
1 9418
1 9419
1 9420
1 9421
1 9422
1 9423
1 9424
1 9425
1 9426
1 9427
1 9428
1 9429
1 9430
1 9431
1 9432
1 9433
1 9434
1 9435
1 9436
1 9437
1 9438
1 9439
1 9440
1 9441
1 9442
1 9443
1 9444
1 9445
1 9446
1 9447
1 9448
1 9449
1 9450
1 9451
1 9452
1 9453
1 9454
1 9455
1 9456
1 9457
1 9458
1 9459
1 9460
1 9461
1 9462
1 9463
1 9464
1 9465
1 9466
1 9467
1 9468
1 9469
1 9470
1 9471
1 9472
1 9473
1 9474
1 9475
1 9476
1 9477
1 9478
1 9479
1 9480
1 9481
1 9482
1 9483
1 9484
1 9485
1 9486
1 9487
1 9488
1 9489
1 9490
1 9491
1 9492
1 9493
1 9494
1 9495
1 9496
1 9497
1 9498
1 9499
1 9500
1 9501
1 9502
1 9503
1 9504
1 9505
1 9506
1 9507
1 9508
1 9509
1 9510
1 9511
1 9512
1 9513
1 9514
1 9515
1 9516
1 9517
1 9518
1 9519
1 9520
1 9521
1 9522
1 9523
1 9524
1 9525
1 9526
1 9527
1 9528
1 9529
1 9530
1 9531
1 9532
1 9533
1 9534
1 9535
1 9536
1 9537
1 9538
1 9539
1 9540
1 9541
1 9542
1 9543
1 9544
1 9545
1 9546
1 9547
1 9548
1 9549
1 9550
1 9551
1 9552
1 9553
1 9554
1 9555
1 9556
1 9557
1 9558
1 9559
1 9560
1 9561
1 9562
1 9563
1 9564
1 9565
1 9566
1 9567
1 9568
1 9569
1 9570
1 9571
1 9572
1 9573
1 9574
1 9575
1 9576
1 9577
1 9578
1 9579
1 9580
1 9581
1 9582
1 9583
1 9584
1 9585
1 9586
1 9587
1 9588
1 9589
1 9590
1 9591
1 9592
1 9593
1 9594
1 9595
1 9596
1 9597
1 9598
1 9599
1 9600
1 9601
1 9602
1 9603
1 9604
1 9605
1 9606
1 9607
1 9608
1 9609
1 9610
1 9611
1 9612
1 9613
1 9614
1 9615
1 9616
1 9617
1 9618
1 9619
1 9620
1 9621
1 9622
1 9623
1 9624
1 9625
1 9626
1 9627
1 9628
1 9629
1 9630
1 9631
1 9632
1 9633
1 9634
1 9635
1 9636
1 9637
1 9638
1 9639
1 9640
1 9641
1 9642
1 9643
1 9644
1 9645
1 9646
1 9647
1 9648
1 9649
1 9650
1 9651
1 9652
1 9653
1 9654
1 9655
1 9656
1 9657
1 9658
1 9659
1 9660
1 9661
1 9662
1 9663
1 9664
1 9665
1 9666
1 9667
1 9668
1 9669
1 9670
1 9671
1 9672
1 9673
1 9674
1 9675
1 9676
1 9677
1 9678
1 9679
1 9680
1 9681
1 9682
1 9683
1 9684
1 9685
1 9686
1 9687
1 9688
1 9689
1 9690
1 9691
1 9692
1 9693
1 9694
1 9695
1 9696
1 9697
1 9698
1 9699
1 9700
1 9701
1 9702
1 9703
1 9704
1 9705
1 9706
1 9707
1 9708
1 9709
1 9710
1 9711
1 9712
1 9713
1 9714
1 9715
1 9716
1 9717
1 9718
1 9719
1 9720
1 9721
1 9722
1 9723
1 9724
1 9725
1 9726
1 9727
1 9728
1 9729
1 9730
1 9731
1 9732
1 9733
1 9734
1 9735
1 9736
1 9737
1 9738
1 9739
1 9740
1 9741
1 9742
1 9743
1 9744
1 9745
1 9746
1 9747
1 9748
1 9749
1 9750
1 9751
1 9752
1 9753
1 9754
1 9755
1 9756
1 9757
1 9758
1 9759
1 9760
1 9761
1 9762
1 9763
1 9764
1 9765
1 9766
1 9767
1 9768
1 9769
1 9770
1 9771
1 9772
1 9773
1 9774
1 9775
1 9776
1 9777
1 9778
1 9779
1 9780
1 9781
1 9782
1 9783
1 9784
1 9785
1 9786
1 9787
1 9788
1 9789
1 9790
1 9791
1 9792
1 9793
1 9794
1 9795
1 9796
1 9797
1 9798
1 9799
1 9800
1 9801
1 9802
1 9803
1 9804
1 9805
1 9806
1 9807
1 9808
1 9809
1 9810
1 9811
1 9812
1 9813
1 9814
1 9815
1 9816
1 9817
1 9818
1 9819
1 9820
1 9821
1 9822
1 9823
1 9824
1 9825
1 9826
1 9827
1 9828
1 9829
1 9830
1 9831
1 9832
1 9833
1 9834
1 9835
1 9836
1 9837
1 9838
1 9839
1 9840
1 9841
1 9842
1 9843
1 9844
1 9845
1 9846
1 9847
1 9848
1 9849
1 9850
1 9851
1 9852
1 9853
1 9854
1 9855
1 9856
1 9857
1 9858
1 9859
1 9860
1 9861
1 9862
1 9863
1 9864
1 9865
1 9866
1 9867
1 9868
1 9869
1 9870
1 9871
1 9872
1 9873
1 9874
1 9875
1 9876
1 9877
1 9878
1 9879
1 9880
1 9881
1 9882
1 9883
1 9884
1 9885
1 9886
1 9887
1 9888
1 9889
1 9890
1 9891
1 9892
1 9893
1 9894
1 9895
1 9896
1 9897
1 9898
1 9899
1 9900
1 9901
1 9902
1 9903
1 9904
1 9905
1 9906
1 9907
1 9908
1 9909
1 9910
1 9911
1 9912
1 9913
1 9914
1 9915
1 9916
1 9917
1 9918
1 9919
1 9920
1 9921
1 9922
1 9923
1 9924
1 9925
1 9926
1 9927
1 9928
1 9929
1 9930
1 9931
1 9932
1 9933
1 9934
1 9935
1 9936
1 9937
1 9938
1 9939
1 9940
1 9941
1 9942
1 9943
1 9944
1 9945
1 9946
1 9947
1 9948
1 9949
1 9950
1 9951
1 9952
1 9953
1 9954
1 9955
1 9956
1 9957
1 9958
1 9959
1 9960
1 9961
1 9962
1 9963
1 9964
1 9965
1 9966
1 9967
1 9968
1 9969
1 9970
1 9971
1 9972
1 9973
1 9974
1 9975
1 9976
1 9977
1 9978
1 9979
1 9980
1 9981
1 9982
1 9983
1 9984
1 9985
1 9986
1 9987
1 9988
1 9989
1 9990
1 9991
1 9992
1 9993
1 9994
1 9995
1 9996
1 9997
1 9998
1 9999
