3195
5 299977
13 299969
31 299951
41 299941
73 299909
79 299903
101 299881
139 299843
211 299771
233 299749
239 299743
251 299731
271 299711
281 299701
283 299699
311 299671
359 299623
379 299603
443 299539
461 299521
503 299479
509 299473
563 299419
593 299389
619 299363
653 299329
701 299281
743 299239
769 299213
811 299171
883 299099
919 299063
929 299053
953 299029
971 299011
983 298999
1039 298943
1129 298853
1163 298819
1181 298801
1223 298759
1249 298733
1259 298723
1289 298693
1291 298691
1301 298681
1303 298679
1361 298621
1381 298601
1399 298583
1423 298559
1499 298483
1531 298451
1571 298411
1583 298399
1609 298373
1613 298369
1699 298283
1721 298261
1759 298223
1811 298171
1823 298159
1889 298093
1933 298049
1951 298031
1993 297989
2011 297971
2029 297953
2089 297893
2129 297853
2141 297841
2203 297779
2341 297641
2381 297601
2393 297589
2459 297523
2473 297509
2543 297439
2579 297403
2591 297391
2693 297289
2719 297263
2731 297251
2749 297233
2791 297191
2903 297079
2963 297019
2999 296983
3001 296981
3011 296971
3041 296941
3061 296921
3163 296819
3181 296801
3209 296773
3229 296753
3251 296731
3253 296729
3299 296683
3313 296669
3319 296663
3331 296651
3391 296591
3463 296519
3541 296441
3613 296369
3709 296273
3733 296249
3739 296243
3761 296221
3769 296213
3823 296159
3853 296129
3911 296071
3989 295993
4021 295961
4073 295909
4079 295903
4111 295871
4129 295853
4139 295843
4231 295751
4283 295699
4289 295693
4391 295591
4441 295541
4523 295459
4549 295433
4649 295333
4663 295319
4691 295291
4723 295259
4783 295199
4871 295111
4903 295079
4909 295073
4933 295049
4943 295039
4993 294989
5003 294979
5059 294923
5113 294869
5153 294829
5179 294803
5189 294793
5209 294773
5231 294751
5279 294703
5309 294673
5323 294659
5333 294649
5419 294563
5431 294551
5483 294499
5503 294479
5521 294461
5591 294391
5641 294341
5669 294313
5689 294293
5693 294289
5741 294241
5783 294199
5801 294181
5813 294169
5851 294131
5879 294103
5923 294059
5939 294043
5953 294029
5981 294001
6089 293893
6121 293861
6151 293831
6301 293681
6323 293659
6343 293639
6361 293621
6379 293603
6529 293453
6551 293431
6569 293413
6653 293329
6719 293263
6761 293221
6781 293201
6803 293179
6833 293149
6883 293099
6911 293071
6961 293021
7013 292969
7103 292879
7229 292753
7309 292673
7321 292661
7351 292631
7433 292549
7451 292531
7489 292493
7499 292483
7523 292459
7541 292441
7589 292393
7639 292343
7673 292309
7681 292301
7699 292283
7741 292241
7759 292223
7841 292141
7901 292081
8011 291971
8059 291923
8081 291901
8191 291791
8231 291751
8291 291691
8293 291689
8363 291619
8419 291563
8423 291559
8443 291539
8461 291521
8501 291481
8539 291443
8543 291439
8563 291419
8609 291373
8623 291359
8689 291293
8783 291199
8839 291143
8893 291089
8941 291041
8969 291013
9011 290971
9059 290923
9103 290879
9161 290821
9221 290761
9281 290701
9311 290671
9319 290663
9323 290659
9371 290611
9473 290509
9511 290471
9539 290443
9613 290369
9623 290359
9631 290351
9733 290249
9739 290243
9749 290233
9781 290201
9941 290041
9949 290033
10009 289973
10093 289889
10111 289871
10139 289843
10141 289841
10193 289789
10211 289771
10223 289759
10313 289669
10513 289469
10529 289453
10559 289423
10601 289381
10613 289369
10639 289343
10663 289319
10691 289291
10709 289273
10729 289253
10733 289249
10739 289243
10789 289193
10831 289151
10853 289129
10883 289099
10949 289033
10993 288989
11003 288979
11069 288913
11131 288851
11149 288833
11159 288823
11251 288731
11299 288683
11321 288661
11329 288653
11399 288583
11411 288571
11423 288559
11443 288539
11483 288499
11489 288493
11549 288433
11579 288403
11593 288389
11621 288361
11633 288349
11689 288293
11699 288283
11779 288203
11783 288199
11801 288181
11933 288049
11959 288023
12043 287939
12049 287933
12109 287873
12119 287863
12161 287821
12251 287731
12281 287701
12301 287681
12433 287549
12479 287503
12491 287491
12589 287393
12641 287341
12703 287279
12713 287269
12743 287239
12763 287219
12791 287191
12809 287173
12823 287159
12841 287141
12889 287093
12923 287059
12979 287003
12983 286999
13001 286981
13009 286973
13109 286873
13151 286831
13219 286763
13229 286753
13249 286733
13309 286673
13331 286651
13441 286541
13463 286519
13469 286513
13499 286483
13513 286469
13523 286459
13613 286369
13649 286333
13681 286301
13693 286289
13879 286103
13921 286061
13933 286049
13963 286019
13999 285983
14029 285953
14033 285949
14143 285839
14159 285823
14251 285731
14321 285661
14341 285641
14369 285613
14423 285559
14449 285533
14461 285521
14519 285463
14549 285433
14561 285421
14639 285343
14699 285283
14731 285251
14783 285199
14821 285161
14831 285151
14843 285139
14869 285113
14891 285091
14951 285031
15013 284969
15083 284899
15101 284881
15149 284833
15199 284783
15233 284749
15241 284741
15259 284723
15331 284651
15349 284633
15359 284623
15391 284591
15443 284539
15461 284521
15473 284509
15493 284489
15559 284423
15569 284413
15641 284341
15671 284311
15739 284243
15749 284233
15791 284191
15809 284173
15823 284159
15889 284093
15923 284059
15959 284023
16033 283949
16073 283909
16183 283799
16189 283793
16381 283601
16411 283571
16481 283501
16493 283489
16519 283463
16693 283289
16823 283159
16843 283139
16871 283111
16883 283099
16889 283093
16903 283079
16931 283051
16981 283001
17093 282889
17209 282773
17291 282691
17299 282683
17321 282661
17383 282599
17393 282589
17419 282563
17489 282493
17569 282413
17573 282409
17599 282383
17669 282313
17683 282299
17729 282253
17761 282221
17839 282143
17881 282101
17891 282091
17911 282071
17923 282059
17929 282053
17971 282011
17981 282001
17989 281993
18049 281933
18059 281923
18061 281921
18089 281893
18133 281849
18143 281839
18149 281833
18191 281791
18199 281783
18313 281669
18329 281653
18341 281641
18401 281581
18433 281549
18443 281539
18451 281531
18553 281429
18661 281321
18691 281291
18731 281251
18749 281233
18793 281189
18913 281069
18919 281063
18959 281023
19069 280913
19073 280909
19139 280843
19211 280771
19213 280769
19231 280751
19301 280681
19309 280673
19379 280603
19391 280591
19421 280561
19433 280549
19441 280541
19469 280513
19483 280499
19531 280451
19571 280411
19609 280373
19661 280321
19739 280243
19753 280229
19759 280223
19763 280219
19843 280139
19853 280129
19861 280121
19913 280069
19973 280009
19991 279991
20063 279919
20231 279751
20323 279659
20333 279649
20341 279641
20369 279613
20389 279593
20399 279583
20411 279571
20431 279551
20441 279541
20551 279431
20771 279211
20809 279173
20873 279109
20959 279023
20981 279001
21001 278981
21101 278881
21139 278843
21163 278819
21169 278813
21391 278591
21401 278581
21419 278563
21433 278549
21481 278501
21491 278491
21493 278489
21503 278479
21523 278459
21569 278413
21589 278393
21661 278321
21713 278269
21773 278209
21839 278143
21859 278123
21863 278119
21871 278111
21911 278071
22063 277919
22079 277903
22091 277891
22093 277889
22123 277859
22153 277829
22189 277793
22193 277789
22279 277703
22291 277691
22343 277639
22381 277601
22433 277549
22469 277513
22483 277499
22571 277411
22619 277363
22651 277331
22709 277273
22721 277261
22751 277231
22769 277213
22961 277021
23021 276961
23029 276953
23053 276929
23063 276919
23081 276901
23099 276883
23143 276839
23159 276823
23201 276781
23203 276779
23311 276671
23539 276443
23581 276401
23593 276389
23609 276373
23623 276359
23663 276319
23689 276293
23743 276239
23753 276229
23773 276209
23801 276181
23831 276151
23869 276113
23899 276083
23971 276011
24001 275981
24019 275963
24043 275939
24061 275921
24071 275911
24169 275813
24359 275623
24391 275591
24439 275543
24533 275449
24593 275389
24611 275371
24659 275323
24683 275299
24781 275201
24799 275183
24821 275161
24851 275131
24923 275059
24943 275039
24979 275003
24989 274993
25031 274951
25073 274909
25111 274871
25121 274861
25153 274829
25171 274811
25243 274739
25303 274679
25321 274661
25373 274609
25391 274591
25453 274529
25541 274441
25579 274403
25621 274361
25633 274349
25759 274223
25819 274163
25889 274093
25913 274069
26003 273979
26041 273941
26053 273929
26083 273899
26161 273821
26209 273773
26263 273719
26339 273643
26431 273551
26479 273503
26633 273349
26669 273313
26693 273289
26699 273283
26701 273281
26711 273271
26713 273269
26729 273253
26801 273181
26833 273149
26921 273061
26953 273029
26981 273001
26993 272989
27011 272971
27103 272879
27211 272771
27299 272683
27361 272621
27449 272533
27529 272453
27583 272399
27631 272351
27653 272329
27733 272249
27751 272231
27779 272203
27791 272191
27793 272189
27799 272183
27803 272179
27851 272131
27943 272039
27953 272029
28001 271981
28211 271771
28229 271753
28279 271703
28289 271693
28409 271573
28411 271571
28429 271553
28433 271549
28493 271489
28499 271483
28573 271409
28619 271363
28631 271351
28649 271333
28703 271279
28729 271253
28751 271231
28771 271211
28813 271169
28961 271021
28979 271003
29009 270973
29021 270961
29059 270923
29123 270859
29191 270791
29221 270761
29303 270679
29363 270619
29389 270593
29399 270583
29429 270553
29443 270539
29473 270509
29531 270451
29611 270371
29671 270311
29683 270299
29741 270241
29753 270229
29759 270223
29819 270163
29851 270131
30029 269953
30059 269923
30091 269891
30103 269879
30203 269779
30241 269741
30259 269723
30269 269713
30319 269663
30341 269641
30403 269579
30469 269513
30509 269473
30553 269429
30593 269389
30631 269351
30649 269333
30763 269219
30773 269209
30781 269201
30803 269179
30841 269141
30851 269131
30893 269089
30941 269041
30983 268999
31013 268969
31069 268913
31121 268861
31139 268843
31159 268823
31193 268789
31223 268759
31249 268733
31253 268729
31321 268661
31481 268501
31489 268493
31543 268439
31699 268283
31729 268253
31771 268211
31793 268189
31849 268133
31859 268123
31891 268091
32069 267913
32083 267899
32089 267893
32119 267863
32191 267791
32233 267749
32261 267721
32303 267679
32321 267661
32353 267629
32369 267613
32371 267611
32381 267601
32401 267581
32413 267569
32441 267541
32503 267479
32531 267451
32563 267419
32569 267413
32579 267403
32609 267373
32749 267233
32779 267203
32783 267199
32789 267193
32839 267143
32843 267139
32933 267049
32983 266999
32999 266983
33029 266953
33049 266933
33073 266909
33083 266899
33091 266891
33119 266863
33161 266821
33181 266801
33223 266759
33301 266681
33311 266671
33349 266633
33461 266521
33493 266489
33503 266479
33533 266449
33581 266401
33601 266381
33613 266369
33623 266359
33629 266353
33713 266269
33721 266261
33829 266153
33871 266111
33889 266093
33893 266089
33923 266059
33931 266051
34061 265921
34141 265841
34253 265729
34273 265709
34361 265621
34369 265613
34403 265579
34421 265561
34439 265543
34469 265513
34471 265511
34499 265483
34511 265471
34583 265399
34649 265333
34721 265261
34819 265163
34841 265141
34961 265021
35023 264959
35051 264931
35083 264899
35089 264893
35111 264871
35153 264829
35171 264811
35251 264731
35323 264659
35339 264643
35363 264619
35381 264601
35401 264581
35423 264559
35591 264391
35771 264211
35803 264179
35869 264113
35899 264083
35911 264071
35923 264059
35951 264031
35969 264013
35999 263983
36073 263909
36083 263899
36161 263821
36373 263609
36469 263513
36479 263503
36493 263489
36559 263423
36571 263411
36583 263399
36599 263383
36709 263273
36713 263269
36781 263201
36791 263191
36871 263111
36899 263083
36919 263063
36973 263009
37199 262783
37201 262781
37243 262739
37273 262709
37339 262643
37361 262621
37441 262541
37463 262519
37493 262489
37549 262433
37571 262411
37591 262391
37633 262349
37831 262151
37861 262121
37871 262111
37879 262103
38011 261971
38183 261799
38261 261721
38351 261631
38453 261529
38459 261523
38543 261439
38593 261389
38603 261379
38629 261353
38653 261329
38711 261271
38921 261061
38923 261059
38971 261011
39023 260959
39041 260941
39089 260893
39103 260879
39119 260863
39133 260849
39191 260791
39209 260773
39229 260753
39373 260609
39409 260573
39439 260543
39443 260539
39499 260483
39521 260461
39541 260441
39563 260419
39569 260413
39619 260363
39719 260263
39769 260213
39791 260191
39901 260081
39971 260011
39979 260003
39989 259993
40039 259943
40153 259829
40169 259813
40231 259751
40343 259639
40351 259631
40361 259621
40483 259499
40529 259453
40531 259451
40763 259219
40771 259211
40813 259169
40819 259163
40823 259159
40883 259099
40949 259033
40973 259009
41011 258971
41023 258959
41179 258803
41203 258779
41351 258631
41413 258569
41443 258539
41491 258491
41513 258469
41539 258443
41579 258403
41593 258389
41609 258373
41651 258331
41729 258253
41771 258211
41809 258173
41851 258131
41863 258119
41959 258023
42061 257921
42089 257893
42293 257689
42391 257591
42443 257539
42463 257519
42509 257473
42611 257371
42643 257339
42689 257293
42701 257281
42709 257273
42719 257263
42743 257239
42793 257189
42821 257161
42841 257141
42859 257123
42929 257053
42979 257003
43051 256931
43093 256889
43151 256831
43261 256721
43283 256699
43321 256661
43331 256651
43403 256579
43441 256541
43499 256483
43541 256441
43591 256391
43613 256369
43633 256349
43669 256313
43783 256199
43793 256189
43801 256181
43853 256129
43889 256093
43933 256049
43951 256031
43961 256021
43963 256019
44021 255961
44059 255923
44123 255859
44131 255851
44179 255803
44249 255733
44269 255713
44273 255709
44483 255499
44563 255419
44621 255361
44633 255349
44729 255253
44773 255209
44789 255193
44809 255173
44939 255043
44959 255023
44963 255019
45053 254929
45083 254899
45179 254803
45191 254791
45319 254663
45389 254593
45491 254491
45569 254413
45599 254383
45613 254369
45691 254291
45821 254161
45841 254141
45863 254119
45943 254039
45979 254003
45989 253993
46073 253909
46103 253879
46171 253811
46181 253801
46219 253763
46279 253703
46301 253681
46349 253633
46381 253601
46439 253543
46451 253531
46489 253493
46549 253433
46559 253423
46601 253381
46633 253349
46639 253343
46829 253153
46901 253081
46919 253063
46933 253049
47221 252761
47251 252731
47269 252713
47441 252541
47501 252481
47533 252449
47563 252419
47581 252401
47591 252391
47599 252383
47623 252359
47659 252323
47699 252283
47809 252173
47819 252163
47843 252139
47881 252101
47903 252079
47969 252013
47981 252001
48079 251903
48121 251861
48193 251789
48221 251761
48281 251701
48371 251611
48449 251533
48463 251519
48481 251501
48491 251491
48539 251443
48589 251393
48623 251359
48751 251231
48761 251221
48779 251203
48781 251201
48823 251159
48883 251099
48989 250993
49003 250979
49019 250963
49031 250951
49033 250949
49169 250813
49261 250721
49279 250703
49339 250643
49363 250619
49481 250501
49531 250451
49549 250433
49559 250423
49639 250343
49681 250301
49783 250199
49891 250091
49939 250043
49993 249989
50101 249881
50111 249871
50119 249863
50123 249859
50129 249853
50261 249721
50311 249671
50441 249541
50461 249521
50543 249439
50549 249433
50599 249383
50671 249311
50753 249229
50839 249143
50849 249133
50893 249089
50923 249059
51001 248981
51131 248851
51169 248813
51193 248789
51199 248783
51203 248779
51229 248753
51263 248719
51341 248641
51343 248639
51361 248621
51413 248569
51439 248543
51449 248533
51473 248509
51521 248461
51551 248431
51581 248401
51593 248389
51631 248351
51659 248323
51673 248309
51683 248299
51691 248291
51803 248179
51893 248089
51941 248041
51949 248033
51991 247991
52069 247913
52081 247901
52103 247879
52153 247829
52183 247799
52201 247781
52223 247759
52253 247729
52289 247693
52291 247691
52369 247613
52379 247603
52391 247591
52453 247529
52543 247439
52561 247421
52639 247343
52673 247309
52733 247249
52883 247099
52951 247031
52981 247001
53003 246979
53051 246931
53069 246913
53093 246889
53149 246833
53171 246811
53173 246809
53189 246793
53201 246781
53269 246713
53299 246683
53591 246391
53611 246371
53633 246349
53639 246343
53653 246329
53693 246289
53731 246251
53759 246223
53773 246209
53831 246151
53849 246133
53861 246121
53993 245989
54001 245981
54083 245899
54101 245881
54133 245849
54193 245789
54311 245671
54361 245621
54419 245563
54421 245561
54449 245533
54469 245513
54563 245419
54713 245269
54721 245261
54773 245209
54799 245183
54833 245149
54851 245131
54949 245033
54959 245023
55109 244873
55201 244781
55229 244753
55249 244733
55291 244691
55313 244669
55343 244639
55399 244583
55501 244481
55511 244471
55579 244403
55589 244393
55603 244379
55631 244351
55681 244301
55691 244291
55721 244261
55763 244219
55823 244159
55949 244033
56009 243973
56093 243889
56131 243851
56311 243671
56359 243623
56369 243613
56393 243589
56443 243539
56503 243479
56509 243473
56591 243391
56671 243311
56681 243301
56773 243209
56779 243203
56821 243161
56873 243109
56891 243091
56909 243073
56951 243031
56983 242999
56993 242989
57059 242923
57119 242863
57163 242819
57193 242789
57203 242779
57251 242731
57269 242713
57301 242681
57349 242633
57503 242479
57529 242453
57653 242329
57709 242273
57781 242201
57809 242173
57853 242129
57881 242101
57899 242083
57923 242059
57973 242009
58031 241951
58043 241939
58061 241921
58099 241883
58109 241873
58171 241811
58189 241793
58199 241783
58211 241771
58243 241739
58271 241711
58379 241603
58393 241589
58439 241543
58661 241321
58679 241303
58711 241271
58733 241249
58889 241093
58913 241069
58921 241061
59023 240959
59029 240953
59069 240913
59083 240899
59113 240869
59123 240859
59141 240841
59219 240763
59239 240743
59243 240739
59263 240719
59281 240701
59341 240641
59351 240631
59359 240623
59393 240589
59473 240509
59509 240473
59561 240421
59611 240371
59629 240353
59663 240319
59699 240283
59723 240259
59779 240203
59809 240173
59971 240011
60089 239893
60103 239879
60133 239849
60139 239843
60251 239731
60271 239711
60293 239689
60443 239539
60493 239489
60521 239461
60649 239333
60719 239263
60811 239171
60901 239081
60913 239069
61043 238939
61099 238883
61129 238853
61141 238841
61153 238829
61223 238759
61253 238729
61291 238691
61333 238649
61343 238639
61409 238573
61463 238519
61483 238499
61511 238471
61519 238463
61543 238439
61559 238423
61609 238373
61613 238369
61643 238339
61651 238331
61781 238201
61819 238163
61879 238103
61981 238001
62011 237971
62053 237929
62071 237911
62081 237901
62099 237883
62131 237851
62191 237791
62201 237781
62219 237763
62233 237749
62299 237683
62351 237631
62401 237581
62473 237509
62581 237401
62603 237379
62639 237343
62819 237163
62929 237053
62939 237043
62971 237011
62989 236993
63073 236909
63103 236879
63113 236869
63199 236783
63211 236771
63281 236701
63409 236573
63419 236563
63463 236519
63521 236461
63533 236449
63601 236381
63649 236333
63659 236323
63689 236293
63773 236209
63839 236143
63853 236129
63913 236069
63929 236053
64063 235919
64081 235901
64091 235891
64171 235811
64189 235793
64231 235751
64283 235699
64303 235679
64319 235663
64381 235601
64489 235493
64499 235483
64613 235369
64633 235349
64693 235289
64709 235273
64783 235199
64811 235171
64871 235111
64891 235091
64969 235013
65003 234979
65089 234893
65119 234863
65171 234811
65173 234809
65179 234803
65183 234799
65213 234769
65239 234743
65269 234713
65309 234673
65323 234659
65353 234629
65393 234589
65519 234463
65521 234461
65551 234431
65599 234383
65651 234331
65701 234281
65789 234193
65843 234139
65851 234131
65899 234083
66041 233941
66071 233911
66103 233879
66239 233743
66293 233689
66361 233621
66373 233609
66383 233599
66431 233551
66629 233353
66653 233329
66751 233231
66809 233173
66821 233161
66841 233141
67021 232961
67121 232861
67129 232853
67181 232801
67231 232751
67271 232711
67273 232709
67339 232643
67349 232633
67391 232591
67411 232571
67433 232549
67523 232459
67531 232451
67601 232381
67619 232363
67679 232303
67723 232259
67829 232153
67853 232129
67891 232091
67901 232081
67931 232051
67933 232049
67979 232003
68059 231923
68111 231871
68141 231841
68161 231821
68281 231701
68351 231631
68371 231611
68449 231533
68489 231493
68501 231481
68521 231461
68539 231443
68633 231349
68659 231323
68683 231299
68711 231271
68713 231269
68813 231169
68903 231079
68963 231019
69109 230873
69119 230863
69149 230833
69163 230819
69203 230779
69221 230761
69239 230743
69263 230719
69371 230611
69431 230551
69481 230501
69593 230389
69691 230291
69709 230273
69761 230221
69779 230203
69833 230149
69859 230123
70001 229981
70003 229979
70019 229963
70079 229903
70141 229841
70163 229819
70183 229799
70201 229781
70223 229759
70229 229753
70271 229711
70289 229693
70351 229631
70381 229601
70393 229589
70429 229553
70549 229433
70573 229409
70583 229399
70589 229393
70639 229343
70729 229253
70769 229213
70783 229199
70793 229189
70843 229139
70849 229133
70901 229081
70979 229003
70999 228983
71023 228959
71059 228923
71069 228913
71081 228901
71129 228853
71153 228829
71209 228773
71249 228733
71363 228619
71389 228593
71443 228539
71471 228511
71473 228509
71503 228479
71563 228419
71671 228311
71843 228139
71879 228103
71933 228049
71993 227989
72031 227951
72089 227893
72109 227873
72253 227729
72353 227629
72379 227603
72421 227561
72481 227501
72493 227489
72551 227431
72679 227303
72701 227281
72763 227219
72823 227159
72869 227113
72871 227111
72889 227093
72893 227089
72901 227081
73039 226943
73079 226903
73291 226691
73351 226631
73361 226621
73433 226549
73471 226511
73529 226453
73699 226283
73751 226231
73783 226199
73849 226133
73859 226123
73883 226099
73999 225983
74021 225961
74051 225931
74093 225889
74143 225839
74161 225821
74201 225781
74203 225779
74231 225751
74293 225689
74311 225671
74353 225629
74363 225619
74381 225601
74413 225569
74453 225529
74489 225493
74521 225461
74551 225431
74609 225373
74611 225371
74719 225263
74759 225223
74761 225221
74821 225161
74873 225109
74903 225079
74959 225023
75013 224969
75169 224813
75211 224771
75223 224759
75239 224743
75253 224729
75353 224629
75391 224591
75403 224579
75521 224461
75533 224449
75539 224443
75553 224429
75619 224363
75679 224303
75683 224299
75721 224261
75731 224251
75743 224239
75773 224209
75781 224201
75833 224149
75853 224129
75869 224113
75913 224069
75941 224041
75983 223999
76079 223903
76159 223823
76303 223679
76519 223463
76541 223441
76543 223439
76579 223403
76651 223331
76679 223303
76753 223229
76771 223211
76831 223151
76883 223099
76919 223063
76963 223019
76991 222991
77003 222979
77029 222953
77041 222941
77069 222913
77141 222841
77191 222791
77269 222713
77323 222659
77339 222643
77369 222613
77471 222511
77489 222493
77521 222461
77563 222419
77621 222361
77659 222323
77689 222293
77713 222269
77783 222199
77983 221999
78031 221951
78041 221941
78259 221723
78311 221671
78401 221581
78511 221471
78569 221413
78571 221411
78583 221399
78721 221261
78779 221203
78781 221201
78809 221173
78823 221159
78889 221093
79043 220939
79063 220919
79103 220879
79193 220789
79273 220709
79283 220699
79301 220681
79309 220673
79319 220663
79393 220589
79423 220559
79561 220421
79579 220403
79609 220373
79613 220369
79621 220361
79631 220351
79691 220291
79813 220169
79841 220141
79973 220009
79999 219983
80039 219943
80051 219931
80071 219911
80111 219871
80153 219829
80173 219809
80221 219761
80233 219749
80251 219731
80363 219619
80369 219613
80449 219533
80491 219491
80611 219371
80621 219361
80629 219353
80669 219313
80671 219311
80681 219301
80701 219281
80849 219133
80863 219119
80911 219071
80923 219059
80929 219053
80963 219019
80989 218993
81013 218969
81019 218963
81041 218941
81163 218819
81173 218809
81199 218783
81233 218749
81331 218651
81353 218629
81359 218623
81371 218611
81559 218423
81563 218419
81611 218371
81619 218363
81703 218279
81749 218233
81769 218213
81839 218143
81899 218083
81901 218081
82003 217979
82013 217969
82073 217909
82153 217829
82189 217793
82301 217681
82339 217643
82421 217561
82463 217519
82483 217499
82493 217489
82561 217421
82571 217411
82613 217369
82619 217363
82729 217253
82759 217223
82763 217219
82781 217201
82813 217169
82913 217069
82981 217001
83009 216973
83063 216919
83071 216911
83203 216779
83221 216761
83231 216751
83341 216641
83431 216551
83459 216523
83561 216421
83609 216373
83653 216329
83663 216319
83719 216263
83833 216149
83869 216113
83891 216091
83911 216071
83921 216061
84061 215921
84089 215893
84131 215851
84181 215801
84211 215771
84229 215753
84499 215483
84521 215461
84523 215459
84589 215393
84629 215353
84631 215351
84653 215329
84673 215309
84859 215123
84919 215063
85091 214891
85133 214849
85193 214789
85199 214783
85223 214759
85259 214723
85331 214651
85451 214531
85513 214469
85531 214451
85549 214433
85601 214381
85619 214363
85793 214189
85819 214163
85853 214129
85931 214051
86029 213953
86161 213821
86183 213799
86269 213713
86323 213659
86341 213641
86369 213613
86371 213611
86491 213491
86501 213481
86533 213449
86599 213383
86693 213289
86719 213263
86729 213253
86753 213229
86843 213139
86851 213131
86939 213043
86959 213023
87013 212969
87181 212801
87281 212701
87299 212683
87313 212669
87403 212579
87421 212561
87481 212501
87559 212423
87613 212369
87629 212353
87701 212281
87739 212243
87743 212239
87943 212039
88003 211979
88093 211889
88241 211741
88259 211723
88289 211693
88301 211681
88321 211661
88339 211643
88411 211571
88423 211559
88513 211469
88609 211373
88643 211339
88663 211319
88741 211241
88789 211193
88853 211129
88919 211063
89021 210961
89069 210913
89071 210911
89113 210869
89209 210773
89269 210713
89273 210709
89363 210619
89381 210601
89449 210533
89459 210523
89491 210491
89501 210481
89521 210461
89561 210421
89591 210391
89659 210323
89753 210229
89809 210173
89839 210143
89963 210019
90011 209971
90023 209959
90053 209929
90121 209861
90163 209819
90173 209809
90239 209743
90263 209719
90281 209701
90313 209669
90359 209623
90401 209581
90403 209579
90439 209543
90511 209471
90523 209459
90533 209449
90749 209233
90793 209189
90803 209179
90823 209159
90911 209071
90989 208993
91019 208963
91139 208843
91183 208799
91243 208739
91253 208729
91283 208699
91309 208673
91373 208609
91393 208589
91453 208529
91463 208519
91493 208489
91513 208469
91541 208441
91573 208409
91591 208391
91673 208309
91691 208291
91703 208279
91841 208141
91909 208073
92009 207973
92041 207941
92051 207931
92219 207763
92311 207671
92353 207629
92363 207619
92413 207569
92419 207563
92431 207551
92459 207523
92461 207521
92503 207479
92581 207401
92639 207343
92641 207341
92681 207301
92791 207191
92861 207121
92921 207061
92941 207041
93059 206923
93103 206879
93169 206813
93179 206803
93199 206783
93283 206699
93463 206519
93481 206501
93493 206489
93563 206419
93683 206299
93701 206281
93703 206279
93719 206263
93761 206221
93901 206081
93913 206069
93949 206033
94033 205949
94099 205883
94219 205763
94261 205721
94321 205661
94331 205651
94349 205633
94379 205603
94433 205549
94463 205519
94529 205453
94541 205441
94559 205423
94561 205421
94583 205399
94771 205211
94781 205201
94811 205171
94841 205141
94849 205133
94949 205033
94951 205031
94999 204983
95003 204979
95009 204973
95111 204871
95189 204793
95191 204791
95231 204751
95233 204749
95369 204613
95383 204599
95419 204563
95461 204521
95471 204511
95539 204443
95621 204361
95629 204353
95651 204331
95731 204251
95819 204163
95881 204101
95923 204059
95959 204023
96013 203969
96211 203771
96221 203761
96269 203713
96323 203659
96329 203653
96419 203563
96451 203531
96553 203429
96589 203393
96601 203381
96643 203339
96661 203321
96671 203311
96703 203279
96749 203233
96769 203213
96799 203183
96931 203051
96959 203023
97001 202981
97103 202879
97159 202823
97231 202751
97303 202679
97369 202613
97453 202529
97463 202519
97501 202481
97511 202471
97579 202403
97673 202309
97861 202121
97883 202099
97919 202063
97961 202021
98009 201973
98101 201881
98213 201769
98251 201731
98299 201683
98321 201661
98491 201491
98533 201449
98731 201251
98773 201209
98779 201203
98909 201073
98993 200989
98999 200983
99053 200929
99079 200903
99083 200899
99139 200843
99251 200731
99259 200723
99391 200591
99409 200573
99469 200513
99581 200401
99611 200371
99689 200293
99709 200273
99823 200159
99829 200153
100049 199933
100109 199873
100129 199853
100151 199831
100169 199813
100183 199799
100313 199669
100361 199621
100379 199603
100459 199523
100483 199499
100493 199489
100609 199373
100669 199313
100693 199289
100801 199181
100829 199153
100943 199039
101081 198901
101141 198841
101149 198833
101159 198823
101221 198761
101281 198701
101293 198689
101323 198659
101341 198641
101359 198623
101383 198599
101411 198571
101429 198553
101449 198533
101503 198479
101513 198469
101573 198409
101681 198301
101701 198281
101723 198259
101741 198241
101789 198193
101873 198109
101891 198091
101939 198043
102013 197969
102019 197963
102023 197959
102061 197921
102203 197779
102229 197753
102241 197741
102293 197689
102299 197683
102409 197573
102461 197521
102503 197479
102559 197423
102563 197419
102593 197389
102611 197371
102643 197339
102761 197221
102859 197123
102881 197101
103183 196799
103231 196751
103319 196663
103399 196583
103421 196561
103483 196499
103529 196453
103553 196429
103651 196331
103703 196279
103801 196181
103811 196171
103813 196169
103843 196139
103979 196003
103991 195991
104009 195973
104053 195929
104089 195893
104113 195869
104119 195863
104173 195809
104231 195751
104239 195743
104243 195739
104323 195659
104383 195599
104471 195511
104513 195469
104593 195389
104623 195359
104639 195343
104701 195281
104711 195271
104723 195259
104729 195253
104779 195203
104789 195193
104851 195131
104879 195103
104911 195071
104933 195049
104953 195029
104959 195023
105019 194963
105071 194911
105143 194839
105173 194809
105211 194771
105253 194729
105269 194713
105323 194659
105373 194609
105401 194581
105499 194483
105503 194479
105673 194309
105863 194119
105899 194083
105913 194069
106031 193951
106109 193873
106121 193861
106123 193859
106189 193793
106219 193763
106279 193703
106303 193679
106319 193663
106363 193619
106433 193549
106441 193541
106531 193451
106541 193441
106681 193301
106699 193283
106721 193261
106739 193243
106781 193201
106801 193181
106979 193003
107021 192961
107033 192949
107099 192883
107123 192859
107171 192811
107183 192799
107201 192781
107351 192631
107453 192529
107599 192383
107609 192373
107641 192341
107719 192263
107791 192191
108013 191969
108079 191903
108179 191803
108191 191791
108233 191749
108289 191693
108293 191689
108421 191561
108463 191519
108529 191453
108533 191449
108541 191441
108643 191339
108751 191231
108793 191189
108821 191161
108863 191119
108883 191099
108893 191089
108943 191039
108949 191033
108961 191021
109073 190909
109111 190871
109139 190843
109159 190823
109171 190811
109199 190783
109229 190753
109313 190669
109391 190591
109453 190529
109579 190403
109661 190321
109721 190261
109919 190063
110069 189913
110129 189853
110183 189799
110269 189713
110281 189701
110291 189691
110311 189671
110321 189661
110339 189643
110459 189523
110491 189491
110503 189479
110543 189439
110581 189401
110629 189353
110711 189271
110729 189253
110731 189251
110753 189229
110813 189169
110921 189061
110939 189043
111029 188953
111043 188939
111049 188933
111091 188891
111119 188863
111121 188861
111149 188833
111191 188791
111229 188753
111253 188729
111263 188719
111271 188711
111301 188681
111373 188609
111491 188491
111509 188473
111539 188443
111581 188401
111593 188389
111623 188359
111659 188323
111721 188261
111733 188249
111953 188029
112019 187963
112031 187951
112061 187921
112111 187871
112121 187861
112139 187843
112261 187721
112331 187651
112349 187633
112559 187423
112573 187409
112589 187393
112603 187379
112621 187361
112643 187339
112759 187223
112771 187211
112843 187139
112859 187123
112901 187081
112909 187073
112913 187069
112939 187043
112979 187003
113023 186959
113093 186889
113111 186871
113123 186859
113189 186793
113209 186773
113329 186653
113363 186619
113381 186601
113501 186481
113513 186469
113591 186391
113683 186299
113723 186259
113819 186163
113933 186049
113963 186019
113969 186013
113989 185993
114031 185951
114089 185893
114113 185869
114161 185821
114193 185789
114229 185753
114259 185723
114299 185683
114451 185531
114553 185429
114613 185369
114659 185323
114679 185303
114691 185291
114749 185233
114761 185221
114799 185183
114833 185149
114859 185123
114883 185099
114913 185069
115013 184969
115079 184903
115123 184859
115151 184831
115153 184829
115249 184733
115279 184703
115331 184651
115429 184553
115459 184523
115471 184511
115613 184369
115631 184351
115741 184241
115751 184231
115771 184211
115783 184199
115793 184189
115849 184133
115901 184081
115979 184003
116009 183973
116101 183881
116159 183823
116269 183713
116273 183709
116371 183611
116411 183571
116471 183511
116483 183499
116531 183451
116593 183389
116639 183343
116663 183319
116681 183301
116719 183263
116791 183191
116923 183059
116959 183023
117053 182929
117193 182789
117203 182779
117209 182773
117269 182713
117281 182701
117329 182653
117389 182593
117511 182471
117529 182453
117539 182443
117643 182339
117673 182309
117703 182279
117721 182261
117773 182209
117841 182141
117851 182131
117881 182101
117883 182099
117973 182009
118051 181931
118093 181889
118169 181813
118219 181763
118253 181729
118343 181639
118373 181609
118429 181553
118543 181439
118583 181399
118621 181361
118681 181301
118709 181273
118739 181243
118799 181183
118901 181081
119033 180949
119099 180883
119183 180799
119233 180749
119359 180623
119419 180563
119563 180419
119569 180413
119591 180391
119611 180371
119671 180311
119701 180281
119723 180259
119771 180211
119929 180053
119981 180001
119983 179999
119993 179989
120079 179903
120163 179819
120181 179801
120233 179749
120293 179689
120331 179651
120349 179633
120391 179591
120401 179581
120503 179479
120511 179471
120661 179321
120713 179269
120721 179261
120739 179243
120749 179233
120779 179203
120863 179119
120871 179111
120899 179083
120941 179041
121061 178921
121123 178859
121151 178831
121169 178813
121189 178793
121229 178753
121291 178691
121343 178639
121369 178613
121379 178603
121421 178561
121469 178513
121493 178489
121501 178481
121579 178403
121621 178361
121631 178351
121633 178349
121721 178261
121889 178093
122029 177953
122033 177949
122039 177943
122053 177929
122069 177913
122099 177883
122219 177763
122393 177589
122443 177539
122449 177533
122471 177511
122489 177493
122501 177481
122509 177473
122561 177421
122599 177383
122663 177319
122743 177239
122869 177113
122891 177091
122939 177043
122963 177019
122971 177011
123031 176951
123049 176933
123059 176923
123083 176899
123191 176791
123203 176779
123229 176753
123269 176713
123341 176641
123373 176609
123433 176549
123479 176503
123493 176489
123551 176431
123581 176401
123593 176389
123653 176329
123661 176321
123791 176191
123803 176179
123821 176161
123829 176153
123853 176129
123931 176051
123941 176041
123989 175993
124021 175961
124123 175859
124139 175843
124153 175829
124171 175811
124199 175783
124291 175691
124309 175673
124349 175633
124351 175631
124459 175523
124489 175493
124529 175453
124633 175349
124673 175309
124679 175303
124721 175261
124753 175229
124771 175211
124853 175129
124979 175003
124991 174991
125053 174929
125131 174851
125183 174799
125219 174763
125221 174761
125261 174721
125303 174679
125329 174653
125383 174599
125399 174583
125539 174443
125551 174431
125651 174331
125683 174299
125693 174289
125813 174169
125921 174061
125933 174049
125963 174019
126001 173981
126013 173969
126131 173851
126143 173839
126199 173783
126241 173741
126311 173671
126323 173659
126421 173561
126433 173549
126443 173539
126481 173501
126491 173491
126499 173483
126551 173431
126691 173291
126719 173263
126733 173249
126923 173059
126943 173039
126961 173021
126989 172993
127123 172859
127133 172849
127241 172741
127261 172721
127301 172681
127363 172619
127399 172583
127493 172489
127541 172441
127549 172433
127583 172399
127609 172373
127669 172313
127703 172279
127739 172243
127763 172219
127913 172069
127951 172031
127973 172009
128053 171929
128113 171869
128119 171863
128159 171823
128189 171793
128221 171761
128311 171671
128341 171641
128399 171583
128411 171571
128509 171473
128599 171383
128683 171299
128749 171233
128813 171169
128819 171163
128879 171103
128903 171079
128939 171043
128959 171023
129011 170971
129061 170921
129083 170899
129169 170813
129209 170773
129221 170761
129223 170759
129281 170701
129293 170689
129313 170669
129341 170641
129379 170603
129403 170579
129443 170539
129499 170483
129509 170473
129589 170393
129593 170389
129629 170353
129631 170351
129641 170341
129719 170263
129733 170249
129769 170213
129793 170189
129803 170179
129841 170141
129901 170081
129919 170063
129953 170029
130069 169913
130073 169909
130199 169783
130343 169639
130349 169633
130399 169583
130489 169493
130621 169361
130639 169343
130643 169339
130699 169283
130783 169199
130973 169009
131113 168869
131213 168769
131221 168761
131251 168731
131381 168601
131441 168541
131449 168533
131501 168481
131519 168463
131591 168391
131701 168281
131713 168269
131771 168211
131839 168143
131893 168089
131899 168083
131939 168043
131959 168023
131969 168013
132071 167911
132103 167879
132109 167873
132173 167809
132299 167683
132361 167621
132371 167611
132439 167543
132491 167491
132499 167483
132511 167471
132533 167449
132541 167441
132589 167393
132721 167261
132761 167221
132833 167149
132863 167119
132911 167071
132949 167033
132961 167021
133033 166949
133051 166931
133073 166909
133121 166861
133183 166799
133201 166781
133241 166741
133279 166703
133303 166679
133351 166631
133379 166603
133583 166399
133631 166351
133633 166349
133709 166273
133723 166259
133813 166169
133831 166151
133919 166063
133999 165983
134081 165901
134153 165829
134171 165811
134263 165719
134269 165713
134371 165611
134471 165511
134503 165479
134513 165469
134591 165391
134639 165343
134669 165313
134753 165229
134923 165059
135019 164963
135029 164953
135089 164893
135101 164881
135151 164831
135173 164809
135193 164789
135211 164771
135281 164701
135319 164663
135329 164653
135469 164513
135479 164503
135511 164471
135533 164449
135661 164321
135731 164251
135743 164239
135781 164201
135799 164183
135893 164089
135911 164071
136099 163883
136111 163871
136163 163819
136193 163789
136303 163679
136309 163673
136361 163621
136421 163561
136501 163481
136573 163409
136733 163249
136739 163243
136811 163171
136813 163169
136963 163019
136979 163003
136993 162989
137143 162839
137153 162829
137191 162791
137251 162731
137273 162709
137279 162703
137341 162641
137353 162629
137359 162623
137453 162529
137483 162499
137593 162389
137623 162359
137639 162343
137713 162269
137873 162109
137983 161999
137999 161983
138059 161923
138071 161911
138101 161881
138113 161869
138143 161839
138209 161773
138239 161743
138241 161741
138251 161731
138323 161659
138371 161611
138451 161531
138461 161521
138511 161471
138571 161411
138641 161341
138679 161303
138841 161141
138889 161093
138923 161059
139079 160903
139121 160861
139169 160813
139201 160781
139273 160709
139301 160681
139313 160669
139333 160649
139343 160639
139361 160621
139429 160553
139483 160499
139501 160481
139609 160373
139663 160319
139729 160253
139739 160243
139813 160169
139891 160091
139901 160081
139981 160001
140071 159911
140111 159871
140143 159839
140171 159811
140191 159791
140281 159701
140351 159631
140411 159571
140419 159563
140443 159539
140551 159431
140593 159389
140663 159319
140689 159293
140759 159223
140773 159209
140813 159169
140863 159119
140869 159113
140909 159073
140989 158993
141023 158959
141041 158941
141073 158909
141101 158881
141179 158803
141221 158761
141223 158759
141233 158749
141283 158699
141319 158663
141371 158611
141539 158443
141619 158363
141623 158359
141653 158329
141679 158303
141689 158293
141773 158209
141793 158189
141853 158129
141991 157991
142031 157951
142049 157933
142151 157831
142159 157823
142169 157813
142183 157799
142189 157793
142211 157771
142403 157579
142421 157561
142469 157513
142553 157429
142589 157393
142619 157363
142711 157271
142771 157211
142841 157141
142873 157109
142963 157019
142969 157013
143141 156841
143159 156823
143249 156733
143263 156719
143291 156691
143443 156539
143461 156521
143489 156493
143629 156353
143653 156329
143729 156253
143831 156151
143873 156109
143971 156011
144061 155921
144161 155821
144173 155809
144241 155741
144259 155723
144289 155693
144311 155671
144383 155599
144413 155569
144461 155521
144481 155501
144539 155443
144569 155413
144583 155399
144611 155371
144731 155251
144751 155231
144763 155219
144773 155209
144779 155203
144791 155191
144829 155153
144899 155083
144973 155009
145109 154873
145133 154849
145193 154789
145213 154769
145259 154723
145283 154699
145361 154621
145391 154591
145459 154523
145543 154439
145643 154339
145661 154321
145679 154303
145703 154279
145753 154229
145771 154211
145799 154183
145823 154159
145829 154153
145903 154079
145991 153991
146033 153949
146093 153889
146141 153841
146239 153743
146249 153733
146359 153623
146449 153533
146513 153469
146539 153443
146603 153379
146639 153343
146669 153313
146701 153281
146849 153133
146893 153089
146989 152993
147029 152953
147073 152909
147083 152899
147139 152843
147163 152819
147229 152753
147253 152729
147311 152671
147341 152641
147353 152629
147419 152563
147449 152533
147451 152531
147481 152501
147541 152441
147671 152311
147689 152293
147743 152239
147769 152213
147779 152203
147793 152189
147799 152183
147859 152123
147919 152063
148013 151969
148073 151909
148079 151903
148199 151783
148249 151733
148279 151703
148301 151681
148331 151651
148339 151643
148403 151579
148429 151553
148483 151499
148531 151451
148549 151433
148639 151343
148693 151289
148781 151201
148793 151189
148829 151153
148861 151121
148891 151091
148931 151051
148933 151049
148991 150991
149021 150961
149053 150929
149099 150883
149101 150881
149113 150869
149213 150769
149239 150743
149323 150659
149333 150649
149371 150611
149393 150589
149399 150583
149411 150571
149423 150559
149459 150523
149543 150439
149551 150431
149603 150379
149759 150223
149771 150211
149893 150089
149899 150083
149921 150061
149971 150011
