3915
7 299993
17 299983
23 299977
31 299969
59 299941
67 299933
97 299903
109 299891
139 299861
157 299843
193 299807
223 299777
229 299771
251 299749
257 299743
269 299731
277 299723
317 299683
347 299653
383 299617
397 299603
431 299569
433 299567
461 299539
479 299521
487 299513
499 299501
521 299479
523 299477
599 299401
607 299393
641 299359
643 299357
683 299317
719 299281
739 299261
761 299239
787 299213
809 299191
821 299179
829 299171
853 299147
863 299137
887 299113
937 299063
941 299059
947 299053
971 299029
983 299017
1063 298937
1103 298897
1153 298847
1181 298819
1201 298799
1223 298777
1277 298723
1291 298709
1307 298693
1319 298681
1321 298679
1399 298601
1487 298513
1523 298477
1549 298451
1601 298399
1627 298373
1657 298343
1693 298307
1697 298303
1753 298247
1777 298223
1787 298213
1789 298211
1831 298169
1847 298153
1901 298099
1907 298093
1913 298087
1951 298049
1979 298021
1987 298013
2011 297989
2029 297971
2069 297931
2089 297911
2111 297889
2203 297797
2207 297793
2221 297779
2243 297757
2273 297727
2281 297719
2293 297707
2309 297691
2341 297659
2371 297629
2377 297623
2383 297617
2393 297607
2399 297601
2411 297589
2467 297533
2477 297523
2531 297469
2543 297457
2579 297421
2609 297391
2683 297317
2711 297289
2749 297251
2753 297247
2767 297233
2887 297113
2903 297097
2917 297083
2939 297061
3019 296981
3079 296921
3089 296911
3167 296833
3169 296831
3181 296819
3203 296797
3229 296771
3251 296749
3259 296741
3271 296729
3307 296693
3313 296687
3331 296669
3373 296627
3413 296587
3449 296551
3491 296509
3511 296489
3527 296473
3559 296441
3623 296377
3631 296369
3637 296363
3701 296299
3727 296273
3779 296221
3863 296137
3917 296083
3929 296071
3989 296011
4007 295993
4027 295973
4049 295951
4051 295949
4057 295943
4091 295909
4099 295901
4127 295873
4129 295871
4139 295861
4153 295847
4157 295843
4231 295769
4241 295759
4273 295727
4297 295703
4337 295663
4409 295591
4447 295553
4483 295517
4561 295439
4567 295433
4583 295417
4637 295363
4643 295357
4723 295277
4729 295271
4799 295201
4801 295199
4813 295187
4871 295129
4877 295123
4889 295111
4919 295081
4951 295049
4967 295033
4993 295007
5003 294997
5009 294991
5011 294989
5021 294979
5051 294949
5077 294923
5081 294919
5107 294893
5113 294887
5171 294829
5179 294821
5197 294803
5227 294773
5297 294703
5351 294649
5437 294563
5449 294551
5471 294529
5477 294523
5501 294499
5521 294479
5569 294431
5647 294353
5653 294347
5659 294341
5683 294317
5689 294311
5711 294289
5749 294251
5801 294199
5821 294179
5843 294157
5851 294149
5869 294131
5897 294103
5987 294013
6011 293989
6043 293957
6101 293899
6173 293827
6197 293803
6271 293729
6277 293723
6299 293701
6323 293677
6361 293639
6367 293633
6379 293621
6397 293603
6547 293453
6569 293431
6661 293339
6689 293311
6737 293263
6779 293221
6793 293207
6823 293177
6827 293173
6871 293129
6907 293093
7027 292973
7079 292921
7121 292879
7151 292849
7159 292841
7193 292807
7207 292793
7247 292753
7283 292717
7297 292703
7307 292693
7321 292679
7333 292667
7369 292631
7451 292549
7459 292541
7507 292493
7517 292483
7523 292477
7529 292471
7541 292459
7559 292441
7573 292427
7607 292393
7649 292351
7681 292319
7691 292309
7699 292301
7717 292283
7759 292241
7817 292183
7853 292147
7867 292133
7907 292093
7919 292081
7963 292037
8017 291983
8101 291899
8123 291877
8147 291853
8167 291833
8171 291829
8209 291791
8221 291779
8273 291727
8311 291689
8353 291647
8431 291569
8461 291539
8543 291457
8563 291437
8581 291419
8623 291377
8627 291373
8629 291371
8641 291359
8663 291337
8669 291331
8707 291293
8713 291287
8747 291253
8783 291217
8831 291169
8887 291113
8893 291107
8923 291077
8963 291037
9001 290999
9007 290993
9013 290987
9029 290971
9041 290959
9103 290897
9161 290839
9173 290827
9209 290791
9239 290761
9293 290707
9323 290677
9337 290663
9341 290659
9343 290657
9377 290623
9403 290597
9461 290539
9467 290533
9473 290527
9491 290509
9511 290489
9601 290399
9631 290369
9649 290351
9767 290233
9781 290219
9791 290209
9811 290189
9817 290183
9839 290161
9859 290141
9887 290113
9967 290033
9973 290027
10103 289897
10111 289889
10141 289859
10159 289841
10163 289837
10211 289789
10259 289741
10267 289733
10273 289727
10331 289669
10343 289657
10357 289643
10427 289573
10457 289543
10531 289469
10631 289369
10639 289361
10651 289349
10657 289343
10691 289309
10709 289291
10831 289169
10859 289141
10861 289139
10889 289111
10891 289109
10937 289063
10979 289021
11003 288997
11027 288973
11069 288931
11071 288929
11087 288913
11093 288907
11149 288851
11161 288839
11177 288823
11197 288803
11311 288689
11317 288683
11321 288679
11351 288649
11353 288647
11423 288577
11471 288529
11519 288481
11587 288413
11597 288403
11617 288383
11717 288283
11743 288257
11801 288199
11821 288179
11863 288137
11923 288077
11939 288061
12113 287887
12143 287857
12149 287851
12211 287789
12253 287747
12269 287731
12329 287671
12421 287579
12451 287549
12497 287503
12613 287387
12653 287347
12659 287341
12703 287297
12721 287279
12743 287257
12763 287237
12781 287219
12809 287191
12821 287179
12841 287159
12893 287107
12907 287093
12941 287059
12953 287047
13001 286999
13127 286873
13187 286813
13229 286771
13249 286751
13267 286733
13297 286703
13313 286687
13327 286673
13367 286633
13381 286619
13411 286589
13457 286543
13487 286513
13513 286487
13523 286477
13619 286381
13633 286367
13711 286289
13751 286249
13757 286243
13829 286171
13999 286001
14051 285949
14159 285841
14173 285827
14177 285823
14243 285757
14251 285749
14293 285707
14303 285697
14327 285673
14369 285631
14387 285613
14389 285611
14401 285599
14431 285569
14447 285553
14461 285539
14479 285521
14503 285497
14537 285463
14543 285457
14549 285451
14657 285343
14683 285317
14699 285301
14713 285287
14717 285283
14779 285221
14821 285179
14879 285121
14887 285113
14929 285071
14951 285049
14969 285031
15031 284969
15073 284927
15083 284917
15101 284899
15161 284839
15187 284813
15193 284807
15217 284783
15241 284759
15259 284741
15263 284737
15269 284731
15271 284729
15277 284723
15299 284701
15319 284681
15349 284651
15377 284623
15413 284587
15427 284573
15439 284561
15461 284539
15473 284527
15493 284507
15511 284489
15643 284357
15731 284269
15733 284267
15739 284261
15767 284233
15773 284227
15809 284191
15889 284111
15907 284093
15959 284041
16063 283937
16091 283909
16127 283873
16139 283861
16141 283859
16183 283817
16187 283813
16193 283807
16229 283771
16231 283769
16361 283639
16363 283637
16369 283631
16417 283583
16421 283579
16427 283573
16447 283553
16481 283519
16553 283447
16603 283397
16631 283369
16879 283121
16883 283117
16889 283111
16901 283099
16903 283097
16921 283079
16993 283007
17027 282973
17041 282959
17093 282907
17167 282833
17191 282809
17203 282797
17231 282769
17293 282707
17317 282683
17321 282679
17383 282617
17401 282599
17519 282481
17539 282461
17573 282427
17609 282391
17623 282377
17713 282287
17747 282253
17761 282239
17903 282097
17909 282091
17911 282089
17929 282071
17981 282019
17989 282011
18041 281959
18077 281923
18133 281867
18143 281857
18217 281783
18223 281777
18233 281767
18253 281747
18353 281647
18379 281621
18443 281557
18451 281549
18461 281539
18637 281363
18661 281339
18679 281321
18749 281251
18757 281243
18773 281227
18793 281207
18869 281131
18919 281081
18947 281053
19037 280963
19051 280949
19073 280927
19079 280921
19087 280913
19121 280879
19141 280859
19157 280843
19163 280837
19183 280817
19231 280769
19249 280751
19289 280711
19301 280699
19319 280681
19373 280627
19387 280613
19403 280597
19417 280583
19463 280537
19501 280499
19661 280339
19697 280303
19751 280249
19777 280223
19793 280207
19801 280199
19813 280187
19861 280139
19963 280037
19991 280009
20023 279977
20051 279949
20117 279883
20143 279857
20177 279823
20183 279817
20233 279767
20249 279751
20269 279731
20341 279659
20359 279641
20393 279607
20407 279593
20443 279557
20477 279523
20521 279479
20549 279451
20593 279407
20663 279337
20731 279269
20789 279211
20857 279143
20873 279127
20879 279121
21019 278981
21089 278911
21121 278879
21157 278843
21187 278813
21191 278809
21193 278807
21247 278753
21283 278717
21313 278687
21377 278623
21383 278617
21391 278609
21419 278581
21499 278501
21503 278497
21521 278479
21563 278437
21587 278413
21613 278387
21647 278353
21739 278261
21767 278233
21773 278227
21851 278149
21881 278119
21929 278071
21937 278063
22039 277961
22109 277891
22111 277889
22153 277847
22171 277829
22259 277741
22343 277657
22397 277603
22433 277567
22453 277547
22469 277531
22501 277499
22571 277429
22573 277427
22637 277363
22669 277331
22691 277309
22699 277301
22721 277279
22727 277273
22739 277261
22741 277259
22769 277231
22777 277223
22783 277217
22787 277213
22817 277183
22901 277099
22937 277063
22993 277007
23039 276961
23071 276929
23081 276919
23099 276901
23117 276883
23131 276869
23167 276833
23173 276827
23279 276721
23293 276707
23327 276673
23371 276629
23447 276553
23473 276527
23497 276503
23539 276461
23557 276443
23561 276439
23599 276401
23627 276373
23629 276371
23663 276337
23677 276323
23743 276257
23753 276247
23761 276239
23813 276187
23819 276181
23827 276173
23887 276113
23909 276091
23917 276083
23957 276043
23981 276019
23993 276007
24001 275999
24019 275981
24061 275939
24071 275929
24077 275923
24083 275917
24103 275897
24281 275719
24359 275641
24407 275593
24419 275581
24421 275579
24469 275531
24509 275491
24547 275453
24551 275449
24611 275389
24677 275323
24691 275309
24749 275251
24793 275207
24799 275201
24841 275159
24847 275153
24917 275083
24953 275047
25057 274943
25111 274889
25147 274853
25153 274847
25163 274837
25169 274831
25171 274829
25183 274817
25189 274811
25261 274739
25303 274697
25307 274693
25321 274679
25339 274661
25373 274627
25391 274609
25409 274591
25471 274529
25577 274423
25639 274361
25643 274357
25667 274333
25717 274283
25741 274259
25763 274237
25799 274201
25801 274199
25919 274081
25931 274069
25939 274061
25981 274019
26003 273997
26021 273979
26029 273971
26099 273901
26119 273881
26203 273797
26227 273773
26261 273739
26347 273653
26357 273643
26371 273629
26387 273613
26399 273601
26431 273569
26449 273551
26479 273521
26497 273503
26633 273367
26641 273359
26687 273313
26711 273289
26717 273283
26729 273271
26731 273269
26813 273187
26893 273107
26927 273073
26953 273047
27011 272989
27017 272983
27067 272933
27073 272927
27191 272809
27239 272761
27241 272759
27281 272719
27283 272717
27397 272603
27437 272563
27551 272449
27583 272417
27617 272383
27631 272369
27647 272353
27653 272347
27701 272299
27733 272267
27737 272263
27743 272257
27751 272249
27773 272227
27799 272201
27809 272191
27817 272183
27941 272059
27947 272053
27961 272039
27997 272003
28019 271981
28031 271969
28081 271919
28097 271903
28151 271849
28229 271771
28277 271723
28297 271703
28307 271693
28349 271651
28403 271597
28429 271571
28447 271553
28499 271501
28517 271483
28537 271463
28549 271451
28571 271429
28591 271409
28607 271393
28643 271357
28649 271351
28711 271289
28723 271277
28759 271241
28789 271211
28837 271163
28871 271129
28921 271079
28933 271067
28979 271021
29027 270973
29033 270967
29063 270937
29077 270923
29101 270899
29167 270833
29179 270821
29201 270799
29209 270791
29251 270749
29311 270689
29333 270667
29347 270653
29399 270601
29423 270577
29437 270563
29453 270547
29473 270527
29537 270463
29629 270371
29663 270337
29671 270329
29759 270241
29761 270239
29833 270167
29837 270163
29867 270133
29879 270121
29927 270073
30013 269987
30047 269953
30103 269897
30109 269891
30113 269887
30259 269741
30403 269597
30427 269573
30539 269461
30559 269441
30649 269351
30763 269237
30781 269219
30817 269183
30859 269141
30869 269131
30911 269089
30931 269069
30937 269063
30971 269029
30977 269023
31063 268937
31079 268921
31091 268909
31139 268861
31159 268841
31177 268823
31181 268819
31183 268817
31189 268811
31219 268781
31223 268777
31253 268747
31267 268733
31271 268729
31307 268693
31357 268643
31387 268613
31393 268607
31469 268531
31481 268519
31513 268487
31541 268459
31657 268343
31729 268271
31793 268207
31847 268153
31957 268043
32059 267941
32099 267901
32143 267857
32189 267811
32203 267797
32237 267763
32251 267749
32261 267739
32321 267679
32323 267677
32353 267647
32363 267637
32371 267629
32413 267587
32443 267557
32479 267521
32503 267497
32507 267493
32531 267469
32561 267439
32569 267431
32587 267413
32609 267391
32611 267389
32647 267353
32693 267307
32771 267229
32783 267217
32797 267203
32801 267199
32833 267167
32869 267131
32983 267017
33023 266977
33029 266971
33053 266947
33073 266927
33091 266909
33161 266839
33179 266821
33199 266801
33203 266797
33289 266711
33311 266689
33317 266683
33329 266671
33353 266647
33359 266641
33413 266587
33479 266521
33521 266479
33589 266411
33599 266401
33619 266381
33641 266359
33647 266353
33703 266297
33739 266261
33863 266137
33871 266129
33889 266111
33911 266089
33941 266059
33997 266003
34039 265961
34127 265873
34129 265871
34159 265841
34213 265787
34253 265747
34261 265739
34283 265717
34297 265703
34381 265619
34421 265579
34429 265571
34439 265561
34457 265543
34487 265513
34549 265451
34583 265417
34667 265333
34687 265313
34729 265271
34739 265261
34759 265241
34807 265193
34843 265157
34849 265151
34871 265129
34877 265123
34883 265117
34963 265037
35023 264977
35051 264949
35069 264931
35081 264919
35107 264893
35111 264889
35129 264871
35171 264829
35221 264779
35251 264749
35257 264743
35363 264637
35381 264619
35401 264599
35419 264581
35423 264577
35447 264553
35537 264463
35597 264403
35677 264323
35731 264269
35831 264169
35863 264137
35899 264101
35969 264031
35993 264007
36017 263983
36067 263933
36073 263927
36131 263869
36137 263863
36151 263849
36241 263759
36263 263737
36277 263723
36343 263657
36353 263647
36389 263611
36433 263567
36467 263533
36479 263521
36497 263503
36563 263437
36571 263429
36599 263401
36677 263323
36697 263303
36713 263287
36761 263239
36787 263213
36791 263209
36809 263191
36833 263167
36871 263129
36899 263101
36923 263077
36929 263071
37019 262981
37117 262883
37123 262877
37181 262819
37217 262783
37253 262747
37277 262723
37307 262693
37357 262643
37379 262621
37447 262553
37489 262511
37511 262489
37567 262433
37589 262411
37649 262351
37663 262337
37747 262253
37783 262217
37813 262187
37847 262153
37853 262147
37861 262139
37879 262121
37889 262111
37897 262103
37951 262049
37993 262007
38083 261917
38113 261887
38119 261881
38153 261847
38177 261823
38201 261799
38239 261761
38261 261739
38287 261713
38303 261697
38327 261673
38561 261439
38567 261433
38569 261431
38593 261407
38611 261389
38653 261347
38671 261329
38677 261323
38699 261301
38729 261271
38749 261251
38833 261167
38873 261127
38923 261077
39041 260959
39079 260921
39107 260893
39139 260861
39191 260809
39209 260791
39227 260773
39239 260761
39323 260677
39371 260629
39419 260581
39451 260549
39461 260539
39511 260489
39581 260419
39671 260329
39769 260231
39791 260209
39799 260201
39821 260179
39829 260171
39863 260137
39953 260047
39983 260017
39989 260011
40009 259991
40063 259937
40093 259907
40163 259837
40177 259823
40277 259723
40283 259717
40343 259657
40357 259643
40361 259639
40423 259577
40483 259517
40493 259507
40771 259229
40787 259213
40823 259177
40841 259159
40849 259151
40879 259121
41017 258983
41023 258977
41051 258949
41081 258919
41113 258887
41213 258787
41221 258779
41257 258743
41263 258737
41341 258659
41387 258613
41389 258611
41479 258521
41513 258487
41579 258421
41593 258407
41597 258403
41611 258389
41627 258373
41647 258353
41669 258331
41681 258319
41759 258241
41843 258157
41887 258113
41893 258107
41969 258031
41981 258019
42013 257987
42019 257981
42131 257869
42139 257861
42209 257791
42283 257717
42293 257707
42373 257627
42409 257591
42461 257539
42499 257501
42557 257443
42649 257351
42689 257311
42703 257297
42719 257281
42727 257273
42737 257263
42751 257249
42829 257171
42839 257161
42859 257141
42901 257099
42923 257077
43019 256981
43201 256799
43313 256687
43391 256609
43397 256603
43411 256589
43517 256483
43577 256423
43607 256393
43609 256391
43651 256349
43721 256279
43781 256219
43789 256211
43801 256199
43853 256147
43867 256133
43943 256057
43951 256049
43969 256031
44027 255973
44029 255971
44053 255947
44123 255877
44131 255869
44159 255841
44257 255743
44267 255733
44351 255649
44383 255617
44449 255551
44483 255517
44497 255503
44501 255499
44531 255469
44533 255467
44543 255457
44587 255413
44617 255383
44651 255349
44687 255313
44741 255259
44753 255247
44809 255191
44819 255181
44851 255149
44867 255133
44879 255121
44893 255107
44917 255083
45007 254993
45013 254987
45121 254879
45127 254873
45131 254869
45197 254803
45247 254753
45259 254741
45337 254663
45341 254659
45377 254623
45481 254519
45553 254447
45587 254413
45631 254369
45751 254249
45821 254179
45853 254147
45953 254047
45959 254041
45979 254021
46049 253951
46051 253949
46091 253909
46093 253907
46099 253901
46133 253867
46147 253853
46181 253819
46199 253801
46237 253763
46349 253651
46399 253601
46447 253553
46457 253543
46499 253501
46507 253493
46567 253433
46573 253427
46619 253381
46633 253367
46639 253361
46679 253321
46727 253273
46757 253243
46771 253229
46867 253133
46919 253081
46997 253003
47017 252983
47051 252949
47087 252913
47119 252881
47123 252877
47221 252779
47269 252731
47287 252713
47309 252691
47389 252611
47417 252583
47441 252559
47459 252541
47491 252509
47543 252457
47569 252431
47581 252419
47591 252409
47599 252401
47609 252391
47659 252341
47681 252319
47711 252289
47717 252283
47777 252223
47791 252209
47807 252193
47819 252181
47837 252163
47843 252157
47857 252143
47963 252037
48017 251983
48029 251971
48121 251879
48157 251843
48239 251761
48299 251701
48337 251663
48473 251527
48481 251519
48487 251513
48523 251477
48527 251473
48533 251467
48563 251437
48571 251429
48647 251353
48677 251323
48767 251233
48779 251221
48781 251219
48799 251201
48809 251191
48821 251179
48823 251177
48857 251143
48883 251117
49031 250969
49033 250967
49037 250963
49081 250919
49171 250829
49193 250807
49201 250799
49207 250793
49223 250777
49261 250739
49279 250721
49297 250703
49307 250693
49417 250583
49499 250501
49549 250451
49559 250441
49597 250403
49639 250361
49741 250259
49747 250253
49801 250199
49831 250169
49853 250147
49877 250123
49891 250109
49927 250073
49943 250057
49957 250043
49993 250007
50033 249967
50053 249947
50077 249923
50119 249881
50129 249871
50147 249853
50221 249779
50263 249737
50273 249727
50329 249671
50341 249659
50411 249589
50417 249583
50459 249541
50461 249539
50497 249503
50503 249497
50551 249449
50581 249419
50671 249329
50683 249317
50767 249233
50789 249211
50857 249143
50867 249133
50873 249127
50893 249107
51109 248891
51131 248869
51133 248867
51203 248797
51217 248783
51263 248737
51343 248657
51361 248639
51407 248593
51413 248587
51421 248579
51431 248569
51517 248483
51539 248461
51593 248407
51599 248401
51683 248317
51691 248309
51769 248231
51797 248203
51839 248161
51859 248141
51929 248071
51949 248051
52009 247991
52057 247943
52121 247879
52127 247873
52147 247853
52153 247847
52189 247811
52201 247799
52289 247711
52387 247613
52391 247609
52453 247547
52561 247439
52567 247433
52579 247421
52609 247391
52631 247369
52691 247309
52721 247279
52807 247193
52817 247183
52859 247141
52901 247099
52999 247001
53069 246931
53077 246923
53087 246913
53093 246907
53101 246899
53161 246839
53189 246811
53197 246803
53231 246769
53269 246731
53359 246641
53401 246599
53503 246497
53527 246473
53597 246403
53609 246391
53629 246371
53639 246361
53657 246343
53681 246319
53759 246241
53777 246223
53783 246217
53791 246209
53813 246187
53849 246151
53881 246119
53927 246073
53951 246049
54011 245989
54037 245963
54059 245941
54091 245909
54101 245899
54151 245849
54217 245783
54277 245723
54319 245681
54347 245653
54361 245639
54371 245629
54409 245591
54413 245587
54437 245563
54499 245501
54563 245437
54581 245419
54583 245417
54617 245383
54679 245321
54709 245291
54721 245279
54829 245171
54851 245149
54869 245131
54917 245083
55057 244943
55061 244939
55103 244897
55127 244873
55163 244837
55213 244787
55219 244781
55313 244687
55331 244669
55333 244667
55381 244619
55411 244589
55439 244561
55529 244471
55589 244411
55619 244381
55621 244379
55633 244367
55661 244339
55667 244333
55697 244303
55823 244177
55843 244157
55871 244129
55967 244033
55997 244003
56149 243851
56171 243829
56299 243701
56369 243631
56377 243623
56417 243583
56467 243533
56473 243527
56479 243521
56527 243473
56531 243469
56569 243431
56597 243403
56599 243401
56633 243367
56737 243263
56767 243233
56773 243227
56843 243157
56891 243109
56909 243091
56923 243077
56989 243011
57073 242927
57077 242923
57089 242911
57193 242807
57203 242797
57221 242779
57269 242731
57271 242729
57287 242713
57367 242633
57383 242617
57397 242603
57467 242533
57559 242441
57587 242413
57601 242399
57727 242273
57773 242227
57803 242197
57829 242171
57839 242161
57853 242147
57881 242119
57899 242101
57917 242083
57943 242057
57991 242009
58027 241973
58049 241951
58061 241939
58153 241847
58189 241811
58193 241807
58207 241793
58217 241783
58229 241771
58309 241691
58313 241687
58321 241679
58337 241663
58403 241597
58411 241589
58439 241561
58441 241559
58511 241489
58537 241463
58579 241421
58657 241343
58679 241321
58687 241313
58741 241259
58771 241229
58831 241169
58907 241093
58921 241079
58963 241037
59107 240893
59119 240881
59141 240859
59159 240841
59273 240727
59281 240719
59341 240659
59359 240641
59369 240631
59377 240623
59393 240607
59497 240503
59509 240491
59567 240433
59621 240379
59629 240371
59651 240349
59659 240341
59729 240271
59743 240257
59791 240209
59797 240203
59887 240113
59951 240049
59957 240043
60037 239963
60107 239893
60127 239873
60149 239851
60169 239831
60217 239783
60289 239711
60413 239587
60443 239557
60457 239543
60539 239461
60611 239389
60617 239383
60703 239297
60727 239273
60737 239263
60757 239243
60763 239237
60821 239179
60913 239087
60919 239081
61051 238949
61057 238943
61121 238879
61141 238859
61211 238789
61253 238747
61291 238709
61297 238703
61343 238657
61409 238591
61469 238531
61471 238529
61519 238481
61561 238439
61583 238417
61603 238397
61627 238373
61631 238369
61637 238363
61687 238313
61819 238181
61837 238163
61843 238157
61961 238039
61981 238019
61991 238009
62003 237997
62071 237929
62099 237901
62141 237859
62143 237857
62219 237781
62233 237767
62299 237701
62311 237689
62327 237673
62533 237467
62591 237409
62627 237373
62639 237361
62687 237313
62723 237277
62743 237257
62827 237173
62927 237073
62929 237071
62981 237019
62989 237011
63103 236897
63131 236869
63277 236723
63299 236701
63347 236653
63391 236609
63473 236527
63493 236507
63521 236479
63601 236399
63667 236333
63671 236329
63703 236297
63781 236219
63793 236207
63857 236143
63913 236087
64033 235967
64081 235919
64109 235891
64123 235877
64151 235849
64187 235813
64189 235811
64217 235783
64301 235699
64327 235673
64399 235601
64553 235447
64663 235337
64693 235307
64901 235099
64997 235003
65011 234989
65033 234967
65053 234947
65167 234833
65257 234743
65267 234733
65287 234713
65327 234673
65371 234629
65413 234587
65537 234463
65539 234461
65543 234457
65617 234383
65657 234343
65677 234323
65707 234293
65713 234287
65719 234281
65729 234271
65761 234239
65789 234211
65809 234191
65839 234161
65851 234149
65957 234043
65993 234007
66083 233917
66089 233911
66337 233663
66359 233641
66383 233617
66449 233551
66491 233509
66523 233477
66593 233407
66629 233371
66643 233357
66653 233347
66721 233279
66733 233267
66749 233251
66841 233159
66883 233117
66931 233069
67129 232871
67139 232861
67153 232847
67181 232819
67189 232811
67247 232753
67289 232711
67409 232591
67429 232571
67433 232567
67477 232523
67567 232433
67589 232411
67619 232381
67741 232259
67783 232217
67829 232171
67883 232117
67891 232109
67927 232073
67987 232013
67993 232007
68053 231947
68099 231901
68141 231859
68161 231839
68281 231719
68389 231611
68437 231563
68449 231551
68507 231493
68521 231479
68539 231461
68567 231433
68581 231419
68633 231367
68669 231331
68683 231317
68711 231289
68729 231271
68777 231223
68891 231109
68947 231053
69001 230999
69031 230969
69061 230939
69067 230933
69109 230891
69127 230873
69151 230849
69193 230807
69221 230779
69233 230767
69239 230761
69257 230743
69317 230683
69337 230663
69389 230611
69403 230597
69439 230561
69493 230507
69499 230501
69661 230339
69691 230309
69697 230303
69709 230291
69761 230239
69767 230233
69779 230221
69857 230143
69877 230123
69899 230101
69911 230089
69941 230059
69997 230003
70019 229981
70039 229961
70051 229949
70061 229939
70163 229837
70181 229819
70201 229799
70223 229777
70229 229771
70237 229763
70241 229759
70249 229751
70289 229711
70297 229703
70373 229627
70439 229561
70451 229549
70481 229519
70501 229499
70607 229393
70627 229373
70657 229343
70717 229283
70753 229247
70783 229217
70843 229157
70867 229133
70877 229123
70919 229081
70997 229003
71011 228989
71039 228961
71089 228911
71119 228881
71147 228853
71153 228847
71171 228829
71249 228751
71263 228737
71287 228713
71293 228707
71353 228647
71363 228637
71389 228611
71399 228601
71413 228587
71419 228581
71479 228521
71483 228517
71549 228451
71647 228353
71663 228337
71693 228307
71699 228301
71719 228281
71777 228223
71789 228211
71861 228139
71887 228113
71987 228013
72053 227947
72173 227827
72211 227789
72271 227729
72307 227693
72337 227663
72431 227569
72467 227533
72469 227531
72481 227519
72503 227497
72533 227467
72547 227453
72613 227387
72623 227377
72701 227299
72719 227281
72733 227267
72767 227233
72823 227177
72869 227131
72889 227111
72907 227093
72911 227089
72973 227027
73009 226991
73063 226937
73181 226819
73259 226741
73303 226697
73309 226691
73331 226669
73351 226649
73363 226637
73369 226631
73379 226621
73453 226547
73517 226483
73547 226453
73643 226357
73693 226307
73783 226217
73859 226141
73867 226133
73877 226123
73897 226103
73973 226027
73999 226001
74017 225983
74051 225949
74161 225839
74219 225781
74231 225769
74279 225721
74311 225689
74317 225683
74363 225637
74381 225619
74419 225581
74471 225529
74507 225493
74521 225479
74573 225427
74653 225347
74713 225287
74759 225241
74779 225221
74843 225157
74857 225143
74891 225109
74923 225077
74933 225067
75079 224921
75109 224891
75169 224831
75289 224711
75323 224677
75367 224633
75389 224611
75431 224569
75437 224563
75527 224473
75533 224467
75539 224461
75557 224443
75571 224429
75577 224423
75641 224359
75683 224317
75709 224291
75767 224233
75869 224131
75931 224069
75967 224033
75989 224011
76001 223999
76031 223969
76079 223921
76081 223919
76157 223843
76159 223841
76163 223837
76243 223757
76253 223747
76289 223711
76303 223697
76333 223667
76367 223633
76379 223621
76423 223577
76471 223529
76493 223507
76507 223493
76519 223481
76537 223463
76561 223439
76597 223403
76697 223303
76717 223283
76753 223247
76757 223243
76771 223229
76781 223219
76871 223129
76913 223087
76949 223051
76963 223037
76991 223009
77023 222977
77047 222953
77069 222931
77081 222919
77137 222863
77201 222799
77213 222787
77269 222731
77447 222553
77489 222511
77563 222437
77611 222389
77621 222379
77689 222311
77711 222289
77731 222269
77801 222199
77839 222161
77849 222151
77863 222137
77893 222107
77933 222067
77977 222023
78049 221951
78059 221941
78173 221827
78193 221807
78203 221797
78277 221723
78283 221717
78341 221659
78347 221653
78511 221489
78539 221461
78553 221447
78607 221393
78697 221303
78781 221219
78791 221209
78797 221203
78803 221197
78929 221071
78941 221059
78979 221021
79103 220897
79111 220889
79139 220861
79159 220841
79193 220807
79229 220771
79279 220721
79301 220699
79319 220681
79333 220667
79337 220663
79411 220589
79427 220573
79531 220469
79579 220421
79589 220411
79601 220399
79609 220391
79627 220373
79631 220369
79693 220307
79699 220301
79757 220243
79811 220189
79823 220177
79943 220057
79979 220021
79987 220013
80021 219979
80111 219889
80149 219851
80153 219847
80177 219823
80191 219809
80233 219767
80239 219761
80251 219749
80273 219727
80279 219721
80317 219683
80387 219613
80471 219529
80537 219463
80567 219433
80611 219389
80629 219371
80687 219313
80749 219251
80777 219223
80783 219217
80831 219169
80897 219103
80909 219091
80917 219083
80929 219071
81013 218987
81031 218969
81077 218923
81157 218843
81181 218819
81203 218797
81239 218761
81281 218719
81283 218717
81343 218657
81349 218651
81359 218641
81371 218629
81373 218627
81401 218599
81409 218591
81421 218579
81547 218453
81553 218447
81563 218437
81611 218389
81619 218381
81629 218371
81637 218363
81773 218227
81869 218131
81883 218117
81919 218081
81931 218069
81953 218047
82021 217979
82031 217969
82067 217933
82141 217859
82171 217829
82207 217793
82219 217781
82261 217739
82267 217733
82339 217661
82421 217579
82483 217517
82561 217439
82571 217429
82591 217409
82613 217387
82633 217367
82729 217271
82759 217241
82781 217219
82793 217207
82799 217201
82837 217163
82883 217117
82889 217111
82997 217003
83009 216991
83089 216911
83101 216899
83219 216781
83221 216779
83243 216757
83257 216743
83269 216731
83339 216661
83383 216617
83423 216577
83431 216569
83449 216551
83477 216523
83579 216421
83621 216379
83653 216347
83737 216263
83843 216157
83873 216127
83939 216061
84017 215983
84047 215953
84061 215939
84137 215863
84143 215857
84199 215801
84229 215771
84247 215753
84263 215737
84307 215693
84313 215687
84319 215681
84347 215653
84437 215563
84503 215497
84649 215351
84691 215309
84751 215249
84761 215239
84809 215191
84857 215143
84859 215141
84913 215087
85061 214939
85087 214913
85109 214891
85133 214867
85147 214853
85193 214807
85213 214787
85229 214771
85237 214763
85259 214741
85333 214667
85361 214639
85369 214631
85411 214589
85439 214561
85469 214531
85517 214483
85531 214469
85549 214451
85601 214399
85619 214381
85627 214373
85691 214309
85703 214297
85717 214283
85781 214219
85837 214163
85853 214147
85909 214091
85931 214069
85991 214009
86011 213989
86027 213973
86113 213887
86179 213821
86201 213799
86209 213791
86249 213751
86263 213737
86287 213713
86341 213659
86351 213649
86389 213611
86461 213539
86467 213533
86477 213523
86509 213491
86533 213467
86539 213461
86693 213307
86711 213289
86719 213281
86753 213247
86771 213229
86783 213217
86851 213149
86861 213139
86869 213131
86981 213019
87013 212987
87083 212917
87103 212897
87119 212881
87133 212867
87149 212851
87223 212777
87299 212701
87317 212683
87323 212677
87407 212593
87421 212579
87427 212573
87443 212557
87539 212461
87547 212453
87553 212447
87589 212411
87631 212369
87719 212281
87793 212207
87797 212203
87833 212167
87869 212131
87877 212123
87943 212057
87961 212039
88003 211997
88069 211931
88211 211789
88223 211777
88259 211741
88289 211711
88337 211663
88339 211661
88427 211573
88493 211507
88499 211501
88651 211349
88661 211339
88667 211333
88681 211319
88729 211271
88771 211229
88801 211199
88807 211193
88813 211187
88903 211097
88937 211063
88951 211049
88993 211007
89057 210943
89071 210929
89087 210913
89189 210811
89227 210773
89261 210739
89269 210731
89329 210671
89381 210619
89399 210601
89443 210557
89477 210523
89501 210499
89513 210487
89519 210481
89533 210467
89563 210437
89597 210403
89599 210401
89653 210347
89681 210319
89753 210247
89759 210241
89767 210233
89809 210191
89891 210109
89899 210101
89963 210037
89989 210011
90017 209983
90023 209977
90071 209929
90073 209927
90149 209851
90163 209837
90187 209813
90191 209809
90199 209801
90281 209719
90313 209687
90353 209647
90379 209621
90403 209597
90437 209563
90481 209519
90523 209477
90529 209471
90599 209401
90619 209381
90641 209359
90647 209353
90731 209269
90787 209213
90821 209179
90841 209159
90911 209089
90971 209029
91009 208991
91163 208837
91193 208807
91303 208697
91369 208631
91373 208627
91411 208589
91423 208577
91499 208501
91541 208459
91591 208409
91621 208379
91691 208309
91811 208189
91943 208057
91951 208049
91997 208003
92003 207997
92033 207967
92077 207923
92153 207847
92179 207821
92189 207811
92203 207797
92237 207763
92347 207653
92357 207643
92381 207619
92431 207569
92459 207541
92479 207521
92489 207511
92503 207497
92557 207443
92567 207433
92623 207377
92657 207343
92669 207331
92671 207329
92693 207307
92699 207301
92707 207293
92761 207239
92801 207199
92809 207191
92831 207169
92861 207139
92921 207079
92927 207073
92959 207041
92987 207013
93047 206953
93077 206923
93083 206917
93089 206911
93103 206897
93113 206887
93179 206821
93187 206813
93251 206749
93377 206623
93407 206593
93481 206519
93523 206477
93553 206447
93581 206419
93601 206399
93701 206299
93719 206281
93763 206237
93809 206191
93923 206077
93949 206051
93967 206033
93979 206021
94007 205993
94009 205991
94033 205967
94049 205951
94063 205937
94117 205883
94121 205879
94153 205847
94343 205657
94349 205651
94397 205603
94441 205559
94447 205553
94463 205537
94513 205487
94547 205453
94559 205441
94573 205427
94583 205417
94603 205397
94693 205307
94747 205253
94777 205223
94789 205211
94849 205151
94889 205111
94903 205097
95021 204979
95027 204973
95083 204917
95087 204913
95143 204857
95203 204797
95219 204781
95267 204733
95401 204599
95413 204587
95443 204557
95479 204521
95483 204517
95539 204461
95561 204439
95569 204431
95603 204397
95629 204371
95633 204367
95701 204299
95857 204143
95987 204013
96001 203999
96053 203947
96079 203921
96157 203843
96179 203821
96211 203789
96233 203767
96331 203669
96337 203663
96431 203569
96451 203549
96469 203531
96581 203419
96661 203339
96779 203221
96787 203213
96827 203173
96989 203011
97001 202999
97159 202841
97177 202823
97283 202717
97373 202627
97379 202621
97387 202613
97423 202577
97607 202393
97613 202387
97673 202327
97711 202289
97813 202187
97871 202129
97879 202121
98047 201953
98081 201919
98179 201821
98213 201787
98257 201743
98269 201731
98299 201701
98317 201683
98327 201673
98347 201653
98377 201623
98389 201611
98411 201589
98419 201581
98443 201557
98453 201547
98507 201493
98563 201437
98597 201403
98641 201359
98663 201337
98713 201287
98807 201193
98837 201163
98849 201151
98893 201107
98899 201101
98927 201073
98963 201037
98993 201007
99013 200987
99017 200983
99109 200891
99119 200881
99131 200869
99133 200867
99139 200861
99277 200723
99391 200609
99409 200591
99431 200569
99487 200513
99563 200437
99643 200357
99707 200293
99809 200191
99817 200183
99823 200177
99829 200171
99971 200029
99991 200009
100069 199931
100169 199831
100189 199811
100193 199807
100271 199729
100279 199721
100313 199687
100343 199657
100363 199637
100379 199621
100417 199583
100501 199499
100511 199489
100517 199483
100547 199453
100621 199379
100733 199267
100847 199153
101063 198937
101141 198859
101149 198851
101159 198841
101161 198839
101173 198827
101183 198817
101267 198733
101281 198719
101341 198659
101359 198641
101363 198637
101377 198623
101411 198589
101429 198571
101467 198533
101531 198469
101537 198463
101561 198439
101573 198427
101603 198397
101653 198347
101663 198337
101719 198281
101723 198277
101741 198259
101749 198251
101807 198193
101873 198127
101891 198109
101917 198083
101957 198043
101987 198013
102031 197969
102043 197957
102079 197921
102107 197893
102197 197803
102233 197767
102241 197759
102259 197741
102301 197699
102317 197683
102359 197641
102433 197567
102461 197539
102547 197453
102559 197441
102611 197389
102653 197347
102701 197299
102793 197207
102797 197203
102841 197159
102877 197123
102911 197089
102967 197033
103007 196993
103093 196907
103099 196901
103183 196817
103231 196769
103291 196709
103319 196681
103357 196643
103387 196613
103421 196579
103451 196549
103457 196543
103561 196439
103613 196387
103669 196331
103723 196277
103813 196187
103841 196159
103889 196111
103913 196087
103919 196081
103967 196033
103997 196003
104003 195997
104009 195991
104033 195967
104087 195913
104107 195893
104113 195887
104183 195817
104239 195761
104309 195691
104323 195677
104459 195541
104473 195527
104543 195457
104593 195407
104659 195341
104681 195319
104723 195277
104729 195271
104759 195241
104803 195197
104869 195131
104879 195121
104911 195089
104947 195053
104953 195047
104971 195029
105019 194981
105023 194977
105037 194963
105137 194863
105173 194827
105229 194771
105251 194749
105277 194723
105319 194681
105341 194659
105517 194483
105529 194471
105557 194443
105691 194309
105733 194267
105761 194239
105899 194101
105907 194093
105913 194087
105929 194071
105943 194057
105983 194017
105997 194003
106109 193891
106123 193877
106129 193871
106187 193813
106189 193811
106207 193793
106243 193757
106273 193727
106277 193723
106297 193703
106321 193679
106397 193603
106427 193573
106441 193559
106451 193549
106487 193513
106531 193469
106537 193463
106619 193381
106621 193379
106627 193373
106663 193337
106699 193301
106739 193261
106753 193247
106853 193147
106861 193139
106867 193133
106907 193093
106949 193051
106957 193043
107021 192979
107069 192931
107077 192923
107123 192877
107183 192817
107201 192799
107209 192791
107243 192757
107251 192749
107323 192677
107453 192547
107609 192391
107693 192307
107741 192259
107761 192239
107827 192173
107839 192161
107867 192133
107897 192103
107903 192097
107971 192029
108023 191977
108089 191911
108139 191861
108217 191783
108293 191707
108301 191699
108343 191657
108379 191621
108401 191599
108421 191579
108439 191561
108463 191537
108503 191497
108533 191467
108541 191459
108553 191447
108587 191413
108751 191249
108769 191231
108827 191173
108863 191137
108877 191123
108881 191119
108929 191071
108943 191057
108961 191039
108967 191033
109111 190889
109171 190829
109331 190669
109367 190633
109387 190613
109423 190577
109471 190529
109597 190403
109609 190391
109661 190339
109717 190283
109751 190249
109793 190207
109819 190181
109841 190159
109903 190097
109937 190063
110017 189983
110023 189977
110039 189961
110051 189949
110119 189881
110183 189817
110233 189767
110339 189661
110441 189559
110477 189523
110491 189509
110527 189473
110533 189467
110563 189437
110567 189433
110609 189391
110623 189377
110647 189353
110651 189349
110729 189271
110749 189251
110771 189229
110777 189223
110813 189187
110849 189151
110933 189067
110939 189061
110989 189011
111043 188957
111109 188891
111143 188857
111271 188729
111323 188677
111347 188653
111467 188533
111509 188491
111593 188407
111599 188401
111611 188389
111641 188359
111667 188333
111697 188303
111751 188249
111821 188179
111829 188171
111857 188143
111863 188137
111893 188107
112069 187931
112103 187897
112129 187871
112139 187861
112207 187793
112213 187787
112237 187763
112249 187751
112279 187721
112289 187711
112331 187669
112339 187661
112349 187651
112361 187639
112363 187637
112403 187597
112559 187441
112577 187423
112583 187417
112621 187379
112663 187337
112807 187193
112859 187141
112877 187123
112909 187091
112919 187081
112927 187073
112951 187049
112997 187003
113041 186959
113083 186917
113111 186889
113117 186883
113123 186877
113131 186869
113159 186841
113227 186773
113329 186671
113371 186629
113381 186619
113417 186583
113621 186379
113623 186377
113657 186343
113683 186317
113717 186283
113761 186239
113809 186191
113837 186163
113843 186157
113903 186097
113963 186037
114013 185987
114041 185959
114043 185957
114077 185923
114083 185917
114167 185833
114203 185797
114277 185723
114319 185681
114407 185593
114467 185533
114473 185527
114571 185429
114599 185401
114641 185359
114691 185309
114757 185243
114833 185167
114847 185153
114901 185099
114973 185027
115001 184999
115099 184901
115163 184837
115223 184777
115279 184721
115331 184669
115429 184571
115513 184487
115523 184477
115553 184447
115631 184369
115663 184337
115679 184321
115727 184273
115741 184259
115769 184231
115811 184189
115883 184117
115987 184013
116027 183973
116041 183959
116177 183823
116191 183809
116239 183761
116293 183707
116423 183577
116491 183509
116539 183461
116549 183451
116639 183361
116657 183343
116681 183319
116741 183259
116797 183203
116833 183167
116849 183151
116881 183119
116911 183089
116933 183067
116953 183047
116959 183041
117043 182957
117071 182929
117101 182899
117133 182867
117319 182681
117361 182639
117373 182627
117413 182587
117497 182503
117511 182489
117529 182471
117577 182423
117659 182341
117703 182297
117721 182279
117757 182243
117833 182167
117841 182159
117877 182123
117889 182111
117899 182101
117911 182089
117959 182041
117973 182027
117989 182011
117991 182009
118033 181967
118043 181957
118057 181943
118081 181919
118127 181873
118163 181837
118211 181789
118213 181787
118249 181751
118361 181639
118463 181537
118543 181457
118603 181397
118717 181283
118747 181253
118757 181243
118787 181213
118799 181201
118801 181199
118843 181157
118913 181087
119129 180871
119227 180773
119299 180701
119321 180679
119489 180511
119503 180497
119563 180437
119653 180347
119689 180311
119737 180263
119759 180241
119839 180161
119923 180077
119929 180071
119993 180007
120011 179989
120047 179953
120049 179951
120077 179923
120091 179909
120097 179903
120103 179897
120167 179833
120181 179819
120193 179807
120199 179801
120283 179717
120349 179651
120397 179603
120427 179573
120473 179527
120503 179497
120539 179461
120563 179437
120607 179393
120619 179381
120713 179287
120739 179261
120767 179233
120833 179167
120889 179111
120917 179083
120943 179057
121013 178987
121061 178939
121067 178933
121123 178877
121169 178831
121181 178819
121309 178691
121357 178643
121379 178621
121403 178597
121439 178561
121441 178559
121469 178531
121487 178513
121531 178469
121553 178447
121559 178441
121607 178393
121711 178289
121883 178117
121909 178091
121931 178069
121963 178037
122021 177979
122033 177967
122051 177949
122117 177883
122203 177797
122209 177791
122321 177679
122323 177677
122399 177601
122489 177511
122527 177473
122533 177467
122579 177421
122653 177347
122663 177337
122743 177257
122761 177239
122777 177223
122789 177211
122827 177173
122833 177167
122869 177131
122887 177113
122891 177109
122957 177043
123017 176983
123049 176951
123077 176923
123113 176887
123143 176857
123191 176809
123203 176797
123209 176791
123259 176741
123289 176711
123323 176677
123401 176599
123427 176573
123449 176551
123479 176521
123491 176509
123493 176507
123503 176497
123581 176419
123583 176417
123631 176369
123653 176347
123667 176333
123701 176299
123757 176243
123787 176213
123821 176179
123911 176089
123953 176047
123979 176021
123983 176017
124021 175979
124147 175853
124171 175829
124247 175753
124277 175723
124291 175709
124301 175699
124309 175691
124337 175663
124351 175649
124367 175633
124427 175573
124477 175523
124567 175433
124673 175327
124739 175261
124771 175229
124897 175103
124919 175081
124987 175013
125093 174907
125107 174893
125141 174859
125149 174851
125201 174799
125383 174617
125387 174613
125429 174571
125509 174491
125669 174331
125711 174289
125737 174263
125743 174257
125803 174197
125863 174137
125899 174101
125921 174079
125929 174071
125933 174067
126019 173981
126023 173977
126031 173969
126067 173933
126173 173827
126223 173777
126227 173773
126257 173743
126271 173729
126317 173683
126341 173659
126349 173651
126457 173543
126461 173539
126499 173501
126517 173483
126641 173359
126653 173347
126691 173309
126703 173297
126733 173267
126751 173249
126781 173219
126823 173177
126851 173149
126859 173141
126913 173087
126961 173039
127031 172969
127123 172877
127133 172867
127241 172759
127249 172751
127291 172709
127343 172657
127403 172597
127447 172553
127481 172519
127493 172507
127579 172421
127601 172399
127643 172357
127649 172351
127657 172343
127669 172331
127679 172321
127703 172297
127717 172283
127781 172219
127819 172181
127843 172157
127873 172127
127921 172079
127931 172069
127951 172049
127973 172027
127979 172021
128053 171947
128111 171889
128119 171881
128173 171827
128189 171811
128201 171799
128237 171763
128239 171761
128287 171713
128321 171679
128327 171673
128341 171659
128347 171653
128461 171539
128483 171517
128509 171491
128519 171481
128551 171449
128599 171401
128659 171341
128683 171317
128747 171253
128749 171251
128767 171233
128831 171169
128833 171167
128837 171163
128923 171077
128951 171049
128971 171029
128993 171007
129113 170887
129119 170881
129127 170873
129187 170813
129223 170777
129289 170711
129293 170707
129443 170557
129449 170551
129461 170539
129491 170509
129497 170503
129517 170483
129527 170473
129553 170447
129587 170413
129607 170393
129629 170371
129631 170369
129707 170293
129733 170267
129737 170263
129757 170243
129769 170231
129793 170207
129803 170197
129901 170099
129919 170081
129937 170063
129953 170047
129971 170029
130043 169957
130057 169943
130087 169913
130183 169817
130211 169789
130223 169777
130267 169733
130307 169693
130343 169657
130367 169633
130409 169591
130447 169553
130469 169531
130477 169523
130517 169483
130631 169369
130639 169361
130657 169343
130681 169319
130687 169313
130693 169307
130783 169217
130841 169159
130981 169019
131009 168991
131023 168977
131063 168937
131101 168899
131113 168887
131149 168851
131231 168769
131303 168697
131357 168643
131371 168629
131441 168559
131477 168523
131501 168499
131519 168481
131543 168457
131591 168409
131707 168293
131731 168269
131849 168151
131891 168109
131933 168067
132047 167953
132109 167891
132113 167887
132137 167863
132199 167801
132229 167771
132241 167759
132367 167633
132403 167597
132529 167471
132607 167393
132619 167381
132661 167339
132689 167311
132739 167261
132751 167249
132851 167149
132887 167113
132893 167107
132929 167071
132949 167051
132953 167047
132961 167039
132967 167033
133013 166987
133033 166967
133051 166949
133069 166931
133153 166847
133157 166843
133201 166799
133261 166739
133277 166723
133321 166679
133387 166613
133391 166609
133403 166597
133439 166561
133543 166457
133571 166429
133583 166417
133597 166403
133649 166351
133697 166303
133711 166289
133781 166219
133811 166189
133831 166169
133843 166157
133853 166147
133919 166081
133979 166021
134039 165961
134053 165947
134059 165941
134171 165829
134287 165713
134291 165709
134293 165707
134327 165673
134333 165667
134399 165601
134489 165511
134609 165391
134669 165331
134683 165317
134707 165293
134753 165247
134789 165211
134839 165161
134867 165133
134917 165083
134921 165079
134951 165049
134999 165001
135089 164911
135119 164881
135211 164789
135257 164743
135271 164729
135347 164653
135431 164569
135469 164531
135497 164503
135571 164429
135581 164419
135613 164387
135623 164377
135637 164363
135701 164299
135721 164279
135799 164201
135851 164149
135887 164113
135911 164089
135929 164071
135977 164023
136013 163987
136027 163973
136099 163901
136139 163861
136189 163811
136247 163753
136303 163697
136327 163673
136373 163627
136379 163621
136399 163601
136483 163517
136519 163481
136523 163477
136531 163469
136607 163393
136649 163351
136691 163309
136693 163307
136751 163249
136777 163223
136849 163151
136883 163117
136973 163027
136979 163021
137029 162971
137119 162881
137147 162853
137153 162847
137177 162823
137209 162791
137251 162749
137273 162727
137359 162641
137399 162601
137437 162563
137443 162557
137447 162553
137477 162523
137483 162517
137507 162493
137587 162413
137707 162293
137713 162287
137723 162277
137737 162263
137743 162257
137771 162229
137791 162209
137909 162091
137941 162059
137947 162053
137983 162017
137993 162007
138053 161947
138077 161923
138079 161921
138239 161761
138247 161753
138283 161717
138373 161627
138389 161611
138401 161599
138427 161573
138469 161531
138493 161507
138497 161503
138547 161453
138637 161363
138661 161339
138763 161237
138799 161201
138841 161159
138863 161137
138967 161033
139033 160967
139067 160933
139121 160879
139123 160877
139187 160813
139291 160709
139303 160697
139313 160687
139361 160639
139397 160603
139409 160591
139459 160541
139493 160507
139501 160499
139547 160453
139591 160409
139597 160403
139627 160373
139681 160319
139747 160253
139831 160169
139837 160163
139883 160117
139907 160093
139921 160079
139967 160033
139969 160031
139981 160019
139991 160009
139999 160001
140069 159931
140143 159857
140167 159833
140207 159793
140221 159779
140227 159773
140237 159763
140263 159737
140317 159683
140333 159667
140411 159589
140527 159473
140593 159407
140611 159389
140639 159361
140663 159337
140681 159319
140689 159311
140773 159227
140831 159169
140839 159161
140977 159023
140983 159017
141041 158959
141073 158927
141157 158843
141209 158791
141223 158777
141241 158759
141269 158731
141301 158699
141353 158647
141403 158597
141481 158519
141511 158489
141551 158449
141629 158371
141637 158363
141649 158351
141671 158329
141697 158303
141707 158293
141731 158269
141767 158233
141769 158231
141773 158227
141811 158189
141871 158129
141971 158029
141991 158009
142049 157951
142067 157933
142099 157901
142111 157889
142123 157877
142159 157841
142169 157831
142231 157769
142421 157579
142543 157457
142567 157433
142573 157427
142589 157411
142607 157393
142673 157327
142697 157303
142757 157243
142771 157229
142789 157211
142811 157189
142837 157163
142867 157133
142873 157127
142897 157103
142939 157061
142949 157051
142963 157037
142981 157019
142993 157007
143113 156887
143159 156841
143177 156823
143281 156719
143329 156671
143461 156539
143489 156511
143509 156491
143513 156487
143629 156371
143653 156347
143743 156257
143873 156127
143881 156119
143981 156019
144139 155861
144167 155833
144203 155797
144223 155777
144253 155747
144259 155741
144307 155693
144311 155689
144379 155621
144407 155593
144461 155539
144479 155521
144539 155461
144577 155423
144629 155371
144667 155333
144701 155299
144709 155291
144731 155269
144791 155209
144829 155171
144839 155161
144847 155153
144917 155083
144931 155069
144973 155027
144983 155017
145009 154991
145063 154937
145177 154823
145193 154807
145213 154787
145253 154747
145267 154733
145381 154619
145477 154523
145513 154487
145577 154423
145661 154339
145679 154321
145687 154313
145709 154291
145721 154279
145723 154277
145753 154247
145757 154243
145771 154229
145819 154181
145903 154097
145933 154067
146009 153991
146051 153949
146059 153941
146299 153701
146359 153641
146389 153611
146437 153563
146477 153523
146513 153487
146543 153457
146563 153437
146647 153353
146681 153319
146719 153281
146849 153151
146893 153107
146933 153067
146941 153059
147011 152989
147047 152953
147163 152837
147179 152821
147209 152791
147283 152717
147319 152681
147377 152623
147401 152599
147481 152519
147541 152459
147557 152443
147571 152429
147583 152417
147607 152393
147689 152311
147703 152297
147761 152239
147769 152231
147787 152213
147811 152189
147853 152147
147919 152081
147937 152063
147997 152003
148061 151939
148063 151937
148091 151909
148151 151849
148153 151847
148201 151799
148229 151771
148403 151597
148439 151561
148469 151531
148483 151517
148501 151499
148517 151483
148549 151451
148609 151391
148663 151337
148711 151289
148721 151279
148727 151273
148747 151253
148763 151237
148829 151171
148859 151141
148949 151051
148991 151009
149011 150989
149021 150979
149033 150967
149099 150901
149111 150889
149119 150881
149153 150847
149173 150827
149257 150743
149341 150659
149351 150649
149393 150607
149411 150589
149417 150583
149441 150559
149497 150503
149503 150497
149561 150439
149623 150377
149627 150373
149713 150287
149791 150209
149803 150197
149893 150107
149909 150091
149911 150089
149939 150061
